Log file open, 10/16/22 23:54:00
LogInit: Display: Running engine for game: Unreal_Laika
LogPlatformFile: Not using cached read wrapper
LogTaskGraph: Started task graph with 5 named threads and 35 total threads with 3 sets of task threads.
LogStats: Stats thread started at 0.234714
LogD3D11RHI: Loaded GFSDK_Aftermath_Lib.x64.dll
LogICUInternationalization: ICU TimeZone Detection - Raw Offset: +10:00, Platform Override: ''
LogPluginManager: Mounting plugin Paper2D
LogPluginManager: Mounting plugin AISupport
LogPluginManager: Mounting plugin LightPropagationVolume
LogPluginManager: Mounting plugin CameraShakePreviewer
LogPluginManager: Mounting plugin ActorLayerUtilities
LogPluginManager: Mounting plugin AnimationSharing
LogPluginManager: Mounting plugin CLionSourceCodeAccess
LogPluginManager: Mounting plugin CodeLiteSourceCodeAccess
LogPluginManager: Mounting plugin GitSourceControl
LogPluginManager: Mounting plugin KDevelopSourceCodeAccess
LogPluginManager: Mounting plugin NullSourceCodeAccess
LogPluginManager: Mounting plugin PerforceSourceControl
LogPluginManager: Mounting plugin PlasticSourceControl
LogPluginManager: Mounting plugin RiderSourceCodeAccess
LogPluginManager: Mounting plugin SubversionSourceControl
LogPluginManager: Mounting plugin UObjectPlugin
LogPluginManager: Mounting plugin VisualStudioCodeSourceCodeAccess
LogPluginManager: Mounting plugin VisualStudioSourceCodeAccess
LogPluginManager: Mounting plugin XCodeSourceCodeAccess
LogPluginManager: Mounting plugin AssetManagerEditor
LogPluginManager: Mounting plugin CryptoKeys
LogPluginManager: Mounting plugin CurveEditorTools
LogPluginManager: Mounting plugin DataValidation
LogPluginManager: Mounting plugin EditorScriptingUtilities
LogPluginManager: Mounting plugin FacialAnimation
LogPluginManager: Mounting plugin GameplayTagsEditor
LogPluginManager: Mounting plugin GeometryMode
LogPluginManager: Mounting plugin MacGraphicsSwitching
LogPluginManager: Mounting plugin MaterialAnalyzer
LogPluginManager: Mounting plugin MobileLauncherProfileWizard
LogPluginManager: Mounting plugin PluginBrowser
LogPluginManager: Mounting plugin SpeedTreeImporter
LogPluginManager: Mounting plugin DatasmithContent
LogPluginManager: Mounting plugin VariantManagerContent
LogPluginManager: Mounting plugin AlembicImporter
LogPluginManager: Mounting plugin AutomationUtils
LogPluginManager: Mounting plugin BackChannel
LogPluginManager: Mounting plugin ChaosCloth
LogPluginManager: Mounting plugin ChaosClothEditor
LogPluginManager: Mounting plugin ChaosEditor
LogPluginManager: Mounting plugin ChaosNiagara
LogPluginManager: Mounting plugin ChaosSolverPlugin
LogPluginManager: Mounting plugin CharacterAI
LogPluginManager: Mounting plugin GeometryCache
LogPluginManager: Mounting plugin GeometryCollectionPlugin
LogPluginManager: Mounting plugin GeometryProcessing
LogPluginManager: Mounting plugin PlanarCut
LogPluginManager: Mounting plugin PlatformCrypto
LogPluginManager: Mounting plugin ProxyLODPlugin
LogPluginManager: Mounting plugin SkeletalReduction
LogPluginManager: Mounting plugin Niagara
LogPluginManager: Mounting plugin MagicLeap
LogPluginManager: Mounting plugin MagicLeapLightEstimation
LogPluginManager: Mounting plugin MagicLeapMedia
LogPluginManager: Mounting plugin MagicLeapPassableWorld
LogPluginManager: Mounting plugin MLSDK
LogPluginManager: Mounting plugin AndroidMedia
LogPluginManager: Mounting plugin AvfMedia
LogPluginManager: Mounting plugin ImgMedia
LogPluginManager: Mounting plugin MediaCompositing
LogPluginManager: Mounting plugin MediaPlayerEditor
LogPluginManager: Mounting plugin WebMMedia
LogPluginManager: Mounting plugin WmfMedia
LogPluginManager: Mounting plugin MeshPainting
LogPluginManager: Mounting plugin TcpMessaging
LogPluginManager: Mounting plugin UdpMessaging
LogPluginManager: Mounting plugin ActorSequence
LogPluginManager: Mounting plugin LevelSequenceEditor
LogPluginManager: Mounting plugin MatineeToLevelSequence
LogPluginManager: Mounting plugin MovieRenderPipeline
LogPluginManager: Mounting plugin TemplateSequence
LogPluginManager: Mounting plugin NetcodeUnitTest
LogPluginManager: Mounting plugin NUTUnrealEngine4
LogPluginManager: Mounting plugin OnlineSubsystemGooglePlay
LogPluginManager: Mounting plugin OnlineSubsystemIOS
LogPluginManager: Mounting plugin OnlineSubsystem
LogPluginManager: Mounting plugin OnlineSubsystemNull
LogPluginManager: Mounting plugin OnlineSubsystemUtils
LogPluginManager: Mounting plugin LauncherChunkInstaller
LogPluginManager: Mounting plugin AndroidDeviceProfileSelector
LogPluginManager: Mounting plugin AndroidMoviePlayer
LogPluginManager: Mounting plugin AndroidPermission
LogPluginManager: Mounting plugin AppleImageUtils
LogPluginManager: Mounting plugin AppleMoviePlayer
LogPluginManager: Mounting plugin ArchVisCharacter
LogPluginManager: Mounting plugin AssetTags
LogPluginManager: Mounting plugin AudioCapture
LogPluginManager: Mounting plugin CableComponent
LogPluginManager: Mounting plugin CustomMeshComponent
LogPluginManager: Mounting plugin EditableMesh
LogPluginManager: Mounting plugin ExampleDeviceProfileSelector
LogPluginManager: Mounting plugin GoogleCloudMessaging
LogPluginManager: Mounting plugin GooglePAD
LogPluginManager: Mounting plugin IOSDeviceProfileSelector
LogPluginManager: Mounting plugin LinuxDeviceProfileSelector
LogPluginManager: Mounting plugin LocationServicesBPLibrary
LogPluginManager: Mounting plugin MobilePatchingUtils
LogPluginManager: Mounting plugin OculusVR
LogPluginManager: Mounting plugin PhysXVehicles
LogPluginManager: Mounting plugin PostSplashScreen
LogPluginManager: Mounting plugin ProceduralMeshComponent
LogPluginManager: Mounting plugin RuntimePhysXCooking
LogPluginManager: Mounting plugin SignificanceManager
LogPluginManager: Mounting plugin SoundFields
LogPluginManager: Mounting plugin SteamVR
LogPluginManager: Mounting plugin Synthesis
LogPluginManager: Mounting plugin WebMMoviePlayer
LogPluginManager: Mounting plugin WindowsMoviePlayer
LogPluginManager: Mounting plugin ScreenshotTools
LogInit: Using libcurl 7.55.1-DEV
LogInit:  - built for x86_64-pc-win32
LogInit:  - supports SSL with OpenSSL/1.1.1
LogInit:  - supports HTTP deflate (compression) using libz 1.2.8
LogInit:  - other features:
LogInit:      CURL_VERSION_SSL
LogInit:      CURL_VERSION_LIBZ
LogInit:      CURL_VERSION_IPV6
LogInit:      CURL_VERSION_ASYNCHDNS
LogInit:      CURL_VERSION_LARGEFILE
LogInit:      CURL_VERSION_IDN
LogInit:  CurlRequestOptions (configurable via config and command line):
LogInit:  - bVerifyPeer = true  - Libcurl will verify peer certificate
LogInit:  - bUseHttpProxy = false  - Libcurl will NOT use HTTP proxy
LogInit:  - bDontReuseConnections = false  - Libcurl will reuse connections
LogInit:  - MaxHostConnections = 16  - Libcurl will limit the number of connections to a host
LogInit:  - LocalHostAddr = Default
LogInit:  - BufferSize = 65536
LogOnline: OSS: Creating online subsystem instance for: NULL
LogInit: WinSock: version 1.1 (2.2), MaxSocks=32767, MaxUdp=65467
LogOnline: OSS: TryLoadSubsystemAndSetDefault: Loaded subsystem for module [NULL]
LogInit: Build: ++UE4+Release-4.25-CL-14469661
LogInit: Engine Version: 4.25.4-14469661+++UE4+Release-4.25
LogInit: Compatible Engine Version: 4.25.0-13144385+++UE4+Release-4.25
LogInit: Net CL: 13144385
LogInit: OS: Windows 10 (Release 2009) (), CPU: AMD Ryzen 5 3600X 6-Core Processor             , GPU: NVIDIA GeForce RTX 3070 Ti
LogInit: Compiled (64-bit): Oct 11 2020 08:10:49
LogInit: Compiled with Visual C++: 19.24.28315.00
LogInit: Build Configuration: Development
LogInit: Branch Name: ++UE4+Release-4.25
LogInit: Command Line:  -skipcompile
LogInit: Base Directory: D:/Program Files/Epic Games/UE_4.25/Engine/Binaries/Win64/
LogInit: Allocator: TBB
LogInit: Installed Engine Build: 1
LogDevObjectVersion: Number of dev versions registered: 26
LogDevObjectVersion:   Dev-Blueprints (B0D832E4-1F89-4F0D-ACCF-7EB736FD4AA2): 10
LogDevObjectVersion:   Dev-Build (E1C64328-A22C-4D53-A36C-8E866417BD8C): 0
LogDevObjectVersion:   Dev-Core (375EC13C-06E4-48FB-B500-84F0262A717E): 4
LogDevObjectVersion:   Dev-Editor (E4B068ED-F494-42E9-A231-DA0B2E46BB41): 38
LogDevObjectVersion:   Dev-Framework (CFFC743F-43B0-4480-9391-14DF171D2073): 37
LogDevObjectVersion:   Dev-Mobile (B02B49B5-BB20-44E9-A304-32B752E40360): 2
LogDevObjectVersion:   Dev-Networking (A4E4105C-59A1-49B5-A7C5-40C4547EDFEE): 0
LogDevObjectVersion:   Dev-Online (39C831C9-5AE6-47DC-9A44-9C173E1C8E7C): 0
LogDevObjectVersion:   Dev-Physics (78F01B33-EBEA-4F98-B9B4-84EACCB95AA2): 4
LogDevObjectVersion:   Dev-Platform (6631380F-2D4D-43E0-8009-CF276956A95A): 0
LogDevObjectVersion:   Dev-Rendering (12F88B9F-8875-4AFC-A67C-D90C383ABD29): 43
LogDevObjectVersion:   Dev-Sequencer (7B5AE74C-D270-4C10-A958-57980B212A5A): 12
LogDevObjectVersion:   Dev-VR (D7296918-1DD6-4BDD-9DE2-64A83CC13884): 3
LogDevObjectVersion:   Dev-LoadTimes (C2A15278-BFE7-4AFE-6C17-90FF531DF755): 1
LogDevObjectVersion:   Private-Geometry (6EACA3D4-40EC-4CC1-B786-8BED09428FC5): 3
LogDevObjectVersion:   Dev-AnimPhys (29E575DD-E0A3-4627-9D10-D276232CDCEA): 17
LogDevObjectVersion:   Dev-Anim (AF43A65D-7FD3-4947-9873-3E8ED9C1BB05): 7
LogDevObjectVersion:   Dev-ReflectionCapture (6B266CEC-1EC7-4B8F-A30B-E4D90942FC07): 1
LogDevObjectVersion:   Dev-Automation (0DF73D61-A23F-47EA-B727-89E90C41499A): 1
LogDevObjectVersion:   FortniteMain (601D1886-AC64-4F84-AA16-D3DE0DEAC7D6): 31
LogDevObjectVersion:   Dev-Enterprise (9DFFBCD6-494F-0158-E221-12823C92A888): 10
LogDevObjectVersion:   Dev-Niagara (F2AED0AC-9AFE-416F-8664-AA7FFA26D6FC): 1
LogDevObjectVersion:   Dev-Destruction (174F1F0B-B4C6-45A5-B13F-2EE8D0FB917D): 10
LogDevObjectVersion:   Dev-Physics-Ext (35F94A83-E258-406C-A318-09F59610247C): 37
LogDevObjectVersion:   Dev-PhysicsMaterial-Chaos (B68FC16E-8B1B-42E2-B453-215C058844FE): 1
LogDevObjectVersion:   Dev-CineCamera (B2E18506-4273-CFC2-A54E-F4BB758BBA07): 1
LogInit: Presizing for max 25165824 objects, including 0 objects not considered by GC, pre-allocating 0 bytes for permanent pool.
LogConfig: Applying CVar settings from Section [/Script/Engine.StreamingSettings] File [D:/Documents/Programing/GitKraken/Unreal Laika/Unreal_Laika/Saved/Config/Windows/Engine.ini]
LogConfig: Setting CVar [[s.MinBulkDataSizeForAsyncLoading:131072]]
LogConfig: Setting CVar [[s.AsyncLoadingThreadEnabled:0]]
LogConfig: Setting CVar [[s.EventDrivenLoaderEnabled:1]]
LogConfig: Setting CVar [[s.WarnIfTimeLimitExceeded:0]]
LogConfig: Setting CVar [[s.TimeLimitExceededMultiplier:1.5]]
LogConfig: Setting CVar [[s.TimeLimitExceededMinTime:0.005]]
LogConfig: Setting CVar [[s.UseBackgroundLevelStreaming:1]]
LogConfig: Setting CVar [[s.PriorityAsyncLoadingExtraTime:15.0]]
LogConfig: Setting CVar [[s.LevelStreamingActorsUpdateTimeLimit:5.0]]
LogConfig: Setting CVar [[s.PriorityLevelStreamingActorsUpdateExtraTime:5.0]]
LogConfig: Setting CVar [[s.LevelStreamingComponentsRegistrationGranularity:10]]
LogConfig: Setting CVar [[s.UnregisterComponentsTimeLimit:1.0]]
LogConfig: Setting CVar [[s.LevelStreamingComponentsUnregistrationGranularity:5]]
LogConfig: Setting CVar [[s.FlushStreamingOnExit:1]]
LogInit: Object subsystem initialized
LogConfig: Setting CVar [[con.DebugEarlyDefault:1]]
LogConfig: Setting CVar [[r.setres:1280x720]]
[2022.10.16-12.54.01:081][  0]LogConfig: Setting CVar [[r.VSync:0]]
[2022.10.16-12.54.01:081][  0]LogConfig: Setting CVar [[r.RHICmdBypass:0]]
[2022.10.16-12.54.01:081][  0]LogConfig: Applying CVar settings from Section [/Script/Engine.RendererSettings] File [D:/Documents/Programing/GitKraken/Unreal Laika/Unreal_Laika/Saved/Config/Windows/Engine.ini]
[2022.10.16-12.54.01:081][  0]LogConfig: Setting CVar [[r.GPUCrashDebugging:0]]
[2022.10.16-12.54.01:081][  0]LogConfig: Applying CVar settings from Section [/Script/Engine.RendererOverrideSettings] File [D:/Documents/Programing/GitKraken/Unreal Laika/Unreal_Laika/Saved/Config/Windows/Engine.ini]
[2022.10.16-12.54.01:081][  0]LogConfig: Applying CVar settings from Section [/Script/Engine.StreamingSettings] File [D:/Documents/Programing/GitKraken/Unreal Laika/Unreal_Laika/Saved/Config/Windows/Engine.ini]
[2022.10.16-12.54.01:081][  0]LogConfig: Setting CVar [[s.MinBulkDataSizeForAsyncLoading:131072]]
[2022.10.16-12.54.01:081][  0]LogConfig: Setting CVar [[s.AsyncLoadingThreadEnabled:0]]
[2022.10.16-12.54.01:081][  0]LogConfig: Setting CVar [[s.EventDrivenLoaderEnabled:1]]
[2022.10.16-12.54.01:081][  0]LogConfig: Setting CVar [[s.WarnIfTimeLimitExceeded:0]]
[2022.10.16-12.54.01:081][  0]LogConfig: Setting CVar [[s.TimeLimitExceededMultiplier:1.5]]
[2022.10.16-12.54.01:082][  0]LogConfig: Setting CVar [[s.TimeLimitExceededMinTime:0.005]]
[2022.10.16-12.54.01:082][  0]LogConfig: Setting CVar [[s.UseBackgroundLevelStreaming:1]]
[2022.10.16-12.54.01:082][  0]LogConfig: Setting CVar [[s.PriorityAsyncLoadingExtraTime:15.0]]
[2022.10.16-12.54.01:082][  0]LogConfig: Setting CVar [[s.LevelStreamingActorsUpdateTimeLimit:5.0]]
[2022.10.16-12.54.01:082][  0]LogConfig: Setting CVar [[s.PriorityLevelStreamingActorsUpdateExtraTime:5.0]]
[2022.10.16-12.54.01:082][  0]LogConfig: Setting CVar [[s.LevelStreamingComponentsRegistrationGranularity:10]]
[2022.10.16-12.54.01:082][  0]LogConfig: Setting CVar [[s.UnregisterComponentsTimeLimit:1.0]]
[2022.10.16-12.54.01:082][  0]LogConfig: Setting CVar [[s.LevelStreamingComponentsUnregistrationGranularity:5]]
[2022.10.16-12.54.01:082][  0]LogConfig: Setting CVar [[s.FlushStreamingOnExit:1]]
[2022.10.16-12.54.01:082][  0]LogConfig: Applying CVar settings from Section [/Script/Engine.GarbageCollectionSettings] File [D:/Documents/Programing/GitKraken/Unreal Laika/Unreal_Laika/Saved/Config/Windows/Engine.ini]
[2022.10.16-12.54.01:082][  0]LogConfig: Setting CVar [[gc.MaxObjectsNotConsideredByGC:1]]
[2022.10.16-12.54.01:082][  0]LogConfig: Setting CVar [[gc.SizeOfPermanentObjectPool:0]]
[2022.10.16-12.54.01:082][  0]LogConfig: Setting CVar [[gc.FlushStreamingOnGC:0]]
[2022.10.16-12.54.01:082][  0]LogConfig: Setting CVar [[gc.NumRetriesBeforeForcingGC:10]]
[2022.10.16-12.54.01:082][  0]LogConfig: Setting CVar [[gc.AllowParallelGC:1]]
[2022.10.16-12.54.01:082][  0]LogConfig: Setting CVar [[gc.TimeBetweenPurgingPendingKillObjects:61.1]]
[2022.10.16-12.54.01:082][  0]LogConfig: Setting CVar [[gc.MaxObjectsInEditor:25165824]]
[2022.10.16-12.54.01:082][  0]LogConfig: Setting CVar [[gc.IncrementalBeginDestroyEnabled:1]]
[2022.10.16-12.54.01:082][  0]LogConfig: Setting CVar [[gc.CreateGCClusters:1]]
[2022.10.16-12.54.01:082][  0]LogConfig: Setting CVar [[gc.MinGCClusterSize:5]]
[2022.10.16-12.54.01:082][  0]LogConfig: Setting CVar [[gc.ActorClusteringEnabled:0]]
[2022.10.16-12.54.01:082][  0]LogConfig: Setting CVar [[gc.BlueprintClusteringEnabled:0]]
[2022.10.16-12.54.01:082][  0]LogConfig: Setting CVar [[gc.UseDisregardForGCOnDedicatedServers:0]]
[2022.10.16-12.54.01:082][  0]LogConfig: Applying CVar settings from Section [/Script/Engine.NetworkSettings] File [D:/Documents/Programing/GitKraken/Unreal Laika/Unreal_Laika/Saved/Config/Windows/Engine.ini]
[2022.10.16-12.54.01:082][  0]LogConfig: Applying CVar settings from Section [/Script/UnrealEd.CookerSettings] File [D:/Documents/Programing/GitKraken/Unreal Laika/Unreal_Laika/Saved/Config/Windows/Engine.ini]
[2022.10.16-12.54.01:088][  0]LogConfig: Applying CVar settings from Section [ViewDistanceQuality@3] File [D:/Documents/Programing/GitKraken/Unreal Laika/Unreal_Laika/Saved/Config/Windows/Scalability.ini]
[2022.10.16-12.54.01:088][  0]LogConfig: Setting CVar [[r.SkeletalMeshLODBias:0]]
[2022.10.16-12.54.01:088][  0]LogConfig: Setting CVar [[r.ViewDistanceScale:1.0]]
[2022.10.16-12.54.01:088][  0]LogConfig: Applying CVar settings from Section [AntiAliasingQuality@3] File [D:/Documents/Programing/GitKraken/Unreal Laika/Unreal_Laika/Saved/Config/Windows/Scalability.ini]
[2022.10.16-12.54.01:088][  0]LogConfig: Setting CVar [[r.PostProcessAAQuality:4]]
[2022.10.16-12.54.01:088][  0]LogConfig: Applying CVar settings from Section [ShadowQuality@3] File [D:/Documents/Programing/GitKraken/Unreal Laika/Unreal_Laika/Saved/Config/Windows/Scalability.ini]
[2022.10.16-12.54.01:088][  0]LogConfig: Setting CVar [[r.LightFunctionQuality:1]]
[2022.10.16-12.54.01:088][  0]LogConfig: Setting CVar [[r.ShadowQuality:5]]
[2022.10.16-12.54.01:088][  0]LogConfig: Setting CVar [[r.Shadow.CSM.MaxCascades:10]]
[2022.10.16-12.54.01:088][  0]LogConfig: Setting CVar [[r.Shadow.MaxResolution:2048]]
[2022.10.16-12.54.01:088][  0]LogConfig: Setting CVar [[r.Shadow.MaxCSMResolution:2048]]
[2022.10.16-12.54.01:088][  0]LogConfig: Setting CVar [[r.Shadow.RadiusThreshold:0.01]]
[2022.10.16-12.54.01:088][  0]LogConfig: Setting CVar [[r.Shadow.DistanceScale:1.0]]
[2022.10.16-12.54.01:088][  0]LogConfig: Setting CVar [[r.Shadow.CSM.TransitionScale:1.0]]
[2022.10.16-12.54.01:088][  0]LogConfig: Setting CVar [[r.Shadow.PreShadowResolutionFactor:1.0]]
[2022.10.16-12.54.01:088][  0]LogConfig: Setting CVar [[r.DistanceFieldShadowing:1]]
[2022.10.16-12.54.01:088][  0]LogConfig: Setting CVar [[r.DistanceFieldAO:1]]
[2022.10.16-12.54.01:088][  0]LogConfig: Setting CVar [[r.AOQuality:2]]
[2022.10.16-12.54.01:088][  0]LogConfig: Setting CVar [[r.VolumetricFog:1]]
[2022.10.16-12.54.01:089][  0]LogConfig: Setting CVar [[r.VolumetricFog.GridPixelSize:8]]
[2022.10.16-12.54.01:089][  0]LogConfig: Setting CVar [[r.VolumetricFog.GridSizeZ:128]]
[2022.10.16-12.54.01:089][  0]LogConfig: Setting CVar [[r.VolumetricFog.HistoryMissSupersampleCount:4]]
[2022.10.16-12.54.01:089][  0]LogConfig: Setting CVar [[r.LightMaxDrawDistanceScale:1]]
[2022.10.16-12.54.01:089][  0]LogConfig: Setting CVar [[r.CapsuleShadows:1]]
[2022.10.16-12.54.01:089][  0]LogConfig: Applying CVar settings from Section [PostProcessQuality@3] File [D:/Documents/Programing/GitKraken/Unreal Laika/Unreal_Laika/Saved/Config/Windows/Scalability.ini]
[2022.10.16-12.54.01:089][  0]LogConfig: Setting CVar [[r.MotionBlurQuality:4]]
[2022.10.16-12.54.01:089][  0]LogConfig: Setting CVar [[r.AmbientOcclusionMipLevelFactor:0.4]]
[2022.10.16-12.54.01:089][  0]LogConfig: Setting CVar [[r.AmbientOcclusionMaxQuality:100]]
[2022.10.16-12.54.01:089][  0]LogConfig: Setting CVar [[r.AmbientOcclusionLevels:-1]]
[2022.10.16-12.54.01:089][  0]LogConfig: Setting CVar [[r.AmbientOcclusionRadiusScale:1.0]]
[2022.10.16-12.54.01:089][  0]LogConfig: Setting CVar [[r.DepthOfFieldQuality:2]]
[2022.10.16-12.54.01:089][  0]LogConfig: Setting CVar [[r.RenderTargetPoolMin:400]]
[2022.10.16-12.54.01:089][  0]LogConfig: Setting CVar [[r.LensFlareQuality:2]]
[2022.10.16-12.54.01:089][  0]LogConfig: Setting CVar [[r.SceneColorFringeQuality:1]]
[2022.10.16-12.54.01:089][  0]LogConfig: Setting CVar [[r.EyeAdaptationQuality:2]]
[2022.10.16-12.54.01:089][  0]LogConfig: Setting CVar [[r.BloomQuality:5]]
[2022.10.16-12.54.01:089][  0]LogConfig: Setting CVar [[r.FastBlurThreshold:100]]
[2022.10.16-12.54.01:089][  0]LogConfig: Setting CVar [[r.Upscale.Quality:3]]
[2022.10.16-12.54.01:089][  0]LogConfig: Setting CVar [[r.Tonemapper.GrainQuantization:1]]
[2022.10.16-12.54.01:089][  0]LogConfig: Setting CVar [[r.LightShaftQuality:1]]
[2022.10.16-12.54.01:089][  0]LogConfig: Setting CVar [[r.Filter.SizeScale:1]]
[2022.10.16-12.54.01:089][  0]LogConfig: Setting CVar [[r.Tonemapper.Quality:5]]
[2022.10.16-12.54.01:089][  0]LogConfig: Setting CVar [[r.DOF.Gather.AccumulatorQuality:1        ; higher gathering accumulator quality]]
[2022.10.16-12.54.01:089][  0]LogConfig: Setting CVar [[r.DOF.Gather.PostfilterMethod:1          ; Median3x3 postfilering method]]
[2022.10.16-12.54.01:089][  0]LogConfig: Setting CVar [[r.DOF.Gather.EnableBokehSettings:0       ; no bokeh simulation when gathering]]
[2022.10.16-12.54.01:089][  0]LogConfig: Setting CVar [[r.DOF.Gather.RingCount:4                 ; medium number of samples when gathering]]
[2022.10.16-12.54.01:089][  0]LogConfig: Setting CVar [[r.DOF.Scatter.ForegroundCompositing:1    ; additive foreground scattering]]
[2022.10.16-12.54.01:089][  0]LogConfig: Setting CVar [[r.DOF.Scatter.BackgroundCompositing:2    ; additive background scattering]]
[2022.10.16-12.54.01:090][  0]LogConfig: Setting CVar [[r.DOF.Scatter.EnableBokehSettings:1      ; bokeh simulation when scattering]]
[2022.10.16-12.54.01:090][  0]LogConfig: Setting CVar [[r.DOF.Scatter.MaxSpriteRatio:0.1         ; only a maximum of 10% of scattered bokeh]]
[2022.10.16-12.54.01:090][  0]LogConfig: Setting CVar [[r.DOF.Recombine.Quality:1                ; cheap slight out of focus]]
[2022.10.16-12.54.01:090][  0]LogConfig: Setting CVar [[r.DOF.Recombine.EnableBokehSettings:0    ; no bokeh simulation on slight out of focus]]
[2022.10.16-12.54.01:090][  0]LogConfig: Setting CVar [[r.DOF.TemporalAAQuality:1                ; more stable temporal accumulation]]
[2022.10.16-12.54.01:090][  0]LogConfig: Setting CVar [[r.DOF.Kernel.MaxForegroundRadius:0.025]]
[2022.10.16-12.54.01:090][  0]LogConfig: Setting CVar [[r.DOF.Kernel.MaxBackgroundRadius:0.025]]
[2022.10.16-12.54.01:090][  0]LogConfig: Applying CVar settings from Section [TextureQuality@3] File [D:/Documents/Programing/GitKraken/Unreal Laika/Unreal_Laika/Saved/Config/Windows/Scalability.ini]
[2022.10.16-12.54.01:090][  0]LogConfig: Setting CVar [[r.Streaming.MipBias:0]]
[2022.10.16-12.54.01:090][  0]LogConfig: Setting CVar [[r.Streaming.AmortizeCPUToGPUCopy:0]]
[2022.10.16-12.54.01:090][  0]LogConfig: Setting CVar [[r.Streaming.MaxNumTexturesToStreamPerFrame:0]]
[2022.10.16-12.54.01:090][  0]LogConfig: Setting CVar [[r.Streaming.Boost:1]]
[2022.10.16-12.54.01:090][  0]LogConfig: Setting CVar [[r.MaxAnisotropy:8]]
[2022.10.16-12.54.01:090][  0]LogConfig: Setting CVar [[r.VT.MaxAnisotropy:8]]
[2022.10.16-12.54.01:090][  0]LogConfig: Setting CVar [[r.Streaming.LimitPoolSizeToVRAM:0]]
[2022.10.16-12.54.01:090][  0]LogConfig: Setting CVar [[r.Streaming.PoolSize:1000]]
[2022.10.16-12.54.01:090][  0]LogConfig: Setting CVar [[r.Streaming.MaxEffectiveScreenSize:0]]
[2022.10.16-12.54.01:090][  0]LogConfig: Applying CVar settings from Section [EffectsQuality@3] File [D:/Documents/Programing/GitKraken/Unreal Laika/Unreal_Laika/Saved/Config/Windows/Scalability.ini]
[2022.10.16-12.54.01:090][  0]LogConfig: Setting CVar [[r.TranslucencyLightingVolumeDim:64]]
[2022.10.16-12.54.01:090][  0]LogConfig: Setting CVar [[r.RefractionQuality:2]]
[2022.10.16-12.54.01:090][  0]LogConfig: Setting CVar [[r.SSR.Quality:3]]
[2022.10.16-12.54.01:090][  0]LogConfig: Setting CVar [[r.SSR.HalfResSceneColor:0]]
[2022.10.16-12.54.01:090][  0]LogConfig: Setting CVar [[r.SceneColorFormat:4]]
[2022.10.16-12.54.01:090][  0]LogConfig: Setting CVar [[r.DetailMode:2]]
[2022.10.16-12.54.01:090][  0]LogConfig: Setting CVar [[r.TranslucencyVolumeBlur:1]]
[2022.10.16-12.54.01:090][  0]LogConfig: Setting CVar [[r.MaterialQualityLevel:1 ; High quality]]
[2022.10.16-12.54.01:091][  0]LogConfig: Setting CVar [[r.SSS.Scale:1]]
[2022.10.16-12.54.01:091][  0]LogConfig: Setting CVar [[r.SSS.SampleSet:2]]
[2022.10.16-12.54.01:091][  0]LogConfig: Setting CVar [[r.SSS.Quality:1]]
[2022.10.16-12.54.01:091][  0]LogConfig: Setting CVar [[r.SSS.HalfRes:0]]
[2022.10.16-12.54.01:091][  0]LogConfig: Setting CVar [[r.SSGI.Quality:3]]
[2022.10.16-12.54.01:091][  0]LogConfig: Setting CVar [[r.EmitterSpawnRateScale:1.0]]
[2022.10.16-12.54.01:091][  0]LogConfig: Setting CVar [[r.ParticleLightQuality:2]]
[2022.10.16-12.54.01:091][  0]LogConfig: Setting CVar [[r.SkyAtmosphere.AerialPerspectiveLUT.FastApplyOnOpaque:1 ; Always have FastSkyLUT 1 in this case to avoid wrong sky]]
[2022.10.16-12.54.01:091][  0]LogConfig: Setting CVar [[r.SkyAtmosphere.AerialPerspectiveLUT.SampleCountPerSlice:1]]
[2022.10.16-12.54.01:091][  0]LogConfig: Setting CVar [[r.SkyAtmosphere.AerialPerspectiveLUT.DepthResolution:16.0]]
[2022.10.16-12.54.01:091][  0]LogConfig: Setting CVar [[r.SkyAtmosphere.FastSkyLUT:1]]
[2022.10.16-12.54.01:091][  0]LogConfig: Setting CVar [[r.SkyAtmosphere.FastSkyLUT.SampleCountMin:4.0]]
[2022.10.16-12.54.01:091][  0]LogConfig: Setting CVar [[r.SkyAtmosphere.FastSkyLUT.SampleCountMax:32.0]]
[2022.10.16-12.54.01:091][  0]LogConfig: Setting CVar [[r.SkyAtmosphere.SampleCountMin:4.0]]
[2022.10.16-12.54.01:091][  0]LogConfig: Setting CVar [[r.SkyAtmosphere.SampleCountMax:32.0]]
[2022.10.16-12.54.01:091][  0]LogConfig: Setting CVar [[r.SkyAtmosphere.TransmittanceLUT.UseSmallFormat:0]]
[2022.10.16-12.54.01:091][  0]LogConfig: Setting CVar [[r.SkyAtmosphere.TransmittanceLUT.SampleCount:10.0]]
[2022.10.16-12.54.01:091][  0]LogConfig: Setting CVar [[r.SkyAtmosphere.MultiScatteringLUT.SampleCount:15.0]]
[2022.10.16-12.54.01:091][  0]LogConfig: Applying CVar settings from Section [FoliageQuality@3] File [D:/Documents/Programing/GitKraken/Unreal Laika/Unreal_Laika/Saved/Config/Windows/Scalability.ini]
[2022.10.16-12.54.01:091][  0]LogConfig: Setting CVar [[foliage.DensityScale:1.0]]
[2022.10.16-12.54.01:091][  0]LogConfig: Setting CVar [[grass.DensityScale:1.0]]
[2022.10.16-12.54.01:091][  0]LogConfig: Applying CVar settings from Section [ShadingQuality@3] File [D:/Documents/Programing/GitKraken/Unreal Laika/Unreal_Laika/Saved/Config/Windows/Scalability.ini]
[2022.10.16-12.54.01:091][  0]LogConfig: Setting CVar [[r.HairStrands.SkyLighting.SampleCount:16]]
[2022.10.16-12.54.01:091][  0]LogConfig: Setting CVar [[r.HairStrands.SkyLighting.JitterIntegration:0]]
[2022.10.16-12.54.01:092][  0]LogConfig: Setting CVar [[r.HairStrands.SkyAO.SampleCount:16]]
[2022.10.16-12.54.01:092][  0]LogConfig: Setting CVar [[r.HairStrands.DeepShadow.SuperSampling:0]]
[2022.10.16-12.54.01:092][  0]LogConfig: Setting CVar [[r.HairStrands.VisibilityPPLL:0]]
[2022.10.16-12.54.01:092][  0]LogConfig: Setting CVar [[r.HairStrands.RasterizationScale:0.5]]
[2022.10.16-12.54.01:092][  0]LogConfig: Setting CVar [[r.HairStrands.VelocityRasterizationScale:1]]
[2022.10.16-12.54.01:092][  0]LogInit: Selected Device Profile: [Windows]
[2022.10.16-12.54.01:092][  0]LogInit: Applying CVar settings loaded from the selected device profile: [Windows]
[2022.10.16-12.54.01:092][  0]LogHAL: Display: Platform has ~ 16 GB [17097752576 / 17179869184 / 16], which maps to Larger [LargestMinGB=32, LargerMinGB=12, DefaultMinGB=8, SmallerMinGB=6, SmallestMinGB=0)
[2022.10.16-12.54.01:092][  0]LogInit: Going up to parent DeviceProfile []
[2022.10.16-12.54.01:092][  0]LogConfig: Applying CVar settings from Section [ViewDistanceQuality@3] File [D:/Documents/Programing/GitKraken/Unreal Laika/Unreal_Laika/Saved/Config/Windows/Scalability.ini]
[2022.10.16-12.54.01:092][  0]LogConfig: Setting CVar [[r.SkeletalMeshLODBias:0]]
[2022.10.16-12.54.01:092][  0]LogConfig: Setting CVar [[r.ViewDistanceScale:1.0]]
[2022.10.16-12.54.01:092][  0]LogConfig: Applying CVar settings from Section [AntiAliasingQuality@3] File [D:/Documents/Programing/GitKraken/Unreal Laika/Unreal_Laika/Saved/Config/Windows/Scalability.ini]
[2022.10.16-12.54.01:092][  0]LogConfig: Setting CVar [[r.PostProcessAAQuality:4]]
[2022.10.16-12.54.01:092][  0]LogConfig: Applying CVar settings from Section [ShadowQuality@3] File [D:/Documents/Programing/GitKraken/Unreal Laika/Unreal_Laika/Saved/Config/Windows/Scalability.ini]
[2022.10.16-12.54.01:092][  0]LogConfig: Setting CVar [[r.LightFunctionQuality:1]]
[2022.10.16-12.54.01:092][  0]LogConfig: Setting CVar [[r.ShadowQuality:5]]
[2022.10.16-12.54.01:092][  0]LogConfig: Setting CVar [[r.Shadow.CSM.MaxCascades:10]]
[2022.10.16-12.54.01:092][  0]LogConfig: Setting CVar [[r.Shadow.MaxResolution:2048]]
[2022.10.16-12.54.01:092][  0]LogConfig: Setting CVar [[r.Shadow.MaxCSMResolution:2048]]
[2022.10.16-12.54.01:092][  0]LogConfig: Setting CVar [[r.Shadow.RadiusThreshold:0.01]]
[2022.10.16-12.54.01:092][  0]LogConfig: Setting CVar [[r.Shadow.DistanceScale:1.0]]
[2022.10.16-12.54.01:092][  0]LogConfig: Setting CVar [[r.Shadow.CSM.TransitionScale:1.0]]
[2022.10.16-12.54.01:093][  0]LogConfig: Setting CVar [[r.Shadow.PreShadowResolutionFactor:1.0]]
[2022.10.16-12.54.01:093][  0]LogConfig: Setting CVar [[r.DistanceFieldShadowing:1]]
[2022.10.16-12.54.01:093][  0]LogConfig: Setting CVar [[r.DistanceFieldAO:1]]
[2022.10.16-12.54.01:093][  0]LogConfig: Setting CVar [[r.AOQuality:2]]
[2022.10.16-12.54.01:093][  0]LogConfig: Setting CVar [[r.VolumetricFog:1]]
[2022.10.16-12.54.01:093][  0]LogConfig: Setting CVar [[r.VolumetricFog.GridPixelSize:8]]
[2022.10.16-12.54.01:093][  0]LogConfig: Setting CVar [[r.VolumetricFog.GridSizeZ:128]]
[2022.10.16-12.54.01:093][  0]LogConfig: Setting CVar [[r.VolumetricFog.HistoryMissSupersampleCount:4]]
[2022.10.16-12.54.01:093][  0]LogConfig: Setting CVar [[r.LightMaxDrawDistanceScale:1]]
[2022.10.16-12.54.01:093][  0]LogConfig: Setting CVar [[r.CapsuleShadows:1]]
[2022.10.16-12.54.01:093][  0]LogConfig: Applying CVar settings from Section [PostProcessQuality@3] File [D:/Documents/Programing/GitKraken/Unreal Laika/Unreal_Laika/Saved/Config/Windows/Scalability.ini]
[2022.10.16-12.54.01:093][  0]LogConfig: Setting CVar [[r.MotionBlurQuality:4]]
[2022.10.16-12.54.01:093][  0]LogConfig: Setting CVar [[r.AmbientOcclusionMipLevelFactor:0.4]]
[2022.10.16-12.54.01:093][  0]LogConfig: Setting CVar [[r.AmbientOcclusionMaxQuality:100]]
[2022.10.16-12.54.01:093][  0]LogConfig: Setting CVar [[r.AmbientOcclusionLevels:-1]]
[2022.10.16-12.54.01:093][  0]LogConfig: Setting CVar [[r.AmbientOcclusionRadiusScale:1.0]]
[2022.10.16-12.54.01:093][  0]LogConfig: Setting CVar [[r.DepthOfFieldQuality:2]]
[2022.10.16-12.54.01:093][  0]LogConfig: Setting CVar [[r.RenderTargetPoolMin:400]]
[2022.10.16-12.54.01:093][  0]LogConfig: Setting CVar [[r.LensFlareQuality:2]]
[2022.10.16-12.54.01:093][  0]LogConfig: Setting CVar [[r.SceneColorFringeQuality:1]]
[2022.10.16-12.54.01:093][  0]LogConfig: Setting CVar [[r.EyeAdaptationQuality:2]]
[2022.10.16-12.54.01:093][  0]LogConfig: Setting CVar [[r.BloomQuality:5]]
[2022.10.16-12.54.01:093][  0]LogConfig: Setting CVar [[r.FastBlurThreshold:100]]
[2022.10.16-12.54.01:093][  0]LogConfig: Setting CVar [[r.Upscale.Quality:3]]
[2022.10.16-12.54.01:093][  0]LogConfig: Setting CVar [[r.Tonemapper.GrainQuantization:1]]
[2022.10.16-12.54.01:094][  0]LogConfig: Setting CVar [[r.LightShaftQuality:1]]
[2022.10.16-12.54.01:094][  0]LogConfig: Setting CVar [[r.Filter.SizeScale:1]]
[2022.10.16-12.54.01:094][  0]LogConfig: Setting CVar [[r.Tonemapper.Quality:5]]
[2022.10.16-12.54.01:094][  0]LogConfig: Setting CVar [[r.DOF.Gather.AccumulatorQuality:1        ; higher gathering accumulator quality]]
[2022.10.16-12.54.01:094][  0]LogConfig: Setting CVar [[r.DOF.Gather.PostfilterMethod:1          ; Median3x3 postfilering method]]
[2022.10.16-12.54.01:094][  0]LogConfig: Setting CVar [[r.DOF.Gather.EnableBokehSettings:0       ; no bokeh simulation when gathering]]
[2022.10.16-12.54.01:094][  0]LogConfig: Setting CVar [[r.DOF.Gather.RingCount:4                 ; medium number of samples when gathering]]
[2022.10.16-12.54.01:094][  0]LogConfig: Setting CVar [[r.DOF.Scatter.ForegroundCompositing:1    ; additive foreground scattering]]
[2022.10.16-12.54.01:094][  0]LogConfig: Setting CVar [[r.DOF.Scatter.BackgroundCompositing:2    ; additive background scattering]]
[2022.10.16-12.54.01:094][  0]LogConfig: Setting CVar [[r.DOF.Scatter.EnableBokehSettings:1      ; bokeh simulation when scattering]]
[2022.10.16-12.54.01:094][  0]LogConfig: Setting CVar [[r.DOF.Scatter.MaxSpriteRatio:0.1         ; only a maximum of 10% of scattered bokeh]]
[2022.10.16-12.54.01:094][  0]LogConfig: Setting CVar [[r.DOF.Recombine.Quality:1                ; cheap slight out of focus]]
[2022.10.16-12.54.01:094][  0]LogConfig: Setting CVar [[r.DOF.Recombine.EnableBokehSettings:0    ; no bokeh simulation on slight out of focus]]
[2022.10.16-12.54.01:094][  0]LogConfig: Setting CVar [[r.DOF.TemporalAAQuality:1                ; more stable temporal accumulation]]
[2022.10.16-12.54.01:094][  0]LogConfig: Setting CVar [[r.DOF.Kernel.MaxForegroundRadius:0.025]]
[2022.10.16-12.54.01:094][  0]LogConfig: Setting CVar [[r.DOF.Kernel.MaxBackgroundRadius:0.025]]
[2022.10.16-12.54.01:094][  0]LogConfig: Applying CVar settings from Section [TextureQuality@3] File [D:/Documents/Programing/GitKraken/Unreal Laika/Unreal_Laika/Saved/Config/Windows/Scalability.ini]
[2022.10.16-12.54.01:094][  0]LogConfig: Setting CVar [[r.Streaming.MipBias:0]]
[2022.10.16-12.54.01:094][  0]LogConfig: Setting CVar [[r.Streaming.AmortizeCPUToGPUCopy:0]]
[2022.10.16-12.54.01:094][  0]LogConfig: Setting CVar [[r.Streaming.MaxNumTexturesToStreamPerFrame:0]]
[2022.10.16-12.54.01:094][  0]LogConfig: Setting CVar [[r.Streaming.Boost:1]]
[2022.10.16-12.54.01:094][  0]LogConfig: Setting CVar [[r.MaxAnisotropy:8]]
[2022.10.16-12.54.01:094][  0]LogConfig: Setting CVar [[r.VT.MaxAnisotropy:8]]
[2022.10.16-12.54.01:094][  0]LogConfig: Setting CVar [[r.Streaming.LimitPoolSizeToVRAM:0]]
[2022.10.16-12.54.01:094][  0]LogConfig: Setting CVar [[r.Streaming.PoolSize:1000]]
[2022.10.16-12.54.01:095][  0]LogConfig: Setting CVar [[r.Streaming.MaxEffectiveScreenSize:0]]
[2022.10.16-12.54.01:095][  0]LogConfig: Applying CVar settings from Section [EffectsQuality@3] File [D:/Documents/Programing/GitKraken/Unreal Laika/Unreal_Laika/Saved/Config/Windows/Scalability.ini]
[2022.10.16-12.54.01:095][  0]LogConfig: Setting CVar [[r.TranslucencyLightingVolumeDim:64]]
[2022.10.16-12.54.01:095][  0]LogConfig: Setting CVar [[r.RefractionQuality:2]]
[2022.10.16-12.54.01:095][  0]LogConfig: Setting CVar [[r.SSR.Quality:3]]
[2022.10.16-12.54.01:095][  0]LogConfig: Setting CVar [[r.SSR.HalfResSceneColor:0]]
[2022.10.16-12.54.01:095][  0]LogConfig: Setting CVar [[r.SceneColorFormat:4]]
[2022.10.16-12.54.01:095][  0]LogConfig: Setting CVar [[r.DetailMode:2]]
[2022.10.16-12.54.01:095][  0]LogConfig: Setting CVar [[r.TranslucencyVolumeBlur:1]]
[2022.10.16-12.54.01:095][  0]LogConfig: Setting CVar [[r.MaterialQualityLevel:1 ; High quality]]
[2022.10.16-12.54.01:095][  0]LogConfig: Setting CVar [[r.SSS.Scale:1]]
[2022.10.16-12.54.01:095][  0]LogConfig: Setting CVar [[r.SSS.SampleSet:2]]
[2022.10.16-12.54.01:095][  0]LogConfig: Setting CVar [[r.SSS.Quality:1]]
[2022.10.16-12.54.01:095][  0]LogConfig: Setting CVar [[r.SSS.HalfRes:0]]
[2022.10.16-12.54.01:095][  0]LogConfig: Setting CVar [[r.SSGI.Quality:3]]
[2022.10.16-12.54.01:095][  0]LogConfig: Setting CVar [[r.EmitterSpawnRateScale:1.0]]
[2022.10.16-12.54.01:095][  0]LogConfig: Setting CVar [[r.ParticleLightQuality:2]]
[2022.10.16-12.54.01:095][  0]LogConfig: Setting CVar [[r.SkyAtmosphere.AerialPerspectiveLUT.FastApplyOnOpaque:1 ; Always have FastSkyLUT 1 in this case to avoid wrong sky]]
[2022.10.16-12.54.01:095][  0]LogConfig: Setting CVar [[r.SkyAtmosphere.AerialPerspectiveLUT.SampleCountPerSlice:1]]
[2022.10.16-12.54.01:095][  0]LogConfig: Setting CVar [[r.SkyAtmosphere.AerialPerspectiveLUT.DepthResolution:16.0]]
[2022.10.16-12.54.01:095][  0]LogConfig: Setting CVar [[r.SkyAtmosphere.FastSkyLUT:1]]
[2022.10.16-12.54.01:095][  0]LogConfig: Setting CVar [[r.SkyAtmosphere.FastSkyLUT.SampleCountMin:4.0]]
[2022.10.16-12.54.01:095][  0]LogConfig: Setting CVar [[r.SkyAtmosphere.FastSkyLUT.SampleCountMax:32.0]]
[2022.10.16-12.54.01:095][  0]LogConfig: Setting CVar [[r.SkyAtmosphere.SampleCountMin:4.0]]
[2022.10.16-12.54.01:095][  0]LogConfig: Setting CVar [[r.SkyAtmosphere.SampleCountMax:32.0]]
[2022.10.16-12.54.01:095][  0]LogConfig: Setting CVar [[r.SkyAtmosphere.TransmittanceLUT.UseSmallFormat:0]]
[2022.10.16-12.54.01:096][  0]LogConfig: Setting CVar [[r.SkyAtmosphere.TransmittanceLUT.SampleCount:10.0]]
[2022.10.16-12.54.01:096][  0]LogConfig: Setting CVar [[r.SkyAtmosphere.MultiScatteringLUT.SampleCount:15.0]]
[2022.10.16-12.54.01:096][  0]LogConfig: Applying CVar settings from Section [FoliageQuality@3] File [D:/Documents/Programing/GitKraken/Unreal Laika/Unreal_Laika/Saved/Config/Windows/Scalability.ini]
[2022.10.16-12.54.01:096][  0]LogConfig: Setting CVar [[foliage.DensityScale:1.0]]
[2022.10.16-12.54.01:096][  0]LogConfig: Setting CVar [[grass.DensityScale:1.0]]
[2022.10.16-12.54.01:096][  0]LogConfig: Applying CVar settings from Section [ShadingQuality@3] File [D:/Documents/Programing/GitKraken/Unreal Laika/Unreal_Laika/Saved/Config/Windows/Scalability.ini]
[2022.10.16-12.54.01:096][  0]LogConfig: Setting CVar [[r.HairStrands.SkyLighting.SampleCount:16]]
[2022.10.16-12.54.01:096][  0]LogConfig: Setting CVar [[r.HairStrands.SkyLighting.JitterIntegration:0]]
[2022.10.16-12.54.01:096][  0]LogConfig: Setting CVar [[r.HairStrands.SkyAO.SampleCount:16]]
[2022.10.16-12.54.01:096][  0]LogConfig: Setting CVar [[r.HairStrands.DeepShadow.SuperSampling:0]]
[2022.10.16-12.54.01:096][  0]LogConfig: Setting CVar [[r.HairStrands.VisibilityPPLL:0]]
[2022.10.16-12.54.01:096][  0]LogConfig: Setting CVar [[r.HairStrands.RasterizationScale:0.5]]
[2022.10.16-12.54.01:096][  0]LogConfig: Setting CVar [[r.HairStrands.VelocityRasterizationScale:1]]
[2022.10.16-12.54.01:096][  0]LogConfig: Applying CVar settings from Section [Startup] File [../../../Engine/Config/ConsoleVariables.ini]
[2022.10.16-12.54.01:097][  0]LogConfig: Setting CVar [[net.UseAdaptiveNetUpdateFrequency:0]]
[2022.10.16-12.54.01:097][  0]LogConfig: Setting CVar [[p.chaos.AllowCreatePhysxBodies:1]]
[2022.10.16-12.54.01:097][  0]LogConfig: Setting CVar [[fx.SkipVectorVMBackendOptimizations:1]]
[2022.10.16-12.54.01:097][  0]LogConfig: Applying CVar settings from Section [ConsoleVariables] File [D:/Documents/Programing/GitKraken/Unreal Laika/Unreal_Laika/Saved/Config/Windows/Engine.ini]
[2022.10.16-12.54.01:097][  0]LogInit: Computer: DESKTOP-GJ420GI
[2022.10.16-12.54.01:097][  0]LogInit: User: Nymeria
[2022.10.16-12.54.01:097][  0]LogInit: CPU Page size=4096, Cores=6
[2022.10.16-12.54.01:097][  0]LogInit: High frequency timer resolution =10.000000 MHz
[2022.10.16-12.54.01:097][  0]LogMemory: Memory total: Physical=15.9GB (16GB approx)
[2022.10.16-12.54.01:097][  0]LogMemory: Platform Memory Stats for Windows
[2022.10.16-12.54.01:097][  0]LogMemory: Process Physical Memory: 116.27 MB used, 116.27 MB peak
[2022.10.16-12.54.01:097][  0]LogMemory: Process Virtual Memory: 99.02 MB used, 99.02 MB peak
[2022.10.16-12.54.01:097][  0]LogMemory: Physical Memory: 8971.43 MB used,  7334.25 MB free, 16305.69 MB total
[2022.10.16-12.54.01:097][  0]LogMemory: Virtual Memory: 5168.79 MB used,  134212560.00 MB free, 134217728.00 MB total
[2022.10.16-12.54.01:105][  0]LogWindows: WindowsPlatformFeatures enabled
[2022.10.16-12.54.01:234][  0]LogInit: Physics initialised using underlying interface: PhysX
[2022.10.16-12.54.01:234][  0]LogInit: Using OS detected language (en-GB).
[2022.10.16-12.54.01:234][  0]LogInit: Using OS detected locale (en-AU).
[2022.10.16-12.54.01:236][  0]LogTextLocalizationManager: No specific localization for 'en-GB' exists, so the 'en' localization will be used.
[2022.10.16-12.54.01:369][  0]LogInit: Setting process to per monitor DPI aware
[2022.10.16-12.54.01:406][  0]LogSlate: New Slate User Created.  User Index 0, Is Virtual User: 0
[2022.10.16-12.54.01:406][  0]LogSlate: Slate User Registered.  User Index 0, Is Virtual User: 0
[2022.10.16-12.54.01:513][  0]LogHMD: Failed to initialize OpenVR with code 110
[2022.10.16-12.54.01:513][  0]LogD3D11RHI: D3D11 min allowed feature level: 11_0
[2022.10.16-12.54.01:513][  0]LogD3D11RHI: D3D11 max allowed feature level: 11_0
[2022.10.16-12.54.01:513][  0]LogD3D11RHI: D3D11 adapters:
[2022.10.16-12.54.01:618][  0]LogD3D11RHI:    0. 'NVIDIA GeForce RTX 3070 Ti' (Feature Level 11_0)
[2022.10.16-12.54.01:618][  0]LogD3D11RHI:       8041/0/8152 MB DedicatedVideo/DedicatedSystem/SharedSystem, Outputs:2, VendorId:0x10de
[2022.10.16-12.54.01:621][  0]LogD3D11RHI:    1. 'Microsoft Basic Render Driver' (Feature Level 11_0)
[2022.10.16-12.54.01:621][  0]LogD3D11RHI:       0/0/8152 MB DedicatedVideo/DedicatedSystem/SharedSystem, Outputs:0, VendorId:0x1414
[2022.10.16-12.54.01:621][  0]LogD3D11RHI: Chosen D3D11 Adapter: 0
[2022.10.16-12.54.01:627][  0]LogD3D11RHI: Creating new Direct3DDevice
[2022.10.16-12.54.01:627][  0]LogD3D11RHI:     GPU DeviceId: 0x2482 (for the marketing name, search the web for "GPU Device Id")
[2022.10.16-12.54.01:627][  0]LogWindows: EnumDisplayDevices:
[2022.10.16-12.54.01:627][  0]LogWindows:    0. 'NVIDIA GeForce RTX 3070 Ti' (P:1 D:1)
[2022.10.16-12.54.01:628][  0]LogWindows:    1. 'NVIDIA GeForce RTX 3070 Ti' (P:0 D:1)
[2022.10.16-12.54.01:628][  0]LogWindows:    2. 'NVIDIA GeForce RTX 3070 Ti' (P:0 D:0)
[2022.10.16-12.54.01:628][  0]LogWindows:    3. 'NVIDIA GeForce RTX 3070 Ti' (P:0 D:0)
[2022.10.16-12.54.01:628][  0]LogWindows: DebugString: FoundDriverCount:4 
[2022.10.16-12.54.01:628][  0]LogD3D11RHI:     Adapter Name: NVIDIA GeForce RTX 3070 Ti
[2022.10.16-12.54.01:628][  0]LogD3D11RHI:   Driver Version: 516.94 (internal:31.0.15.1694, unified:516.94)
[2022.10.16-12.54.01:628][  0]LogD3D11RHI:      Driver Date: 7-21-2022
[2022.10.16-12.54.01:628][  0]LogRHI: Texture pool is 5628 MB (70% of 8041 MB)
[2022.10.16-12.54.01:697][  0]LogD3D11RHI: RHI has support for 64 bit atomics
[2022.10.16-12.54.01:697][  0]LogD3D11RHI: Async texture creation enabled
[2022.10.16-12.54.01:697][  0]LogD3D11RHI: Array index from any shader is supported
[2022.10.16-12.54.01:698][  0]LogD3D11RHI: HDR output is supported on display 0 (NvId: 0x80061080).
[2022.10.16-12.54.01:711][  0]LogD3D11RHI: GPU Timing Frequency: 1000.000000 (Debug: 2 1)
[2022.10.16-12.54.01:930][  0]LogTargetPlatformManager: Display: Loaded TargetPlatform 'AllDesktop'
[2022.10.16-12.54.01:952][  0]LogTargetPlatformManager: Display: Loaded TargetPlatform 'Android'
[2022.10.16-12.54.01:952][  0]LogTargetPlatformManager: Display: Loaded TargetPlatform 'Android_ASTC'
[2022.10.16-12.54.01:953][  0]LogTargetPlatformManager: Display: Loaded TargetPlatform 'Android_DXT'
[2022.10.16-12.54.01:953][  0]LogTargetPlatformManager: Display: Loaded TargetPlatform 'Android_ETC2'
[2022.10.16-12.54.01:953][  0]LogTargetPlatformManager: Display: Loaded TargetPlatform 'AndroidClient'
[2022.10.16-12.54.01:953][  0]LogTargetPlatformManager: Display: Loaded TargetPlatform 'Android_ASTCClient'
[2022.10.16-12.54.01:953][  0]LogTargetPlatformManager: Display: Loaded TargetPlatform 'Android_DXTClient'
[2022.10.16-12.54.01:953][  0]LogTargetPlatformManager: Display: Loaded TargetPlatform 'Android_ETC2Client'
[2022.10.16-12.54.01:953][  0]LogTargetPlatformManager: Display: Loaded TargetPlatform 'Android_Multi'
[2022.10.16-12.54.01:953][  0]LogTargetPlatformManager: Display: Loaded TargetPlatform 'Android_MultiClient'
[2022.10.16-12.54.01:983][  0]LogTargetPlatformManager: Display: Loaded TargetPlatform 'IOSClient'
[2022.10.16-12.54.01:983][  0]LogTargetPlatformManager: Display: Loaded TargetPlatform 'IOS'
[2022.10.16-12.54.01:994][  0]LogTargetPlatformManager: Display: Loaded TargetPlatform 'Linux'
[2022.10.16-12.54.02:003][  0]LogTargetPlatformManager: Display: Loaded TargetPlatform 'LinuxNoEditor'
[2022.10.16-12.54.02:012][  0]LogTargetPlatformManager: Display: Loaded TargetPlatform 'LinuxClient'
[2022.10.16-12.54.02:021][  0]LogTargetPlatformManager: Display: Loaded TargetPlatform 'LinuxServer'
[2022.10.16-12.54.02:031][  0]LogTargetPlatformManager: Display: Loaded TargetPlatform 'LinuxAArch64NoEditor'
[2022.10.16-12.54.02:040][  0]LogTargetPlatformManager: Display: Loaded TargetPlatform 'LinuxAArch64Client'
[2022.10.16-12.54.02:050][  0]LogTargetPlatformManager: Display: Loaded TargetPlatform 'LinuxAArch64Server'
[2022.10.16-12.54.02:075][  0]LogTargetPlatformManager: Display: Loaded TargetPlatform 'Lumin'
[2022.10.16-12.54.02:075][  0]LogTargetPlatformManager: Display: Loaded TargetPlatform 'LuminClient'
[2022.10.16-12.54.02:090][  0]LogTargetPlatformManager: Display: Loaded TargetPlatform 'TVOSClient'
[2022.10.16-12.54.02:091][  0]LogTargetPlatformManager: Display: Loaded TargetPlatform 'TVOS'
[2022.10.16-12.54.02:100][  0]LogTargetPlatformManager: Display: Loaded TargetPlatform 'WindowsNoEditor'
[2022.10.16-12.54.02:110][  0]LogTargetPlatformManager: Display: Loaded TargetPlatform 'Windows'
[2022.10.16-12.54.02:120][  0]LogTargetPlatformManager: Display: Loaded TargetPlatform 'WindowsClient'
[2022.10.16-12.54.02:129][  0]LogTargetPlatformManager: Display: Loaded TargetPlatform 'WindowsServer'
[2022.10.16-12.54.02:129][  0]LogTargetPlatformManager: Display: Building Assets For Windows
[2022.10.16-12.54.02:138][  0]LogAudioDebug: Display: Lib vorbis DLL was dynamically loaded.
[2022.10.16-12.54.02:202][  0]LogShaderCompilers: Guid format shader working directory is -29 characters bigger than the processId version (../../../../../../Documents/Programing/GitKraken/Unreal Laika/Unreal_Laika/Intermediate/Shaders/WorkingDirectory/19972/).
[2022.10.16-12.54.02:203][  0]LogShaderCompilers: Cleaned the shader compiler working directory 'C:/Users/chess/AppData/Local/Temp/UnrealShaderWorkingDir/0092E9D54396A5CEF635F6A9F6867715/'.
[2022.10.16-12.54.02:203][  0]LogXGEController: Cleaning working directory: C:/Users/chess/AppData/Local/Temp/UnrealXGEWorkingDir/
[2022.10.16-12.54.02:203][  0]LogXGEController: Cannot use XGE Controller as Incredibuild is not installed on this machine.
[2022.10.16-12.54.02:203][  0]LogShaderCompilers: Cannot use XGE Shader Compiler as Incredibuild is not installed on this machine.
[2022.10.16-12.54.02:203][  0]LogShaderCompilers: Display: Using Local Shader Compiler.
[2022.10.16-12.54.02:773][  0]LogDerivedDataCache: Display: Max Cache Size: 512 MB
[2022.10.16-12.54.02:808][  0]LogDerivedDataCache: Loaded boot cache 0.03s 75MB C:/Users/chess/AppData/Local/UnrealEngine/4.25/DerivedDataCache/Boot.ddc.
[2022.10.16-12.54.02:808][  0]LogDerivedDataCache: Display: Loaded Boot cache: C:/Users/chess/AppData/Local/UnrealEngine/4.25/DerivedDataCache/Boot.ddc
[2022.10.16-12.54.02:808][  0]LogDerivedDataCache: FDerivedDataBackendGraph:  Pak pak cache file ../../../../../../Documents/Programing/GitKraken/Unreal Laika/Unreal_Laika/DerivedDataCache/DDC.ddp not found, will not use a pak cache.
[2022.10.16-12.54.02:808][  0]LogDerivedDataCache: Unable to find inner node Pak for hierarchical cache Hierarchy.
[2022.10.16-12.54.02:808][  0]LogDerivedDataCache: FDerivedDataBackendGraph:  CompressedPak pak cache file ../../../../../../Documents/Programing/GitKraken/Unreal Laika/Unreal_Laika/DerivedDataCache/Compressed.ddp not found, will not use a pak cache.
[2022.10.16-12.54.02:808][  0]LogDerivedDataCache: Unable to find inner node CompressedPak for hierarchical cache Hierarchy.
[2022.10.16-12.54.02:818][  0]LogDerivedDataCache: Display: Pak cache opened for reading ../../../Engine/DerivedDataCache/Compressed.ddp.
[2022.10.16-12.54.02:818][  0]LogDerivedDataCache: FDerivedDataBackendGraph:  EnterprisePak pak cache file ../../../Enterprise/DerivedDataCache/Compressed.ddp not found, will not use a pak cache.
[2022.10.16-12.54.02:818][  0]LogDerivedDataCache: Unable to find inner node EnterprisePak for hierarchical cache Hierarchy.
[2022.10.16-12.54.02:820][  0]LogDerivedDataCache: Using Local data cache path C:/Users/chess/AppData/Local/UnrealEngine/Common/DerivedDataCache: Writable
[2022.10.16-12.54.02:820][  0]LogDerivedDataCache: Shared data cache path not found in *engine.ini, will not use an Shared cache.
[2022.10.16-12.54.02:820][  0]LogDerivedDataCache: Unable to find inner node Shared for hierarchical cache Hierarchy.
[2022.10.16-12.54.02:861][  0]LogSlate: Using FreeType 2.10.0
[2022.10.16-12.54.02:861][  0]LogSlate: SlateFontServices - WITH_FREETYPE: 1, WITH_HARFBUZZ: 1
[2022.10.16-12.54.02:882][  0]LogAssetRegistry: FAssetRegistry took 0.0032 seconds to start up
[2022.10.16-12.54.03:071][  0]LogInit: Selected Device Profile: [Windows]
[2022.10.16-12.54.03:166][  0]LogMeshReduction: Using QuadricMeshReduction for automatic static mesh reduction
[2022.10.16-12.54.03:166][  0]LogMeshReduction: Using SimplygonMeshReduction for automatic skeletal mesh reduction
[2022.10.16-12.54.03:166][  0]LogMeshReduction: Using ProxyLODMeshReduction for automatic mesh merging
[2022.10.16-12.54.03:166][  0]LogMeshReduction: No distributed automatic mesh merging module available
[2022.10.16-12.54.03:166][  0]LogMeshMerging: No distributed automatic mesh merging module available
[2022.10.16-12.54.03:179][  0]LogNetVersion: Unreal_Laika 1.0.0, NetCL: 13144385, EngineNetVer: 14, GameNetVer: 0 (Checksum: 3768831881)
[2022.10.16-12.54.03:482][  0]LogAISub: UAISubsystem::UAISubsystem AISubsystem (000001BB9A6A4240), frame # 0
[2022.10.16-12.54.03:482][  0]LogAISub: UAISubsystem::UAISubsystem AIPerceptionSystem (000001BB9A5E91C0), frame # 0
[2022.10.16-12.54.03:483][  0]LogAISub: UAISubsystem::UAISubsystem EnvQueryManager (000001BB9A660800), frame # 0
[2022.10.16-12.54.03:512][  0]LogPackageLocalizationCache: Processed 19 localized package path(s) for 1 prioritized culture(s) in 0.023468 seconds
[2022.10.16-12.54.03:516][  0]LogUObjectArray: 15917 objects as part of root set at end of initial load.
[2022.10.16-12.54.03:516][  0]LogUObjectAllocator: 3965568 out of 0 bytes used by permanent object pool.
[2022.10.16-12.54.03:516][  0]LogUObjectArray: CloseDisregardForGC: 0/0 objects in disregard for GC pool
[2022.10.16-12.54.03:853][  0]LogTcpMessaging: Initializing TcpMessaging bridge
[2022.10.16-12.54.03:858][  0]LogUdpMessaging: Initializing bridge on interface 0.0.0.0:0 to multicast group 230.0.0.1:6666.
[2022.10.16-12.54.03:969][  0]SourceControl: Source control is disabled
[2022.10.16-12.54.03:969][  0]SourceControl: Source control is disabled
[2022.10.16-12.54.03:973][  0]SourceControl: Source control is disabled
[2022.10.16-12.54.03:977][  0]SourceControl: Source control is disabled
[2022.10.16-12.54.03:984][  0]SourceControl: Source control is disabled
[2022.10.16-12.54.04:228][  0]LogAndroidPermission: UAndroidPermissionCallbackProxy::GetInstance
[2022.10.16-12.54.04:251][  0]LogAudioCaptureCore: Display: No Audio Capture implementations found. Audio input will be silent.
[2022.10.16-12.54.04:251][  0]LogAudioCaptureCore: Display: No Audio Capture implementations found. Audio input will be silent.
[2022.10.16-12.54.04:297][  0]LogOcInput: OculusInput pre-init called
[2022.10.16-12.54.04:307][  0]LogWindows: Failed to load 'OVRPlugin.dll' (GetLastError=126)
[2022.10.16-12.54.04:307][  0]LogWindows: File 'OVRPlugin.dll' does not exist
[2022.10.16-12.54.04:365][  0]LogEngine: Initializing Engine...
[2022.10.16-12.54.04:366][  0]LogHMD: Failed to initialize OpenVR with code 110
[2022.10.16-12.54.04:366][  0]LogMagicLeap: Warning: VR disabled because ZI is not enabled.  To enable, in the editor, Edit -> Project Settings -> Plugins -> Magic Leap Plugin -> Enable Zero Iteration
[2022.10.16-12.54.04:367][  0]LogStats: UGameplayTagsManager::InitializeManager -  0.000 s
[2022.10.16-12.54.04:448][  0]LogInit: Initializing FReadOnlyCVARCache
[2022.10.16-12.54.04:455][  0]LogAIModule: Creating AISystem for world Untitled
[2022.10.16-12.54.04:455][  0]LogAISub: UAISubsystem::UAISubsystem EnvQueryManager (000001BB9D829C00), frame # 0
[2022.10.16-12.54.04:455][  0]LogAISub: UAISubsystem::UAISubsystem AIPerceptionSystem (000001BB9D849F80), frame # 0
[2022.10.16-12.54.04:467][  0]LogAudioMixer: Display: Audio Mixer Platform Settings:
[2022.10.16-12.54.04:468][  0]LogAudioMixer: Display: 	Sample Rate:						  48000
[2022.10.16-12.54.04:468][  0]LogAudioMixer: Display: 	Callback Buffer Frame Size Requested: 1024
[2022.10.16-12.54.04:468][  0]LogAudioMixer: Display: 	Callback Buffer Frame Size To Use:	  1024
[2022.10.16-12.54.04:468][  0]LogAudioMixer: Display: 	Number of buffers to queue:			  2
[2022.10.16-12.54.04:468][  0]LogAudioMixer: Display: 	Max Channels (voices):				  32
[2022.10.16-12.54.04:468][  0]LogAudioMixer: Display: 	Number of Async Source Workers:		  0
[2022.10.16-12.54.04:468][  0]LogAudio: Display: AudioDevice MaxSources: 32
[2022.10.16-12.54.04:468][  0]LogAudio: Display: Using built-in audio occlusion.
[2022.10.16-12.54.04:468][  0]LogAudioMixer: Display: Initializing audio mixer.
[2022.10.16-12.54.04:480][  0]LogAudioMixer: Display: 0: FrontLeft
[2022.10.16-12.54.04:480][  0]LogAudioMixer: Display: 1: FrontRight
[2022.10.16-12.54.04:515][  0]LogAudioMixer: Display: Using Audio Device Headset Earphone (Razer Audio Controller - Chat)
[2022.10.16-12.54.04:517][  0]LogAudioMixer: Display: Initializing Sound Submixes...
[2022.10.16-12.54.04:519][  0]LogAudioMixer: Display: Creating Master Submix 'MasterSubmixDefault'
[2022.10.16-12.54.04:519][  0]LogAudioMixer: Display: Creating Master Submix 'MasterReverbSubmixDefault'
[2022.10.16-12.54.04:520][  0]LogAudioMixer: Display: Creating Master Submix 'MasterEQSubmixDefault'
[2022.10.16-12.54.04:521][  0]LogInit: FAudioDevice initialized.
[2022.10.16-12.54.04:522][  0]LogNetVersion: Set ProjectVersion to 1.0.0.0. Version Checksum will be recalculated on next use.
[2022.10.16-12.54.04:670][  0]LogDerivedDataCache: Saved boot cache 0.15s 75MB C:/Users/chess/AppData/Local/UnrealEngine/4.25/DerivedDataCache/Boot.ddc.
[2022.10.16-12.54.04:671][  0]LogInit: Texture streaming: Enabled
[2022.10.16-12.54.04:688][  0]LogEngineSessionManager: EngineSessionManager initialized
[2022.10.16-12.54.04:688][  0]LogEditorSessionSummary: Verbose: Initializing EditorSessionSummaryWriter for editor session tracking
[2022.10.16-12.54.04:689][  0]LogEditorSessionSummary: EditorSessionSummaryWriter initialized
[2022.10.16-12.54.04:722][  0]LogInit: Transaction tracking system initialized
[2022.10.16-12.54.04:745][  0]BlueprintLog: New page: Editor Load
[2022.10.16-12.54.04:816][  0]LocalizationService: Localization service is disabled
[2022.10.16-12.54.04:947][  0]LogCook: Display: Max memory allowance for cook 16384mb min free memory 0mb
[2022.10.16-12.54.04:947][  0]LogCook: Display: Mobile HDR setting 1
[2022.10.16-12.54.05:076][  0]LogFileCache: Scanning file cache for directory 'D:/Documents/Programing/GitKraken/Unreal Laika/Unreal_Laika/Content/' took 0.00s
[2022.10.16-12.54.05:215][  0]SourceControl: Source control is disabled
[2022.10.16-12.54.05:215][  0]LogUnrealEdMisc: Loading editor; pre map load, took 5.186
[2022.10.16-12.54.05:216][  0]Cmd: MAP LOAD FILE="../../../../../../Documents/Programing/GitKraken/Unreal Laika/Unreal_Laika/Content/StarterContent/Maps/Minimal_Default.umap" TEMPLATE=0 SHOWPROGRESS=1 FEATURELEVEL=3
[2022.10.16-12.54.05:216][  0]LightingResults: New page: Lighting Build
[2022.10.16-12.54.05:216][  0]LogWorld: UWorld::CleanupWorld for Untitled, bSessionEnded=true, bCleanupResources=true
[2022.10.16-12.54.05:217][  0]LogSlate: InvalidateAllWidgets triggered.  All widgets were invalidated
[2022.10.16-12.54.05:217][  0]MapCheck: New page: Map Check
[2022.10.16-12.54.05:217][  0]LightingResults: New page: Lighting Build
[2022.10.16-12.54.05:226][  0]LogAISub: UAISubsystem::~UAISubsystem EnvQueryManager (000001BB9D829C00), frame # 0
[2022.10.16-12.54.05:226][  0]LogAISub: UAISubsystem::~UAISubsystem AIPerceptionSystem (000001BB9D849F80), frame # 0
[2022.10.16-12.54.05:227][  0]LogUObjectHash: Compacting FUObjectHashTables data took   0.63ms
[2022.10.16-12.54.05:291][  0]LogAIModule: Creating AISystem for world Minimal_Default
[2022.10.16-12.54.05:291][  0]LogAISub: UAISubsystem::UAISubsystem EnvQueryManager (000001BB8CCE8200), frame # 0
[2022.10.16-12.54.05:291][  0]LogAISub: UAISubsystem::UAISubsystem AIPerceptionSystem (000001BB99C31080), frame # 0
[2022.10.16-12.54.05:296][  0]LogEditorServer: Finished looking for orphan Actors (0.000 secs)
[2022.10.16-12.54.05:306][  0]LogUObjectHash: Compacting FUObjectHashTables data took   0.67ms
[2022.10.16-12.54.05:307][  0]Cmd: MAP CHECKDEP NOCLEARLOG
[2022.10.16-12.54.05:307][  0]MapCheck: Map check complete: 0 Error(s), 0 Warning(s), took 0.1ms to complete.
[2022.10.16-12.54.05:307][  0]LogFileHelpers: Loading map 'Minimal_Default' took 0.091
[2022.10.16-12.54.05:308][  0]LogUnrealEdMisc: Total Editor Startup Time, took 5.279
[2022.10.16-12.54.05:423][  0]LogSlate: Updating window title bar state: overlay mode, drag disabled, window buttons hidden, title bar hidden
[2022.10.16-12.54.05:429][  0]LogSlate: Updating window title bar state: overlay mode, drag disabled, window buttons hidden, title bar hidden
[2022.10.16-12.54.05:435][  0]LogSlate: Updating window title bar state: overlay mode, drag disabled, window buttons hidden, title bar hidden
[2022.10.16-12.54.05:440][  0]LogSlate: Updating window title bar state: overlay mode, drag disabled, window buttons hidden, title bar hidden
[2022.10.16-12.54.05:446][  0]LogCollectionManager: Loaded 0 collections in 0.000624 seconds
[2022.10.16-12.54.05:462][  0]LogFileCache: Scanning file cache for directory 'D:/Documents/Programing/GitKraken/Unreal Laika/Unreal_Laika/Saved/Collections/' took 0.00s
[2022.10.16-12.54.05:462][  0]LogFileCache: Scanning file cache for directory 'D:/Documents/Programing/GitKraken/Unreal Laika/Unreal_Laika/Content/Developers/Nymeria/Collections/' took 0.00s
[2022.10.16-12.54.05:462][  0]LogFileCache: Scanning file cache for directory 'D:/Documents/Programing/GitKraken/Unreal Laika/Unreal_Laika/Content/Collections/' took 0.00s
[2022.10.16-12.54.05:462][  0]LogContentBrowser: Native class hierarchy populated in 0.0090 seconds. Added 3430 classes and 823 folders.
[2022.10.16-12.54.05:464][  0]LogContentBrowser: Native class hierarchy updated for 'WidgetCarousel' in 0.0003 seconds. Added 0 classes and 0 folders.
[2022.10.16-12.54.05:497][  0]LogContentBrowser: Native class hierarchy updated for 'AddContentDialog' in 0.0003 seconds. Added 0 classes and 0 folders.
[2022.10.16-12.54.05:500][  0]LogContentBrowser: Native class hierarchy updated for 'SceneOutliner' in 0.0003 seconds. Added 2 classes and 0 folders.
[2022.10.16-12.54.05:555][  0]LogSlate: Took 0.000157 seconds to synchronously load lazily loaded font '../../../Engine/Content/Slate/Fonts/Roboto-Regular.ttf' (155K)
[2022.10.16-12.54.05:557][  0]LogSlate: Took 0.000084 seconds to synchronously load lazily loaded font '../../../Engine/Content/Slate/Fonts/Roboto-Bold.ttf' (160K)
[2022.10.16-12.54.05:561][  0]LogSlate: Took 0.000129 seconds to synchronously load lazily loaded font '../../../Engine/Content/Editor/Slate/Fonts/FontAwesome.ttf' (139K)
[2022.10.16-12.54.05:609][  0]LogRenderer: Reallocating scene render targets to support 1616x808 Format 10 NumSamples 1 (Frame:1).
[2022.10.16-12.54.05:708][  0]LogContentBrowser: Native class hierarchy updated for 'HierarchicalLODOutliner' in 0.0003 seconds. Added 0 classes and 0 folders.
[2022.10.16-12.54.05:708][  0]LogLoad: (Engine Initialization) Total time: 5.68 seconds
[2022.10.16-12.54.05:708][  0]LogLoad: (Engine Initialization) Total Blueprint compile time: 0.00 seconds
[2022.10.16-12.54.05:739][  0]LogAssetRegistry: Asset discovery search completed in 2.8596 seconds
[2022.10.16-12.54.05:742][  0]LogCollectionManager: Fixed up redirectors for 0 collections in 0.000001 seconds (updated 0 objects)
[2022.10.16-12.54.05:743][  0]LogContentStreaming: Texture pool size now 1000 MB
[2022.10.16-12.54.08:080][262]LogSlate: Took 0.000107 seconds to synchronously load lazily loaded font '../../../Engine/Content/Slate/Fonts/Roboto-Light.ttf' (167K)
[2022.10.16-12.54.08:095][262]LogAssetEditorSubsystem: Opening Asset editor for Blueprint /Game/BP_Unreal_LaikaGameModeBase.BP_Unreal_LaikaGameModeBase
[2022.10.16-12.54.08:233][262]LogContentBrowser: Native class hierarchy updated for 'BlueprintGraph' in 0.0007 seconds. Added 125 classes and 0 folders.
[2022.10.16-12.54.26:534][344]LogSlate: Window 'BP_Unreal_LaikaGameModeBase' being destroyed
[2022.10.16-12.54.26:538][344]LogSlate: Window 'BP_Unreal_LaikaGameModeBase' being destroyed
[2022.10.16-12.54.26:539][344]LogWorld: UWorld::CleanupWorld for World_0, bSessionEnded=true, bCleanupResources=true
[2022.10.16-12.54.26:539][344]LogSlate: InvalidateAllWidgets triggered.  All widgets were invalidated
[2022.10.16-12.54.36:498][442]LogSlate: Window 'Project Settings' being destroyed
[2022.10.16-12.54.36:503][442]LogSlate: Window 'Project Settings' being destroyed
[2022.10.16-12.54.42:304][ 84]LogActor: Warning: BP_Player_C /Engine/Transient.World_4:PersistentLevel.BP_Player_C_0 has natively added scene component(s), but none of them were set as the actor's RootComponent - picking one arbitrarily
[2022.10.16-12.54.48:070][756]LogSlate: Prevented a slow task dialog from being summoned while a context menu was open
[2022.10.16-12.55.07:455][979]LogSlate: Window 'Project Settings' being destroyed
[2022.10.16-12.55.07:461][979]LogSlate: Window 'Project Settings' being destroyed
[2022.10.16-12.55.10:416][322]LogActor: Warning: BP_Player_C /Game/StarterContent/Maps/Minimal_Default.Minimal_Default:PersistentLevel.BP_Player_C_0 has natively added scene component(s), but none of them were set as the actor's RootComponent - picking one arbitrarily
[2022.10.16-12.55.11:962][506]LogActor: Warning: BP_Player_C /Game/StarterContent/Maps/Minimal_Default.Minimal_Default:PersistentLevel.BP_Player_C_1 has natively added scene component(s), but none of them were set as the actor's RootComponent - picking one arbitrarily
[2022.10.16-12.55.12:312][540]LogEditorViewport: Clicking on Actor (LMB): BP_Sky_Sphere_C (BP_Sky_Sphere)
[2022.10.16-12.55.13:152][636]LogEditorViewport: Clicking on Actor (LMB): BP_Sky_Sphere_C (BP_Sky_Sphere)
[2022.10.16-12.55.13:747][706]LogEditorViewport: Clicking on Actor (LMB): BP_Player_C (BP_Player)
[2022.10.16-12.55.18:594][274]LogTemp: Repeating last play command: Selected Viewport
[2022.10.16-12.55.18:603][274]LogPlayLevel: PlayLevel: No blueprints needed recompiling
[2022.10.16-12.55.18:604][274]PIE: New page: PIE session: Minimal_Default (17 Oct 2022, 10:55:18 am)
[2022.10.16-12.55.18:605][274]LogOnline: OSS: Creating online subsystem instance for: NULL
[2022.10.16-12.55.18:606][274]LogOnline: OSS: TryLoadSubsystemAndSetDefault: Loaded subsystem for module [NULL]
[2022.10.16-12.55.18:606][274]LogPlayLevel: Creating play world package: /Game/StarterContent/Maps/UEDPIE_0_Minimal_Default
[2022.10.16-12.55.18:609][274]LogPlayLevel: PIE: StaticDuplicateObject took: (0.002385s)
[2022.10.16-12.55.18:609][274]LogAIModule: Creating AISystem for world Minimal_Default
[2022.10.16-12.55.18:610][274]LogAISub: UAISubsystem::UAISubsystem EnvQueryManager (000001BC1F026600), frame # 8274
[2022.10.16-12.55.18:610][274]LogAISub: UAISubsystem::UAISubsystem AIPerceptionSystem (000001BB87B60680), frame # 8274
[2022.10.16-12.55.18:610][274]LogPlayLevel: PIE: World Init took: (0.001048s)
[2022.10.16-12.55.18:610][274]LogPlayLevel: PIE: Created PIE world by copying editor world from /Game/StarterContent/Maps/Minimal_Default.Minimal_Default to /Game/StarterContent/Maps/UEDPIE_0_Minimal_Default.Minimal_Default (0.003704s)
[2022.10.16-12.55.18:666][274]LogUObjectHash: Compacting FUObjectHashTables data took   2.88ms
[2022.10.16-12.55.18:668][274]LogAudioMixer: Display: Audio Mixer Platform Settings:
[2022.10.16-12.55.18:668][274]LogAudioMixer: Display: 	Sample Rate:						  48000
[2022.10.16-12.55.18:668][274]LogAudioMixer: Display: 	Callback Buffer Frame Size Requested: 1024
[2022.10.16-12.55.18:668][274]LogAudioMixer: Display: 	Callback Buffer Frame Size To Use:	  1024
[2022.10.16-12.55.18:668][274]LogAudioMixer: Display: 	Number of buffers to queue:			  2
[2022.10.16-12.55.18:669][274]LogAudioMixer: Display: 	Max Channels (voices):				  32
[2022.10.16-12.55.18:669][274]LogAudioMixer: Display: 	Number of Async Source Workers:		  0
[2022.10.16-12.55.18:669][274]LogAudio: Display: AudioDevice MaxSources: 32
[2022.10.16-12.55.18:669][274]LogAudio: Display: Using built-in audio occlusion.
[2022.10.16-12.55.18:669][274]LogAudioMixer: Display: Initializing audio mixer.
[2022.10.16-12.55.18:671][274]LogAudioMixer: Display: 0: FrontLeft
[2022.10.16-12.55.18:671][274]LogAudioMixer: Display: 1: FrontRight
[2022.10.16-12.55.18:689][274]LogAudioMixer: Display: Using Audio Device Headset Earphone (Razer Audio Controller - Chat)
[2022.10.16-12.55.18:689][274]LogAudioMixer: Display: Initializing Sound Submixes...
[2022.10.16-12.55.18:689][274]LogAudioMixer: Display: Creating Master Submix 'MasterSubmixDefault'
[2022.10.16-12.55.18:689][274]LogAudioMixer: Display: Creating Master Submix 'MasterReverbSubmixDefault'
[2022.10.16-12.55.18:689][274]LogAudioMixer: Display: Creating Master Submix 'MasterEQSubmixDefault'
[2022.10.16-12.55.18:699][274]LogInit: FAudioDevice initialized.
[2022.10.16-12.55.18:705][274]LogLoad: Game class is 'Unreal_LaikaGameModeBase'
[2022.10.16-12.55.18:707][274]LogWorld: Bringing World /Game/StarterContent/Maps/UEDPIE_0_Minimal_Default.Minimal_Default up for play (max tick rate 0) at 2022.10.16-23.55.18
[2022.10.16-12.55.18:707][274]LogWorld: Bringing up level for play took: 0.000607
[2022.10.16-12.55.18:707][274]LogOnline: OSS: Creating online subsystem instance for: :Context_6
[2022.10.16-12.55.18:710][274]LogContentBrowser: Native class hierarchy updated for 'MovieSceneCapture' in 0.0003 seconds. Added 20 classes and 0 folders.
[2022.10.16-12.55.18:710][274]PIE: Server logged in
[2022.10.16-12.55.18:711][274]PIE: Play in editor total start time 0.109 seconds.
[2022.10.16-12.55.46:321][232]LogSlate: Updating window title bar state: overlay mode, drag disabled, window buttons hidden, title bar hidden
[2022.10.16-12.55.46:321][232]LogWorld: BeginTearingDown for /Game/StarterContent/Maps/UEDPIE_0_Minimal_Default
[2022.10.16-12.55.46:322][232]LogWorld: UWorld::CleanupWorld for Minimal_Default, bSessionEnded=true, bCleanupResources=true
[2022.10.16-12.55.46:322][232]LogSlate: InvalidateAllWidgets triggered.  All widgets were invalidated
[2022.10.16-12.55.46:331][232]LogPlayLevel: Display: Shutting down PIE online subsystems
[2022.10.16-12.55.46:335][232]LogSlate: InvalidateAllWidgets triggered.  All widgets were invalidated
[2022.10.16-12.55.46:373][232]LogSlate: Updating window title bar state: overlay mode, drag disabled, window buttons hidden, title bar hidden
[2022.10.16-12.55.46:393][232]LogAISub: UAISubsystem::~UAISubsystem EnvQueryManager (000001BC1F026600), frame # 11232
[2022.10.16-12.55.46:393][232]LogAISub: UAISubsystem::~UAISubsystem AIPerceptionSystem (000001BB87B60680), frame # 11232
[2022.10.16-12.55.46:441][232]LogUObjectHash: Compacting FUObjectHashTables data took   3.64ms
[2022.10.16-12.55.46:467][233]LogPlayLevel: Display: Destroying online subsystem :Context_6
[2022.10.16-12.55.47:338][335]LogEditorViewport: Clicking on Actor (LMB): BP_Sky_Sphere_C (BP_Sky_Sphere)
[2022.10.16-12.55.51:076][775]LogAssetEditorSubsystem: Opening Asset editor for Blueprint /Game/Player/BP_Player.BP_Player
[2022.10.16-12.55.51:375][775]LogActor: Warning: BP_Player_C /Engine/Transient.World_5:PersistentLevel.BP_Player_C_0 has natively added scene component(s), but none of them were set as the actor's RootComponent - picking one arbitrarily
[2022.10.16-12.55.54:368][115]LogSlate: Window 'BP_Player' being destroyed
[2022.10.16-12.55.54:410][115]LogWorld: UWorld::CleanupWorld for World_5, bSessionEnded=true, bCleanupResources=true
[2022.10.16-12.55.54:410][115]LogSlate: InvalidateAllWidgets triggered.  All widgets were invalidated
[2022.10.16-12.55.54:455][115]LogAssetEditorSubsystem: Opening Asset editor for Blueprint /Game/Player/BP_Player.BP_Player
[2022.10.16-12.55.54:735][115]LogActor: Warning: BP_Player_C /Engine/Transient.World_6:PersistentLevel.BP_Player_C_0 has natively added scene component(s), but none of them were set as the actor's RootComponent - picking one arbitrarily
[2022.10.16-12.55.54:738][115]LogSlate: Took 0.000152 seconds to synchronously load lazily loaded font '../../../Engine/Content/Slate/Fonts/Roboto-BoldCondensed.ttf' (158K)
[2022.10.16-12.56.34:203][750]BlueprintLog: New page: Compile BP_Player
[2022.10.16-12.56.34:231][750]LogActor: Warning: BP_Player_C /Engine/Transient.World_4:PersistentLevel.BP_Player_C_0 has natively added scene component(s), but none of them were set as the actor's RootComponent - picking one arbitrarily
[2022.10.16-12.56.34:232][750]LogActor: Warning: BP_Player_C /Game/StarterContent/Maps/Minimal_Default.Minimal_Default:PersistentLevel.BP_Player_2 has natively added scene component(s), but none of them were set as the actor's RootComponent - picking one arbitrarily
[2022.10.16-12.56.34:232][750]LogActor: Warning: BP_Player_C /Engine/Transient.World_6:PersistentLevel.BP_Player_C_0 has natively added scene component(s), but none of them were set as the actor's RootComponent - picking one arbitrarily
[2022.10.16-12.56.34:274][750]LogUObjectHash: Compacting FUObjectHashTables data took   2.17ms
[2022.10.16-12.56.34:275][750]LogActor: Warning: BP_Player_C /Engine/Transient.World_4:PersistentLevel.BP_Player_C_1 has natively added scene component(s), but none of them were set as the actor's RootComponent - picking one arbitrarily
[2022.10.16-12.56.34:763][801]Cmd: OBJ SAVEPACKAGE PACKAGE="/Game/Player/BP_Player" FILE="../../../../../../Documents/Programing/GitKraken/Unreal Laika/Unreal_Laika/Content/Player/BP_Player.uasset" SILENT=true
[2022.10.16-12.56.34:772][801]LogSavePackage: Moving '../../../../../../Documents/Programing/GitKraken/Unreal Laika/Unreal_Laika/Saved/BP_PlayerB23029D741A9411A007539BE52655DD7.tmp' to '../../../../../../Documents/Programing/GitKraken/Unreal Laika/Unreal_Laika/Content/Player/BP_Player.uasset'
[2022.10.16-12.56.34:782][801]AssetCheck: New page: Asset Save: BP_Player
[2022.10.16-12.56.34:782][801]LogContentValidation: Display: Validating Blueprint /Game/Player/BP_Player.BP_Player
[2022.10.16-12.56.35:913][932]LogSlate: Window 'BP_Player' being destroyed
[2022.10.16-12.56.35:917][932]LogSlate: Window 'BP_Player' being destroyed
[2022.10.16-12.56.35:949][932]LogWorld: UWorld::CleanupWorld for World_6, bSessionEnded=true, bCleanupResources=true
[2022.10.16-12.56.35:949][932]LogSlate: InvalidateAllWidgets triggered.  All widgets were invalidated
[2022.10.16-12.56.36:483][989]LogEditorViewport: Clicking on Actor (LMB): BP_Sky_Sphere_C (BP_Sky_Sphere)
[2022.10.16-12.56.37:943][161]LogTemp: Repeating last play command: Selected Viewport
[2022.10.16-12.56.37:952][161]LogPlayLevel: PlayLevel: No blueprints needed recompiling
[2022.10.16-12.56.37:953][161]PIE: New page: PIE session: Minimal_Default (17 Oct 2022, 10:56:37 am)
[2022.10.16-12.56.37:953][161]LogPlayLevel: Creating play world package: /Game/StarterContent/Maps/UEDPIE_0_Minimal_Default
[2022.10.16-12.56.37:955][161]LogPlayLevel: PIE: StaticDuplicateObject took: (0.002254s)
[2022.10.16-12.56.37:956][161]LogAIModule: Creating AISystem for world Minimal_Default
[2022.10.16-12.56.37:956][161]LogAISub: UAISubsystem::UAISubsystem EnvQueryManager (000001BBFBE6F200), frame # 17161
[2022.10.16-12.56.37:956][161]LogAISub: UAISubsystem::UAISubsystem AIPerceptionSystem (000001BBFBB891C0), frame # 17161
[2022.10.16-12.56.37:956][161]LogPlayLevel: PIE: World Init took: (0.001334s)
[2022.10.16-12.56.37:957][161]LogPlayLevel: PIE: Created PIE world by copying editor world from /Game/StarterContent/Maps/Minimal_Default.Minimal_Default to /Game/StarterContent/Maps/UEDPIE_0_Minimal_Default.Minimal_Default (0.003808s)
[2022.10.16-12.56.37:970][161]LogUObjectHash: Compacting FUObjectHashTables data took   1.80ms
[2022.10.16-12.56.37:972][161]LogAudioMixer: Display: Audio Mixer Platform Settings:
[2022.10.16-12.56.37:972][161]LogAudioMixer: Display: 	Sample Rate:						  48000
[2022.10.16-12.56.37:972][161]LogAudioMixer: Display: 	Callback Buffer Frame Size Requested: 1024
[2022.10.16-12.56.37:972][161]LogAudioMixer: Display: 	Callback Buffer Frame Size To Use:	  1024
[2022.10.16-12.56.37:972][161]LogAudioMixer: Display: 	Number of buffers to queue:			  2
[2022.10.16-12.56.37:972][161]LogAudioMixer: Display: 	Max Channels (voices):				  32
[2022.10.16-12.56.37:972][161]LogAudioMixer: Display: 	Number of Async Source Workers:		  0
[2022.10.16-12.56.37:972][161]LogAudio: Display: AudioDevice MaxSources: 32
[2022.10.16-12.56.37:973][161]LogAudio: Display: Using built-in audio occlusion.
[2022.10.16-12.56.37:973][161]LogAudioMixer: Display: Initializing audio mixer.
[2022.10.16-12.56.37:975][161]LogAudioMixer: Display: 0: FrontLeft
[2022.10.16-12.56.37:975][161]LogAudioMixer: Display: 1: FrontRight
[2022.10.16-12.56.37:994][161]LogAudioMixer: Display: Using Audio Device Headset Earphone (Razer Audio Controller - Chat)
[2022.10.16-12.56.37:994][161]LogAudioMixer: Display: Initializing Sound Submixes...
[2022.10.16-12.56.37:994][161]LogAudioMixer: Display: Creating Master Submix 'MasterSubmixDefault'
[2022.10.16-12.56.37:994][161]LogAudioMixer: Display: Creating Master Submix 'MasterReverbSubmixDefault'
[2022.10.16-12.56.37:995][161]LogAudioMixer: Display: Creating Master Submix 'MasterEQSubmixDefault'
[2022.10.16-12.56.38:005][161]LogInit: FAudioDevice initialized.
[2022.10.16-12.56.38:014][161]LogLoad: Game class is 'Unreal_LaikaGameModeBase'
[2022.10.16-12.56.38:015][161]LogWorld: Bringing World /Game/StarterContent/Maps/UEDPIE_0_Minimal_Default.Minimal_Default up for play (max tick rate 0) at 2022.10.16-23.56.38
[2022.10.16-12.56.38:016][161]LogWorld: Bringing up level for play took: 0.000573
[2022.10.16-12.56.38:016][161]LogOnline: OSS: Creating online subsystem instance for: :Context_10
[2022.10.16-12.56.38:018][161]PIE: Server logged in
[2022.10.16-12.56.38:018][161]PIE: Play in editor total start time 0.066 seconds.
[2022.10.16-12.56.45:939][ 27]LogSlate: Updating window title bar state: overlay mode, drag disabled, window buttons hidden, title bar hidden
[2022.10.16-12.56.45:940][ 27]LogWorld: BeginTearingDown for /Game/StarterContent/Maps/UEDPIE_0_Minimal_Default
[2022.10.16-12.56.45:940][ 27]LogWorld: UWorld::CleanupWorld for Minimal_Default, bSessionEnded=true, bCleanupResources=true
[2022.10.16-12.56.45:940][ 27]LogSlate: InvalidateAllWidgets triggered.  All widgets were invalidated
[2022.10.16-12.56.45:946][ 27]LogPlayLevel: Display: Shutting down PIE online subsystems
[2022.10.16-12.56.45:948][ 27]LogSlate: InvalidateAllWidgets triggered.  All widgets were invalidated
[2022.10.16-12.56.45:979][ 27]LogSlate: Updating window title bar state: overlay mode, drag disabled, window buttons hidden, title bar hidden
[2022.10.16-12.56.45:980][ 27]LogAISub: UAISubsystem::~UAISubsystem AIPerceptionSystem (000001BBFBB891C0), frame # 18027
[2022.10.16-12.56.45:980][ 27]LogAISub: UAISubsystem::~UAISubsystem EnvQueryManager (000001BBFBE6F200), frame # 18027
[2022.10.16-12.56.45:981][ 27]LogUObjectHash: Compacting FUObjectHashTables data took   1.53ms
[2022.10.16-12.56.46:022][ 30]LogPlayLevel: Display: Destroying online subsystem :Context_10
[2022.10.16-12.56.52:260][774]LogAssetEditorSubsystem: Opening Asset editor for Blueprint /Game/Player/BP_Player.BP_Player
[2022.10.16-12.56.52:538][774]LogActor: Warning: BP_Player_C /Engine/Transient.World_8:PersistentLevel.BP_Player_C_0 has natively added scene component(s), but none of them were set as the actor's RootComponent - picking one arbitrarily
[2022.10.16-12.57.37:904][135]LogSlate: Took 0.000170 seconds to synchronously load lazily loaded font '../../../Engine/Content/Slate/Fonts/Roboto-Italic.ttf' (157K)
[2022.10.16-12.57.38:850][241]BlueprintLog: New page: Compile BP_Player
[2022.10.16-12.57.38:877][241]LogActor: Warning: BP_Player_C /Game/StarterContent/Maps/Minimal_Default.Minimal_Default:PersistentLevel.BP_Player_2 has natively added scene component(s), but none of them were set as the actor's RootComponent - picking one arbitrarily
[2022.10.16-12.57.38:878][241]LogActor: Warning: BP_Player_C /Engine/Transient.World_4:PersistentLevel.BP_Player_C_1 has natively added scene component(s), but none of them were set as the actor's RootComponent - picking one arbitrarily
[2022.10.16-12.57.38:878][241]LogActor: Warning: BP_Player_C /Engine/Transient.World_8:PersistentLevel.BP_Player_C_0 has natively added scene component(s), but none of them were set as the actor's RootComponent - picking one arbitrarily
[2022.10.16-12.57.38:899][241]LogUObjectHash: Compacting FUObjectHashTables data took   1.69ms
[2022.10.16-12.57.38:901][241]LogActor: Warning: BP_Player_C /Engine/Transient.World_4:PersistentLevel.BP_Player_C_2 has natively added scene component(s), but none of them were set as the actor's RootComponent - picking one arbitrarily
[2022.10.16-12.57.39:524][311]Cmd: OBJ SAVEPACKAGE PACKAGE="/Game/Player/BP_Player" FILE="../../../../../../Documents/Programing/GitKraken/Unreal Laika/Unreal_Laika/Content/Player/BP_Player.uasset" SILENT=true
[2022.10.16-12.57.39:533][311]LogSavePackage: Moving '../../../../../../Documents/Programing/GitKraken/Unreal Laika/Unreal_Laika/Saved/BP_Player2845B4B54A6C3618C98DBFB7E5496082.tmp' to '../../../../../../Documents/Programing/GitKraken/Unreal Laika/Unreal_Laika/Content/Player/BP_Player.uasset'
[2022.10.16-12.57.39:543][311]AssetCheck: New page: Asset Save: BP_Player
[2022.10.16-12.57.39:543][311]LogContentValidation: Display: Validating Blueprint /Game/Player/BP_Player.BP_Player
[2022.10.16-12.57.40:446][418]LogEditorViewport: Clicking on Actor (LMB): BP_Sky_Sphere_C (BP_Sky_Sphere)
[2022.10.16-12.57.40:770][455]LogSlate: Window 'BP_Player' being destroyed
[2022.10.16-12.57.40:776][455]LogSlate: Window 'BP_Player' being destroyed
[2022.10.16-12.57.40:776][455]LogWorld: UWorld::CleanupWorld for World_8, bSessionEnded=true, bCleanupResources=true
[2022.10.16-12.57.40:776][455]LogSlate: InvalidateAllWidgets triggered.  All widgets were invalidated
[2022.10.16-12.57.42:665][676]LogEditorViewport: Clicking on Actor (LMB): BP_Sky_Sphere_C (BP_Sky_Sphere)
[2022.10.16-12.57.42:683][677]LogEditorViewport: Clicking on Component (LMB): StaticMeshComponent (SkySphereMesh)
[2022.10.16-12.57.44:139][850]LogTemp: Repeating last play command: Selected Viewport
[2022.10.16-12.57.44:148][850]LogPlayLevel: PlayLevel: No blueprints needed recompiling
[2022.10.16-12.57.44:149][850]PIE: New page: PIE session: Minimal_Default (17 Oct 2022, 10:57:44 am)
[2022.10.16-12.57.44:149][850]LogPlayLevel: Creating play world package: /Game/StarterContent/Maps/UEDPIE_0_Minimal_Default
[2022.10.16-12.57.44:151][850]LogPlayLevel: PIE: StaticDuplicateObject took: (0.002293s)
[2022.10.16-12.57.44:152][850]LogAIModule: Creating AISystem for world Minimal_Default
[2022.10.16-12.57.44:152][850]LogAISub: UAISubsystem::UAISubsystem EnvQueryManager (000001BBD3CB9E00), frame # 24850
[2022.10.16-12.57.44:152][850]LogAISub: UAISubsystem::UAISubsystem AIPerceptionSystem (000001BBD786DD00), frame # 24850
[2022.10.16-12.57.44:153][850]LogPlayLevel: PIE: World Init took: (0.001444s)
[2022.10.16-12.57.44:153][850]LogPlayLevel: PIE: Created PIE world by copying editor world from /Game/StarterContent/Maps/Minimal_Default.Minimal_Default to /Game/StarterContent/Maps/UEDPIE_0_Minimal_Default.Minimal_Default (0.003981s)
[2022.10.16-12.57.44:166][850]LogUObjectHash: Compacting FUObjectHashTables data took   1.82ms
[2022.10.16-12.57.44:168][850]LogAudioMixer: Display: Audio Mixer Platform Settings:
[2022.10.16-12.57.44:169][850]LogAudioMixer: Display: 	Sample Rate:						  48000
[2022.10.16-12.57.44:169][850]LogAudioMixer: Display: 	Callback Buffer Frame Size Requested: 1024
[2022.10.16-12.57.44:169][850]LogAudioMixer: Display: 	Callback Buffer Frame Size To Use:	  1024
[2022.10.16-12.57.44:169][850]LogAudioMixer: Display: 	Number of buffers to queue:			  2
[2022.10.16-12.57.44:169][850]LogAudioMixer: Display: 	Max Channels (voices):				  32
[2022.10.16-12.57.44:169][850]LogAudioMixer: Display: 	Number of Async Source Workers:		  0
[2022.10.16-12.57.44:169][850]LogAudio: Display: AudioDevice MaxSources: 32
[2022.10.16-12.57.44:169][850]LogAudio: Display: Using built-in audio occlusion.
[2022.10.16-12.57.44:169][850]LogAudioMixer: Display: Initializing audio mixer.
[2022.10.16-12.57.44:172][850]LogAudioMixer: Display: 0: FrontLeft
[2022.10.16-12.57.44:172][850]LogAudioMixer: Display: 1: FrontRight
[2022.10.16-12.57.44:191][850]LogAudioMixer: Display: Using Audio Device Headset Earphone (Razer Audio Controller - Chat)
[2022.10.16-12.57.44:191][850]LogAudioMixer: Display: Initializing Sound Submixes...
[2022.10.16-12.57.44:191][850]LogAudioMixer: Display: Creating Master Submix 'MasterSubmixDefault'
[2022.10.16-12.57.44:191][850]LogAudioMixer: Display: Creating Master Submix 'MasterReverbSubmixDefault'
[2022.10.16-12.57.44:192][850]LogAudioMixer: Display: Creating Master Submix 'MasterEQSubmixDefault'
[2022.10.16-12.57.44:202][850]LogInit: FAudioDevice initialized.
[2022.10.16-12.57.44:210][850]LogLoad: Game class is 'Unreal_LaikaGameModeBase'
[2022.10.16-12.57.44:211][850]LogWorld: Bringing World /Game/StarterContent/Maps/UEDPIE_0_Minimal_Default.Minimal_Default up for play (max tick rate 0) at 2022.10.16-23.57.44
[2022.10.16-12.57.44:211][850]LogWorld: Bringing up level for play took: 0.000641
[2022.10.16-12.57.44:211][850]LogOnline: OSS: Creating online subsystem instance for: :Context_12
[2022.10.16-12.57.44:213][850]PIE: Server logged in
[2022.10.16-12.57.44:214][850]PIE: Play in editor total start time 0.066 seconds.
[2022.10.16-12.57.46:638][131]LogSlate: Updating window title bar state: overlay mode, drag disabled, window buttons hidden, title bar hidden
[2022.10.16-12.57.46:639][131]LogWorld: BeginTearingDown for /Game/StarterContent/Maps/UEDPIE_0_Minimal_Default
[2022.10.16-12.57.46:639][131]LogWorld: UWorld::CleanupWorld for Minimal_Default, bSessionEnded=true, bCleanupResources=true
[2022.10.16-12.57.46:639][131]LogSlate: InvalidateAllWidgets triggered.  All widgets were invalidated
[2022.10.16-12.57.46:647][131]LogPlayLevel: Display: Shutting down PIE online subsystems
[2022.10.16-12.57.46:649][131]LogSlate: InvalidateAllWidgets triggered.  All widgets were invalidated
[2022.10.16-12.57.46:659][131]LogSlate: Updating window title bar state: overlay mode, drag disabled, window buttons hidden, title bar hidden
[2022.10.16-12.57.46:679][131]LogAISub: UAISubsystem::~UAISubsystem AIPerceptionSystem (000001BBD786DD00), frame # 25131
[2022.10.16-12.57.46:679][131]LogAISub: UAISubsystem::~UAISubsystem EnvQueryManager (000001BBD3CB9E00), frame # 25131
[2022.10.16-12.57.46:681][131]LogUObjectHash: Compacting FUObjectHashTables data took   1.53ms
[2022.10.16-12.57.46:699][132]LogPlayLevel: Display: Destroying online subsystem :Context_12
[2022.10.16-12.57.47:329][205]LogEditorViewport: Clicking on Actor (LMB): BP_Sky_Sphere_C (BP_Sky_Sphere)
[2022.10.16-12.57.49:189][426]LogEditorViewport: Clicking on Actor (LMB): BP_Player_C (BP_Player)
[2022.10.16-12.57.49:640][472]LogEditorViewport: Clicking on Actor (LMB): BP_Sky_Sphere_C (BP_Sky_Sphere)
[2022.10.16-12.57.53:646][939]LogEditorViewport: Clicking on Actor (LMB): BP_Sky_Sphere_C (BP_Sky_Sphere)
[2022.10.16-12.57.53:957][973]LogEditorViewport: Clicking on Actor (LMB): BP_Player_C (BP_Player)
[2022.10.16-12.57.54:556][ 36]Cmd: DELETE
[2022.10.16-12.57.54:556][ 36]Cmd: ACTOR DELETE
[2022.10.16-12.57.54:558][ 36]LogEditorActor: Deleted Actor: BP_Player_C
[2022.10.16-12.57.54:577][ 36]LogUObjectHash: Compacting FUObjectHashTables data took   1.50ms
[2022.10.16-12.57.54:580][ 36]LogEditorActor: Deleted 1 Actors (0.023 secs)
[2022.10.16-12.57.55:953][194]LogActor: Warning: BP_Player_C /Game/StarterContent/Maps/Minimal_Default.Minimal_Default:PersistentLevel.BP_Player_C_3 has natively added scene component(s), but none of them were set as the actor's RootComponent - picking one arbitrarily
[2022.10.16-12.57.59:109][572]LogActor: Warning: BP_Player_C /Game/StarterContent/Maps/Minimal_Default.Minimal_Default:PersistentLevel.BP_Player_C_4 has natively added scene component(s), but none of them were set as the actor's RootComponent - picking one arbitrarily
[2022.10.16-12.58.01:554][857]Cmd: DELETE
[2022.10.16-12.58.01:554][857]Cmd: ACTOR DELETE
[2022.10.16-12.58.01:555][857]LogEditorActor: Deleted Actor: BP_Player_C
[2022.10.16-12.58.01:575][857]LogUObjectHash: Compacting FUObjectHashTables data took   0.89ms
[2022.10.16-12.58.01:577][857]LogEditorActor: Deleted 1 Actors (0.023 secs)
[2022.10.16-12.58.02:707][986]LogActor: Warning: BP_Player_C /Game/StarterContent/Maps/Minimal_Default.Minimal_Default:PersistentLevel.BP_Player_C_6 has natively added scene component(s), but none of them were set as the actor's RootComponent - picking one arbitrarily
[2022.10.16-12.58.09:259][770]LogActor: Warning: BP_Player_C /Game/StarterContent/Maps/Minimal_Default.Minimal_Default:PersistentLevel.BP_Player_C_7 has natively added scene component(s), but none of them were set as the actor's RootComponent - picking one arbitrarily
[2022.10.16-12.58.15:258][481]LogEditorViewport: Clicking on Actor (LMB): SkyLight (SkyLight)
[2022.10.16-12.58.18:275][832]LogEditorViewport: Clicking on Actor (LMB): BP_Player_C (BP_Player)
[2022.10.16-12.58.23:678][462]LogEditorViewport: Clicking on Actor (LMB): BP_Player_C (BP_Player)
[2022.10.16-12.58.29:680][181]LogEditorViewport: Clicking on Actor (LMB): BP_Player_C (BP_Player)
[2022.10.16-12.58.30:257][249]Cmd: DELETE
[2022.10.16-12.58.30:257][249]Cmd: ACTOR DELETE
[2022.10.16-12.58.30:258][249]LogEditorActor: Deleted Actor: BP_Player_C
[2022.10.16-12.58.30:277][249]LogUObjectHash: Compacting FUObjectHashTables data took   0.89ms
[2022.10.16-12.58.30:282][249]LogEditorActor: Deleted 1 Actors (0.025 secs)
[2022.10.16-12.58.31:541][395]LogActor: Warning: BP_Player_C /Game/StarterContent/Maps/Minimal_Default.Minimal_Default:PersistentLevel.BP_Player_C_9 has natively added scene component(s), but none of them were set as the actor's RootComponent - picking one arbitrarily
[2022.10.16-12.58.35:161][829]LogActor: Warning: BP_Player_C /Game/StarterContent/Maps/Minimal_Default.Minimal_Default:PersistentLevel.BP_Player_C_10 has natively added scene component(s), but none of them were set as the actor's RootComponent - picking one arbitrarily
[2022.10.16-12.58.35:645][878]LogEditorViewport: Clicking on Actor (LMB): BP_Sky_Sphere_C (BP_Sky_Sphere)
[2022.10.16-12.58.36:346][958]LogEditorViewport: Clicking on Actor (LMB): BP_Sky_Sphere_C (BP_Sky_Sphere)
[2022.10.16-12.58.36:623][990]LogEditorViewport: Clicking on Actor (LMB): BP_Player_C (BP_Player)
[2022.10.16-12.58.38:466][203]Cmd: DELETE
[2022.10.16-12.58.38:466][203]Cmd: ACTOR DELETE
[2022.10.16-12.58.38:467][203]LogEditorActor: Deleted Actor: BP_Player_C
[2022.10.16-12.58.38:485][203]LogUObjectHash: Compacting FUObjectHashTables data took   0.87ms
[2022.10.16-12.58.38:488][203]LogEditorActor: Deleted 1 Actors (0.022 secs)
[2022.10.16-12.58.39:785][356]LogActor: Warning: BP_Player_C /Game/StarterContent/Maps/Minimal_Default.Minimal_Default:PersistentLevel.BP_Player_C_12 has natively added scene component(s), but none of them were set as the actor's RootComponent - picking one arbitrarily
[2022.10.16-12.58.40:025][384]LogActor: Warning: BP_Player_C /Game/StarterContent/Maps/Minimal_Default.Minimal_Default:PersistentLevel.BP_Player_C_13 has natively added scene component(s), but none of them were set as the actor's RootComponent - picking one arbitrarily
[2022.10.16-12.58.41:944][606]Cmd: DELETE
[2022.10.16-12.58.41:944][606]Cmd: ACTOR DELETE
[2022.10.16-12.58.41:945][606]LogEditorActor: Deleted Actor: BP_Player_C
[2022.10.16-12.58.41:961][606]LogUObjectHash: Compacting FUObjectHashTables data took   0.88ms
[2022.10.16-12.58.41:963][606]LogEditorActor: Deleted 1 Actors (0.019 secs)
[2022.10.16-12.58.47:803][289]Cmd: OBJ SAVEPACKAGE PACKAGE="/Game/Player/BP_Player" FILE="../../../../../../Documents/Programing/GitKraken/Unreal Laika/Unreal_Laika/Content/Player/BP_Player.uasset" SILENT=true
[2022.10.16-12.58.47:808][289]LogSavePackage: Moving '../../../../../../Documents/Programing/GitKraken/Unreal Laika/Unreal_Laika/Saved/BP_Player05003554408A4891BA9E5786FE376635.tmp' to '../../../../../../Documents/Programing/GitKraken/Unreal Laika/Unreal_Laika/Content/Player/BP_Player.uasset'
[2022.10.16-12.58.47:818][289]AssetCheck: New page: Asset Save: BP_Player
[2022.10.16-12.58.47:818][289]LogContentValidation: Display: Validating Blueprint /Game/Player/BP_Player.BP_Player
[2022.10.16-12.58.48:745][396]LogAssetEditorSubsystem: Opening Asset editor for Blueprint /Game/Player/BP_Player.BP_Player
[2022.10.16-12.58.49:029][396]LogActor: Warning: BP_Player_C /Engine/Transient.World_9:PersistentLevel.BP_Player_C_0 has natively added scene component(s), but none of them were set as the actor's RootComponent - picking one arbitrarily
[2022.10.16-12.59.21:471][189]LogSlate: Window 'BP_Player' being destroyed
[2022.10.16-12.59.21:477][189]LogSlate: Window 'BP_Player' being destroyed
[2022.10.16-12.59.21:477][189]LogWorld: UWorld::CleanupWorld for World_9, bSessionEnded=true, bCleanupResources=true
[2022.10.16-12.59.21:477][189]LogSlate: InvalidateAllWidgets triggered.  All widgets were invalidated
[2022.10.16-12.59.22:603][314]LogActor: Warning: BP_Player_C /Game/StarterContent/Maps/Minimal_Default.Minimal_Default:PersistentLevel.BP_Player_C_15 has natively added scene component(s), but none of them were set as the actor's RootComponent - picking one arbitrarily
[2022.10.16-12.59.23:831][459]LogActor: Warning: BP_Player_C /Game/StarterContent/Maps/Minimal_Default.Minimal_Default:PersistentLevel.BP_Player_C_16 has natively added scene component(s), but none of them were set as the actor's RootComponent - picking one arbitrarily
[2022.10.16-12.59.27:737][918]LogTemp: Repeating last play command: Selected Viewport
[2022.10.16-12.59.27:746][918]LogPlayLevel: PlayLevel: No blueprints needed recompiling
[2022.10.16-12.59.27:746][918]PIE: New page: PIE session: Minimal_Default (17 Oct 2022, 10:59:27 am)
[2022.10.16-12.59.27:746][918]LogPlayLevel: Creating play world package: /Game/StarterContent/Maps/UEDPIE_0_Minimal_Default
[2022.10.16-12.59.27:749][918]LogPlayLevel: PIE: StaticDuplicateObject took: (0.002578s)
[2022.10.16-12.59.27:750][918]LogAIModule: Creating AISystem for world Minimal_Default
[2022.10.16-12.59.27:750][918]LogAISub: UAISubsystem::UAISubsystem EnvQueryManager (000001BBD4AD9800), frame # 36918
[2022.10.16-12.59.27:750][918]LogAISub: UAISubsystem::UAISubsystem AIPerceptionSystem (000001BC1EF174C0), frame # 36918
[2022.10.16-12.59.27:750][918]LogPlayLevel: PIE: World Init took: (0.001310s)
[2022.10.16-12.59.27:750][918]LogPlayLevel: PIE: Created PIE world by copying editor world from /Game/StarterContent/Maps/Minimal_Default.Minimal_Default to /Game/StarterContent/Maps/UEDPIE_0_Minimal_Default.Minimal_Default (0.004195s)
[2022.10.16-12.59.27:764][918]LogUObjectHash: Compacting FUObjectHashTables data took   1.56ms
[2022.10.16-12.59.27:769][918]LogAudioMixer: Display: Audio Mixer Platform Settings:
[2022.10.16-12.59.27:769][918]LogAudioMixer: Display: 	Sample Rate:						  48000
[2022.10.16-12.59.27:769][918]LogAudioMixer: Display: 	Callback Buffer Frame Size Requested: 1024
[2022.10.16-12.59.27:769][918]LogAudioMixer: Display: 	Callback Buffer Frame Size To Use:	  1024
[2022.10.16-12.59.27:769][918]LogAudioMixer: Display: 	Number of buffers to queue:			  2
[2022.10.16-12.59.27:769][918]LogAudioMixer: Display: 	Max Channels (voices):				  32
[2022.10.16-12.59.27:769][918]LogAudioMixer: Display: 	Number of Async Source Workers:		  0
[2022.10.16-12.59.27:769][918]LogAudio: Display: AudioDevice MaxSources: 32
[2022.10.16-12.59.27:769][918]LogAudio: Display: Using built-in audio occlusion.
[2022.10.16-12.59.27:770][918]LogAudioMixer: Display: Initializing audio mixer.
[2022.10.16-12.59.27:772][918]LogAudioMixer: Display: 0: FrontLeft
[2022.10.16-12.59.27:772][918]LogAudioMixer: Display: 1: FrontRight
[2022.10.16-12.59.27:790][918]LogAudioMixer: Display: Using Audio Device Headset Earphone (Razer Audio Controller - Chat)
[2022.10.16-12.59.27:790][918]LogAudioMixer: Display: Initializing Sound Submixes...
[2022.10.16-12.59.27:791][918]LogAudioMixer: Display: Creating Master Submix 'MasterSubmixDefault'
[2022.10.16-12.59.27:791][918]LogAudioMixer: Display: Creating Master Submix 'MasterReverbSubmixDefault'
[2022.10.16-12.59.27:791][918]LogAudioMixer: Display: Creating Master Submix 'MasterEQSubmixDefault'
[2022.10.16-12.59.27:801][918]LogInit: FAudioDevice initialized.
[2022.10.16-12.59.27:808][918]LogLoad: Game class is 'Unreal_LaikaGameModeBase'
[2022.10.16-12.59.27:809][918]LogWorld: Bringing World /Game/StarterContent/Maps/UEDPIE_0_Minimal_Default.Minimal_Default up for play (max tick rate 0) at 2022.10.16-23.59.27
[2022.10.16-12.59.27:810][918]LogWorld: Bringing up level for play took: 0.000643
[2022.10.16-12.59.27:810][918]LogOnline: OSS: Creating online subsystem instance for: :Context_14
[2022.10.16-12.59.27:812][918]PIE: Server logged in
[2022.10.16-12.59.27:813][918]PIE: Play in editor total start time 0.067 seconds.
[2022.10.16-12.59.37:227][804]LogSlate: Updating window title bar state: overlay mode, drag disabled, window buttons hidden, title bar hidden
[2022.10.16-12.59.37:227][804]LogWorld: BeginTearingDown for /Game/StarterContent/Maps/UEDPIE_0_Minimal_Default
[2022.10.16-12.59.37:227][804]LogWorld: UWorld::CleanupWorld for Minimal_Default, bSessionEnded=true, bCleanupResources=true
[2022.10.16-12.59.37:227][804]LogSlate: InvalidateAllWidgets triggered.  All widgets were invalidated
[2022.10.16-12.59.37:236][804]LogPlayLevel: Display: Shutting down PIE online subsystems
[2022.10.16-12.59.37:238][804]LogSlate: InvalidateAllWidgets triggered.  All widgets were invalidated
[2022.10.16-12.59.37:268][804]LogSlate: Updating window title bar state: overlay mode, drag disabled, window buttons hidden, title bar hidden
[2022.10.16-12.59.37:269][804]LogAISub: UAISubsystem::~UAISubsystem AIPerceptionSystem (000001BC1EF174C0), frame # 37804
[2022.10.16-12.59.37:269][804]LogAISub: UAISubsystem::~UAISubsystem EnvQueryManager (000001BBD4AD9800), frame # 37804
[2022.10.16-12.59.37:271][804]LogUObjectHash: Compacting FUObjectHashTables data took   1.65ms
[2022.10.16-12.59.37:302][805]LogPlayLevel: Display: Destroying online subsystem :Context_14
