Log file open, 10/17/22 20:12:54
LogInit: Display: Running engine for game: Unreal_Laika
LogPlatformFile: Not using cached read wrapper
LogTaskGraph: Started task graph with 5 named threads and 35 total threads with 3 sets of task threads.
LogStats: Stats thread started at 0.264700
LogD3D11RHI: Loaded GFSDK_Aftermath_Lib.x64.dll
LogICUInternationalization: ICU TimeZone Detection - Raw Offset: +10:00, Platform Override: ''
LogPluginManager: Mounting plugin Paper2D
LogPluginManager: Mounting plugin AISupport
LogPluginManager: Mounting plugin LightPropagationVolume
LogPluginManager: Mounting plugin CameraShakePreviewer
LogPluginManager: Mounting plugin ActorLayerUtilities
LogPluginManager: Mounting plugin AnimationSharing
LogPluginManager: Mounting plugin CLionSourceCodeAccess
LogPluginManager: Mounting plugin CodeLiteSourceCodeAccess
LogPluginManager: Mounting plugin GitSourceControl
LogPluginManager: Mounting plugin KDevelopSourceCodeAccess
LogPluginManager: Mounting plugin NullSourceCodeAccess
LogPluginManager: Mounting plugin PerforceSourceControl
LogPluginManager: Mounting plugin PlasticSourceControl
LogPluginManager: Mounting plugin RiderSourceCodeAccess
LogPluginManager: Mounting plugin SubversionSourceControl
LogPluginManager: Mounting plugin UObjectPlugin
LogPluginManager: Mounting plugin VisualStudioCodeSourceCodeAccess
LogPluginManager: Mounting plugin VisualStudioSourceCodeAccess
LogPluginManager: Mounting plugin XCodeSourceCodeAccess
LogPluginManager: Mounting plugin AssetManagerEditor
LogPluginManager: Mounting plugin CryptoKeys
LogPluginManager: Mounting plugin CurveEditorTools
LogPluginManager: Mounting plugin DataValidation
LogPluginManager: Mounting plugin EditorScriptingUtilities
LogPluginManager: Mounting plugin FacialAnimation
LogPluginManager: Mounting plugin GameplayTagsEditor
LogPluginManager: Mounting plugin GeometryMode
LogPluginManager: Mounting plugin MacGraphicsSwitching
LogPluginManager: Mounting plugin MaterialAnalyzer
LogPluginManager: Mounting plugin MobileLauncherProfileWizard
LogPluginManager: Mounting plugin PluginBrowser
LogPluginManager: Mounting plugin SpeedTreeImporter
LogPluginManager: Mounting plugin DatasmithContent
LogPluginManager: Mounting plugin VariantManagerContent
LogPluginManager: Mounting plugin AlembicImporter
LogPluginManager: Mounting plugin AutomationUtils
LogPluginManager: Mounting plugin BackChannel
LogPluginManager: Mounting plugin ChaosCloth
LogPluginManager: Mounting plugin ChaosClothEditor
LogPluginManager: Mounting plugin ChaosEditor
LogPluginManager: Mounting plugin ChaosNiagara
LogPluginManager: Mounting plugin ChaosSolverPlugin
LogPluginManager: Mounting plugin CharacterAI
LogPluginManager: Mounting plugin GeometryCache
LogPluginManager: Mounting plugin GeometryCollectionPlugin
LogPluginManager: Mounting plugin GeometryProcessing
LogPluginManager: Mounting plugin PlanarCut
LogPluginManager: Mounting plugin PlatformCrypto
LogPluginManager: Mounting plugin ProxyLODPlugin
LogPluginManager: Mounting plugin SkeletalReduction
LogPluginManager: Mounting plugin Niagara
LogPluginManager: Mounting plugin MagicLeap
LogPluginManager: Mounting plugin MagicLeapLightEstimation
LogPluginManager: Mounting plugin MagicLeapMedia
LogPluginManager: Mounting plugin MagicLeapPassableWorld
LogPluginManager: Mounting plugin MLSDK
LogPluginManager: Mounting plugin AndroidMedia
LogPluginManager: Mounting plugin AvfMedia
LogPluginManager: Mounting plugin ImgMedia
LogPluginManager: Mounting plugin MediaCompositing
LogPluginManager: Mounting plugin MediaPlayerEditor
LogPluginManager: Mounting plugin WebMMedia
LogPluginManager: Mounting plugin WmfMedia
LogPluginManager: Mounting plugin MeshPainting
LogPluginManager: Mounting plugin TcpMessaging
LogPluginManager: Mounting plugin UdpMessaging
LogPluginManager: Mounting plugin ActorSequence
LogPluginManager: Mounting plugin LevelSequenceEditor
LogPluginManager: Mounting plugin MatineeToLevelSequence
LogPluginManager: Mounting plugin MovieRenderPipeline
LogPluginManager: Mounting plugin TemplateSequence
LogPluginManager: Mounting plugin NetcodeUnitTest
LogPluginManager: Mounting plugin NUTUnrealEngine4
LogPluginManager: Mounting plugin OnlineSubsystemGooglePlay
LogPluginManager: Mounting plugin OnlineSubsystemIOS
LogPluginManager: Mounting plugin OnlineSubsystem
LogPluginManager: Mounting plugin OnlineSubsystemNull
LogPluginManager: Mounting plugin OnlineSubsystemUtils
LogPluginManager: Mounting plugin LauncherChunkInstaller
LogPluginManager: Mounting plugin AndroidDeviceProfileSelector
LogPluginManager: Mounting plugin AndroidMoviePlayer
LogPluginManager: Mounting plugin AndroidPermission
LogPluginManager: Mounting plugin AppleImageUtils
LogPluginManager: Mounting plugin AppleMoviePlayer
LogPluginManager: Mounting plugin ArchVisCharacter
LogPluginManager: Mounting plugin AssetTags
LogPluginManager: Mounting plugin AudioCapture
LogPluginManager: Mounting plugin CableComponent
LogPluginManager: Mounting plugin CustomMeshComponent
LogPluginManager: Mounting plugin EditableMesh
LogPluginManager: Mounting plugin ExampleDeviceProfileSelector
LogPluginManager: Mounting plugin GoogleCloudMessaging
LogPluginManager: Mounting plugin GooglePAD
LogPluginManager: Mounting plugin IOSDeviceProfileSelector
LogPluginManager: Mounting plugin LinuxDeviceProfileSelector
LogPluginManager: Mounting plugin LocationServicesBPLibrary
LogPluginManager: Mounting plugin MobilePatchingUtils
LogPluginManager: Mounting plugin OculusVR
LogPluginManager: Mounting plugin PhysXVehicles
LogPluginManager: Mounting plugin PostSplashScreen
LogPluginManager: Mounting plugin ProceduralMeshComponent
LogPluginManager: Mounting plugin RuntimePhysXCooking
LogPluginManager: Mounting plugin SignificanceManager
LogPluginManager: Mounting plugin SoundFields
LogPluginManager: Mounting plugin SteamVR
LogPluginManager: Mounting plugin Synthesis
LogPluginManager: Mounting plugin WebMMoviePlayer
LogPluginManager: Mounting plugin WindowsMoviePlayer
LogPluginManager: Mounting plugin ScreenshotTools
LogInit: Using libcurl 7.55.1-DEV
LogInit:  - built for x86_64-pc-win32
LogInit:  - supports SSL with OpenSSL/1.1.1
LogInit:  - supports HTTP deflate (compression) using libz 1.2.8
LogInit:  - other features:
LogInit:      CURL_VERSION_SSL
LogInit:      CURL_VERSION_LIBZ
LogInit:      CURL_VERSION_IPV6
LogInit:      CURL_VERSION_ASYNCHDNS
LogInit:      CURL_VERSION_LARGEFILE
LogInit:      CURL_VERSION_IDN
LogInit:  CurlRequestOptions (configurable via config and command line):
LogInit:  - bVerifyPeer = true  - Libcurl will verify peer certificate
LogInit:  - bUseHttpProxy = false  - Libcurl will NOT use HTTP proxy
LogInit:  - bDontReuseConnections = false  - Libcurl will reuse connections
LogInit:  - MaxHostConnections = 16  - Libcurl will limit the number of connections to a host
LogInit:  - LocalHostAddr = Default
LogInit:  - BufferSize = 65536
LogOnline: OSS: Creating online subsystem instance for: NULL
LogInit: WinSock: version 1.1 (2.2), MaxSocks=32767, MaxUdp=65467
LogOnline: OSS: TryLoadSubsystemAndSetDefault: Loaded subsystem for module [NULL]
LogInit: Build: ++UE4+Release-4.25-CL-14469661
LogInit: Engine Version: 4.25.4-14469661+++UE4+Release-4.25
LogInit: Compatible Engine Version: 4.25.0-13144385+++UE4+Release-4.25
LogInit: Net CL: 13144385
LogInit: OS: Windows 10 (Release 2009) (), CPU: AMD Ryzen 5 3600X 6-Core Processor             , GPU: NVIDIA GeForce RTX 3070 Ti
LogInit: Compiled (64-bit): Oct 11 2020 08:10:49
LogInit: Compiled with Visual C++: 19.24.28315.00
LogInit: Build Configuration: Development
LogInit: Branch Name: ++UE4+Release-4.25
LogInit: Command Line:  -skipcompile
LogInit: Base Directory: D:/Program Files/Epic Games/UE_4.25/Engine/Binaries/Win64/
LogInit: Allocator: TBB
LogInit: Installed Engine Build: 1
LogDevObjectVersion: Number of dev versions registered: 26
LogDevObjectVersion:   Dev-Blueprints (B0D832E4-1F89-4F0D-ACCF-7EB736FD4AA2): 10
LogDevObjectVersion:   Dev-Build (E1C64328-A22C-4D53-A36C-8E866417BD8C): 0
LogDevObjectVersion:   Dev-Core (375EC13C-06E4-48FB-B500-84F0262A717E): 4
LogDevObjectVersion:   Dev-Editor (E4B068ED-F494-42E9-A231-DA0B2E46BB41): 38
LogDevObjectVersion:   Dev-Framework (CFFC743F-43B0-4480-9391-14DF171D2073): 37
LogDevObjectVersion:   Dev-Mobile (B02B49B5-BB20-44E9-A304-32B752E40360): 2
LogDevObjectVersion:   Dev-Networking (A4E4105C-59A1-49B5-A7C5-40C4547EDFEE): 0
LogDevObjectVersion:   Dev-Online (39C831C9-5AE6-47DC-9A44-9C173E1C8E7C): 0
LogDevObjectVersion:   Dev-Physics (78F01B33-EBEA-4F98-B9B4-84EACCB95AA2): 4
LogDevObjectVersion:   Dev-Platform (6631380F-2D4D-43E0-8009-CF276956A95A): 0
LogDevObjectVersion:   Dev-Rendering (12F88B9F-8875-4AFC-A67C-D90C383ABD29): 43
LogDevObjectVersion:   Dev-Sequencer (7B5AE74C-D270-4C10-A958-57980B212A5A): 12
LogDevObjectVersion:   Dev-VR (D7296918-1DD6-4BDD-9DE2-64A83CC13884): 3
LogDevObjectVersion:   Dev-LoadTimes (C2A15278-BFE7-4AFE-6C17-90FF531DF755): 1
LogDevObjectVersion:   Private-Geometry (6EACA3D4-40EC-4CC1-B786-8BED09428FC5): 3
LogDevObjectVersion:   Dev-AnimPhys (29E575DD-E0A3-4627-9D10-D276232CDCEA): 17
LogDevObjectVersion:   Dev-Anim (AF43A65D-7FD3-4947-9873-3E8ED9C1BB05): 7
LogDevObjectVersion:   Dev-ReflectionCapture (6B266CEC-1EC7-4B8F-A30B-E4D90942FC07): 1
LogDevObjectVersion:   Dev-Automation (0DF73D61-A23F-47EA-B727-89E90C41499A): 1
LogDevObjectVersion:   FortniteMain (601D1886-AC64-4F84-AA16-D3DE0DEAC7D6): 31
LogDevObjectVersion:   Dev-Enterprise (9DFFBCD6-494F-0158-E221-12823C92A888): 10
LogDevObjectVersion:   Dev-Niagara (F2AED0AC-9AFE-416F-8664-AA7FFA26D6FC): 1
LogDevObjectVersion:   Dev-Destruction (174F1F0B-B4C6-45A5-B13F-2EE8D0FB917D): 10
LogDevObjectVersion:   Dev-Physics-Ext (35F94A83-E258-406C-A318-09F59610247C): 37
LogDevObjectVersion:   Dev-PhysicsMaterial-Chaos (B68FC16E-8B1B-42E2-B453-215C058844FE): 1
LogDevObjectVersion:   Dev-CineCamera (B2E18506-4273-CFC2-A54E-F4BB758BBA07): 1
LogInit: Presizing for max 25165824 objects, including 0 objects not considered by GC, pre-allocating 0 bytes for permanent pool.
LogConfig: Applying CVar settings from Section [/Script/Engine.StreamingSettings] File [D:/Documents/Programing/GitKraken/Unreal Laika/Unreal_Laika/Saved/Config/Windows/Engine.ini]
LogConfig: Setting CVar [[s.MinBulkDataSizeForAsyncLoading:131072]]
LogConfig: Setting CVar [[s.AsyncLoadingThreadEnabled:0]]
LogConfig: Setting CVar [[s.EventDrivenLoaderEnabled:1]]
LogConfig: Setting CVar [[s.WarnIfTimeLimitExceeded:0]]
LogConfig: Setting CVar [[s.TimeLimitExceededMultiplier:1.5]]
LogConfig: Setting CVar [[s.TimeLimitExceededMinTime:0.005]]
LogConfig: Setting CVar [[s.UseBackgroundLevelStreaming:1]]
LogConfig: Setting CVar [[s.PriorityAsyncLoadingExtraTime:15.0]]
LogConfig: Setting CVar [[s.LevelStreamingActorsUpdateTimeLimit:5.0]]
LogConfig: Setting CVar [[s.PriorityLevelStreamingActorsUpdateExtraTime:5.0]]
LogConfig: Setting CVar [[s.LevelStreamingComponentsRegistrationGranularity:10]]
LogConfig: Setting CVar [[s.UnregisterComponentsTimeLimit:1.0]]
LogConfig: Setting CVar [[s.LevelStreamingComponentsUnregistrationGranularity:5]]
LogConfig: Setting CVar [[s.FlushStreamingOnExit:1]]
LogInit: Object subsystem initialized
LogConfig: Setting CVar [[con.DebugEarlyDefault:1]]
LogConfig: Setting CVar [[r.setres:1280x720]]
[2022.10.17-09.12.55:193][  0]LogConfig: Setting CVar [[r.VSync:0]]
[2022.10.17-09.12.55:193][  0]LogConfig: Setting CVar [[r.RHICmdBypass:0]]
[2022.10.17-09.12.55:193][  0]LogConfig: Applying CVar settings from Section [/Script/Engine.RendererSettings] File [D:/Documents/Programing/GitKraken/Unreal Laika/Unreal_Laika/Saved/Config/Windows/Engine.ini]
[2022.10.17-09.12.55:193][  0]LogConfig: Setting CVar [[r.GPUCrashDebugging:0]]
[2022.10.17-09.12.55:193][  0]LogConfig: Applying CVar settings from Section [/Script/Engine.RendererOverrideSettings] File [D:/Documents/Programing/GitKraken/Unreal Laika/Unreal_Laika/Saved/Config/Windows/Engine.ini]
[2022.10.17-09.12.55:193][  0]LogConfig: Applying CVar settings from Section [/Script/Engine.StreamingSettings] File [D:/Documents/Programing/GitKraken/Unreal Laika/Unreal_Laika/Saved/Config/Windows/Engine.ini]
[2022.10.17-09.12.55:193][  0]LogConfig: Setting CVar [[s.MinBulkDataSizeForAsyncLoading:131072]]
[2022.10.17-09.12.55:193][  0]LogConfig: Setting CVar [[s.AsyncLoadingThreadEnabled:0]]
[2022.10.17-09.12.55:193][  0]LogConfig: Setting CVar [[s.EventDrivenLoaderEnabled:1]]
[2022.10.17-09.12.55:193][  0]LogConfig: Setting CVar [[s.WarnIfTimeLimitExceeded:0]]
[2022.10.17-09.12.55:194][  0]LogConfig: Setting CVar [[s.TimeLimitExceededMultiplier:1.5]]
[2022.10.17-09.12.55:194][  0]LogConfig: Setting CVar [[s.TimeLimitExceededMinTime:0.005]]
[2022.10.17-09.12.55:194][  0]LogConfig: Setting CVar [[s.UseBackgroundLevelStreaming:1]]
[2022.10.17-09.12.55:194][  0]LogConfig: Setting CVar [[s.PriorityAsyncLoadingExtraTime:15.0]]
[2022.10.17-09.12.55:194][  0]LogConfig: Setting CVar [[s.LevelStreamingActorsUpdateTimeLimit:5.0]]
[2022.10.17-09.12.55:194][  0]LogConfig: Setting CVar [[s.PriorityLevelStreamingActorsUpdateExtraTime:5.0]]
[2022.10.17-09.12.55:194][  0]LogConfig: Setting CVar [[s.LevelStreamingComponentsRegistrationGranularity:10]]
[2022.10.17-09.12.55:194][  0]LogConfig: Setting CVar [[s.UnregisterComponentsTimeLimit:1.0]]
[2022.10.17-09.12.55:194][  0]LogConfig: Setting CVar [[s.LevelStreamingComponentsUnregistrationGranularity:5]]
[2022.10.17-09.12.55:194][  0]LogConfig: Setting CVar [[s.FlushStreamingOnExit:1]]
[2022.10.17-09.12.55:194][  0]LogConfig: Applying CVar settings from Section [/Script/Engine.GarbageCollectionSettings] File [D:/Documents/Programing/GitKraken/Unreal Laika/Unreal_Laika/Saved/Config/Windows/Engine.ini]
[2022.10.17-09.12.55:194][  0]LogConfig: Setting CVar [[gc.MaxObjectsNotConsideredByGC:1]]
[2022.10.17-09.12.55:194][  0]LogConfig: Setting CVar [[gc.SizeOfPermanentObjectPool:0]]
[2022.10.17-09.12.55:194][  0]LogConfig: Setting CVar [[gc.FlushStreamingOnGC:0]]
[2022.10.17-09.12.55:194][  0]LogConfig: Setting CVar [[gc.NumRetriesBeforeForcingGC:10]]
[2022.10.17-09.12.55:194][  0]LogConfig: Setting CVar [[gc.AllowParallelGC:1]]
[2022.10.17-09.12.55:194][  0]LogConfig: Setting CVar [[gc.TimeBetweenPurgingPendingKillObjects:61.1]]
[2022.10.17-09.12.55:194][  0]LogConfig: Setting CVar [[gc.MaxObjectsInEditor:25165824]]
[2022.10.17-09.12.55:194][  0]LogConfig: Setting CVar [[gc.IncrementalBeginDestroyEnabled:1]]
[2022.10.17-09.12.55:194][  0]LogConfig: Setting CVar [[gc.CreateGCClusters:1]]
[2022.10.17-09.12.55:194][  0]LogConfig: Setting CVar [[gc.MinGCClusterSize:5]]
[2022.10.17-09.12.55:194][  0]LogConfig: Setting CVar [[gc.ActorClusteringEnabled:0]]
[2022.10.17-09.12.55:194][  0]LogConfig: Setting CVar [[gc.BlueprintClusteringEnabled:0]]
[2022.10.17-09.12.55:195][  0]LogConfig: Setting CVar [[gc.UseDisregardForGCOnDedicatedServers:0]]
[2022.10.17-09.12.55:195][  0]LogConfig: Applying CVar settings from Section [/Script/Engine.NetworkSettings] File [D:/Documents/Programing/GitKraken/Unreal Laika/Unreal_Laika/Saved/Config/Windows/Engine.ini]
[2022.10.17-09.12.55:195][  0]LogConfig: Applying CVar settings from Section [/Script/UnrealEd.CookerSettings] File [D:/Documents/Programing/GitKraken/Unreal Laika/Unreal_Laika/Saved/Config/Windows/Engine.ini]
[2022.10.17-09.12.55:202][  0]LogConfig: Applying CVar settings from Section [ViewDistanceQuality@3] File [D:/Documents/Programing/GitKraken/Unreal Laika/Unreal_Laika/Saved/Config/Windows/Scalability.ini]
[2022.10.17-09.12.55:202][  0]LogConfig: Setting CVar [[r.SkeletalMeshLODBias:0]]
[2022.10.17-09.12.55:202][  0]LogConfig: Setting CVar [[r.ViewDistanceScale:1.0]]
[2022.10.17-09.12.55:202][  0]LogConfig: Applying CVar settings from Section [AntiAliasingQuality@3] File [D:/Documents/Programing/GitKraken/Unreal Laika/Unreal_Laika/Saved/Config/Windows/Scalability.ini]
[2022.10.17-09.12.55:202][  0]LogConfig: Setting CVar [[r.PostProcessAAQuality:4]]
[2022.10.17-09.12.55:202][  0]LogConfig: Applying CVar settings from Section [ShadowQuality@3] File [D:/Documents/Programing/GitKraken/Unreal Laika/Unreal_Laika/Saved/Config/Windows/Scalability.ini]
[2022.10.17-09.12.55:202][  0]LogConfig: Setting CVar [[r.LightFunctionQuality:1]]
[2022.10.17-09.12.55:202][  0]LogConfig: Setting CVar [[r.ShadowQuality:5]]
[2022.10.17-09.12.55:202][  0]LogConfig: Setting CVar [[r.Shadow.CSM.MaxCascades:10]]
[2022.10.17-09.12.55:202][  0]LogConfig: Setting CVar [[r.Shadow.MaxResolution:2048]]
[2022.10.17-09.12.55:202][  0]LogConfig: Setting CVar [[r.Shadow.MaxCSMResolution:2048]]
[2022.10.17-09.12.55:202][  0]LogConfig: Setting CVar [[r.Shadow.RadiusThreshold:0.01]]
[2022.10.17-09.12.55:202][  0]LogConfig: Setting CVar [[r.Shadow.DistanceScale:1.0]]
[2022.10.17-09.12.55:202][  0]LogConfig: Setting CVar [[r.Shadow.CSM.TransitionScale:1.0]]
[2022.10.17-09.12.55:202][  0]LogConfig: Setting CVar [[r.Shadow.PreShadowResolutionFactor:1.0]]
[2022.10.17-09.12.55:202][  0]LogConfig: Setting CVar [[r.DistanceFieldShadowing:1]]
[2022.10.17-09.12.55:202][  0]LogConfig: Setting CVar [[r.DistanceFieldAO:1]]
[2022.10.17-09.12.55:202][  0]LogConfig: Setting CVar [[r.AOQuality:2]]
[2022.10.17-09.12.55:203][  0]LogConfig: Setting CVar [[r.VolumetricFog:1]]
[2022.10.17-09.12.55:203][  0]LogConfig: Setting CVar [[r.VolumetricFog.GridPixelSize:8]]
[2022.10.17-09.12.55:203][  0]LogConfig: Setting CVar [[r.VolumetricFog.GridSizeZ:128]]
[2022.10.17-09.12.55:203][  0]LogConfig: Setting CVar [[r.VolumetricFog.HistoryMissSupersampleCount:4]]
[2022.10.17-09.12.55:203][  0]LogConfig: Setting CVar [[r.LightMaxDrawDistanceScale:1]]
[2022.10.17-09.12.55:203][  0]LogConfig: Setting CVar [[r.CapsuleShadows:1]]
[2022.10.17-09.12.55:203][  0]LogConfig: Applying CVar settings from Section [PostProcessQuality@3] File [D:/Documents/Programing/GitKraken/Unreal Laika/Unreal_Laika/Saved/Config/Windows/Scalability.ini]
[2022.10.17-09.12.55:203][  0]LogConfig: Setting CVar [[r.MotionBlurQuality:4]]
[2022.10.17-09.12.55:203][  0]LogConfig: Setting CVar [[r.AmbientOcclusionMipLevelFactor:0.4]]
[2022.10.17-09.12.55:203][  0]LogConfig: Setting CVar [[r.AmbientOcclusionMaxQuality:100]]
[2022.10.17-09.12.55:203][  0]LogConfig: Setting CVar [[r.AmbientOcclusionLevels:-1]]
[2022.10.17-09.12.55:203][  0]LogConfig: Setting CVar [[r.AmbientOcclusionRadiusScale:1.0]]
[2022.10.17-09.12.55:203][  0]LogConfig: Setting CVar [[r.DepthOfFieldQuality:2]]
[2022.10.17-09.12.55:203][  0]LogConfig: Setting CVar [[r.RenderTargetPoolMin:400]]
[2022.10.17-09.12.55:203][  0]LogConfig: Setting CVar [[r.LensFlareQuality:2]]
[2022.10.17-09.12.55:203][  0]LogConfig: Setting CVar [[r.SceneColorFringeQuality:1]]
[2022.10.17-09.12.55:203][  0]LogConfig: Setting CVar [[r.EyeAdaptationQuality:2]]
[2022.10.17-09.12.55:203][  0]LogConfig: Setting CVar [[r.BloomQuality:5]]
[2022.10.17-09.12.55:203][  0]LogConfig: Setting CVar [[r.FastBlurThreshold:100]]
[2022.10.17-09.12.55:203][  0]LogConfig: Setting CVar [[r.Upscale.Quality:3]]
[2022.10.17-09.12.55:203][  0]LogConfig: Setting CVar [[r.Tonemapper.GrainQuantization:1]]
[2022.10.17-09.12.55:203][  0]LogConfig: Setting CVar [[r.LightShaftQuality:1]]
[2022.10.17-09.12.55:204][  0]LogConfig: Setting CVar [[r.Filter.SizeScale:1]]
[2022.10.17-09.12.55:204][  0]LogConfig: Setting CVar [[r.Tonemapper.Quality:5]]
[2022.10.17-09.12.55:204][  0]LogConfig: Setting CVar [[r.DOF.Gather.AccumulatorQuality:1        ; higher gathering accumulator quality]]
[2022.10.17-09.12.55:204][  0]LogConfig: Setting CVar [[r.DOF.Gather.PostfilterMethod:1          ; Median3x3 postfilering method]]
[2022.10.17-09.12.55:204][  0]LogConfig: Setting CVar [[r.DOF.Gather.EnableBokehSettings:0       ; no bokeh simulation when gathering]]
[2022.10.17-09.12.55:204][  0]LogConfig: Setting CVar [[r.DOF.Gather.RingCount:4                 ; medium number of samples when gathering]]
[2022.10.17-09.12.55:204][  0]LogConfig: Setting CVar [[r.DOF.Scatter.ForegroundCompositing:1    ; additive foreground scattering]]
[2022.10.17-09.12.55:204][  0]LogConfig: Setting CVar [[r.DOF.Scatter.BackgroundCompositing:2    ; additive background scattering]]
[2022.10.17-09.12.55:204][  0]LogConfig: Setting CVar [[r.DOF.Scatter.EnableBokehSettings:1      ; bokeh simulation when scattering]]
[2022.10.17-09.12.55:204][  0]LogConfig: Setting CVar [[r.DOF.Scatter.MaxSpriteRatio:0.1         ; only a maximum of 10% of scattered bokeh]]
[2022.10.17-09.12.55:204][  0]LogConfig: Setting CVar [[r.DOF.Recombine.Quality:1                ; cheap slight out of focus]]
[2022.10.17-09.12.55:204][  0]LogConfig: Setting CVar [[r.DOF.Recombine.EnableBokehSettings:0    ; no bokeh simulation on slight out of focus]]
[2022.10.17-09.12.55:204][  0]LogConfig: Setting CVar [[r.DOF.TemporalAAQuality:1                ; more stable temporal accumulation]]
[2022.10.17-09.12.55:204][  0]LogConfig: Setting CVar [[r.DOF.Kernel.MaxForegroundRadius:0.025]]
[2022.10.17-09.12.55:204][  0]LogConfig: Setting CVar [[r.DOF.Kernel.MaxBackgroundRadius:0.025]]
[2022.10.17-09.12.55:204][  0]LogConfig: Applying CVar settings from Section [TextureQuality@3] File [D:/Documents/Programing/GitKraken/Unreal Laika/Unreal_Laika/Saved/Config/Windows/Scalability.ini]
[2022.10.17-09.12.55:204][  0]LogConfig: Setting CVar [[r.Streaming.MipBias:0]]
[2022.10.17-09.12.55:204][  0]LogConfig: Setting CVar [[r.Streaming.AmortizeCPUToGPUCopy:0]]
[2022.10.17-09.12.55:204][  0]LogConfig: Setting CVar [[r.Streaming.MaxNumTexturesToStreamPerFrame:0]]
[2022.10.17-09.12.55:204][  0]LogConfig: Setting CVar [[r.Streaming.Boost:1]]
[2022.10.17-09.12.55:204][  0]LogConfig: Setting CVar [[r.MaxAnisotropy:8]]
[2022.10.17-09.12.55:204][  0]LogConfig: Setting CVar [[r.VT.MaxAnisotropy:8]]
[2022.10.17-09.12.55:205][  0]LogConfig: Setting CVar [[r.Streaming.LimitPoolSizeToVRAM:0]]
[2022.10.17-09.12.55:205][  0]LogConfig: Setting CVar [[r.Streaming.PoolSize:1000]]
[2022.10.17-09.12.55:205][  0]LogConfig: Setting CVar [[r.Streaming.MaxEffectiveScreenSize:0]]
[2022.10.17-09.12.55:205][  0]LogConfig: Applying CVar settings from Section [EffectsQuality@3] File [D:/Documents/Programing/GitKraken/Unreal Laika/Unreal_Laika/Saved/Config/Windows/Scalability.ini]
[2022.10.17-09.12.55:205][  0]LogConfig: Setting CVar [[r.TranslucencyLightingVolumeDim:64]]
[2022.10.17-09.12.55:205][  0]LogConfig: Setting CVar [[r.RefractionQuality:2]]
[2022.10.17-09.12.55:205][  0]LogConfig: Setting CVar [[r.SSR.Quality:3]]
[2022.10.17-09.12.55:205][  0]LogConfig: Setting CVar [[r.SSR.HalfResSceneColor:0]]
[2022.10.17-09.12.55:205][  0]LogConfig: Setting CVar [[r.SceneColorFormat:4]]
[2022.10.17-09.12.55:205][  0]LogConfig: Setting CVar [[r.DetailMode:2]]
[2022.10.17-09.12.55:205][  0]LogConfig: Setting CVar [[r.TranslucencyVolumeBlur:1]]
[2022.10.17-09.12.55:205][  0]LogConfig: Setting CVar [[r.MaterialQualityLevel:1 ; High quality]]
[2022.10.17-09.12.55:205][  0]LogConfig: Setting CVar [[r.SSS.Scale:1]]
[2022.10.17-09.12.55:205][  0]LogConfig: Setting CVar [[r.SSS.SampleSet:2]]
[2022.10.17-09.12.55:205][  0]LogConfig: Setting CVar [[r.SSS.Quality:1]]
[2022.10.17-09.12.55:205][  0]LogConfig: Setting CVar [[r.SSS.HalfRes:0]]
[2022.10.17-09.12.55:205][  0]LogConfig: Setting CVar [[r.SSGI.Quality:3]]
[2022.10.17-09.12.55:205][  0]LogConfig: Setting CVar [[r.EmitterSpawnRateScale:1.0]]
[2022.10.17-09.12.55:205][  0]LogConfig: Setting CVar [[r.ParticleLightQuality:2]]
[2022.10.17-09.12.55:205][  0]LogConfig: Setting CVar [[r.SkyAtmosphere.AerialPerspectiveLUT.FastApplyOnOpaque:1 ; Always have FastSkyLUT 1 in this case to avoid wrong sky]]
[2022.10.17-09.12.55:205][  0]LogConfig: Setting CVar [[r.SkyAtmosphere.AerialPerspectiveLUT.SampleCountPerSlice:1]]
[2022.10.17-09.12.55:205][  0]LogConfig: Setting CVar [[r.SkyAtmosphere.AerialPerspectiveLUT.DepthResolution:16.0]]
[2022.10.17-09.12.55:205][  0]LogConfig: Setting CVar [[r.SkyAtmosphere.FastSkyLUT:1]]
[2022.10.17-09.12.55:205][  0]LogConfig: Setting CVar [[r.SkyAtmosphere.FastSkyLUT.SampleCountMin:4.0]]
[2022.10.17-09.12.55:206][  0]LogConfig: Setting CVar [[r.SkyAtmosphere.FastSkyLUT.SampleCountMax:32.0]]
[2022.10.17-09.12.55:206][  0]LogConfig: Setting CVar [[r.SkyAtmosphere.SampleCountMin:4.0]]
[2022.10.17-09.12.55:206][  0]LogConfig: Setting CVar [[r.SkyAtmosphere.SampleCountMax:32.0]]
[2022.10.17-09.12.55:206][  0]LogConfig: Setting CVar [[r.SkyAtmosphere.TransmittanceLUT.UseSmallFormat:0]]
[2022.10.17-09.12.55:206][  0]LogConfig: Setting CVar [[r.SkyAtmosphere.TransmittanceLUT.SampleCount:10.0]]
[2022.10.17-09.12.55:206][  0]LogConfig: Setting CVar [[r.SkyAtmosphere.MultiScatteringLUT.SampleCount:15.0]]
[2022.10.17-09.12.55:206][  0]LogConfig: Applying CVar settings from Section [FoliageQuality@3] File [D:/Documents/Programing/GitKraken/Unreal Laika/Unreal_Laika/Saved/Config/Windows/Scalability.ini]
[2022.10.17-09.12.55:206][  0]LogConfig: Setting CVar [[foliage.DensityScale:1.0]]
[2022.10.17-09.12.55:206][  0]LogConfig: Setting CVar [[grass.DensityScale:1.0]]
[2022.10.17-09.12.55:206][  0]LogConfig: Applying CVar settings from Section [ShadingQuality@3] File [D:/Documents/Programing/GitKraken/Unreal Laika/Unreal_Laika/Saved/Config/Windows/Scalability.ini]
[2022.10.17-09.12.55:206][  0]LogConfig: Setting CVar [[r.HairStrands.SkyLighting.SampleCount:16]]
[2022.10.17-09.12.55:206][  0]LogConfig: Setting CVar [[r.HairStrands.SkyLighting.JitterIntegration:0]]
[2022.10.17-09.12.55:206][  0]LogConfig: Setting CVar [[r.HairStrands.SkyAO.SampleCount:16]]
[2022.10.17-09.12.55:206][  0]LogConfig: Setting CVar [[r.HairStrands.DeepShadow.SuperSampling:0]]
[2022.10.17-09.12.55:206][  0]LogConfig: Setting CVar [[r.HairStrands.VisibilityPPLL:0]]
[2022.10.17-09.12.55:206][  0]LogConfig: Setting CVar [[r.HairStrands.RasterizationScale:0.5]]
[2022.10.17-09.12.55:206][  0]LogConfig: Setting CVar [[r.HairStrands.VelocityRasterizationScale:1]]
[2022.10.17-09.12.55:206][  0]LogInit: Selected Device Profile: [Windows]
[2022.10.17-09.12.55:206][  0]LogInit: Applying CVar settings loaded from the selected device profile: [Windows]
[2022.10.17-09.12.55:207][  0]LogHAL: Display: Platform has ~ 16 GB [17097752576 / 17179869184 / 16], which maps to Larger [LargestMinGB=32, LargerMinGB=12, DefaultMinGB=8, SmallerMinGB=6, SmallestMinGB=0)
[2022.10.17-09.12.55:207][  0]LogInit: Going up to parent DeviceProfile []
[2022.10.17-09.12.55:207][  0]LogConfig: Applying CVar settings from Section [ViewDistanceQuality@3] File [D:/Documents/Programing/GitKraken/Unreal Laika/Unreal_Laika/Saved/Config/Windows/Scalability.ini]
[2022.10.17-09.12.55:207][  0]LogConfig: Setting CVar [[r.SkeletalMeshLODBias:0]]
[2022.10.17-09.12.55:207][  0]LogConfig: Setting CVar [[r.ViewDistanceScale:1.0]]
[2022.10.17-09.12.55:207][  0]LogConfig: Applying CVar settings from Section [AntiAliasingQuality@3] File [D:/Documents/Programing/GitKraken/Unreal Laika/Unreal_Laika/Saved/Config/Windows/Scalability.ini]
[2022.10.17-09.12.55:207][  0]LogConfig: Setting CVar [[r.PostProcessAAQuality:4]]
[2022.10.17-09.12.55:207][  0]LogConfig: Applying CVar settings from Section [ShadowQuality@3] File [D:/Documents/Programing/GitKraken/Unreal Laika/Unreal_Laika/Saved/Config/Windows/Scalability.ini]
[2022.10.17-09.12.55:207][  0]LogConfig: Setting CVar [[r.LightFunctionQuality:1]]
[2022.10.17-09.12.55:207][  0]LogConfig: Setting CVar [[r.ShadowQuality:5]]
[2022.10.17-09.12.55:207][  0]LogConfig: Setting CVar [[r.Shadow.CSM.MaxCascades:10]]
[2022.10.17-09.12.55:207][  0]LogConfig: Setting CVar [[r.Shadow.MaxResolution:2048]]
[2022.10.17-09.12.55:207][  0]LogConfig: Setting CVar [[r.Shadow.MaxCSMResolution:2048]]
[2022.10.17-09.12.55:207][  0]LogConfig: Setting CVar [[r.Shadow.RadiusThreshold:0.01]]
[2022.10.17-09.12.55:207][  0]LogConfig: Setting CVar [[r.Shadow.DistanceScale:1.0]]
[2022.10.17-09.12.55:207][  0]LogConfig: Setting CVar [[r.Shadow.CSM.TransitionScale:1.0]]
[2022.10.17-09.12.55:207][  0]LogConfig: Setting CVar [[r.Shadow.PreShadowResolutionFactor:1.0]]
[2022.10.17-09.12.55:207][  0]LogConfig: Setting CVar [[r.DistanceFieldShadowing:1]]
[2022.10.17-09.12.55:207][  0]LogConfig: Setting CVar [[r.DistanceFieldAO:1]]
[2022.10.17-09.12.55:208][  0]LogConfig: Setting CVar [[r.AOQuality:2]]
[2022.10.17-09.12.55:208][  0]LogConfig: Setting CVar [[r.VolumetricFog:1]]
[2022.10.17-09.12.55:208][  0]LogConfig: Setting CVar [[r.VolumetricFog.GridPixelSize:8]]
[2022.10.17-09.12.55:208][  0]LogConfig: Setting CVar [[r.VolumetricFog.GridSizeZ:128]]
[2022.10.17-09.12.55:208][  0]LogConfig: Setting CVar [[r.VolumetricFog.HistoryMissSupersampleCount:4]]
[2022.10.17-09.12.55:208][  0]LogConfig: Setting CVar [[r.LightMaxDrawDistanceScale:1]]
[2022.10.17-09.12.55:208][  0]LogConfig: Setting CVar [[r.CapsuleShadows:1]]
[2022.10.17-09.12.55:208][  0]LogConfig: Applying CVar settings from Section [PostProcessQuality@3] File [D:/Documents/Programing/GitKraken/Unreal Laika/Unreal_Laika/Saved/Config/Windows/Scalability.ini]
[2022.10.17-09.12.55:208][  0]LogConfig: Setting CVar [[r.MotionBlurQuality:4]]
[2022.10.17-09.12.55:208][  0]LogConfig: Setting CVar [[r.AmbientOcclusionMipLevelFactor:0.4]]
[2022.10.17-09.12.55:208][  0]LogConfig: Setting CVar [[r.AmbientOcclusionMaxQuality:100]]
[2022.10.17-09.12.55:208][  0]LogConfig: Setting CVar [[r.AmbientOcclusionLevels:-1]]
[2022.10.17-09.12.55:208][  0]LogConfig: Setting CVar [[r.AmbientOcclusionRadiusScale:1.0]]
[2022.10.17-09.12.55:208][  0]LogConfig: Setting CVar [[r.DepthOfFieldQuality:2]]
[2022.10.17-09.12.55:208][  0]LogConfig: Setting CVar [[r.RenderTargetPoolMin:400]]
[2022.10.17-09.12.55:208][  0]LogConfig: Setting CVar [[r.LensFlareQuality:2]]
[2022.10.17-09.12.55:208][  0]LogConfig: Setting CVar [[r.SceneColorFringeQuality:1]]
[2022.10.17-09.12.55:208][  0]LogConfig: Setting CVar [[r.EyeAdaptationQuality:2]]
[2022.10.17-09.12.55:208][  0]LogConfig: Setting CVar [[r.BloomQuality:5]]
[2022.10.17-09.12.55:208][  0]LogConfig: Setting CVar [[r.FastBlurThreshold:100]]
[2022.10.17-09.12.55:208][  0]LogConfig: Setting CVar [[r.Upscale.Quality:3]]
[2022.10.17-09.12.55:208][  0]LogConfig: Setting CVar [[r.Tonemapper.GrainQuantization:1]]
[2022.10.17-09.12.55:209][  0]LogConfig: Setting CVar [[r.LightShaftQuality:1]]
[2022.10.17-09.12.55:209][  0]LogConfig: Setting CVar [[r.Filter.SizeScale:1]]
[2022.10.17-09.12.55:209][  0]LogConfig: Setting CVar [[r.Tonemapper.Quality:5]]
[2022.10.17-09.12.55:209][  0]LogConfig: Setting CVar [[r.DOF.Gather.AccumulatorQuality:1        ; higher gathering accumulator quality]]
[2022.10.17-09.12.55:209][  0]LogConfig: Setting CVar [[r.DOF.Gather.PostfilterMethod:1          ; Median3x3 postfilering method]]
[2022.10.17-09.12.55:209][  0]LogConfig: Setting CVar [[r.DOF.Gather.EnableBokehSettings:0       ; no bokeh simulation when gathering]]
[2022.10.17-09.12.55:209][  0]LogConfig: Setting CVar [[r.DOF.Gather.RingCount:4                 ; medium number of samples when gathering]]
[2022.10.17-09.12.55:209][  0]LogConfig: Setting CVar [[r.DOF.Scatter.ForegroundCompositing:1    ; additive foreground scattering]]
[2022.10.17-09.12.55:209][  0]LogConfig: Setting CVar [[r.DOF.Scatter.BackgroundCompositing:2    ; additive background scattering]]
[2022.10.17-09.12.55:209][  0]LogConfig: Setting CVar [[r.DOF.Scatter.EnableBokehSettings:1      ; bokeh simulation when scattering]]
[2022.10.17-09.12.55:209][  0]LogConfig: Setting CVar [[r.DOF.Scatter.MaxSpriteRatio:0.1         ; only a maximum of 10% of scattered bokeh]]
[2022.10.17-09.12.55:209][  0]LogConfig: Setting CVar [[r.DOF.Recombine.Quality:1                ; cheap slight out of focus]]
[2022.10.17-09.12.55:209][  0]LogConfig: Setting CVar [[r.DOF.Recombine.EnableBokehSettings:0    ; no bokeh simulation on slight out of focus]]
[2022.10.17-09.12.55:209][  0]LogConfig: Setting CVar [[r.DOF.TemporalAAQuality:1                ; more stable temporal accumulation]]
[2022.10.17-09.12.55:209][  0]LogConfig: Setting CVar [[r.DOF.Kernel.MaxForegroundRadius:0.025]]
[2022.10.17-09.12.55:209][  0]LogConfig: Setting CVar [[r.DOF.Kernel.MaxBackgroundRadius:0.025]]
[2022.10.17-09.12.55:209][  0]LogConfig: Applying CVar settings from Section [TextureQuality@3] File [D:/Documents/Programing/GitKraken/Unreal Laika/Unreal_Laika/Saved/Config/Windows/Scalability.ini]
[2022.10.17-09.12.55:209][  0]LogConfig: Setting CVar [[r.Streaming.MipBias:0]]
[2022.10.17-09.12.55:209][  0]LogConfig: Setting CVar [[r.Streaming.AmortizeCPUToGPUCopy:0]]
[2022.10.17-09.12.55:209][  0]LogConfig: Setting CVar [[r.Streaming.MaxNumTexturesToStreamPerFrame:0]]
[2022.10.17-09.12.55:209][  0]LogConfig: Setting CVar [[r.Streaming.Boost:1]]
[2022.10.17-09.12.55:209][  0]LogConfig: Setting CVar [[r.MaxAnisotropy:8]]
[2022.10.17-09.12.55:209][  0]LogConfig: Setting CVar [[r.VT.MaxAnisotropy:8]]
[2022.10.17-09.12.55:210][  0]LogConfig: Setting CVar [[r.Streaming.LimitPoolSizeToVRAM:0]]
[2022.10.17-09.12.55:210][  0]LogConfig: Setting CVar [[r.Streaming.PoolSize:1000]]
[2022.10.17-09.12.55:210][  0]LogConfig: Setting CVar [[r.Streaming.MaxEffectiveScreenSize:0]]
[2022.10.17-09.12.55:210][  0]LogConfig: Applying CVar settings from Section [EffectsQuality@3] File [D:/Documents/Programing/GitKraken/Unreal Laika/Unreal_Laika/Saved/Config/Windows/Scalability.ini]
[2022.10.17-09.12.55:210][  0]LogConfig: Setting CVar [[r.TranslucencyLightingVolumeDim:64]]
[2022.10.17-09.12.55:210][  0]LogConfig: Setting CVar [[r.RefractionQuality:2]]
[2022.10.17-09.12.55:210][  0]LogConfig: Setting CVar [[r.SSR.Quality:3]]
[2022.10.17-09.12.55:210][  0]LogConfig: Setting CVar [[r.SSR.HalfResSceneColor:0]]
[2022.10.17-09.12.55:210][  0]LogConfig: Setting CVar [[r.SceneColorFormat:4]]
[2022.10.17-09.12.55:210][  0]LogConfig: Setting CVar [[r.DetailMode:2]]
[2022.10.17-09.12.55:210][  0]LogConfig: Setting CVar [[r.TranslucencyVolumeBlur:1]]
[2022.10.17-09.12.55:210][  0]LogConfig: Setting CVar [[r.MaterialQualityLevel:1 ; High quality]]
[2022.10.17-09.12.55:210][  0]LogConfig: Setting CVar [[r.SSS.Scale:1]]
[2022.10.17-09.12.55:210][  0]LogConfig: Setting CVar [[r.SSS.SampleSet:2]]
[2022.10.17-09.12.55:210][  0]LogConfig: Setting CVar [[r.SSS.Quality:1]]
[2022.10.17-09.12.55:210][  0]LogConfig: Setting CVar [[r.SSS.HalfRes:0]]
[2022.10.17-09.12.55:210][  0]LogConfig: Setting CVar [[r.SSGI.Quality:3]]
[2022.10.17-09.12.55:210][  0]LogConfig: Setting CVar [[r.EmitterSpawnRateScale:1.0]]
[2022.10.17-09.12.55:210][  0]LogConfig: Setting CVar [[r.ParticleLightQuality:2]]
[2022.10.17-09.12.55:210][  0]LogConfig: Setting CVar [[r.SkyAtmosphere.AerialPerspectiveLUT.FastApplyOnOpaque:1 ; Always have FastSkyLUT 1 in this case to avoid wrong sky]]
[2022.10.17-09.12.55:210][  0]LogConfig: Setting CVar [[r.SkyAtmosphere.AerialPerspectiveLUT.SampleCountPerSlice:1]]
[2022.10.17-09.12.55:210][  0]LogConfig: Setting CVar [[r.SkyAtmosphere.AerialPerspectiveLUT.DepthResolution:16.0]]
[2022.10.17-09.12.55:210][  0]LogConfig: Setting CVar [[r.SkyAtmosphere.FastSkyLUT:1]]
[2022.10.17-09.12.55:210][  0]LogConfig: Setting CVar [[r.SkyAtmosphere.FastSkyLUT.SampleCountMin:4.0]]
[2022.10.17-09.12.55:210][  0]LogConfig: Setting CVar [[r.SkyAtmosphere.FastSkyLUT.SampleCountMax:32.0]]
[2022.10.17-09.12.55:210][  0]LogConfig: Setting CVar [[r.SkyAtmosphere.SampleCountMin:4.0]]
[2022.10.17-09.12.55:210][  0]LogConfig: Setting CVar [[r.SkyAtmosphere.SampleCountMax:32.0]]
[2022.10.17-09.12.55:211][  0]LogConfig: Setting CVar [[r.SkyAtmosphere.TransmittanceLUT.UseSmallFormat:0]]
[2022.10.17-09.12.55:211][  0]LogConfig: Setting CVar [[r.SkyAtmosphere.TransmittanceLUT.SampleCount:10.0]]
[2022.10.17-09.12.55:211][  0]LogConfig: Setting CVar [[r.SkyAtmosphere.MultiScatteringLUT.SampleCount:15.0]]
[2022.10.17-09.12.55:211][  0]LogConfig: Applying CVar settings from Section [FoliageQuality@3] File [D:/Documents/Programing/GitKraken/Unreal Laika/Unreal_Laika/Saved/Config/Windows/Scalability.ini]
[2022.10.17-09.12.55:211][  0]LogConfig: Setting CVar [[foliage.DensityScale:1.0]]
[2022.10.17-09.12.55:211][  0]LogConfig: Setting CVar [[grass.DensityScale:1.0]]
[2022.10.17-09.12.55:211][  0]LogConfig: Applying CVar settings from Section [ShadingQuality@3] File [D:/Documents/Programing/GitKraken/Unreal Laika/Unreal_Laika/Saved/Config/Windows/Scalability.ini]
[2022.10.17-09.12.55:211][  0]LogConfig: Setting CVar [[r.HairStrands.SkyLighting.SampleCount:16]]
[2022.10.17-09.12.55:211][  0]LogConfig: Setting CVar [[r.HairStrands.SkyLighting.JitterIntegration:0]]
[2022.10.17-09.12.55:211][  0]LogConfig: Setting CVar [[r.HairStrands.SkyAO.SampleCount:16]]
[2022.10.17-09.12.55:211][  0]LogConfig: Setting CVar [[r.HairStrands.DeepShadow.SuperSampling:0]]
[2022.10.17-09.12.55:211][  0]LogConfig: Setting CVar [[r.HairStrands.VisibilityPPLL:0]]
[2022.10.17-09.12.55:211][  0]LogConfig: Setting CVar [[r.HairStrands.RasterizationScale:0.5]]
[2022.10.17-09.12.55:211][  0]LogConfig: Setting CVar [[r.HairStrands.VelocityRasterizationScale:1]]
[2022.10.17-09.12.55:211][  0]LogConfig: Applying CVar settings from Section [Startup] File [../../../Engine/Config/ConsoleVariables.ini]
[2022.10.17-09.12.55:212][  0]LogConfig: Setting CVar [[net.UseAdaptiveNetUpdateFrequency:0]]
[2022.10.17-09.12.55:212][  0]LogConfig: Setting CVar [[p.chaos.AllowCreatePhysxBodies:1]]
[2022.10.17-09.12.55:212][  0]LogConfig: Setting CVar [[fx.SkipVectorVMBackendOptimizations:1]]
[2022.10.17-09.12.55:212][  0]LogConfig: Applying CVar settings from Section [ConsoleVariables] File [D:/Documents/Programing/GitKraken/Unreal Laika/Unreal_Laika/Saved/Config/Windows/Engine.ini]
[2022.10.17-09.12.55:212][  0]LogInit: Computer: DESKTOP-GJ420GI
[2022.10.17-09.12.55:212][  0]LogInit: User: Nymeria
[2022.10.17-09.12.55:212][  0]LogInit: CPU Page size=4096, Cores=6
[2022.10.17-09.12.55:212][  0]LogInit: High frequency timer resolution =10.000000 MHz
[2022.10.17-09.12.55:212][  0]LogMemory: Memory total: Physical=15.9GB (16GB approx)
[2022.10.17-09.12.55:212][  0]LogMemory: Platform Memory Stats for Windows
[2022.10.17-09.12.55:212][  0]LogMemory: Process Physical Memory: 116.26 MB used, 116.26 MB peak
[2022.10.17-09.12.55:212][  0]LogMemory: Process Virtual Memory: 98.86 MB used, 98.86 MB peak
[2022.10.17-09.12.55:212][  0]LogMemory: Physical Memory: 8948.03 MB used,  7357.66 MB free, 16305.69 MB total
[2022.10.17-09.12.55:213][  0]LogMemory: Virtual Memory: 5168.79 MB used,  134212560.00 MB free, 134217728.00 MB total
[2022.10.17-09.12.55:222][  0]LogWindows: WindowsPlatformFeatures enabled
[2022.10.17-09.12.55:366][  0]LogInit: Physics initialised using underlying interface: PhysX
[2022.10.17-09.12.55:367][  0]LogInit: Using OS detected language (en-GB).
[2022.10.17-09.12.55:367][  0]LogInit: Using OS detected locale (en-AU).
[2022.10.17-09.12.55:369][  0]LogTextLocalizationManager: No specific localization for 'en-GB' exists, so the 'en' localization will be used.
[2022.10.17-09.12.55:532][  0]LogInit: Setting process to per monitor DPI aware
[2022.10.17-09.12.55:565][  0]LogSlate: New Slate User Created.  User Index 0, Is Virtual User: 0
[2022.10.17-09.12.55:565][  0]LogSlate: Slate User Registered.  User Index 0, Is Virtual User: 0
[2022.10.17-09.12.55:687][  0]LogHMD: Failed to initialize OpenVR with code 110
[2022.10.17-09.12.55:687][  0]LogD3D11RHI: D3D11 min allowed feature level: 11_0
[2022.10.17-09.12.55:688][  0]LogD3D11RHI: D3D11 max allowed feature level: 11_0
[2022.10.17-09.12.55:688][  0]LogD3D11RHI: D3D11 adapters:
[2022.10.17-09.12.55:794][  0]LogD3D11RHI:    0. 'NVIDIA GeForce RTX 3070 Ti' (Feature Level 11_0)
[2022.10.17-09.12.55:794][  0]LogD3D11RHI:       8041/0/8152 MB DedicatedVideo/DedicatedSystem/SharedSystem, Outputs:2, VendorId:0x10de
[2022.10.17-09.12.55:797][  0]LogD3D11RHI:    1. 'Microsoft Basic Render Driver' (Feature Level 11_0)
[2022.10.17-09.12.55:797][  0]LogD3D11RHI:       0/0/8152 MB DedicatedVideo/DedicatedSystem/SharedSystem, Outputs:0, VendorId:0x1414
[2022.10.17-09.12.55:798][  0]LogD3D11RHI: Chosen D3D11 Adapter: 0
[2022.10.17-09.12.55:804][  0]LogD3D11RHI: Creating new Direct3DDevice
[2022.10.17-09.12.55:804][  0]LogD3D11RHI:     GPU DeviceId: 0x2482 (for the marketing name, search the web for "GPU Device Id")
[2022.10.17-09.12.55:804][  0]LogWindows: EnumDisplayDevices:
[2022.10.17-09.12.55:804][  0]LogWindows:    0. 'NVIDIA GeForce RTX 3070 Ti' (P:1 D:1)
[2022.10.17-09.12.55:804][  0]LogWindows:    1. 'NVIDIA GeForce RTX 3070 Ti' (P:0 D:1)
[2022.10.17-09.12.55:804][  0]LogWindows:    2. 'NVIDIA GeForce RTX 3070 Ti' (P:0 D:0)
[2022.10.17-09.12.55:805][  0]LogWindows:    3. 'NVIDIA GeForce RTX 3070 Ti' (P:0 D:0)
[2022.10.17-09.12.55:805][  0]LogWindows: DebugString: FoundDriverCount:4 
[2022.10.17-09.12.55:805][  0]LogD3D11RHI:     Adapter Name: NVIDIA GeForce RTX 3070 Ti
[2022.10.17-09.12.55:805][  0]LogD3D11RHI:   Driver Version: 516.94 (internal:31.0.15.1694, unified:516.94)
[2022.10.17-09.12.55:805][  0]LogD3D11RHI:      Driver Date: 7-21-2022
[2022.10.17-09.12.55:805][  0]LogRHI: Texture pool is 5628 MB (70% of 8041 MB)
[2022.10.17-09.12.55:869][  0]LogD3D11RHI: RHI has support for 64 bit atomics
[2022.10.17-09.12.55:869][  0]LogD3D11RHI: Async texture creation enabled
[2022.10.17-09.12.55:869][  0]LogD3D11RHI: Array index from any shader is supported
[2022.10.17-09.12.55:870][  0]LogD3D11RHI: HDR output is supported on display 0 (NvId: 0x80061080).
[2022.10.17-09.12.55:883][  0]LogD3D11RHI: GPU Timing Frequency: 1000.000000 (Debug: 2 1)
[2022.10.17-09.12.56:091][  0]LogTargetPlatformManager: Display: Loaded TargetPlatform 'AllDesktop'
[2022.10.17-09.12.56:111][  0]LogTargetPlatformManager: Display: Loaded TargetPlatform 'Android'
[2022.10.17-09.12.56:111][  0]LogTargetPlatformManager: Display: Loaded TargetPlatform 'Android_ASTC'
[2022.10.17-09.12.56:111][  0]LogTargetPlatformManager: Display: Loaded TargetPlatform 'Android_DXT'
[2022.10.17-09.12.56:112][  0]LogTargetPlatformManager: Display: Loaded TargetPlatform 'Android_ETC2'
[2022.10.17-09.12.56:112][  0]LogTargetPlatformManager: Display: Loaded TargetPlatform 'AndroidClient'
[2022.10.17-09.12.56:112][  0]LogTargetPlatformManager: Display: Loaded TargetPlatform 'Android_ASTCClient'
[2022.10.17-09.12.56:112][  0]LogTargetPlatformManager: Display: Loaded TargetPlatform 'Android_DXTClient'
[2022.10.17-09.12.56:112][  0]LogTargetPlatformManager: Display: Loaded TargetPlatform 'Android_ETC2Client'
[2022.10.17-09.12.56:112][  0]LogTargetPlatformManager: Display: Loaded TargetPlatform 'Android_Multi'
[2022.10.17-09.12.56:112][  0]LogTargetPlatformManager: Display: Loaded TargetPlatform 'Android_MultiClient'
[2022.10.17-09.12.56:138][  0]LogTargetPlatformManager: Display: Loaded TargetPlatform 'IOSClient'
[2022.10.17-09.12.56:138][  0]LogTargetPlatformManager: Display: Loaded TargetPlatform 'IOS'
[2022.10.17-09.12.56:151][  0]LogTargetPlatformManager: Display: Loaded TargetPlatform 'Linux'
[2022.10.17-09.12.56:160][  0]LogTargetPlatformManager: Display: Loaded TargetPlatform 'LinuxNoEditor'
[2022.10.17-09.12.56:170][  0]LogTargetPlatformManager: Display: Loaded TargetPlatform 'LinuxClient'
[2022.10.17-09.12.56:180][  0]LogTargetPlatformManager: Display: Loaded TargetPlatform 'LinuxServer'
[2022.10.17-09.12.56:189][  0]LogTargetPlatformManager: Display: Loaded TargetPlatform 'LinuxAArch64NoEditor'
[2022.10.17-09.12.56:198][  0]LogTargetPlatformManager: Display: Loaded TargetPlatform 'LinuxAArch64Client'
[2022.10.17-09.12.56:207][  0]LogTargetPlatformManager: Display: Loaded TargetPlatform 'LinuxAArch64Server'
[2022.10.17-09.12.56:234][  0]LogTargetPlatformManager: Display: Loaded TargetPlatform 'Lumin'
[2022.10.17-09.12.56:234][  0]LogTargetPlatformManager: Display: Loaded TargetPlatform 'LuminClient'
[2022.10.17-09.12.56:250][  0]LogTargetPlatformManager: Display: Loaded TargetPlatform 'TVOSClient'
[2022.10.17-09.12.56:250][  0]LogTargetPlatformManager: Display: Loaded TargetPlatform 'TVOS'
[2022.10.17-09.12.56:260][  0]LogTargetPlatformManager: Display: Loaded TargetPlatform 'WindowsNoEditor'
[2022.10.17-09.12.56:270][  0]LogTargetPlatformManager: Display: Loaded TargetPlatform 'Windows'
[2022.10.17-09.12.56:279][  0]LogTargetPlatformManager: Display: Loaded TargetPlatform 'WindowsClient'
[2022.10.17-09.12.56:290][  0]LogTargetPlatformManager: Display: Loaded TargetPlatform 'WindowsServer'
[2022.10.17-09.12.56:290][  0]LogTargetPlatformManager: Display: Building Assets For Windows
[2022.10.17-09.12.56:299][  0]LogAudioDebug: Display: Lib vorbis DLL was dynamically loaded.
[2022.10.17-09.12.56:359][  0]LogShaderCompilers: Guid format shader working directory is -28 characters bigger than the processId version (../../../../../../Documents/Programing/GitKraken/Unreal Laika/Unreal_Laika/Intermediate/Shaders/WorkingDirectory/6488/).
[2022.10.17-09.12.56:359][  0]LogShaderCompilers: Cleaned the shader compiler working directory 'C:/Users/chess/AppData/Local/Temp/UnrealShaderWorkingDir/F4F712234BDDC8F4D2B467BF5EF6ABD6/'.
[2022.10.17-09.12.56:359][  0]LogXGEController: Cleaning working directory: C:/Users/chess/AppData/Local/Temp/UnrealXGEWorkingDir/
[2022.10.17-09.12.56:359][  0]LogXGEController: Cannot use XGE Controller as Incredibuild is not installed on this machine.
[2022.10.17-09.12.56:359][  0]LogShaderCompilers: Cannot use XGE Shader Compiler as Incredibuild is not installed on this machine.
[2022.10.17-09.12.56:360][  0]LogShaderCompilers: Display: Using Local Shader Compiler.
[2022.10.17-09.12.56:957][  0]LogDerivedDataCache: Display: Max Cache Size: 512 MB
[2022.10.17-09.12.56:999][  0]LogDerivedDataCache: Loaded boot cache 0.04s 75MB C:/Users/chess/AppData/Local/UnrealEngine/4.25/DerivedDataCache/Boot.ddc.
[2022.10.17-09.12.56:999][  0]LogDerivedDataCache: Display: Loaded Boot cache: C:/Users/chess/AppData/Local/UnrealEngine/4.25/DerivedDataCache/Boot.ddc
[2022.10.17-09.12.56:999][  0]LogDerivedDataCache: FDerivedDataBackendGraph:  Pak pak cache file ../../../../../../Documents/Programing/GitKraken/Unreal Laika/Unreal_Laika/DerivedDataCache/DDC.ddp not found, will not use a pak cache.
[2022.10.17-09.12.56:999][  0]LogDerivedDataCache: Unable to find inner node Pak for hierarchical cache Hierarchy.
[2022.10.17-09.12.56:999][  0]LogDerivedDataCache: FDerivedDataBackendGraph:  CompressedPak pak cache file ../../../../../../Documents/Programing/GitKraken/Unreal Laika/Unreal_Laika/DerivedDataCache/Compressed.ddp not found, will not use a pak cache.
[2022.10.17-09.12.56:999][  0]LogDerivedDataCache: Unable to find inner node CompressedPak for hierarchical cache Hierarchy.
[2022.10.17-09.12.57:009][  0]LogDerivedDataCache: Display: Pak cache opened for reading ../../../Engine/DerivedDataCache/Compressed.ddp.
[2022.10.17-09.12.57:009][  0]LogDerivedDataCache: FDerivedDataBackendGraph:  EnterprisePak pak cache file ../../../Enterprise/DerivedDataCache/Compressed.ddp not found, will not use a pak cache.
[2022.10.17-09.12.57:009][  0]LogDerivedDataCache: Unable to find inner node EnterprisePak for hierarchical cache Hierarchy.
[2022.10.17-09.12.57:011][  0]LogDerivedDataCache: Using Local data cache path C:/Users/chess/AppData/Local/UnrealEngine/Common/DerivedDataCache: Writable
[2022.10.17-09.12.57:011][  0]LogDerivedDataCache: Shared data cache path not found in *engine.ini, will not use an Shared cache.
[2022.10.17-09.12.57:011][  0]LogDerivedDataCache: Unable to find inner node Shared for hierarchical cache Hierarchy.
[2022.10.17-09.12.57:054][  0]LogSlate: Using FreeType 2.10.0
[2022.10.17-09.12.57:054][  0]LogSlate: SlateFontServices - WITH_FREETYPE: 1, WITH_HARFBUZZ: 1
[2022.10.17-09.12.57:076][  0]LogAssetRegistry: FAssetRegistry took 0.0032 seconds to start up
[2022.10.17-09.12.57:278][  0]LogInit: Selected Device Profile: [Windows]
[2022.10.17-09.12.57:386][  0]LogMeshReduction: Using QuadricMeshReduction for automatic static mesh reduction
[2022.10.17-09.12.57:386][  0]LogMeshReduction: Using SimplygonMeshReduction for automatic skeletal mesh reduction
[2022.10.17-09.12.57:386][  0]LogMeshReduction: Using ProxyLODMeshReduction for automatic mesh merging
[2022.10.17-09.12.57:386][  0]LogMeshReduction: No distributed automatic mesh merging module available
[2022.10.17-09.12.57:386][  0]LogMeshMerging: No distributed automatic mesh merging module available
[2022.10.17-09.12.57:400][  0]LogNetVersion: Unreal_Laika 1.0.0, NetCL: 13144385, EngineNetVer: 14, GameNetVer: 0 (Checksum: 3768831881)
[2022.10.17-09.12.57:734][  0]LogAISub: UAISubsystem::UAISubsystem AISubsystem (00000282441AC2C0), frame # 0
[2022.10.17-09.12.57:734][  0]LogAISub: UAISubsystem::UAISubsystem AIPerceptionSystem (00000282440ED1C0), frame # 0
[2022.10.17-09.12.57:735][  0]LogAISub: UAISubsystem::UAISubsystem EnvQueryManager (0000028244168800), frame # 0
[2022.10.17-09.12.57:769][  0]LogPackageLocalizationCache: Processed 19 localized package path(s) for 1 prioritized culture(s) in 0.028553 seconds
[2022.10.17-09.12.57:774][  0]LogUObjectArray: 15917 objects as part of root set at end of initial load.
[2022.10.17-09.12.57:774][  0]LogUObjectAllocator: 3965568 out of 0 bytes used by permanent object pool.
[2022.10.17-09.12.57:774][  0]LogUObjectArray: CloseDisregardForGC: 0/0 objects in disregard for GC pool
[2022.10.17-09.12.58:127][  0]LogTcpMessaging: Initializing TcpMessaging bridge
[2022.10.17-09.12.58:133][  0]LogUdpMessaging: Initializing bridge on interface 0.0.0.0:0 to multicast group 230.0.0.1:6666.
[2022.10.17-09.12.58:247][  0]SourceControl: Source control is disabled
[2022.10.17-09.12.58:247][  0]SourceControl: Source control is disabled
[2022.10.17-09.12.58:251][  0]SourceControl: Source control is disabled
[2022.10.17-09.12.58:254][  0]SourceControl: Source control is disabled
[2022.10.17-09.12.58:260][  0]SourceControl: Source control is disabled
[2022.10.17-09.12.58:505][  0]LogAndroidPermission: UAndroidPermissionCallbackProxy::GetInstance
[2022.10.17-09.12.58:526][  0]LogAudioCaptureCore: Display: No Audio Capture implementations found. Audio input will be silent.
[2022.10.17-09.12.58:527][  0]LogAudioCaptureCore: Display: No Audio Capture implementations found. Audio input will be silent.
[2022.10.17-09.12.58:574][  0]LogOcInput: OculusInput pre-init called
[2022.10.17-09.12.58:584][  0]LogWindows: Failed to load 'OVRPlugin.dll' (GetLastError=126)
[2022.10.17-09.12.58:585][  0]LogWindows: File 'OVRPlugin.dll' does not exist
[2022.10.17-09.12.58:649][  0]LogEngine: Initializing Engine...
[2022.10.17-09.12.58:650][  0]LogHMD: Failed to initialize OpenVR with code 110
[2022.10.17-09.12.58:651][  0]LogMagicLeap: Warning: VR disabled because ZI is not enabled.  To enable, in the editor, Edit -> Project Settings -> Plugins -> Magic Leap Plugin -> Enable Zero Iteration
[2022.10.17-09.12.58:651][  0]LogStats: UGameplayTagsManager::InitializeManager -  0.000 s
[2022.10.17-09.12.58:746][  0]LogInit: Initializing FReadOnlyCVARCache
[2022.10.17-09.12.58:755][  0]LogAIModule: Creating AISystem for world Untitled
[2022.10.17-09.12.58:755][  0]LogAISub: UAISubsystem::UAISubsystem EnvQueryManager (0000028246AFDC00), frame # 0
[2022.10.17-09.12.58:755][  0]LogAISub: UAISubsystem::UAISubsystem AIPerceptionSystem (0000028246B22480), frame # 0
[2022.10.17-09.12.58:775][  0]LogAudioMixer: Display: Audio Mixer Platform Settings:
[2022.10.17-09.12.58:775][  0]LogAudioMixer: Display: 	Sample Rate:						  48000
[2022.10.17-09.12.58:775][  0]LogAudioMixer: Display: 	Callback Buffer Frame Size Requested: 1024
[2022.10.17-09.12.58:775][  0]LogAudioMixer: Display: 	Callback Buffer Frame Size To Use:	  1024
[2022.10.17-09.12.58:775][  0]LogAudioMixer: Display: 	Number of buffers to queue:			  2
[2022.10.17-09.12.58:775][  0]LogAudioMixer: Display: 	Max Channels (voices):				  32
[2022.10.17-09.12.58:775][  0]LogAudioMixer: Display: 	Number of Async Source Workers:		  0
[2022.10.17-09.12.58:775][  0]LogAudio: Display: AudioDevice MaxSources: 32
[2022.10.17-09.12.58:775][  0]LogAudio: Display: Using built-in audio occlusion.
[2022.10.17-09.12.58:775][  0]LogAudioMixer: Display: Initializing audio mixer.
[2022.10.17-09.12.58:792][  0]LogAudioMixer: Display: 0: FrontLeft
[2022.10.17-09.12.58:792][  0]LogAudioMixer: Display: 1: FrontRight
[2022.10.17-09.12.58:844][  0]LogAudioMixer: Display: Using Audio Device Headset Earphone (Razer Audio Controller - Chat)
[2022.10.17-09.12.58:848][  0]LogAudioMixer: Display: Initializing Sound Submixes...
[2022.10.17-09.12.58:849][  0]LogAudioMixer: Display: Creating Master Submix 'MasterSubmixDefault'
[2022.10.17-09.12.58:850][  0]LogAudioMixer: Display: Creating Master Submix 'MasterReverbSubmixDefault'
[2022.10.17-09.12.58:851][  0]LogAudioMixer: Display: Creating Master Submix 'MasterEQSubmixDefault'
[2022.10.17-09.12.58:852][  0]LogInit: FAudioDevice initialized.
[2022.10.17-09.12.58:852][  0]LogNetVersion: Set ProjectVersion to 1.0.0.0. Version Checksum will be recalculated on next use.
[2022.10.17-09.12.58:939][  0]LogDerivedDataCache: Saved boot cache 0.09s 75MB C:/Users/chess/AppData/Local/UnrealEngine/4.25/DerivedDataCache/Boot.ddc.
[2022.10.17-09.12.58:940][  0]LogInit: Texture streaming: Enabled
[2022.10.17-09.12.58:961][  0]LogEngineSessionManager: EngineSessionManager initialized
[2022.10.17-09.12.58:961][  0]LogEngineSessionManager: EngineSessionManager sent abnormal shutdown report. Type=Debugger, SessionId={2505F7A5-47B8-CFB0-D3CE-F7B27A8DDE55}
[2022.10.17-09.12.58:962][  0]LogEditorSessionSummary: Verbose: Initializing EditorSessionSummaryWriter for editor session tracking
[2022.10.17-09.12.58:963][  0]LogEditorSessionSummary: EditorSessionSummaryWriter initialized
[2022.10.17-09.12.58:997][  0]LogInit: Transaction tracking system initialized
[2022.10.17-09.12.59:031][  0]BlueprintLog: New page: Editor Load
[2022.10.17-09.12.59:129][  0]LocalizationService: Localization service is disabled
[2022.10.17-09.12.59:306][  0]LogCook: Display: Max memory allowance for cook 16384mb min free memory 0mb
[2022.10.17-09.12.59:306][  0]LogCook: Display: Mobile HDR setting 1
[2022.10.17-09.12.59:470][  0]LogFileCache: Scanning file cache for directory 'D:/Documents/Programing/GitKraken/Unreal Laika/Unreal_Laika/Content/' took 0.00s
[2022.10.17-09.12.59:642][  0]SourceControl: Source control is disabled
[2022.10.17-09.12.59:643][  0]LogUnrealEdMisc: Loading editor; pre map load, took 5.553
[2022.10.17-09.12.59:643][  0]Cmd: MAP LOAD FILE="../../../../../../Documents/Programing/GitKraken/Unreal Laika/Unreal_Laika/Content/StarterContent/Maps/Minimal_Default.umap" TEMPLATE=0 SHOWPROGRESS=1 FEATURELEVEL=3
[2022.10.17-09.12.59:643][  0]LightingResults: New page: Lighting Build
[2022.10.17-09.12.59:646][  0]LogWorld: UWorld::CleanupWorld for Untitled, bSessionEnded=true, bCleanupResources=true
[2022.10.17-09.12.59:646][  0]LogSlate: InvalidateAllWidgets triggered.  All widgets were invalidated
[2022.10.17-09.12.59:647][  0]MapCheck: New page: Map Check
[2022.10.17-09.12.59:647][  0]LightingResults: New page: Lighting Build
[2022.10.17-09.12.59:658][  0]LogAISub: UAISubsystem::~UAISubsystem EnvQueryManager (0000028246AFDC00), frame # 0
[2022.10.17-09.12.59:658][  0]LogAISub: UAISubsystem::~UAISubsystem AIPerceptionSystem (0000028246B22480), frame # 0
[2022.10.17-09.12.59:659][  0]LogUObjectHash: Compacting FUObjectHashTables data took   0.88ms
[2022.10.17-09.12.59:750][  0]LogAIModule: Creating AISystem for world Minimal_Default
[2022.10.17-09.12.59:750][  0]LogAISub: UAISubsystem::UAISubsystem EnvQueryManager (0000028236387200), frame # 0
[2022.10.17-09.12.59:751][  0]LogAISub: UAISubsystem::UAISubsystem AIPerceptionSystem (0000028243616980), frame # 0
[2022.10.17-09.12.59:759][  0]LogEditorServer: Finished looking for orphan Actors (0.000 secs)
[2022.10.17-09.12.59:772][  0]LogUObjectHash: Compacting FUObjectHashTables data took   0.99ms
[2022.10.17-09.12.59:772][  0]Cmd: MAP CHECKDEP NOCLEARLOG
[2022.10.17-09.12.59:772][  0]MapCheck: Map check complete: 0 Error(s), 0 Warning(s), took 0.13ms to complete.
[2022.10.17-09.12.59:772][  0]LogFileHelpers: Loading map 'Minimal_Default' took 0.130
[2022.10.17-09.12.59:775][  0]LogUnrealEdMisc: Total Editor Startup Time, took 5.686
[2022.10.17-09.12.59:899][  0]LogSlate: Updating window title bar state: overlay mode, drag disabled, window buttons hidden, title bar hidden
[2022.10.17-09.12.59:906][  0]LogSlate: Updating window title bar state: overlay mode, drag disabled, window buttons hidden, title bar hidden
[2022.10.17-09.12.59:914][  0]LogSlate: Updating window title bar state: overlay mode, drag disabled, window buttons hidden, title bar hidden
[2022.10.17-09.12.59:921][  0]LogSlate: Updating window title bar state: overlay mode, drag disabled, window buttons hidden, title bar hidden
[2022.10.17-09.12.59:929][  0]LogCollectionManager: Loaded 0 collections in 0.000677 seconds
[2022.10.17-09.12.59:950][  0]LogFileCache: Scanning file cache for directory 'D:/Documents/Programing/GitKraken/Unreal Laika/Unreal_Laika/Saved/Collections/' took 0.00s
[2022.10.17-09.12.59:950][  0]LogFileCache: Scanning file cache for directory 'D:/Documents/Programing/GitKraken/Unreal Laika/Unreal_Laika/Content/Developers/Nymeria/Collections/' took 0.00s
[2022.10.17-09.12.59:950][  0]LogFileCache: Scanning file cache for directory 'D:/Documents/Programing/GitKraken/Unreal Laika/Unreal_Laika/Content/Collections/' took 0.00s
[2022.10.17-09.12.59:950][  0]LogContentBrowser: Native class hierarchy populated in 0.0110 seconds. Added 3431 classes and 823 folders.
[2022.10.17-09.12.59:954][  0]LogContentBrowser: Native class hierarchy updated for 'WidgetCarousel' in 0.0004 seconds. Added 0 classes and 0 folders.
[2022.10.17-09.13.00:328][  0]LogContentBrowser: Native class hierarchy updated for 'AddContentDialog' in 0.0003 seconds. Added 0 classes and 0 folders.
[2022.10.17-09.13.00:332][  0]LogContentBrowser: Native class hierarchy updated for 'SceneOutliner' in 0.0002 seconds. Added 2 classes and 0 folders.
[2022.10.17-09.13.00:390][  0]LogSlate: Took 0.001013 seconds to synchronously load lazily loaded font '../../../Engine/Content/Slate/Fonts/Roboto-Regular.ttf' (155K)
[2022.10.17-09.13.00:392][  0]LogSlate: Took 0.000619 seconds to synchronously load lazily loaded font '../../../Engine/Content/Slate/Fonts/Roboto-Bold.ttf' (160K)
[2022.10.17-09.13.00:397][  0]LogSlate: Took 0.000665 seconds to synchronously load lazily loaded font '../../../Engine/Content/Editor/Slate/Fonts/FontAwesome.ttf' (139K)
[2022.10.17-09.13.00:450][  0]LogRenderer: Reallocating scene render targets to support 1616x808 Format 10 NumSamples 1 (Frame:1).
[2022.10.17-09.13.00:537][  0]LogContentBrowser: Native class hierarchy updated for 'HierarchicalLODOutliner' in 0.0003 seconds. Added 0 classes and 0 folders.
[2022.10.17-09.13.00:537][  0]LogLoad: (Engine Initialization) Total time: 6.45 seconds
[2022.10.17-09.13.00:537][  0]LogLoad: (Engine Initialization) Total Blueprint compile time: 0.00 seconds
[2022.10.17-09.13.00:580][  0]LogAssetRegistry: Asset discovery search completed in 3.5044 seconds
[2022.10.17-09.13.00:583][  0]LogCollectionManager: Fixed up redirectors for 0 collections in 0.000002 seconds (updated 0 objects)
[2022.10.17-09.13.00:585][  0]LogContentStreaming: Texture pool size now 1000 MB
[2022.10.17-09.13.47:774][141]LogEditorViewport: Clicking on Actor (LMB): BP_Sky_Sphere_C (BP_Sky_Sphere)
[2022.10.17-09.14.50:617][400]LogSlate: Window 'Project Settings' being destroyed
[2022.10.17-09.14.50:621][400]LogSlate: Window 'Project Settings' being destroyed
[2022.10.17-09.14.51:952][557]LogEditorViewport: Clicking on Actor (LMB): BP_Sky_Sphere_C (BP_Sky_Sphere)
[2022.10.17-09.14.52:614][635]LogTemp: Repeating last play command: Selected Viewport
[2022.10.17-09.14.52:628][635]LogPlayLevel: PlayLevel: No blueprints needed recompiling
[2022.10.17-09.14.52:628][635]PIE: New page: PIE session: Minimal_Default (18 Oct 2022, 7:14:52 am)
[2022.10.17-09.14.52:633][635]LogOnline: OSS: Creating online subsystem instance for: NULL
[2022.10.17-09.14.52:635][635]LogOnline: OSS: TryLoadSubsystemAndSetDefault: Loaded subsystem for module [NULL]
[2022.10.17-09.14.52:636][635]LogPlayLevel: Creating play world package: /Game/StarterContent/Maps/UEDPIE_0_Minimal_Default
[2022.10.17-09.14.52:641][635]LogPlayLevel: PIE: StaticDuplicateObject took: (0.004521s)
[2022.10.17-09.14.52:642][635]LogAIModule: Creating AISystem for world Minimal_Default
[2022.10.17-09.14.52:642][635]LogAISub: UAISubsystem::UAISubsystem EnvQueryManager (000002827218A200), frame # 7635
[2022.10.17-09.14.52:642][635]LogAISub: UAISubsystem::UAISubsystem AIPerceptionSystem (0000028207356E80), frame # 7635
[2022.10.17-09.14.52:643][635]LogPlayLevel: PIE: World Init took: (0.001636s)
[2022.10.17-09.14.52:643][635]LogPlayLevel: PIE: Created PIE world by copying editor world from /Game/StarterContent/Maps/Minimal_Default.Minimal_Default to /Game/StarterContent/Maps/UEDPIE_0_Minimal_Default.Minimal_Default (0.007040s)
[2022.10.17-09.14.52:652][635]LogUObjectHash: Compacting FUObjectHashTables data took   0.56ms
[2022.10.17-09.14.52:655][635]LogAudioMixer: Display: Audio Mixer Platform Settings:
[2022.10.17-09.14.52:655][635]LogAudioMixer: Display: 	Sample Rate:						  48000
[2022.10.17-09.14.52:655][635]LogAudioMixer: Display: 	Callback Buffer Frame Size Requested: 1024
[2022.10.17-09.14.52:655][635]LogAudioMixer: Display: 	Callback Buffer Frame Size To Use:	  1024
[2022.10.17-09.14.52:655][635]LogAudioMixer: Display: 	Number of buffers to queue:			  2
[2022.10.17-09.14.52:655][635]LogAudioMixer: Display: 	Max Channels (voices):				  32
[2022.10.17-09.14.52:655][635]LogAudioMixer: Display: 	Number of Async Source Workers:		  0
[2022.10.17-09.14.52:655][635]LogAudio: Display: AudioDevice MaxSources: 32
[2022.10.17-09.14.52:655][635]LogAudio: Display: Using built-in audio occlusion.
[2022.10.17-09.14.52:656][635]LogAudioMixer: Display: Initializing audio mixer.
[2022.10.17-09.14.52:658][635]LogAudioMixer: Display: 0: FrontLeft
[2022.10.17-09.14.52:658][635]LogAudioMixer: Display: 1: FrontRight
[2022.10.17-09.14.52:675][635]LogAudioMixer: Display: Using Audio Device Headset Earphone (Razer Audio Controller - Chat)
[2022.10.17-09.14.52:675][635]LogAudioMixer: Display: Initializing Sound Submixes...
[2022.10.17-09.14.52:675][635]LogAudioMixer: Display: Creating Master Submix 'MasterSubmixDefault'
[2022.10.17-09.14.52:675][635]LogAudioMixer: Display: Creating Master Submix 'MasterReverbSubmixDefault'
[2022.10.17-09.14.52:676][635]LogAudioMixer: Display: Creating Master Submix 'MasterEQSubmixDefault'
[2022.10.17-09.14.52:685][635]LogInit: FAudioDevice initialized.
[2022.10.17-09.14.52:697][635]LogLinker: Warning: Failed to load '/Game/BP_Unreal_LaikaGameModeBase': Can't find file.
[2022.10.17-09.14.52:697][635]LogLinker: Warning: Failed to load '/Game/BP_Unreal_LaikaGameModeBase': Can't find file.
[2022.10.17-09.14.52:697][635]LogUObjectGlobals: Warning: Failed to find object 'Class /Game/BP_Unreal_LaikaGameModeBase.BP_Unreal_LaikaGameModeBase_C'
[2022.10.17-09.14.52:697][635]LogLoad: Game class is 'GameModeBase'
[2022.10.17-09.14.52:704][635]LogWorld: Bringing World /Game/StarterContent/Maps/UEDPIE_0_Minimal_Default.Minimal_Default up for play (max tick rate 0) at 2022.10.17-20.14.52
[2022.10.17-09.14.52:705][635]LogWorld: Bringing up level for play took: 0.001175
[2022.10.17-09.14.52:706][635]LogOnline: OSS: Creating online subsystem instance for: :Context_2
[2022.10.17-09.14.52:719][635]LogContentBrowser: Native class hierarchy updated for 'MovieSceneCapture' in 0.0003 seconds. Added 20 classes and 0 folders.
[2022.10.17-09.14.52:725][635]PIE: Server logged in
[2022.10.17-09.14.52:727][635]PIE: Play in editor total start time 0.104 seconds.
[2022.10.17-09.14.57:380][105]LogSlate: Updating window title bar state: overlay mode, drag disabled, window buttons hidden, title bar hidden
[2022.10.17-09.14.57:380][105]LogWorld: BeginTearingDown for /Game/StarterContent/Maps/UEDPIE_0_Minimal_Default
[2022.10.17-09.14.57:381][105]LogWorld: UWorld::CleanupWorld for Minimal_Default, bSessionEnded=true, bCleanupResources=true
[2022.10.17-09.14.57:381][105]LogSlate: InvalidateAllWidgets triggered.  All widgets were invalidated
[2022.10.17-09.14.57:394][105]LogPlayLevel: Display: Shutting down PIE online subsystems
[2022.10.17-09.14.57:396][105]LogSlate: InvalidateAllWidgets triggered.  All widgets were invalidated
[2022.10.17-09.14.57:426][105]LogSlate: Updating window title bar state: overlay mode, drag disabled, window buttons hidden, title bar hidden
[2022.10.17-09.14.57:430][105]LogAISub: UAISubsystem::~UAISubsystem EnvQueryManager (000002827218A200), frame # 8105
[2022.10.17-09.14.57:430][105]LogAISub: UAISubsystem::~UAISubsystem AIPerceptionSystem (0000028207356E80), frame # 8105
[2022.10.17-09.14.57:432][105]LogUObjectHash: Compacting FUObjectHashTables data took   0.56ms
[2022.10.17-09.14.57:451][106]LogPlayLevel: Display: Destroying online subsystem :Context_2
[2022.10.17-09.14.58:469][228]LogEditorViewport: Clicking on Actor (LMB): BP_Sky_Sphere_C (BP_Sky_Sphere)
[2022.10.17-09.15.09:086][488]LogSlate: Took 0.000684 seconds to synchronously load lazily loaded font '../../../Engine/Content/Slate/Fonts/Roboto-Light.ttf' (167K)
[2022.10.17-09.15.09:099][488]LogAssetEditorSubsystem: Opening Asset editor for Blueprint /Game/GameState/BP_Unreal_LaikaGameModeBase.BP_Unreal_LaikaGameModeBase
[2022.10.17-09.15.09:464][488]LogContentBrowser: Native class hierarchy updated for 'BlueprintGraph' in 0.0005 seconds. Added 125 classes and 0 folders.
[2022.10.17-09.15.14:872][ 39]LogSlate: Window 'BP_Unreal_LaikaGameModeBase' being destroyed
[2022.10.17-09.15.14:875][ 39]LogSlate: Window 'BP_Unreal_LaikaGameModeBase' being destroyed
[2022.10.17-09.15.14:886][ 39]LogWorld: UWorld::CleanupWorld for World_1, bSessionEnded=true, bCleanupResources=true
[2022.10.17-09.15.14:886][ 39]LogSlate: InvalidateAllWidgets triggered.  All widgets were invalidated
[2022.10.17-09.15.30:052][754]LogSlate: Window 'Project Settings' being destroyed
[2022.10.17-09.15.30:055][754]LogSlate: Window 'Project Settings' being destroyed
[2022.10.17-09.15.30:375][790]LogEditorViewport: Clicking on Actor (LMB): BP_Sky_Sphere_C (BP_Sky_Sphere)
[2022.10.17-09.15.31:506][923]LogTemp: Repeating last play command: Selected Viewport
[2022.10.17-09.15.31:515][923]LogPlayLevel: PlayLevel: No blueprints needed recompiling
[2022.10.17-09.15.31:515][923]PIE: New page: PIE session: Minimal_Default (18 Oct 2022, 7:15:31 am)
[2022.10.17-09.15.31:515][923]LogPlayLevel: Creating play world package: /Game/StarterContent/Maps/UEDPIE_0_Minimal_Default
[2022.10.17-09.15.31:518][923]LogPlayLevel: PIE: StaticDuplicateObject took: (0.002383s)
[2022.10.17-09.15.31:519][923]LogAIModule: Creating AISystem for world Minimal_Default
[2022.10.17-09.15.31:519][923]LogAISub: UAISubsystem::UAISubsystem EnvQueryManager (0000028270926E00), frame # 11923
[2022.10.17-09.15.31:519][923]LogAISub: UAISubsystem::UAISubsystem AIPerceptionSystem (00000282752A07C0), frame # 11923
[2022.10.17-09.15.31:519][923]LogPlayLevel: PIE: World Init took: (0.001144s)
[2022.10.17-09.15.31:519][923]LogPlayLevel: PIE: Created PIE world by copying editor world from /Game/StarterContent/Maps/Minimal_Default.Minimal_Default to /Game/StarterContent/Maps/UEDPIE_0_Minimal_Default.Minimal_Default (0.003734s)
[2022.10.17-09.15.31:537][923]LogUObjectHash: Compacting FUObjectHashTables data took   1.72ms
[2022.10.17-09.15.31:541][923]LogAudioMixer: Display: Audio Mixer Platform Settings:
[2022.10.17-09.15.31:541][923]LogAudioMixer: Display: 	Sample Rate:						  48000
[2022.10.17-09.15.31:541][923]LogAudioMixer: Display: 	Callback Buffer Frame Size Requested: 1024
[2022.10.17-09.15.31:541][923]LogAudioMixer: Display: 	Callback Buffer Frame Size To Use:	  1024
[2022.10.17-09.15.31:542][923]LogAudioMixer: Display: 	Number of buffers to queue:			  2
[2022.10.17-09.15.31:542][923]LogAudioMixer: Display: 	Max Channels (voices):				  32
[2022.10.17-09.15.31:542][923]LogAudioMixer: Display: 	Number of Async Source Workers:		  0
[2022.10.17-09.15.31:542][923]LogAudio: Display: AudioDevice MaxSources: 32
[2022.10.17-09.15.31:542][923]LogAudio: Display: Using built-in audio occlusion.
[2022.10.17-09.15.31:542][923]LogAudioMixer: Display: Initializing audio mixer.
[2022.10.17-09.15.31:545][923]LogAudioMixer: Display: 0: FrontLeft
[2022.10.17-09.15.31:545][923]LogAudioMixer: Display: 1: FrontRight
[2022.10.17-09.15.31:564][923]LogAudioMixer: Display: Using Audio Device Headset Earphone (Razer Audio Controller - Chat)
[2022.10.17-09.15.31:564][923]LogAudioMixer: Display: Initializing Sound Submixes...
[2022.10.17-09.15.31:564][923]LogAudioMixer: Display: Creating Master Submix 'MasterSubmixDefault'
[2022.10.17-09.15.31:565][923]LogAudioMixer: Display: Creating Master Submix 'MasterReverbSubmixDefault'
[2022.10.17-09.15.31:565][923]LogAudioMixer: Display: Creating Master Submix 'MasterEQSubmixDefault'
[2022.10.17-09.15.31:575][923]LogInit: FAudioDevice initialized.
[2022.10.17-09.15.31:582][923]LogLoad: Game class is 'BP_Unreal_LaikaGameModeBase_C'
[2022.10.17-09.15.31:583][923]LogWorld: Bringing World /Game/StarterContent/Maps/UEDPIE_0_Minimal_Default.Minimal_Default up for play (max tick rate 0) at 2022.10.17-20.15.31
[2022.10.17-09.15.31:583][923]LogWorld: Bringing up level for play took: 0.000473
[2022.10.17-09.15.31:583][923]LogOnline: OSS: Creating online subsystem instance for: :Context_4
[2022.10.17-09.15.31:585][923]PIE: Server logged in
[2022.10.17-09.15.31:586][923]PIE: Play in editor total start time 0.071 seconds.
[2022.10.17-09.15.51:368][ 54]LogSlate: Updating window title bar state: overlay mode, drag disabled, window buttons hidden, title bar hidden
[2022.10.17-09.15.51:368][ 54]LogWorld: BeginTearingDown for /Game/StarterContent/Maps/UEDPIE_0_Minimal_Default
[2022.10.17-09.15.51:368][ 54]LogWorld: UWorld::CleanupWorld for Minimal_Default, bSessionEnded=true, bCleanupResources=true
[2022.10.17-09.15.51:368][ 54]LogSlate: InvalidateAllWidgets triggered.  All widgets were invalidated
[2022.10.17-09.15.51:374][ 54]LogPlayLevel: Display: Shutting down PIE online subsystems
[2022.10.17-09.15.51:376][ 54]LogSlate: InvalidateAllWidgets triggered.  All widgets were invalidated
[2022.10.17-09.15.51:405][ 54]LogSlate: Updating window title bar state: overlay mode, drag disabled, window buttons hidden, title bar hidden
[2022.10.17-09.15.51:406][ 54]LogAISub: UAISubsystem::~UAISubsystem EnvQueryManager (0000028270926E00), frame # 14054
[2022.10.17-09.15.51:406][ 54]LogAISub: UAISubsystem::~UAISubsystem AIPerceptionSystem (00000282752A07C0), frame # 14054
[2022.10.17-09.15.51:407][ 54]LogUObjectHash: Compacting FUObjectHashTables data took   1.48ms
[2022.10.17-09.15.51:428][ 55]LogPlayLevel: Display: Destroying online subsystem :Context_4
[2022.10.17-09.16.01:459][251]LogAssetEditorSubsystem: Opening Asset editor for Blueprint /Game/Player/BP_Player.BP_Player
[2022.10.17-09.16.02:747][361]LogSlate: Window 'BP_Player' being destroyed
[2022.10.17-09.16.02:752][361]LogWorld: UWorld::CleanupWorld for World_4, bSessionEnded=true, bCleanupResources=true
[2022.10.17-09.16.02:752][361]LogSlate: InvalidateAllWidgets triggered.  All widgets were invalidated
[2022.10.17-09.16.02:794][361]LogAssetEditorSubsystem: Opening Asset editor for Blueprint /Game/Player/BP_Player.BP_Player
[2022.10.17-09.16.03:093][361]LogSlate: Took 0.000431 seconds to synchronously load lazily loaded font '../../../Engine/Content/Slate/Fonts/Roboto-BoldCondensed.ttf' (158K)
[2022.10.17-09.16.05:451][630]BlueprintLog: New page: Compile BP_Player
[2022.10.17-09.16.05:485][630]LogUObjectHash: Compacting FUObjectHashTables data took   1.62ms
[2022.10.17-09.16.05:902][672]Cmd: OBJ SAVEPACKAGE PACKAGE="/Game/Player/BP_Player" FILE="../../../../../../Documents/Programing/GitKraken/Unreal Laika/Unreal_Laika/Content/Player/BP_Player.uasset" SILENT=true
[2022.10.17-09.16.05:913][672]LogSavePackage: Moving '../../../../../../Documents/Programing/GitKraken/Unreal Laika/Unreal_Laika/Saved/BP_Player1125A9474515E60376427F9A5E9713EA.tmp' to '../../../../../../Documents/Programing/GitKraken/Unreal Laika/Unreal_Laika/Content/Player/BP_Player.uasset'
[2022.10.17-09.16.05:921][672]AssetCheck: New page: Asset Save: BP_Player
[2022.10.17-09.16.05:921][672]LogContentValidation: Display: Validating Blueprint /Game/Player/BP_Player.BP_Player
[2022.10.17-09.16.06:299][714]LogSlate: Took 0.004890 seconds to synchronously load lazily loaded font '../../../Engine/Content/Slate/Fonts/Roboto-Italic.ttf' (157K)
[2022.10.17-09.16.07:534][857]LogSlate: Window 'BP_Player' being destroyed
[2022.10.17-09.16.07:539][857]LogWorld: UWorld::CleanupWorld for World_5, bSessionEnded=true, bCleanupResources=true
[2022.10.17-09.16.07:539][857]LogSlate: InvalidateAllWidgets triggered.  All widgets were invalidated
[2022.10.17-09.16.09:077][ 33]LogTemp: Repeating last play command: Selected Viewport
[2022.10.17-09.16.09:086][ 33]LogPlayLevel: PlayLevel: No blueprints needed recompiling
[2022.10.17-09.16.09:086][ 33]PIE: New page: PIE session: Minimal_Default (18 Oct 2022, 7:16:09 am)
[2022.10.17-09.16.09:086][ 33]LogPlayLevel: Creating play world package: /Game/StarterContent/Maps/UEDPIE_0_Minimal_Default
[2022.10.17-09.16.09:089][ 33]LogPlayLevel: PIE: StaticDuplicateObject took: (0.002418s)
[2022.10.17-09.16.09:090][ 33]LogAIModule: Creating AISystem for world Minimal_Default
[2022.10.17-09.16.09:090][ 33]LogAISub: UAISubsystem::UAISubsystem EnvQueryManager (000002826C593C00), frame # 16033
[2022.10.17-09.16.09:090][ 33]LogAISub: UAISubsystem::UAISubsystem AIPerceptionSystem (000002829CCA1800), frame # 16033
[2022.10.17-09.16.09:090][ 33]LogPlayLevel: PIE: World Init took: (0.001023s)
[2022.10.17-09.16.09:090][ 33]LogPlayLevel: PIE: Created PIE world by copying editor world from /Game/StarterContent/Maps/Minimal_Default.Minimal_Default to /Game/StarterContent/Maps/UEDPIE_0_Minimal_Default.Minimal_Default (0.003699s)
[2022.10.17-09.16.09:107][ 33]LogUObjectHash: Compacting FUObjectHashTables data took   1.75ms
[2022.10.17-09.16.09:108][ 33]LogAudioMixer: Display: Audio Mixer Platform Settings:
[2022.10.17-09.16.09:108][ 33]LogAudioMixer: Display: 	Sample Rate:						  48000
[2022.10.17-09.16.09:108][ 33]LogAudioMixer: Display: 	Callback Buffer Frame Size Requested: 1024
[2022.10.17-09.16.09:108][ 33]LogAudioMixer: Display: 	Callback Buffer Frame Size To Use:	  1024
[2022.10.17-09.16.09:108][ 33]LogAudioMixer: Display: 	Number of buffers to queue:			  2
[2022.10.17-09.16.09:109][ 33]LogAudioMixer: Display: 	Max Channels (voices):				  32
[2022.10.17-09.16.09:109][ 33]LogAudioMixer: Display: 	Number of Async Source Workers:		  0
[2022.10.17-09.16.09:109][ 33]LogAudio: Display: AudioDevice MaxSources: 32
[2022.10.17-09.16.09:109][ 33]LogAudio: Display: Using built-in audio occlusion.
[2022.10.17-09.16.09:109][ 33]LogAudioMixer: Display: Initializing audio mixer.
[2022.10.17-09.16.09:111][ 33]LogAudioMixer: Display: 0: FrontLeft
[2022.10.17-09.16.09:111][ 33]LogAudioMixer: Display: 1: FrontRight
[2022.10.17-09.16.09:130][ 33]LogAudioMixer: Display: Using Audio Device Headset Earphone (Razer Audio Controller - Chat)
[2022.10.17-09.16.09:130][ 33]LogAudioMixer: Display: Initializing Sound Submixes...
[2022.10.17-09.16.09:130][ 33]LogAudioMixer: Display: Creating Master Submix 'MasterSubmixDefault'
[2022.10.17-09.16.09:130][ 33]LogAudioMixer: Display: Creating Master Submix 'MasterReverbSubmixDefault'
[2022.10.17-09.16.09:130][ 33]LogAudioMixer: Display: Creating Master Submix 'MasterEQSubmixDefault'
[2022.10.17-09.16.09:140][ 33]LogInit: FAudioDevice initialized.
[2022.10.17-09.16.09:147][ 33]LogLoad: Game class is 'BP_Unreal_LaikaGameModeBase_C'
[2022.10.17-09.16.09:148][ 33]LogWorld: Bringing World /Game/StarterContent/Maps/UEDPIE_0_Minimal_Default.Minimal_Default up for play (max tick rate 0) at 2022.10.17-20.16.09
[2022.10.17-09.16.09:148][ 33]LogWorld: Bringing up level for play took: 0.000530
[2022.10.17-09.16.09:148][ 33]LogOnline: OSS: Creating online subsystem instance for: :Context_9
[2022.10.17-09.16.09:150][ 33]PIE: Server logged in
[2022.10.17-09.16.09:151][ 33]PIE: Play in editor total start time 0.065 seconds.
[2022.10.17-09.16.12:048][294]LogSlate: Updating window title bar state: overlay mode, drag disabled, window buttons hidden, title bar hidden
[2022.10.17-09.16.12:048][294]LogWorld: BeginTearingDown for /Game/StarterContent/Maps/UEDPIE_0_Minimal_Default
[2022.10.17-09.16.12:048][294]LogWorld: UWorld::CleanupWorld for Minimal_Default, bSessionEnded=true, bCleanupResources=true
[2022.10.17-09.16.12:049][294]LogSlate: InvalidateAllWidgets triggered.  All widgets were invalidated
[2022.10.17-09.16.12:055][294]LogPlayLevel: Display: Shutting down PIE online subsystems
[2022.10.17-09.16.12:057][294]LogSlate: InvalidateAllWidgets triggered.  All widgets were invalidated
[2022.10.17-09.16.12:086][294]LogSlate: Updating window title bar state: overlay mode, drag disabled, window buttons hidden, title bar hidden
[2022.10.17-09.16.12:087][294]LogAISub: UAISubsystem::~UAISubsystem AIPerceptionSystem (000002829CCA1800), frame # 16294
[2022.10.17-09.16.12:087][294]LogAISub: UAISubsystem::~UAISubsystem EnvQueryManager (000002826C593C00), frame # 16294
[2022.10.17-09.16.12:089][294]LogUObjectHash: Compacting FUObjectHashTables data took   1.48ms
[2022.10.17-09.16.12:112][295]LogPlayLevel: Display: Destroying online subsystem :Context_9
[2022.10.17-09.17.21:919][871]LogSlate: Window 'Project Settings' being destroyed
[2022.10.17-09.17.21:923][871]LogSlate: Window 'Project Settings' being destroyed
[2022.10.17-09.17.28:543][406]LogUObjectHash: Compacting FUObjectHashTables data took   1.43ms
[2022.10.17-09.17.28:559][406]LogSavePackage: Moving '../../../../../../Documents/Programing/GitKraken/Unreal Laika/Unreal_Laika/Saved/Minimal_Default405D95114FE4F124BEC371A8236310B3.tmp' to '../../../../../../Documents/Programing/GitKraken/Unreal Laika/Unreal_Laika/Content/StarterContent/Maps/Minimal_Default.umap'
[2022.10.17-09.17.28:609][406]LogSavePackage: Moving '../../../../../../Documents/Programing/GitKraken/Unreal Laika/Unreal_Laika/Saved/Minimal_Default_BuiltData0BFBE4A34C588C0172B45F90B4207BC3.tmp' to '../../../../../../Documents/Programing/GitKraken/Unreal Laika/Unreal_Laika/Content/StarterContent/Maps/Minimal_Default_BuiltData.uasset'
[2022.10.17-09.17.28:621][406]AssetCheck: New page: Asset Save: multiple assets
[2022.10.17-09.17.28:621][406]LogContentValidation: Display: Validating World /Game/StarterContent/Maps/Minimal_Default.Minimal_Default
[2022.10.17-09.17.28:621][406]LogContentValidation: Display: Validating MapBuildDataRegistry /Game/StarterContent/Maps/Minimal_Default_BuiltData.Minimal_Default_BuiltData
[2022.10.17-09.17.29:170][468]LogUObjectHash: Compacting FUObjectHashTables data took   0.40ms
[2022.10.17-09.17.29:211][468]LogSlate: Window 'Unreal_Laika - Unreal Editor' being destroyed
[2022.10.17-09.17.29:320][469]Cmd: QUIT_EDITOR
[2022.10.17-09.17.29:320][469]LogCore: Engine exit requested (reason: UUnrealEdEngine::CloseEditor())
[2022.10.17-09.17.29:328][469]LogCore: Engine exit requested (reason: EngineExit() was called; note: exit was already requested)
[2022.10.17-09.17.30:072][469]LogWindowsTextInputMethodSystem: Display: IME system now deactivated.
[2022.10.17-09.17.30:080][469]LogExit: Preparing to exit.
