Log file open, 10/16/22 23:20:38
LogInit: Display: Running engine for game: Unreal_Laika
LogPlatformFile: Not using cached read wrapper
LogTaskGraph: Started task graph with 5 named threads and 35 total threads with 3 sets of task threads.
LogStats: Stats thread started at 0.236242
LogD3D11RHI: Loaded GFSDK_Aftermath_Lib.x64.dll
LogICUInternationalization: ICU TimeZone Detection - Raw Offset: +10:00, Platform Override: ''
LogPluginManager: Mounting plugin Paper2D
LogPluginManager: Mounting plugin AISupport
LogPluginManager: Mounting plugin LightPropagationVolume
LogPluginManager: Mounting plugin CameraShakePreviewer
LogPluginManager: Mounting plugin ActorLayerUtilities
LogPluginManager: Mounting plugin AnimationSharing
LogPluginManager: Mounting plugin CLionSourceCodeAccess
LogPluginManager: Mounting plugin CodeLiteSourceCodeAccess
LogPluginManager: Mounting plugin GitSourceControl
LogPluginManager: Mounting plugin KDevelopSourceCodeAccess
LogPluginManager: Mounting plugin NullSourceCodeAccess
LogPluginManager: Mounting plugin PerforceSourceControl
LogPluginManager: Mounting plugin PlasticSourceControl
LogPluginManager: Mounting plugin RiderSourceCodeAccess
LogPluginManager: Mounting plugin SubversionSourceControl
LogPluginManager: Mounting plugin UObjectPlugin
LogPluginManager: Mounting plugin VisualStudioCodeSourceCodeAccess
LogPluginManager: Mounting plugin VisualStudioSourceCodeAccess
LogPluginManager: Mounting plugin XCodeSourceCodeAccess
LogPluginManager: Mounting plugin AssetManagerEditor
LogPluginManager: Mounting plugin CryptoKeys
LogPluginManager: Mounting plugin CurveEditorTools
LogPluginManager: Mounting plugin DataValidation
LogPluginManager: Mounting plugin EditorScriptingUtilities
LogPluginManager: Mounting plugin FacialAnimation
LogPluginManager: Mounting plugin GameplayTagsEditor
LogPluginManager: Mounting plugin GeometryMode
LogPluginManager: Mounting plugin MacGraphicsSwitching
LogPluginManager: Mounting plugin MaterialAnalyzer
LogPluginManager: Mounting plugin MobileLauncherProfileWizard
LogPluginManager: Mounting plugin PluginBrowser
LogPluginManager: Mounting plugin SpeedTreeImporter
LogPluginManager: Mounting plugin DatasmithContent
LogPluginManager: Mounting plugin VariantManagerContent
LogPluginManager: Mounting plugin AlembicImporter
LogPluginManager: Mounting plugin AutomationUtils
LogPluginManager: Mounting plugin BackChannel
LogPluginManager: Mounting plugin ChaosCloth
LogPluginManager: Mounting plugin ChaosClothEditor
LogPluginManager: Mounting plugin ChaosEditor
LogPluginManager: Mounting plugin ChaosNiagara
LogPluginManager: Mounting plugin ChaosSolverPlugin
LogPluginManager: Mounting plugin CharacterAI
LogPluginManager: Mounting plugin GeometryCache
LogPluginManager: Mounting plugin GeometryCollectionPlugin
LogPluginManager: Mounting plugin GeometryProcessing
LogPluginManager: Mounting plugin PlanarCut
LogPluginManager: Mounting plugin PlatformCrypto
LogPluginManager: Mounting plugin ProxyLODPlugin
LogPluginManager: Mounting plugin SkeletalReduction
LogPluginManager: Mounting plugin Niagara
LogPluginManager: Mounting plugin MagicLeap
LogPluginManager: Mounting plugin MagicLeapLightEstimation
LogPluginManager: Mounting plugin MagicLeapMedia
LogPluginManager: Mounting plugin MagicLeapPassableWorld
LogPluginManager: Mounting plugin MLSDK
LogPluginManager: Mounting plugin AndroidMedia
LogPluginManager: Mounting plugin AvfMedia
LogPluginManager: Mounting plugin ImgMedia
LogPluginManager: Mounting plugin MediaCompositing
LogPluginManager: Mounting plugin MediaPlayerEditor
LogPluginManager: Mounting plugin WebMMedia
LogPluginManager: Mounting plugin WmfMedia
LogPluginManager: Mounting plugin MeshPainting
LogPluginManager: Mounting plugin TcpMessaging
LogPluginManager: Mounting plugin UdpMessaging
LogPluginManager: Mounting plugin ActorSequence
LogPluginManager: Mounting plugin LevelSequenceEditor
LogPluginManager: Mounting plugin MatineeToLevelSequence
LogPluginManager: Mounting plugin MovieRenderPipeline
LogPluginManager: Mounting plugin TemplateSequence
LogPluginManager: Mounting plugin NetcodeUnitTest
LogPluginManager: Mounting plugin NUTUnrealEngine4
LogPluginManager: Mounting plugin OnlineSubsystemGooglePlay
LogPluginManager: Mounting plugin OnlineSubsystemIOS
LogPluginManager: Mounting plugin OnlineSubsystem
LogPluginManager: Mounting plugin OnlineSubsystemNull
LogPluginManager: Mounting plugin OnlineSubsystemUtils
LogPluginManager: Mounting plugin LauncherChunkInstaller
LogPluginManager: Mounting plugin AndroidDeviceProfileSelector
LogPluginManager: Mounting plugin AndroidMoviePlayer
LogPluginManager: Mounting plugin AndroidPermission
LogPluginManager: Mounting plugin AppleImageUtils
LogPluginManager: Mounting plugin AppleMoviePlayer
LogPluginManager: Mounting plugin ArchVisCharacter
LogPluginManager: Mounting plugin AssetTags
LogPluginManager: Mounting plugin AudioCapture
LogPluginManager: Mounting plugin CableComponent
LogPluginManager: Mounting plugin CustomMeshComponent
LogPluginManager: Mounting plugin EditableMesh
LogPluginManager: Mounting plugin ExampleDeviceProfileSelector
LogPluginManager: Mounting plugin GoogleCloudMessaging
LogPluginManager: Mounting plugin GooglePAD
LogPluginManager: Mounting plugin IOSDeviceProfileSelector
LogPluginManager: Mounting plugin LinuxDeviceProfileSelector
LogPluginManager: Mounting plugin LocationServicesBPLibrary
LogPluginManager: Mounting plugin MobilePatchingUtils
LogPluginManager: Mounting plugin OculusVR
LogPluginManager: Mounting plugin PhysXVehicles
LogPluginManager: Mounting plugin PostSplashScreen
LogPluginManager: Mounting plugin ProceduralMeshComponent
LogPluginManager: Mounting plugin RuntimePhysXCooking
LogPluginManager: Mounting plugin SignificanceManager
LogPluginManager: Mounting plugin SoundFields
LogPluginManager: Mounting plugin SteamVR
LogPluginManager: Mounting plugin Synthesis
LogPluginManager: Mounting plugin WebMMoviePlayer
LogPluginManager: Mounting plugin WindowsMoviePlayer
LogPluginManager: Mounting plugin ScreenshotTools
LogInit: Using libcurl 7.55.1-DEV
LogInit:  - built for x86_64-pc-win32
LogInit:  - supports SSL with OpenSSL/1.1.1
LogInit:  - supports HTTP deflate (compression) using libz 1.2.8
LogInit:  - other features:
LogInit:      CURL_VERSION_SSL
LogInit:      CURL_VERSION_LIBZ
LogInit:      CURL_VERSION_IPV6
LogInit:      CURL_VERSION_ASYNCHDNS
LogInit:      CURL_VERSION_LARGEFILE
LogInit:      CURL_VERSION_IDN
LogInit:  CurlRequestOptions (configurable via config and command line):
LogInit:  - bVerifyPeer = true  - Libcurl will verify peer certificate
LogInit:  - bUseHttpProxy = false  - Libcurl will NOT use HTTP proxy
LogInit:  - bDontReuseConnections = false  - Libcurl will reuse connections
LogInit:  - MaxHostConnections = 16  - Libcurl will limit the number of connections to a host
LogInit:  - LocalHostAddr = Default
LogInit:  - BufferSize = 65536
LogOnline: OSS: Creating online subsystem instance for: NULL
LogInit: WinSock: version 1.1 (2.2), MaxSocks=32767, MaxUdp=65467
LogOnline: OSS: TryLoadSubsystemAndSetDefault: Loaded subsystem for module [NULL]
LogInit: Build: ++UE4+Release-4.25-CL-14469661
LogInit: Engine Version: 4.25.4-14469661+++UE4+Release-4.25
LogInit: Compatible Engine Version: 4.25.0-13144385+++UE4+Release-4.25
LogInit: Net CL: 13144385
LogInit: OS: Windows 10 (Release 2009) (), CPU: AMD Ryzen 5 3600X 6-Core Processor             , GPU: NVIDIA GeForce RTX 3070 Ti
LogInit: Compiled (64-bit): Oct 11 2020 08:10:49
LogInit: Compiled with Visual C++: 19.24.28315.00
LogInit: Build Configuration: Development
LogInit: Branch Name: ++UE4+Release-4.25
LogInit: Command Line:  -skipcompile
LogInit: Base Directory: D:/Program Files/Epic Games/UE_4.25/Engine/Binaries/Win64/
LogInit: Allocator: TBB
LogInit: Installed Engine Build: 1
LogDevObjectVersion: Number of dev versions registered: 26
LogDevObjectVersion:   Dev-Blueprints (B0D832E4-1F89-4F0D-ACCF-7EB736FD4AA2): 10
LogDevObjectVersion:   Dev-Build (E1C64328-A22C-4D53-A36C-8E866417BD8C): 0
LogDevObjectVersion:   Dev-Core (375EC13C-06E4-48FB-B500-84F0262A717E): 4
LogDevObjectVersion:   Dev-Editor (E4B068ED-F494-42E9-A231-DA0B2E46BB41): 38
LogDevObjectVersion:   Dev-Framework (CFFC743F-43B0-4480-9391-14DF171D2073): 37
LogDevObjectVersion:   Dev-Mobile (B02B49B5-BB20-44E9-A304-32B752E40360): 2
LogDevObjectVersion:   Dev-Networking (A4E4105C-59A1-49B5-A7C5-40C4547EDFEE): 0
LogDevObjectVersion:   Dev-Online (39C831C9-5AE6-47DC-9A44-9C173E1C8E7C): 0
LogDevObjectVersion:   Dev-Physics (78F01B33-EBEA-4F98-B9B4-84EACCB95AA2): 4
LogDevObjectVersion:   Dev-Platform (6631380F-2D4D-43E0-8009-CF276956A95A): 0
LogDevObjectVersion:   Dev-Rendering (12F88B9F-8875-4AFC-A67C-D90C383ABD29): 43
LogDevObjectVersion:   Dev-Sequencer (7B5AE74C-D270-4C10-A958-57980B212A5A): 12
LogDevObjectVersion:   Dev-VR (D7296918-1DD6-4BDD-9DE2-64A83CC13884): 3
LogDevObjectVersion:   Dev-LoadTimes (C2A15278-BFE7-4AFE-6C17-90FF531DF755): 1
LogDevObjectVersion:   Private-Geometry (6EACA3D4-40EC-4CC1-B786-8BED09428FC5): 3
LogDevObjectVersion:   Dev-AnimPhys (29E575DD-E0A3-4627-9D10-D276232CDCEA): 17
LogDevObjectVersion:   Dev-Anim (AF43A65D-7FD3-4947-9873-3E8ED9C1BB05): 7
LogDevObjectVersion:   Dev-ReflectionCapture (6B266CEC-1EC7-4B8F-A30B-E4D90942FC07): 1
LogDevObjectVersion:   Dev-Automation (0DF73D61-A23F-47EA-B727-89E90C41499A): 1
LogDevObjectVersion:   FortniteMain (601D1886-AC64-4F84-AA16-D3DE0DEAC7D6): 31
LogDevObjectVersion:   Dev-Enterprise (9DFFBCD6-494F-0158-E221-12823C92A888): 10
LogDevObjectVersion:   Dev-Niagara (F2AED0AC-9AFE-416F-8664-AA7FFA26D6FC): 1
LogDevObjectVersion:   Dev-Destruction (174F1F0B-B4C6-45A5-B13F-2EE8D0FB917D): 10
LogDevObjectVersion:   Dev-Physics-Ext (35F94A83-E258-406C-A318-09F59610247C): 37
LogDevObjectVersion:   Dev-PhysicsMaterial-Chaos (B68FC16E-8B1B-42E2-B453-215C058844FE): 1
LogDevObjectVersion:   Dev-CineCamera (B2E18506-4273-CFC2-A54E-F4BB758BBA07): 1
LogInit: Presizing for max 25165824 objects, including 0 objects not considered by GC, pre-allocating 0 bytes for permanent pool.
LogConfig: Applying CVar settings from Section [/Script/Engine.StreamingSettings] File [D:/Documents/Programing/GitKraken/Unreal Laika/Unreal_Laika/Saved/Config/Windows/Engine.ini]
LogConfig: Setting CVar [[s.MinBulkDataSizeForAsyncLoading:131072]]
LogConfig: Setting CVar [[s.AsyncLoadingThreadEnabled:0]]
LogConfig: Setting CVar [[s.EventDrivenLoaderEnabled:1]]
LogConfig: Setting CVar [[s.WarnIfTimeLimitExceeded:0]]
LogConfig: Setting CVar [[s.TimeLimitExceededMultiplier:1.5]]
LogConfig: Setting CVar [[s.TimeLimitExceededMinTime:0.005]]
LogConfig: Setting CVar [[s.UseBackgroundLevelStreaming:1]]
LogConfig: Setting CVar [[s.PriorityAsyncLoadingExtraTime:15.0]]
LogConfig: Setting CVar [[s.LevelStreamingActorsUpdateTimeLimit:5.0]]
LogConfig: Setting CVar [[s.PriorityLevelStreamingActorsUpdateExtraTime:5.0]]
LogConfig: Setting CVar [[s.LevelStreamingComponentsRegistrationGranularity:10]]
LogConfig: Setting CVar [[s.UnregisterComponentsTimeLimit:1.0]]
LogConfig: Setting CVar [[s.LevelStreamingComponentsUnregistrationGranularity:5]]
LogConfig: Setting CVar [[s.FlushStreamingOnExit:1]]
LogInit: Object subsystem initialized
LogConfig: Setting CVar [[con.DebugEarlyDefault:1]]
LogConfig: Setting CVar [[r.setres:1280x720]]
[2022.10.16-12.20.38:529][  0]LogConfig: Setting CVar [[r.VSync:0]]
[2022.10.16-12.20.38:529][  0]LogConfig: Setting CVar [[r.RHICmdBypass:0]]
[2022.10.16-12.20.38:529][  0]LogConfig: Applying CVar settings from Section [/Script/Engine.RendererSettings] File [D:/Documents/Programing/GitKraken/Unreal Laika/Unreal_Laika/Saved/Config/Windows/Engine.ini]
[2022.10.16-12.20.38:529][  0]LogConfig: Setting CVar [[r.GPUCrashDebugging:0]]
[2022.10.16-12.20.38:529][  0]LogConfig: Applying CVar settings from Section [/Script/Engine.RendererOverrideSettings] File [D:/Documents/Programing/GitKraken/Unreal Laika/Unreal_Laika/Saved/Config/Windows/Engine.ini]
[2022.10.16-12.20.38:529][  0]LogConfig: Applying CVar settings from Section [/Script/Engine.StreamingSettings] File [D:/Documents/Programing/GitKraken/Unreal Laika/Unreal_Laika/Saved/Config/Windows/Engine.ini]
[2022.10.16-12.20.38:529][  0]LogConfig: Setting CVar [[s.MinBulkDataSizeForAsyncLoading:131072]]
[2022.10.16-12.20.38:529][  0]LogConfig: Setting CVar [[s.AsyncLoadingThreadEnabled:0]]
[2022.10.16-12.20.38:529][  0]LogConfig: Setting CVar [[s.EventDrivenLoaderEnabled:1]]
[2022.10.16-12.20.38:529][  0]LogConfig: Setting CVar [[s.WarnIfTimeLimitExceeded:0]]
[2022.10.16-12.20.38:529][  0]LogConfig: Setting CVar [[s.TimeLimitExceededMultiplier:1.5]]
[2022.10.16-12.20.38:529][  0]LogConfig: Setting CVar [[s.TimeLimitExceededMinTime:0.005]]
[2022.10.16-12.20.38:529][  0]LogConfig: Setting CVar [[s.UseBackgroundLevelStreaming:1]]
[2022.10.16-12.20.38:529][  0]LogConfig: Setting CVar [[s.PriorityAsyncLoadingExtraTime:15.0]]
[2022.10.16-12.20.38:529][  0]LogConfig: Setting CVar [[s.LevelStreamingActorsUpdateTimeLimit:5.0]]
[2022.10.16-12.20.38:529][  0]LogConfig: Setting CVar [[s.PriorityLevelStreamingActorsUpdateExtraTime:5.0]]
[2022.10.16-12.20.38:530][  0]LogConfig: Setting CVar [[s.LevelStreamingComponentsRegistrationGranularity:10]]
[2022.10.16-12.20.38:530][  0]LogConfig: Setting CVar [[s.UnregisterComponentsTimeLimit:1.0]]
[2022.10.16-12.20.38:530][  0]LogConfig: Setting CVar [[s.LevelStreamingComponentsUnregistrationGranularity:5]]
[2022.10.16-12.20.38:530][  0]LogConfig: Setting CVar [[s.FlushStreamingOnExit:1]]
[2022.10.16-12.20.38:530][  0]LogConfig: Applying CVar settings from Section [/Script/Engine.GarbageCollectionSettings] File [D:/Documents/Programing/GitKraken/Unreal Laika/Unreal_Laika/Saved/Config/Windows/Engine.ini]
[2022.10.16-12.20.38:530][  0]LogConfig: Setting CVar [[gc.MaxObjectsNotConsideredByGC:1]]
[2022.10.16-12.20.38:530][  0]LogConfig: Setting CVar [[gc.SizeOfPermanentObjectPool:0]]
[2022.10.16-12.20.38:530][  0]LogConfig: Setting CVar [[gc.FlushStreamingOnGC:0]]
[2022.10.16-12.20.38:530][  0]LogConfig: Setting CVar [[gc.NumRetriesBeforeForcingGC:10]]
[2022.10.16-12.20.38:530][  0]LogConfig: Setting CVar [[gc.AllowParallelGC:1]]
[2022.10.16-12.20.38:530][  0]LogConfig: Setting CVar [[gc.TimeBetweenPurgingPendingKillObjects:61.1]]
[2022.10.16-12.20.38:530][  0]LogConfig: Setting CVar [[gc.MaxObjectsInEditor:25165824]]
[2022.10.16-12.20.38:530][  0]LogConfig: Setting CVar [[gc.IncrementalBeginDestroyEnabled:1]]
[2022.10.16-12.20.38:530][  0]LogConfig: Setting CVar [[gc.CreateGCClusters:1]]
[2022.10.16-12.20.38:530][  0]LogConfig: Setting CVar [[gc.MinGCClusterSize:5]]
[2022.10.16-12.20.38:530][  0]LogConfig: Setting CVar [[gc.ActorClusteringEnabled:0]]
[2022.10.16-12.20.38:530][  0]LogConfig: Setting CVar [[gc.BlueprintClusteringEnabled:0]]
[2022.10.16-12.20.38:530][  0]LogConfig: Setting CVar [[gc.UseDisregardForGCOnDedicatedServers:0]]
[2022.10.16-12.20.38:530][  0]LogConfig: Applying CVar settings from Section [/Script/Engine.NetworkSettings] File [D:/Documents/Programing/GitKraken/Unreal Laika/Unreal_Laika/Saved/Config/Windows/Engine.ini]
[2022.10.16-12.20.38:530][  0]LogConfig: Applying CVar settings from Section [/Script/UnrealEd.CookerSettings] File [D:/Documents/Programing/GitKraken/Unreal Laika/Unreal_Laika/Saved/Config/Windows/Engine.ini]
[2022.10.16-12.20.38:535][  0]LogConfig: Applying CVar settings from Section [ViewDistanceQuality@3] File [D:/Documents/Programing/GitKraken/Unreal Laika/Unreal_Laika/Saved/Config/Windows/Scalability.ini]
[2022.10.16-12.20.38:535][  0]LogConfig: Setting CVar [[r.SkeletalMeshLODBias:0]]
[2022.10.16-12.20.38:535][  0]LogConfig: Setting CVar [[r.ViewDistanceScale:1.0]]
[2022.10.16-12.20.38:535][  0]LogConfig: Applying CVar settings from Section [AntiAliasingQuality@3] File [D:/Documents/Programing/GitKraken/Unreal Laika/Unreal_Laika/Saved/Config/Windows/Scalability.ini]
[2022.10.16-12.20.38:535][  0]LogConfig: Setting CVar [[r.PostProcessAAQuality:4]]
[2022.10.16-12.20.38:535][  0]LogConfig: Applying CVar settings from Section [ShadowQuality@3] File [D:/Documents/Programing/GitKraken/Unreal Laika/Unreal_Laika/Saved/Config/Windows/Scalability.ini]
[2022.10.16-12.20.38:535][  0]LogConfig: Setting CVar [[r.LightFunctionQuality:1]]
[2022.10.16-12.20.38:535][  0]LogConfig: Setting CVar [[r.ShadowQuality:5]]
[2022.10.16-12.20.38:535][  0]LogConfig: Setting CVar [[r.Shadow.CSM.MaxCascades:10]]
[2022.10.16-12.20.38:535][  0]LogConfig: Setting CVar [[r.Shadow.MaxResolution:2048]]
[2022.10.16-12.20.38:535][  0]LogConfig: Setting CVar [[r.Shadow.MaxCSMResolution:2048]]
[2022.10.16-12.20.38:535][  0]LogConfig: Setting CVar [[r.Shadow.RadiusThreshold:0.01]]
[2022.10.16-12.20.38:535][  0]LogConfig: Setting CVar [[r.Shadow.DistanceScale:1.0]]
[2022.10.16-12.20.38:535][  0]LogConfig: Setting CVar [[r.Shadow.CSM.TransitionScale:1.0]]
[2022.10.16-12.20.38:535][  0]LogConfig: Setting CVar [[r.Shadow.PreShadowResolutionFactor:1.0]]
[2022.10.16-12.20.38:536][  0]LogConfig: Setting CVar [[r.DistanceFieldShadowing:1]]
[2022.10.16-12.20.38:536][  0]LogConfig: Setting CVar [[r.DistanceFieldAO:1]]
[2022.10.16-12.20.38:536][  0]LogConfig: Setting CVar [[r.AOQuality:2]]
[2022.10.16-12.20.38:536][  0]LogConfig: Setting CVar [[r.VolumetricFog:1]]
[2022.10.16-12.20.38:536][  0]LogConfig: Setting CVar [[r.VolumetricFog.GridPixelSize:8]]
[2022.10.16-12.20.38:536][  0]LogConfig: Setting CVar [[r.VolumetricFog.GridSizeZ:128]]
[2022.10.16-12.20.38:536][  0]LogConfig: Setting CVar [[r.VolumetricFog.HistoryMissSupersampleCount:4]]
[2022.10.16-12.20.38:536][  0]LogConfig: Setting CVar [[r.LightMaxDrawDistanceScale:1]]
[2022.10.16-12.20.38:536][  0]LogConfig: Setting CVar [[r.CapsuleShadows:1]]
[2022.10.16-12.20.38:536][  0]LogConfig: Applying CVar settings from Section [PostProcessQuality@3] File [D:/Documents/Programing/GitKraken/Unreal Laika/Unreal_Laika/Saved/Config/Windows/Scalability.ini]
[2022.10.16-12.20.38:536][  0]LogConfig: Setting CVar [[r.MotionBlurQuality:4]]
[2022.10.16-12.20.38:536][  0]LogConfig: Setting CVar [[r.AmbientOcclusionMipLevelFactor:0.4]]
[2022.10.16-12.20.38:536][  0]LogConfig: Setting CVar [[r.AmbientOcclusionMaxQuality:100]]
[2022.10.16-12.20.38:536][  0]LogConfig: Setting CVar [[r.AmbientOcclusionLevels:-1]]
[2022.10.16-12.20.38:536][  0]LogConfig: Setting CVar [[r.AmbientOcclusionRadiusScale:1.0]]
[2022.10.16-12.20.38:536][  0]LogConfig: Setting CVar [[r.DepthOfFieldQuality:2]]
[2022.10.16-12.20.38:536][  0]LogConfig: Setting CVar [[r.RenderTargetPoolMin:400]]
[2022.10.16-12.20.38:536][  0]LogConfig: Setting CVar [[r.LensFlareQuality:2]]
[2022.10.16-12.20.38:536][  0]LogConfig: Setting CVar [[r.SceneColorFringeQuality:1]]
[2022.10.16-12.20.38:536][  0]LogConfig: Setting CVar [[r.EyeAdaptationQuality:2]]
[2022.10.16-12.20.38:536][  0]LogConfig: Setting CVar [[r.BloomQuality:5]]
[2022.10.16-12.20.38:536][  0]LogConfig: Setting CVar [[r.FastBlurThreshold:100]]
[2022.10.16-12.20.38:536][  0]LogConfig: Setting CVar [[r.Upscale.Quality:3]]
[2022.10.16-12.20.38:536][  0]LogConfig: Setting CVar [[r.Tonemapper.GrainQuantization:1]]
[2022.10.16-12.20.38:536][  0]LogConfig: Setting CVar [[r.LightShaftQuality:1]]
[2022.10.16-12.20.38:536][  0]LogConfig: Setting CVar [[r.Filter.SizeScale:1]]
[2022.10.16-12.20.38:537][  0]LogConfig: Setting CVar [[r.Tonemapper.Quality:5]]
[2022.10.16-12.20.38:537][  0]LogConfig: Setting CVar [[r.DOF.Gather.AccumulatorQuality:1        ; higher gathering accumulator quality]]
[2022.10.16-12.20.38:537][  0]LogConfig: Setting CVar [[r.DOF.Gather.PostfilterMethod:1          ; Median3x3 postfilering method]]
[2022.10.16-12.20.38:537][  0]LogConfig: Setting CVar [[r.DOF.Gather.EnableBokehSettings:0       ; no bokeh simulation when gathering]]
[2022.10.16-12.20.38:537][  0]LogConfig: Setting CVar [[r.DOF.Gather.RingCount:4                 ; medium number of samples when gathering]]
[2022.10.16-12.20.38:537][  0]LogConfig: Setting CVar [[r.DOF.Scatter.ForegroundCompositing:1    ; additive foreground scattering]]
[2022.10.16-12.20.38:537][  0]LogConfig: Setting CVar [[r.DOF.Scatter.BackgroundCompositing:2    ; additive background scattering]]
[2022.10.16-12.20.38:537][  0]LogConfig: Setting CVar [[r.DOF.Scatter.EnableBokehSettings:1      ; bokeh simulation when scattering]]
[2022.10.16-12.20.38:537][  0]LogConfig: Setting CVar [[r.DOF.Scatter.MaxSpriteRatio:0.1         ; only a maximum of 10% of scattered bokeh]]
[2022.10.16-12.20.38:537][  0]LogConfig: Setting CVar [[r.DOF.Recombine.Quality:1                ; cheap slight out of focus]]
[2022.10.16-12.20.38:537][  0]LogConfig: Setting CVar [[r.DOF.Recombine.EnableBokehSettings:0    ; no bokeh simulation on slight out of focus]]
[2022.10.16-12.20.38:537][  0]LogConfig: Setting CVar [[r.DOF.TemporalAAQuality:1                ; more stable temporal accumulation]]
[2022.10.16-12.20.38:537][  0]LogConfig: Setting CVar [[r.DOF.Kernel.MaxForegroundRadius:0.025]]
[2022.10.16-12.20.38:537][  0]LogConfig: Setting CVar [[r.DOF.Kernel.MaxBackgroundRadius:0.025]]
[2022.10.16-12.20.38:537][  0]LogConfig: Applying CVar settings from Section [TextureQuality@3] File [D:/Documents/Programing/GitKraken/Unreal Laika/Unreal_Laika/Saved/Config/Windows/Scalability.ini]
[2022.10.16-12.20.38:537][  0]LogConfig: Setting CVar [[r.Streaming.MipBias:0]]
[2022.10.16-12.20.38:537][  0]LogConfig: Setting CVar [[r.Streaming.AmortizeCPUToGPUCopy:0]]
[2022.10.16-12.20.38:537][  0]LogConfig: Setting CVar [[r.Streaming.MaxNumTexturesToStreamPerFrame:0]]
[2022.10.16-12.20.38:537][  0]LogConfig: Setting CVar [[r.Streaming.Boost:1]]
[2022.10.16-12.20.38:537][  0]LogConfig: Setting CVar [[r.MaxAnisotropy:8]]
[2022.10.16-12.20.38:537][  0]LogConfig: Setting CVar [[r.VT.MaxAnisotropy:8]]
[2022.10.16-12.20.38:537][  0]LogConfig: Setting CVar [[r.Streaming.LimitPoolSizeToVRAM:0]]
[2022.10.16-12.20.38:537][  0]LogConfig: Setting CVar [[r.Streaming.PoolSize:1000]]
[2022.10.16-12.20.38:537][  0]LogConfig: Setting CVar [[r.Streaming.MaxEffectiveScreenSize:0]]
[2022.10.16-12.20.38:537][  0]LogConfig: Applying CVar settings from Section [EffectsQuality@3] File [D:/Documents/Programing/GitKraken/Unreal Laika/Unreal_Laika/Saved/Config/Windows/Scalability.ini]
[2022.10.16-12.20.38:537][  0]LogConfig: Setting CVar [[r.TranslucencyLightingVolumeDim:64]]
[2022.10.16-12.20.38:538][  0]LogConfig: Setting CVar [[r.RefractionQuality:2]]
[2022.10.16-12.20.38:538][  0]LogConfig: Setting CVar [[r.SSR.Quality:3]]
[2022.10.16-12.20.38:538][  0]LogConfig: Setting CVar [[r.SSR.HalfResSceneColor:0]]
[2022.10.16-12.20.38:538][  0]LogConfig: Setting CVar [[r.SceneColorFormat:4]]
[2022.10.16-12.20.38:538][  0]LogConfig: Setting CVar [[r.DetailMode:2]]
[2022.10.16-12.20.38:538][  0]LogConfig: Setting CVar [[r.TranslucencyVolumeBlur:1]]
[2022.10.16-12.20.38:538][  0]LogConfig: Setting CVar [[r.MaterialQualityLevel:1 ; High quality]]
[2022.10.16-12.20.38:538][  0]LogConfig: Setting CVar [[r.SSS.Scale:1]]
[2022.10.16-12.20.38:538][  0]LogConfig: Setting CVar [[r.SSS.SampleSet:2]]
[2022.10.16-12.20.38:538][  0]LogConfig: Setting CVar [[r.SSS.Quality:1]]
[2022.10.16-12.20.38:538][  0]LogConfig: Setting CVar [[r.SSS.HalfRes:0]]
[2022.10.16-12.20.38:538][  0]LogConfig: Setting CVar [[r.SSGI.Quality:3]]
[2022.10.16-12.20.38:538][  0]LogConfig: Setting CVar [[r.EmitterSpawnRateScale:1.0]]
[2022.10.16-12.20.38:538][  0]LogConfig: Setting CVar [[r.ParticleLightQuality:2]]
[2022.10.16-12.20.38:538][  0]LogConfig: Setting CVar [[r.SkyAtmosphere.AerialPerspectiveLUT.FastApplyOnOpaque:1 ; Always have FastSkyLUT 1 in this case to avoid wrong sky]]
[2022.10.16-12.20.38:538][  0]LogConfig: Setting CVar [[r.SkyAtmosphere.AerialPerspectiveLUT.SampleCountPerSlice:1]]
[2022.10.16-12.20.38:538][  0]LogConfig: Setting CVar [[r.SkyAtmosphere.AerialPerspectiveLUT.DepthResolution:16.0]]
[2022.10.16-12.20.38:538][  0]LogConfig: Setting CVar [[r.SkyAtmosphere.FastSkyLUT:1]]
[2022.10.16-12.20.38:538][  0]LogConfig: Setting CVar [[r.SkyAtmosphere.FastSkyLUT.SampleCountMin:4.0]]
[2022.10.16-12.20.38:538][  0]LogConfig: Setting CVar [[r.SkyAtmosphere.FastSkyLUT.SampleCountMax:32.0]]
[2022.10.16-12.20.38:538][  0]LogConfig: Setting CVar [[r.SkyAtmosphere.SampleCountMin:4.0]]
[2022.10.16-12.20.38:538][  0]LogConfig: Setting CVar [[r.SkyAtmosphere.SampleCountMax:32.0]]
[2022.10.16-12.20.38:538][  0]LogConfig: Setting CVar [[r.SkyAtmosphere.TransmittanceLUT.UseSmallFormat:0]]
[2022.10.16-12.20.38:538][  0]LogConfig: Setting CVar [[r.SkyAtmosphere.TransmittanceLUT.SampleCount:10.0]]
[2022.10.16-12.20.38:538][  0]LogConfig: Setting CVar [[r.SkyAtmosphere.MultiScatteringLUT.SampleCount:15.0]]
[2022.10.16-12.20.38:538][  0]LogConfig: Applying CVar settings from Section [FoliageQuality@3] File [D:/Documents/Programing/GitKraken/Unreal Laika/Unreal_Laika/Saved/Config/Windows/Scalability.ini]
[2022.10.16-12.20.38:539][  0]LogConfig: Setting CVar [[foliage.DensityScale:1.0]]
[2022.10.16-12.20.38:539][  0]LogConfig: Setting CVar [[grass.DensityScale:1.0]]
[2022.10.16-12.20.38:539][  0]LogConfig: Applying CVar settings from Section [ShadingQuality@3] File [D:/Documents/Programing/GitKraken/Unreal Laika/Unreal_Laika/Saved/Config/Windows/Scalability.ini]
[2022.10.16-12.20.38:539][  0]LogConfig: Setting CVar [[r.HairStrands.SkyLighting.SampleCount:16]]
[2022.10.16-12.20.38:539][  0]LogConfig: Setting CVar [[r.HairStrands.SkyLighting.JitterIntegration:0]]
[2022.10.16-12.20.38:539][  0]LogConfig: Setting CVar [[r.HairStrands.SkyAO.SampleCount:16]]
[2022.10.16-12.20.38:539][  0]LogConfig: Setting CVar [[r.HairStrands.DeepShadow.SuperSampling:0]]
[2022.10.16-12.20.38:539][  0]LogConfig: Setting CVar [[r.HairStrands.VisibilityPPLL:0]]
[2022.10.16-12.20.38:539][  0]LogConfig: Setting CVar [[r.HairStrands.RasterizationScale:0.5]]
[2022.10.16-12.20.38:539][  0]LogConfig: Setting CVar [[r.HairStrands.VelocityRasterizationScale:1]]
[2022.10.16-12.20.38:539][  0]LogInit: Selected Device Profile: [Windows]
[2022.10.16-12.20.38:539][  0]LogInit: Applying CVar settings loaded from the selected device profile: [Windows]
[2022.10.16-12.20.38:539][  0]LogHAL: Display: Platform has ~ 16 GB [17097752576 / 17179869184 / 16], which maps to Larger [LargestMinGB=32, LargerMinGB=12, DefaultMinGB=8, SmallerMinGB=6, SmallestMinGB=0)
[2022.10.16-12.20.38:539][  0]LogInit: Going up to parent DeviceProfile []
[2022.10.16-12.20.38:539][  0]LogConfig: Applying CVar settings from Section [ViewDistanceQuality@3] File [D:/Documents/Programing/GitKraken/Unreal Laika/Unreal_Laika/Saved/Config/Windows/Scalability.ini]
[2022.10.16-12.20.38:539][  0]LogConfig: Setting CVar [[r.SkeletalMeshLODBias:0]]
[2022.10.16-12.20.38:539][  0]LogConfig: Setting CVar [[r.ViewDistanceScale:1.0]]
[2022.10.16-12.20.38:539][  0]LogConfig: Applying CVar settings from Section [AntiAliasingQuality@3] File [D:/Documents/Programing/GitKraken/Unreal Laika/Unreal_Laika/Saved/Config/Windows/Scalability.ini]
[2022.10.16-12.20.38:539][  0]LogConfig: Setting CVar [[r.PostProcessAAQuality:4]]
[2022.10.16-12.20.38:539][  0]LogConfig: Applying CVar settings from Section [ShadowQuality@3] File [D:/Documents/Programing/GitKraken/Unreal Laika/Unreal_Laika/Saved/Config/Windows/Scalability.ini]
[2022.10.16-12.20.38:539][  0]LogConfig: Setting CVar [[r.LightFunctionQuality:1]]
[2022.10.16-12.20.38:539][  0]LogConfig: Setting CVar [[r.ShadowQuality:5]]
[2022.10.16-12.20.38:539][  0]LogConfig: Setting CVar [[r.Shadow.CSM.MaxCascades:10]]
[2022.10.16-12.20.38:540][  0]LogConfig: Setting CVar [[r.Shadow.MaxResolution:2048]]
[2022.10.16-12.20.38:540][  0]LogConfig: Setting CVar [[r.Shadow.MaxCSMResolution:2048]]
[2022.10.16-12.20.38:540][  0]LogConfig: Setting CVar [[r.Shadow.RadiusThreshold:0.01]]
[2022.10.16-12.20.38:540][  0]LogConfig: Setting CVar [[r.Shadow.DistanceScale:1.0]]
[2022.10.16-12.20.38:540][  0]LogConfig: Setting CVar [[r.Shadow.CSM.TransitionScale:1.0]]
[2022.10.16-12.20.38:540][  0]LogConfig: Setting CVar [[r.Shadow.PreShadowResolutionFactor:1.0]]
[2022.10.16-12.20.38:540][  0]LogConfig: Setting CVar [[r.DistanceFieldShadowing:1]]
[2022.10.16-12.20.38:540][  0]LogConfig: Setting CVar [[r.DistanceFieldAO:1]]
[2022.10.16-12.20.38:540][  0]LogConfig: Setting CVar [[r.AOQuality:2]]
[2022.10.16-12.20.38:540][  0]LogConfig: Setting CVar [[r.VolumetricFog:1]]
[2022.10.16-12.20.38:540][  0]LogConfig: Setting CVar [[r.VolumetricFog.GridPixelSize:8]]
[2022.10.16-12.20.38:540][  0]LogConfig: Setting CVar [[r.VolumetricFog.GridSizeZ:128]]
[2022.10.16-12.20.38:540][  0]LogConfig: Setting CVar [[r.VolumetricFog.HistoryMissSupersampleCount:4]]
[2022.10.16-12.20.38:540][  0]LogConfig: Setting CVar [[r.LightMaxDrawDistanceScale:1]]
[2022.10.16-12.20.38:540][  0]LogConfig: Setting CVar [[r.CapsuleShadows:1]]
[2022.10.16-12.20.38:540][  0]LogConfig: Applying CVar settings from Section [PostProcessQuality@3] File [D:/Documents/Programing/GitKraken/Unreal Laika/Unreal_Laika/Saved/Config/Windows/Scalability.ini]
[2022.10.16-12.20.38:540][  0]LogConfig: Setting CVar [[r.MotionBlurQuality:4]]
[2022.10.16-12.20.38:540][  0]LogConfig: Setting CVar [[r.AmbientOcclusionMipLevelFactor:0.4]]
[2022.10.16-12.20.38:540][  0]LogConfig: Setting CVar [[r.AmbientOcclusionMaxQuality:100]]
[2022.10.16-12.20.38:540][  0]LogConfig: Setting CVar [[r.AmbientOcclusionLevels:-1]]
[2022.10.16-12.20.38:540][  0]LogConfig: Setting CVar [[r.AmbientOcclusionRadiusScale:1.0]]
[2022.10.16-12.20.38:540][  0]LogConfig: Setting CVar [[r.DepthOfFieldQuality:2]]
[2022.10.16-12.20.38:540][  0]LogConfig: Setting CVar [[r.RenderTargetPoolMin:400]]
[2022.10.16-12.20.38:540][  0]LogConfig: Setting CVar [[r.LensFlareQuality:2]]
[2022.10.16-12.20.38:540][  0]LogConfig: Setting CVar [[r.SceneColorFringeQuality:1]]
[2022.10.16-12.20.38:541][  0]LogConfig: Setting CVar [[r.EyeAdaptationQuality:2]]
[2022.10.16-12.20.38:541][  0]LogConfig: Setting CVar [[r.BloomQuality:5]]
[2022.10.16-12.20.38:541][  0]LogConfig: Setting CVar [[r.FastBlurThreshold:100]]
[2022.10.16-12.20.38:541][  0]LogConfig: Setting CVar [[r.Upscale.Quality:3]]
[2022.10.16-12.20.38:541][  0]LogConfig: Setting CVar [[r.Tonemapper.GrainQuantization:1]]
[2022.10.16-12.20.38:541][  0]LogConfig: Setting CVar [[r.LightShaftQuality:1]]
[2022.10.16-12.20.38:541][  0]LogConfig: Setting CVar [[r.Filter.SizeScale:1]]
[2022.10.16-12.20.38:541][  0]LogConfig: Setting CVar [[r.Tonemapper.Quality:5]]
[2022.10.16-12.20.38:541][  0]LogConfig: Setting CVar [[r.DOF.Gather.AccumulatorQuality:1        ; higher gathering accumulator quality]]
[2022.10.16-12.20.38:541][  0]LogConfig: Setting CVar [[r.DOF.Gather.PostfilterMethod:1          ; Median3x3 postfilering method]]
[2022.10.16-12.20.38:541][  0]LogConfig: Setting CVar [[r.DOF.Gather.EnableBokehSettings:0       ; no bokeh simulation when gathering]]
[2022.10.16-12.20.38:541][  0]LogConfig: Setting CVar [[r.DOF.Gather.RingCount:4                 ; medium number of samples when gathering]]
[2022.10.16-12.20.38:541][  0]LogConfig: Setting CVar [[r.DOF.Scatter.ForegroundCompositing:1    ; additive foreground scattering]]
[2022.10.16-12.20.38:541][  0]LogConfig: Setting CVar [[r.DOF.Scatter.BackgroundCompositing:2    ; additive background scattering]]
[2022.10.16-12.20.38:541][  0]LogConfig: Setting CVar [[r.DOF.Scatter.EnableBokehSettings:1      ; bokeh simulation when scattering]]
[2022.10.16-12.20.38:541][  0]LogConfig: Setting CVar [[r.DOF.Scatter.MaxSpriteRatio:0.1         ; only a maximum of 10% of scattered bokeh]]
[2022.10.16-12.20.38:541][  0]LogConfig: Setting CVar [[r.DOF.Recombine.Quality:1                ; cheap slight out of focus]]
[2022.10.16-12.20.38:541][  0]LogConfig: Setting CVar [[r.DOF.Recombine.EnableBokehSettings:0    ; no bokeh simulation on slight out of focus]]
[2022.10.16-12.20.38:541][  0]LogConfig: Setting CVar [[r.DOF.TemporalAAQuality:1                ; more stable temporal accumulation]]
[2022.10.16-12.20.38:541][  0]LogConfig: Setting CVar [[r.DOF.Kernel.MaxForegroundRadius:0.025]]
[2022.10.16-12.20.38:541][  0]LogConfig: Setting CVar [[r.DOF.Kernel.MaxBackgroundRadius:0.025]]
[2022.10.16-12.20.38:541][  0]LogConfig: Applying CVar settings from Section [TextureQuality@3] File [D:/Documents/Programing/GitKraken/Unreal Laika/Unreal_Laika/Saved/Config/Windows/Scalability.ini]
[2022.10.16-12.20.38:541][  0]LogConfig: Setting CVar [[r.Streaming.MipBias:0]]
[2022.10.16-12.20.38:541][  0]LogConfig: Setting CVar [[r.Streaming.AmortizeCPUToGPUCopy:0]]
[2022.10.16-12.20.38:541][  0]LogConfig: Setting CVar [[r.Streaming.MaxNumTexturesToStreamPerFrame:0]]
[2022.10.16-12.20.38:541][  0]LogConfig: Setting CVar [[r.Streaming.Boost:1]]
[2022.10.16-12.20.38:541][  0]LogConfig: Setting CVar [[r.MaxAnisotropy:8]]
[2022.10.16-12.20.38:542][  0]LogConfig: Setting CVar [[r.VT.MaxAnisotropy:8]]
[2022.10.16-12.20.38:542][  0]LogConfig: Setting CVar [[r.Streaming.LimitPoolSizeToVRAM:0]]
[2022.10.16-12.20.38:542][  0]LogConfig: Setting CVar [[r.Streaming.PoolSize:1000]]
[2022.10.16-12.20.38:542][  0]LogConfig: Setting CVar [[r.Streaming.MaxEffectiveScreenSize:0]]
[2022.10.16-12.20.38:542][  0]LogConfig: Applying CVar settings from Section [EffectsQuality@3] File [D:/Documents/Programing/GitKraken/Unreal Laika/Unreal_Laika/Saved/Config/Windows/Scalability.ini]
[2022.10.16-12.20.38:542][  0]LogConfig: Setting CVar [[r.TranslucencyLightingVolumeDim:64]]
[2022.10.16-12.20.38:542][  0]LogConfig: Setting CVar [[r.RefractionQuality:2]]
[2022.10.16-12.20.38:542][  0]LogConfig: Setting CVar [[r.SSR.Quality:3]]
[2022.10.16-12.20.38:542][  0]LogConfig: Setting CVar [[r.SSR.HalfResSceneColor:0]]
[2022.10.16-12.20.38:542][  0]LogConfig: Setting CVar [[r.SceneColorFormat:4]]
[2022.10.16-12.20.38:542][  0]LogConfig: Setting CVar [[r.DetailMode:2]]
[2022.10.16-12.20.38:542][  0]LogConfig: Setting CVar [[r.TranslucencyVolumeBlur:1]]
[2022.10.16-12.20.38:542][  0]LogConfig: Setting CVar [[r.MaterialQualityLevel:1 ; High quality]]
[2022.10.16-12.20.38:542][  0]LogConfig: Setting CVar [[r.SSS.Scale:1]]
[2022.10.16-12.20.38:542][  0]LogConfig: Setting CVar [[r.SSS.SampleSet:2]]
[2022.10.16-12.20.38:542][  0]LogConfig: Setting CVar [[r.SSS.Quality:1]]
[2022.10.16-12.20.38:542][  0]LogConfig: Setting CVar [[r.SSS.HalfRes:0]]
[2022.10.16-12.20.38:542][  0]LogConfig: Setting CVar [[r.SSGI.Quality:3]]
[2022.10.16-12.20.38:542][  0]LogConfig: Setting CVar [[r.EmitterSpawnRateScale:1.0]]
[2022.10.16-12.20.38:542][  0]LogConfig: Setting CVar [[r.ParticleLightQuality:2]]
[2022.10.16-12.20.38:542][  0]LogConfig: Setting CVar [[r.SkyAtmosphere.AerialPerspectiveLUT.FastApplyOnOpaque:1 ; Always have FastSkyLUT 1 in this case to avoid wrong sky]]
[2022.10.16-12.20.38:542][  0]LogConfig: Setting CVar [[r.SkyAtmosphere.AerialPerspectiveLUT.SampleCountPerSlice:1]]
[2022.10.16-12.20.38:542][  0]LogConfig: Setting CVar [[r.SkyAtmosphere.AerialPerspectiveLUT.DepthResolution:16.0]]
[2022.10.16-12.20.38:542][  0]LogConfig: Setting CVar [[r.SkyAtmosphere.FastSkyLUT:1]]
[2022.10.16-12.20.38:542][  0]LogConfig: Setting CVar [[r.SkyAtmosphere.FastSkyLUT.SampleCountMin:4.0]]
[2022.10.16-12.20.38:542][  0]LogConfig: Setting CVar [[r.SkyAtmosphere.FastSkyLUT.SampleCountMax:32.0]]
[2022.10.16-12.20.38:542][  0]LogConfig: Setting CVar [[r.SkyAtmosphere.SampleCountMin:4.0]]
[2022.10.16-12.20.38:542][  0]LogConfig: Setting CVar [[r.SkyAtmosphere.SampleCountMax:32.0]]
[2022.10.16-12.20.38:543][  0]LogConfig: Setting CVar [[r.SkyAtmosphere.TransmittanceLUT.UseSmallFormat:0]]
[2022.10.16-12.20.38:543][  0]LogConfig: Setting CVar [[r.SkyAtmosphere.TransmittanceLUT.SampleCount:10.0]]
[2022.10.16-12.20.38:543][  0]LogConfig: Setting CVar [[r.SkyAtmosphere.MultiScatteringLUT.SampleCount:15.0]]
[2022.10.16-12.20.38:543][  0]LogConfig: Applying CVar settings from Section [FoliageQuality@3] File [D:/Documents/Programing/GitKraken/Unreal Laika/Unreal_Laika/Saved/Config/Windows/Scalability.ini]
[2022.10.16-12.20.38:543][  0]LogConfig: Setting CVar [[foliage.DensityScale:1.0]]
[2022.10.16-12.20.38:543][  0]LogConfig: Setting CVar [[grass.DensityScale:1.0]]
[2022.10.16-12.20.38:543][  0]LogConfig: Applying CVar settings from Section [ShadingQuality@3] File [D:/Documents/Programing/GitKraken/Unreal Laika/Unreal_Laika/Saved/Config/Windows/Scalability.ini]
[2022.10.16-12.20.38:543][  0]LogConfig: Setting CVar [[r.HairStrands.SkyLighting.SampleCount:16]]
[2022.10.16-12.20.38:543][  0]LogConfig: Setting CVar [[r.HairStrands.SkyLighting.JitterIntegration:0]]
[2022.10.16-12.20.38:543][  0]LogConfig: Setting CVar [[r.HairStrands.SkyAO.SampleCount:16]]
[2022.10.16-12.20.38:543][  0]LogConfig: Setting CVar [[r.HairStrands.DeepShadow.SuperSampling:0]]
[2022.10.16-12.20.38:543][  0]LogConfig: Setting CVar [[r.HairStrands.VisibilityPPLL:0]]
[2022.10.16-12.20.38:543][  0]LogConfig: Setting CVar [[r.HairStrands.RasterizationScale:0.5]]
[2022.10.16-12.20.38:543][  0]LogConfig: Setting CVar [[r.HairStrands.VelocityRasterizationScale:1]]
[2022.10.16-12.20.38:543][  0]LogConfig: Applying CVar settings from Section [Startup] File [../../../Engine/Config/ConsoleVariables.ini]
[2022.10.16-12.20.38:544][  0]LogConfig: Setting CVar [[net.UseAdaptiveNetUpdateFrequency:0]]
[2022.10.16-12.20.38:544][  0]LogConfig: Setting CVar [[p.chaos.AllowCreatePhysxBodies:1]]
[2022.10.16-12.20.38:544][  0]LogConfig: Setting CVar [[fx.SkipVectorVMBackendOptimizations:1]]
[2022.10.16-12.20.38:544][  0]LogConfig: Applying CVar settings from Section [ConsoleVariables] File [D:/Documents/Programing/GitKraken/Unreal Laika/Unreal_Laika/Saved/Config/Windows/Engine.ini]
[2022.10.16-12.20.38:544][  0]LogInit: Computer: DESKTOP-GJ420GI
[2022.10.16-12.20.38:544][  0]LogInit: User: Nymeria
[2022.10.16-12.20.38:544][  0]LogInit: CPU Page size=4096, Cores=6
[2022.10.16-12.20.38:544][  0]LogInit: High frequency timer resolution =10.000000 MHz
[2022.10.16-12.20.38:544][  0]LogMemory: Memory total: Physical=15.9GB (16GB approx)
[2022.10.16-12.20.38:544][  0]LogMemory: Platform Memory Stats for Windows
[2022.10.16-12.20.38:544][  0]LogMemory: Process Physical Memory: 116.32 MB used, 116.33 MB peak
[2022.10.16-12.20.38:544][  0]LogMemory: Process Virtual Memory: 98.96 MB used, 98.96 MB peak
[2022.10.16-12.20.38:544][  0]LogMemory: Physical Memory: 9534.81 MB used,  6770.88 MB free, 16305.69 MB total
[2022.10.16-12.20.38:544][  0]LogMemory: Virtual Memory: 5168.79 MB used,  134212560.00 MB free, 134217728.00 MB total
[2022.10.16-12.20.38:552][  0]LogWindows: WindowsPlatformFeatures enabled
[2022.10.16-12.20.38:690][  0]LogInit: Physics initialised using underlying interface: PhysX
[2022.10.16-12.20.38:691][  0]LogInit: Using OS detected language (en-GB).
[2022.10.16-12.20.38:691][  0]LogInit: Using OS detected locale (en-AU).
[2022.10.16-12.20.38:693][  0]LogTextLocalizationManager: No specific localization for 'en-GB' exists, so the 'en' localization will be used.
[2022.10.16-12.20.38:836][  0]LogInit: Setting process to per monitor DPI aware
[2022.10.16-12.20.38:874][  0]LogSlate: New Slate User Created.  User Index 0, Is Virtual User: 0
[2022.10.16-12.20.38:874][  0]LogSlate: Slate User Registered.  User Index 0, Is Virtual User: 0
[2022.10.16-12.20.38:986][  0]LogHMD: Failed to initialize OpenVR with code 110
[2022.10.16-12.20.38:986][  0]LogD3D11RHI: D3D11 min allowed feature level: 11_0
[2022.10.16-12.20.38:986][  0]LogD3D11RHI: D3D11 max allowed feature level: 11_0
[2022.10.16-12.20.38:986][  0]LogD3D11RHI: D3D11 adapters:
[2022.10.16-12.20.39:084][  0]LogD3D11RHI:    0. 'NVIDIA GeForce RTX 3070 Ti' (Feature Level 11_0)
[2022.10.16-12.20.39:084][  0]LogD3D11RHI:       8041/0/8152 MB DedicatedVideo/DedicatedSystem/SharedSystem, Outputs:2, VendorId:0x10de
[2022.10.16-12.20.39:087][  0]LogD3D11RHI:    1. 'Microsoft Basic Render Driver' (Feature Level 11_0)
[2022.10.16-12.20.39:087][  0]LogD3D11RHI:       0/0/8152 MB DedicatedVideo/DedicatedSystem/SharedSystem, Outputs:0, VendorId:0x1414
[2022.10.16-12.20.39:087][  0]LogD3D11RHI: Chosen D3D11 Adapter: 0
[2022.10.16-12.20.39:092][  0]LogD3D11RHI: Creating new Direct3DDevice
[2022.10.16-12.20.39:092][  0]LogD3D11RHI:     GPU DeviceId: 0x2482 (for the marketing name, search the web for "GPU Device Id")
[2022.10.16-12.20.39:092][  0]LogWindows: EnumDisplayDevices:
[2022.10.16-12.20.39:092][  0]LogWindows:    0. 'NVIDIA GeForce RTX 3070 Ti' (P:1 D:1)
[2022.10.16-12.20.39:093][  0]LogWindows:    1. 'NVIDIA GeForce RTX 3070 Ti' (P:0 D:1)
[2022.10.16-12.20.39:093][  0]LogWindows:    2. 'NVIDIA GeForce RTX 3070 Ti' (P:0 D:0)
[2022.10.16-12.20.39:093][  0]LogWindows:    3. 'NVIDIA GeForce RTX 3070 Ti' (P:0 D:0)
[2022.10.16-12.20.39:093][  0]LogWindows: DebugString: FoundDriverCount:4 
[2022.10.16-12.20.39:093][  0]LogD3D11RHI:     Adapter Name: NVIDIA GeForce RTX 3070 Ti
[2022.10.16-12.20.39:093][  0]LogD3D11RHI:   Driver Version: 516.94 (internal:31.0.15.1694, unified:516.94)
[2022.10.16-12.20.39:093][  0]LogD3D11RHI:      Driver Date: 7-21-2022
[2022.10.16-12.20.39:093][  0]LogRHI: Texture pool is 5628 MB (70% of 8041 MB)
[2022.10.16-12.20.39:149][  0]LogD3D11RHI: RHI has support for 64 bit atomics
[2022.10.16-12.20.39:149][  0]LogD3D11RHI: Async texture creation enabled
[2022.10.16-12.20.39:149][  0]LogD3D11RHI: Array index from any shader is supported
[2022.10.16-12.20.39:151][  0]LogD3D11RHI: HDR output is supported on display 0 (NvId: 0x80061080).
[2022.10.16-12.20.39:162][  0]LogD3D11RHI: GPU Timing Frequency: 1000.000000 (Debug: 2 1)
[2022.10.16-12.20.39:363][  0]LogTargetPlatformManager: Display: Loaded TargetPlatform 'AllDesktop'
[2022.10.16-12.20.39:382][  0]LogTargetPlatformManager: Display: Loaded TargetPlatform 'Android'
[2022.10.16-12.20.39:382][  0]LogTargetPlatformManager: Display: Loaded TargetPlatform 'Android_ASTC'
[2022.10.16-12.20.39:382][  0]LogTargetPlatformManager: Display: Loaded TargetPlatform 'Android_DXT'
[2022.10.16-12.20.39:382][  0]LogTargetPlatformManager: Display: Loaded TargetPlatform 'Android_ETC2'
[2022.10.16-12.20.39:382][  0]LogTargetPlatformManager: Display: Loaded TargetPlatform 'AndroidClient'
[2022.10.16-12.20.39:382][  0]LogTargetPlatformManager: Display: Loaded TargetPlatform 'Android_ASTCClient'
[2022.10.16-12.20.39:382][  0]LogTargetPlatformManager: Display: Loaded TargetPlatform 'Android_DXTClient'
[2022.10.16-12.20.39:382][  0]LogTargetPlatformManager: Display: Loaded TargetPlatform 'Android_ETC2Client'
[2022.10.16-12.20.39:382][  0]LogTargetPlatformManager: Display: Loaded TargetPlatform 'Android_Multi'
[2022.10.16-12.20.39:382][  0]LogTargetPlatformManager: Display: Loaded TargetPlatform 'Android_MultiClient'
[2022.10.16-12.20.39:407][  0]LogTargetPlatformManager: Display: Loaded TargetPlatform 'IOSClient'
[2022.10.16-12.20.39:407][  0]LogTargetPlatformManager: Display: Loaded TargetPlatform 'IOS'
[2022.10.16-12.20.39:416][  0]LogTargetPlatformManager: Display: Loaded TargetPlatform 'Linux'
[2022.10.16-12.20.39:425][  0]LogTargetPlatformManager: Display: Loaded TargetPlatform 'LinuxNoEditor'
[2022.10.16-12.20.39:434][  0]LogTargetPlatformManager: Display: Loaded TargetPlatform 'LinuxClient'
[2022.10.16-12.20.39:443][  0]LogTargetPlatformManager: Display: Loaded TargetPlatform 'LinuxServer'
[2022.10.16-12.20.39:452][  0]LogTargetPlatformManager: Display: Loaded TargetPlatform 'LinuxAArch64NoEditor'
[2022.10.16-12.20.39:461][  0]LogTargetPlatformManager: Display: Loaded TargetPlatform 'LinuxAArch64Client'
[2022.10.16-12.20.39:470][  0]LogTargetPlatformManager: Display: Loaded TargetPlatform 'LinuxAArch64Server'
[2022.10.16-12.20.39:495][  0]LogTargetPlatformManager: Display: Loaded TargetPlatform 'Lumin'
[2022.10.16-12.20.39:495][  0]LogTargetPlatformManager: Display: Loaded TargetPlatform 'LuminClient'
[2022.10.16-12.20.39:511][  0]LogTargetPlatformManager: Display: Loaded TargetPlatform 'TVOSClient'
[2022.10.16-12.20.39:511][  0]LogTargetPlatformManager: Display: Loaded TargetPlatform 'TVOS'
[2022.10.16-12.20.39:520][  0]LogTargetPlatformManager: Display: Loaded TargetPlatform 'WindowsNoEditor'
[2022.10.16-12.20.39:530][  0]LogTargetPlatformManager: Display: Loaded TargetPlatform 'Windows'
[2022.10.16-12.20.39:539][  0]LogTargetPlatformManager: Display: Loaded TargetPlatform 'WindowsClient'
[2022.10.16-12.20.39:548][  0]LogTargetPlatformManager: Display: Loaded TargetPlatform 'WindowsServer'
[2022.10.16-12.20.39:548][  0]LogTargetPlatformManager: Display: Building Assets For Windows
[2022.10.16-12.20.39:558][  0]LogAudioDebug: Display: Lib vorbis DLL was dynamically loaded.
[2022.10.16-12.20.39:619][  0]LogShaderCompilers: Guid format shader working directory is -29 characters bigger than the processId version (../../../../../../Documents/Programing/GitKraken/Unreal Laika/Unreal_Laika/Intermediate/Shaders/WorkingDirectory/19900/).
[2022.10.16-12.20.39:619][  0]LogShaderCompilers: Cleaned the shader compiler working directory 'C:/Users/chess/AppData/Local/Temp/UnrealShaderWorkingDir/D3C7E3EC4CBA439DA72D63B8A7A4D86E/'.
[2022.10.16-12.20.39:619][  0]LogXGEController: Cleaning working directory: C:/Users/chess/AppData/Local/Temp/UnrealXGEWorkingDir/
[2022.10.16-12.20.39:620][  0]LogXGEController: Cannot use XGE Controller as Incredibuild is not installed on this machine.
[2022.10.16-12.20.39:620][  0]LogShaderCompilers: Cannot use XGE Shader Compiler as Incredibuild is not installed on this machine.
[2022.10.16-12.20.39:620][  0]LogShaderCompilers: Display: Using Local Shader Compiler.
[2022.10.16-12.20.40:195][  0]LogDerivedDataCache: Display: Max Cache Size: 512 MB
[2022.10.16-12.20.40:232][  0]LogDerivedDataCache: Loaded boot cache 0.04s 75MB C:/Users/chess/AppData/Local/UnrealEngine/4.25/DerivedDataCache/Boot.ddc.
[2022.10.16-12.20.40:232][  0]LogDerivedDataCache: Display: Loaded Boot cache: C:/Users/chess/AppData/Local/UnrealEngine/4.25/DerivedDataCache/Boot.ddc
[2022.10.16-12.20.40:232][  0]LogDerivedDataCache: FDerivedDataBackendGraph:  Pak pak cache file ../../../../../../Documents/Programing/GitKraken/Unreal Laika/Unreal_Laika/DerivedDataCache/DDC.ddp not found, will not use a pak cache.
[2022.10.16-12.20.40:232][  0]LogDerivedDataCache: Unable to find inner node Pak for hierarchical cache Hierarchy.
[2022.10.16-12.20.40:232][  0]LogDerivedDataCache: FDerivedDataBackendGraph:  CompressedPak pak cache file ../../../../../../Documents/Programing/GitKraken/Unreal Laika/Unreal_Laika/DerivedDataCache/Compressed.ddp not found, will not use a pak cache.
[2022.10.16-12.20.40:232][  0]LogDerivedDataCache: Unable to find inner node CompressedPak for hierarchical cache Hierarchy.
[2022.10.16-12.20.40:242][  0]LogDerivedDataCache: Display: Pak cache opened for reading ../../../Engine/DerivedDataCache/Compressed.ddp.
[2022.10.16-12.20.40:242][  0]LogDerivedDataCache: FDerivedDataBackendGraph:  EnterprisePak pak cache file ../../../Enterprise/DerivedDataCache/Compressed.ddp not found, will not use a pak cache.
[2022.10.16-12.20.40:242][  0]LogDerivedDataCache: Unable to find inner node EnterprisePak for hierarchical cache Hierarchy.
[2022.10.16-12.20.40:243][  0]LogDerivedDataCache: Using Local data cache path C:/Users/chess/AppData/Local/UnrealEngine/Common/DerivedDataCache: Writable
[2022.10.16-12.20.40:243][  0]LogDerivedDataCache: Shared data cache path not found in *engine.ini, will not use an Shared cache.
[2022.10.16-12.20.40:243][  0]LogDerivedDataCache: Unable to find inner node Shared for hierarchical cache Hierarchy.
[2022.10.16-12.20.40:283][  0]LogSlate: Using FreeType 2.10.0
[2022.10.16-12.20.40:283][  0]LogSlate: SlateFontServices - WITH_FREETYPE: 1, WITH_HARFBUZZ: 1
[2022.10.16-12.20.40:302][  0]LogAssetRegistry: FAssetRegistry took 0.0026 seconds to start up
[2022.10.16-12.20.40:482][  0]LogInit: Selected Device Profile: [Windows]
[2022.10.16-12.20.40:574][  0]LogMeshReduction: Using QuadricMeshReduction for automatic static mesh reduction
[2022.10.16-12.20.40:574][  0]LogMeshReduction: Using SimplygonMeshReduction for automatic skeletal mesh reduction
[2022.10.16-12.20.40:574][  0]LogMeshReduction: Using ProxyLODMeshReduction for automatic mesh merging
[2022.10.16-12.20.40:574][  0]LogMeshReduction: No distributed automatic mesh merging module available
[2022.10.16-12.20.40:574][  0]LogMeshMerging: No distributed automatic mesh merging module available
[2022.10.16-12.20.40:587][  0]LogNetVersion: Unreal_Laika 1.0.0, NetCL: 13144385, EngineNetVer: 14, GameNetVer: 0 (Checksum: 3768831881)
[2022.10.16-12.20.40:876][  0]LogAISub: UAISubsystem::UAISubsystem AISubsystem (00000209809DC2C0), frame # 0
[2022.10.16-12.20.40:876][  0]LogAISub: UAISubsystem::UAISubsystem AIPerceptionSystem (000002098091D1C0), frame # 0
[2022.10.16-12.20.40:877][  0]LogAISub: UAISubsystem::UAISubsystem EnvQueryManager (0000020980998800), frame # 0
[2022.10.16-12.20.40:904][  0]LogPackageLocalizationCache: Processed 19 localized package path(s) for 1 prioritized culture(s) in 0.021699 seconds
[2022.10.16-12.20.40:908][  0]LogUObjectArray: 15917 objects as part of root set at end of initial load.
[2022.10.16-12.20.40:908][  0]LogUObjectAllocator: 3965568 out of 0 bytes used by permanent object pool.
[2022.10.16-12.20.40:908][  0]LogUObjectArray: CloseDisregardForGC: 0/0 objects in disregard for GC pool
[2022.10.16-12.20.41:219][  0]LogTcpMessaging: Initializing TcpMessaging bridge
[2022.10.16-12.20.41:223][  0]LogUdpMessaging: Initializing bridge on interface 0.0.0.0:0 to multicast group 230.0.0.1:6666.
[2022.10.16-12.20.41:330][  0]SourceControl: Source control is disabled
[2022.10.16-12.20.41:330][  0]SourceControl: Source control is disabled
[2022.10.16-12.20.41:334][  0]SourceControl: Source control is disabled
[2022.10.16-12.20.41:338][  0]SourceControl: Source control is disabled
[2022.10.16-12.20.41:345][  0]SourceControl: Source control is disabled
[2022.10.16-12.20.41:583][  0]LogAndroidPermission: UAndroidPermissionCallbackProxy::GetInstance
[2022.10.16-12.20.41:603][  0]LogAudioCaptureCore: Display: No Audio Capture implementations found. Audio input will be silent.
[2022.10.16-12.20.41:603][  0]LogAudioCaptureCore: Display: No Audio Capture implementations found. Audio input will be silent.
[2022.10.16-12.20.41:648][  0]LogOcInput: OculusInput pre-init called
[2022.10.16-12.20.41:658][  0]LogWindows: Failed to load 'OVRPlugin.dll' (GetLastError=126)
[2022.10.16-12.20.41:658][  0]LogWindows: File 'OVRPlugin.dll' does not exist
[2022.10.16-12.20.41:716][  0]LogEngine: Initializing Engine...
[2022.10.16-12.20.41:717][  0]LogHMD: Failed to initialize OpenVR with code 110
[2022.10.16-12.20.41:717][  0]LogMagicLeap: Warning: VR disabled because ZI is not enabled.  To enable, in the editor, Edit -> Project Settings -> Plugins -> Magic Leap Plugin -> Enable Zero Iteration
[2022.10.16-12.20.41:718][  0]LogStats: UGameplayTagsManager::InitializeManager -  0.000 s
[2022.10.16-12.20.41:805][  0]LogInit: Initializing FReadOnlyCVARCache
[2022.10.16-12.20.41:812][  0]LogAIModule: Creating AISystem for world Untitled
[2022.10.16-12.20.41:812][  0]LogAISub: UAISubsystem::UAISubsystem EnvQueryManager (0000020982E85C00), frame # 0
[2022.10.16-12.20.41:812][  0]LogAISub: UAISubsystem::UAISubsystem AIPerceptionSystem (0000020982EA2480), frame # 0
[2022.10.16-12.20.41:830][  0]LogAudioMixer: Display: Audio Mixer Platform Settings:
[2022.10.16-12.20.41:830][  0]LogAudioMixer: Display: 	Sample Rate:						  48000
[2022.10.16-12.20.41:830][  0]LogAudioMixer: Display: 	Callback Buffer Frame Size Requested: 1024
[2022.10.16-12.20.41:830][  0]LogAudioMixer: Display: 	Callback Buffer Frame Size To Use:	  1024
[2022.10.16-12.20.41:830][  0]LogAudioMixer: Display: 	Number of buffers to queue:			  2
[2022.10.16-12.20.41:830][  0]LogAudioMixer: Display: 	Max Channels (voices):				  32
[2022.10.16-12.20.41:830][  0]LogAudioMixer: Display: 	Number of Async Source Workers:		  0
[2022.10.16-12.20.41:830][  0]LogAudio: Display: AudioDevice MaxSources: 32
[2022.10.16-12.20.41:831][  0]LogAudio: Display: Using built-in audio occlusion.
[2022.10.16-12.20.41:831][  0]LogAudioMixer: Display: Initializing audio mixer.
[2022.10.16-12.20.41:845][  0]LogAudioMixer: Display: 0: FrontLeft
[2022.10.16-12.20.41:845][  0]LogAudioMixer: Display: 1: FrontRight
[2022.10.16-12.20.41:883][  0]LogAudioMixer: Display: Using Audio Device Headset Earphone (Razer Audio Controller - Chat)
[2022.10.16-12.20.41:886][  0]LogAudioMixer: Display: Initializing Sound Submixes...
[2022.10.16-12.20.41:887][  0]LogAudioMixer: Display: Creating Master Submix 'MasterSubmixDefault'
[2022.10.16-12.20.41:887][  0]LogAudioMixer: Display: Creating Master Submix 'MasterReverbSubmixDefault'
[2022.10.16-12.20.41:888][  0]LogAudioMixer: Display: Creating Master Submix 'MasterEQSubmixDefault'
[2022.10.16-12.20.41:889][  0]LogInit: FAudioDevice initialized.
[2022.10.16-12.20.41:890][  0]LogNetVersion: Set ProjectVersion to 1.0.0.0. Version Checksum will be recalculated on next use.
[2022.10.16-12.20.42:214][  0]LogDerivedDataCache: Saved boot cache 0.32s 75MB C:/Users/chess/AppData/Local/UnrealEngine/4.25/DerivedDataCache/Boot.ddc.
[2022.10.16-12.20.42:214][  0]LogInit: Texture streaming: Enabled
[2022.10.16-12.20.42:232][  0]LogEngineSessionManager: EngineSessionManager initialized
[2022.10.16-12.20.42:232][  0]LogEngineSessionManager: EngineSessionManager sent abnormal shutdown report. Type=Debugger, SessionId={E73761FF-4A87-3D14-A9DA-BB94F151D3FD}
[2022.10.16-12.20.42:232][  0]LogEditorSessionSummary: Verbose: Initializing EditorSessionSummaryWriter for editor session tracking
[2022.10.16-12.20.42:234][  0]LogEditorSessionSummary: EditorSessionSummaryWriter initialized
[2022.10.16-12.20.42:265][  0]LogInit: Transaction tracking system initialized
[2022.10.16-12.20.42:288][  0]BlueprintLog: New page: Editor Load
[2022.10.16-12.20.42:357][  0]LocalizationService: Localization service is disabled
[2022.10.16-12.20.42:483][  0]LogCook: Display: Max memory allowance for cook 16384mb min free memory 0mb
[2022.10.16-12.20.42:483][  0]LogCook: Display: Mobile HDR setting 1
[2022.10.16-12.20.42:614][  0]LogFileCache: Scanning file cache for directory 'D:/Documents/Programing/GitKraken/Unreal Laika/Unreal_Laika/Content/' took 0.00s
[2022.10.16-12.20.42:752][  0]SourceControl: Source control is disabled
[2022.10.16-12.20.42:752][  0]LogUnrealEdMisc: Loading editor; pre map load, took 5.215
[2022.10.16-12.20.42:752][  0]Cmd: MAP LOAD FILE="../../../../../../Documents/Programing/GitKraken/Unreal Laika/Unreal_Laika/Content/StarterContent/Maps/Minimal_Default.umap" TEMPLATE=0 SHOWPROGRESS=1 FEATURELEVEL=3
[2022.10.16-12.20.42:753][  0]LightingResults: New page: Lighting Build
[2022.10.16-12.20.42:753][  0]LogWorld: UWorld::CleanupWorld for Untitled, bSessionEnded=true, bCleanupResources=true
[2022.10.16-12.20.42:753][  0]LogSlate: InvalidateAllWidgets triggered.  All widgets were invalidated
[2022.10.16-12.20.42:753][  0]MapCheck: New page: Map Check
[2022.10.16-12.20.42:753][  0]LightingResults: New page: Lighting Build
[2022.10.16-12.20.42:762][  0]LogAISub: UAISubsystem::~UAISubsystem EnvQueryManager (0000020982E85C00), frame # 0
[2022.10.16-12.20.42:762][  0]LogAISub: UAISubsystem::~UAISubsystem AIPerceptionSystem (0000020982EA2480), frame # 0
[2022.10.16-12.20.42:763][  0]LogUObjectHash: Compacting FUObjectHashTables data took   0.61ms
[2022.10.16-12.20.42:824][  0]LogAIModule: Creating AISystem for world Minimal_Default
[2022.10.16-12.20.42:824][  0]LogAISub: UAISubsystem::UAISubsystem EnvQueryManager (000002098D278200), frame # 0
[2022.10.16-12.20.42:824][  0]LogAISub: UAISubsystem::UAISubsystem AIPerceptionSystem (000002098DD31080), frame # 0
[2022.10.16-12.20.42:830][  0]LogEditorServer: Finished looking for orphan Actors (0.000 secs)
[2022.10.16-12.20.42:840][  0]LogUObjectHash: Compacting FUObjectHashTables data took   0.68ms
[2022.10.16-12.20.42:841][  0]Cmd: MAP CHECKDEP NOCLEARLOG
[2022.10.16-12.20.42:841][  0]MapCheck: Map check complete: 0 Error(s), 0 Warning(s), took 0.134ms to complete.
[2022.10.16-12.20.42:841][  0]LogFileHelpers: Loading map 'Minimal_Default' took 0.089
[2022.10.16-12.20.42:843][  0]LogUnrealEdMisc: Total Editor Startup Time, took 5.306
[2022.10.16-12.20.42:954][  0]LogSlate: Updating window title bar state: overlay mode, drag disabled, window buttons hidden, title bar hidden
[2022.10.16-12.20.42:959][  0]LogSlate: Updating window title bar state: overlay mode, drag disabled, window buttons hidden, title bar hidden
[2022.10.16-12.20.42:965][  0]LogSlate: Updating window title bar state: overlay mode, drag disabled, window buttons hidden, title bar hidden
[2022.10.16-12.20.42:971][  0]LogSlate: Updating window title bar state: overlay mode, drag disabled, window buttons hidden, title bar hidden
[2022.10.16-12.20.42:976][  0]LogCollectionManager: Loaded 0 collections in 0.000602 seconds
[2022.10.16-12.20.42:990][  0]LogFileCache: Scanning file cache for directory 'D:/Documents/Programing/GitKraken/Unreal Laika/Unreal_Laika/Saved/Collections/' took 0.00s
[2022.10.16-12.20.42:990][  0]LogFileCache: Scanning file cache for directory 'D:/Documents/Programing/GitKraken/Unreal Laika/Unreal_Laika/Content/Developers/Nymeria/Collections/' took 0.00s
[2022.10.16-12.20.42:990][  0]LogFileCache: Scanning file cache for directory 'D:/Documents/Programing/GitKraken/Unreal Laika/Unreal_Laika/Content/Collections/' took 0.00s
[2022.10.16-12.20.42:990][  0]LogContentBrowser: Native class hierarchy populated in 0.0081 seconds. Added 3430 classes and 823 folders.
[2022.10.16-12.20.42:992][  0]LogContentBrowser: Native class hierarchy updated for 'WidgetCarousel' in 0.0002 seconds. Added 0 classes and 0 folders.
[2022.10.16-12.20.43:030][  0]LogContentBrowser: Native class hierarchy updated for 'AddContentDialog' in 0.0003 seconds. Added 0 classes and 0 folders.
[2022.10.16-12.20.43:033][  0]LogContentBrowser: Native class hierarchy updated for 'SceneOutliner' in 0.0003 seconds. Added 2 classes and 0 folders.
[2022.10.16-12.20.43:088][  0]LogSlate: Took 0.000196 seconds to synchronously load lazily loaded font '../../../Engine/Content/Slate/Fonts/Roboto-Regular.ttf' (155K)
[2022.10.16-12.20.43:090][  0]LogSlate: Took 0.000178 seconds to synchronously load lazily loaded font '../../../Engine/Content/Slate/Fonts/Roboto-Bold.ttf' (160K)
[2022.10.16-12.20.43:094][  0]LogSlate: Took 0.000167 seconds to synchronously load lazily loaded font '../../../Engine/Content/Editor/Slate/Fonts/FontAwesome.ttf' (139K)
[2022.10.16-12.20.43:144][  0]LogRenderer: Reallocating scene render targets to support 1616x808 Format 10 NumSamples 1 (Frame:1).
[2022.10.16-12.20.43:221][  0]LogContentBrowser: Native class hierarchy updated for 'HierarchicalLODOutliner' in 0.0003 seconds. Added 0 classes and 0 folders.
[2022.10.16-12.20.43:221][  0]LogLoad: (Engine Initialization) Total time: 5.68 seconds
[2022.10.16-12.20.43:221][  0]LogLoad: (Engine Initialization) Total Blueprint compile time: 0.00 seconds
[2022.10.16-12.20.43:253][  0]LogAssetRegistry: Asset discovery search completed in 2.9526 seconds
[2022.10.16-12.20.43:256][  0]LogCollectionManager: Fixed up redirectors for 0 collections in 0.000002 seconds (updated 0 objects)
[2022.10.16-12.20.43:257][  0]LogContentStreaming: Texture pool size now 1000 MB
[2022.10.16-12.21.37:185][652]LogEditorViewport: Clicking on Actor (LMB): BP_Sky_Sphere_C (BP_Sky_Sphere)
[2022.10.16-12.21.39:696][925]LogEditorViewport: Clicking on Actor (LMB): BP_Star_C (BPStarClass)
[2022.10.16-12.21.48:673][984]LogActor: Warning: BP_Player_C /Engine/Transient.World_0:PersistentLevel.BP_Player_C_0 has natively added scene component(s), but none of them were set as the actor's RootComponent - picking one arbitrarily
[2022.10.16-12.21.48:780][994]LogActor: Warning: BP_Player_C /Game/StarterContent/Maps/Minimal_Default.Minimal_Default:PersistentLevel.BP_Player_C_0 has natively added scene component(s), but none of them were set as the actor's RootComponent - picking one arbitrarily
[2022.10.16-12.21.49:423][ 69]LogActor: Warning: BP_Player_C /Game/StarterContent/Maps/Minimal_Default.Minimal_Default:PersistentLevel.BP_Player_C_1 has natively added scene component(s), but none of them were set as the actor's RootComponent - picking one arbitrarily
[2022.10.16-12.21.58:864][173]LogSlate: Took 0.000145 seconds to synchronously load lazily loaded font '../../../Engine/Content/Slate/Fonts/Roboto-Light.ttf' (167K)
[2022.10.16-12.21.58:874][173]LogAssetEditorSubsystem: Opening Asset editor for Blueprint /Game/Player/BP_Player.BP_Player
[2022.10.16-12.21.59:006][173]LogContentBrowser: Native class hierarchy updated for 'BlueprintGraph' in 0.0005 seconds. Added 125 classes and 0 folders.
[2022.10.16-12.21.59:650][173]LogActor: Warning: BP_Player_C /Engine/Transient.World_1:PersistentLevel.BP_Player_C_0 has natively added scene component(s), but none of them were set as the actor's RootComponent - picking one arbitrarily
[2022.10.16-12.22.02:109][446]LogSlate: Window 'BP_Player' being destroyed
[2022.10.16-12.22.02:115][446]LogWorld: UWorld::CleanupWorld for World_1, bSessionEnded=true, bCleanupResources=true
[2022.10.16-12.22.02:115][446]LogSlate: InvalidateAllWidgets triggered.  All widgets were invalidated
[2022.10.16-12.22.02:158][446]LogAssetEditorSubsystem: Opening Asset editor for Blueprint /Game/Player/BP_Player.BP_Player
[2022.10.16-12.22.02:435][446]LogActor: Warning: BP_Player_C /Engine/Transient.World_2:PersistentLevel.BP_Player_C_0 has natively added scene component(s), but none of them were set as the actor's RootComponent - picking one arbitrarily
[2022.10.16-12.22.02:438][446]LogSlate: Took 0.000165 seconds to synchronously load lazily loaded font '../../../Engine/Content/Slate/Fonts/Roboto-BoldCondensed.ttf' (158K)
[2022.10.16-12.22.37:977][544]BlueprintLog: New page: Compile BP_Player
[2022.10.16-12.22.38:007][544]LogActor: Warning: BP_Player_C /Engine/Transient.World_0:PersistentLevel.BP_Player_C_0 has natively added scene component(s), but none of them were set as the actor's RootComponent - picking one arbitrarily
[2022.10.16-12.22.38:008][544]LogActor: Warning: BP_Player_C /Game/StarterContent/Maps/Minimal_Default.Minimal_Default:PersistentLevel.BP_Player_2 has natively added scene component(s), but none of them were set as the actor's RootComponent - picking one arbitrarily
[2022.10.16-12.22.38:046][544]LogActor: Warning: BP_Player_C /Engine/Transient.World_2:PersistentLevel.BP_Player_C_0 has natively added scene component(s), but none of them were set as the actor's RootComponent - picking one arbitrarily
[2022.10.16-12.22.38:125][544]LogUObjectHash: Compacting FUObjectHashTables data took   1.70ms
[2022.10.16-12.22.38:127][544]LogActor: Warning: BP_Player_C /Engine/Transient.World_0:PersistentLevel.BP_Player_C_1 has natively added scene component(s), but none of them were set as the actor's RootComponent - picking one arbitrarily
[2022.10.16-12.22.38:536][580]Cmd: OBJ SAVEPACKAGE PACKAGE="/Game/Player/BP_Player" FILE="../../../../../../Documents/Programing/GitKraken/Unreal Laika/Unreal_Laika/Content/Player/BP_Player.uasset" SILENT=true
[2022.10.16-12.22.38:545][580]LogSavePackage: Moving '../../../../../../Documents/Programing/GitKraken/Unreal Laika/Unreal_Laika/Saved/BP_PlayerD4C270FB4F9CC7889F15B6A0633B906D.tmp' to '../../../../../../Documents/Programing/GitKraken/Unreal Laika/Unreal_Laika/Content/Player/BP_Player.uasset'
[2022.10.16-12.22.38:561][580]AssetCheck: New page: Asset Save: BP_Player
[2022.10.16-12.22.38:561][580]LogContentValidation: Display: Validating Blueprint /Game/Player/BP_Player.BP_Player
[2022.10.16-12.22.39:657][705]LogSlate: Window 'BP_Player' being destroyed
[2022.10.16-12.22.39:661][705]LogSlate: Window 'BP_Player' being destroyed
[2022.10.16-12.22.39:662][705]LogWorld: UWorld::CleanupWorld for World_2, bSessionEnded=true, bCleanupResources=true
[2022.10.16-12.22.39:662][705]LogSlate: InvalidateAllWidgets triggered.  All widgets were invalidated
[2022.10.16-12.22.42:111][981]LogEditorViewport: Clicking on Actor (LMB): BP_Player_C (BP_Player)
[2022.10.16-12.22.43:178][ 99]Cmd: DELETE
[2022.10.16-12.22.43:178][ 99]Cmd: ACTOR DELETE
[2022.10.16-12.22.43:180][ 99]LogEditorActor: Deleted Actor: BP_Player_C
[2022.10.16-12.22.43:200][ 99]LogUObjectHash: Compacting FUObjectHashTables data took   1.70ms
[2022.10.16-12.22.43:202][ 99]LogEditorActor: Deleted 1 Actors (0.024 secs)
[2022.10.16-12.22.44:155][210]LogActor: Warning: BP_Player_C /Game/StarterContent/Maps/Minimal_Default.Minimal_Default:PersistentLevel.BP_Player_C_3 has natively added scene component(s), but none of them were set as the actor's RootComponent - picking one arbitrarily
[2022.10.16-12.22.44:808][286]LogActor: Warning: BP_Player_C /Game/StarterContent/Maps/Minimal_Default.Minimal_Default:PersistentLevel.BP_Player_C_4 has natively added scene component(s), but none of them were set as the actor's RootComponent - picking one arbitrarily
[2022.10.16-12.22.48:833][760]LogTemp: Repeating last play command: Selected Viewport
[2022.10.16-12.22.48:842][760]LogPlayLevel: PlayLevel: No blueprints needed recompiling
[2022.10.16-12.22.48:843][760]PIE: New page: PIE session: Minimal_Default (17 Oct 2022, 10:22:48 am)
[2022.10.16-12.22.48:844][760]LogOnline: OSS: Creating online subsystem instance for: NULL
[2022.10.16-12.22.48:845][760]LogOnline: OSS: TryLoadSubsystemAndSetDefault: Loaded subsystem for module [NULL]
[2022.10.16-12.22.48:845][760]LogPlayLevel: Creating play world package: /Game/StarterContent/Maps/UEDPIE_0_Minimal_Default
[2022.10.16-12.22.48:848][760]LogPlayLevel: PIE: StaticDuplicateObject took: (0.002322s)
[2022.10.16-12.22.48:848][760]LogAIModule: Creating AISystem for world Minimal_Default
[2022.10.16-12.22.48:849][760]LogAISub: UAISubsystem::UAISubsystem EnvQueryManager (0000020A1D2C7800), frame # 10760
[2022.10.16-12.22.48:849][760]LogAISub: UAISubsystem::UAISubsystem AIPerceptionSystem (0000020A1C02AE80), frame # 10760
[2022.10.16-12.22.48:849][760]LogPlayLevel: PIE: World Init took: (0.001227s)
[2022.10.16-12.22.48:849][760]LogPlayLevel: PIE: Created PIE world by copying editor world from /Game/StarterContent/Maps/Minimal_Default.Minimal_Default to /Game/StarterContent/Maps/UEDPIE_0_Minimal_Default.Minimal_Default (0.003767s)
[2022.10.16-12.22.48:863][760]LogUObjectHash: Compacting FUObjectHashTables data took   1.45ms
[2022.10.16-12.22.48:865][760]LogAudioMixer: Display: Audio Mixer Platform Settings:
[2022.10.16-12.22.48:865][760]LogAudioMixer: Display: 	Sample Rate:						  48000
[2022.10.16-12.22.48:865][760]LogAudioMixer: Display: 	Callback Buffer Frame Size Requested: 1024
[2022.10.16-12.22.48:865][760]LogAudioMixer: Display: 	Callback Buffer Frame Size To Use:	  1024
[2022.10.16-12.22.48:865][760]LogAudioMixer: Display: 	Number of buffers to queue:			  2
[2022.10.16-12.22.48:865][760]LogAudioMixer: Display: 	Max Channels (voices):				  32
[2022.10.16-12.22.48:865][760]LogAudioMixer: Display: 	Number of Async Source Workers:		  0
[2022.10.16-12.22.48:865][760]LogAudio: Display: AudioDevice MaxSources: 32
[2022.10.16-12.22.48:866][760]LogAudio: Display: Using built-in audio occlusion.
[2022.10.16-12.22.48:866][760]LogAudioMixer: Display: Initializing audio mixer.
[2022.10.16-12.22.48:868][760]LogAudioMixer: Display: 0: FrontLeft
[2022.10.16-12.22.48:868][760]LogAudioMixer: Display: 1: FrontRight
[2022.10.16-12.22.48:887][760]LogAudioMixer: Display: Using Audio Device Headset Earphone (Razer Audio Controller - Chat)
[2022.10.16-12.22.48:887][760]LogAudioMixer: Display: Initializing Sound Submixes...
[2022.10.16-12.22.48:887][760]LogAudioMixer: Display: Creating Master Submix 'MasterSubmixDefault'
[2022.10.16-12.22.48:887][760]LogAudioMixer: Display: Creating Master Submix 'MasterReverbSubmixDefault'
[2022.10.16-12.22.48:888][760]LogAudioMixer: Display: Creating Master Submix 'MasterEQSubmixDefault'
[2022.10.16-12.22.48:898][760]LogInit: FAudioDevice initialized.
[2022.10.16-12.22.48:907][760]LogLoad: Game class is 'GameModeBase'
[2022.10.16-12.22.48:908][760]LogWorld: Bringing World /Game/StarterContent/Maps/UEDPIE_0_Minimal_Default.Minimal_Default up for play (max tick rate 0) at 2022.10.16-23.22.48
[2022.10.16-12.22.48:908][760]LogWorld: Bringing up level for play took: 0.000631
[2022.10.16-12.22.48:909][760]LogOnline: OSS: Creating online subsystem instance for: :Context_5
[2022.10.16-12.22.48:911][760]LogContentBrowser: Native class hierarchy updated for 'MovieSceneCapture' in 0.0003 seconds. Added 20 classes and 0 folders.
[2022.10.16-12.22.48:911][760]PIE: Server logged in
[2022.10.16-12.22.48:913][760]PIE: Play in editor total start time 0.071 seconds.
[2022.10.16-12.22.54:100][266]LogSlate: Updating window title bar state: overlay mode, drag disabled, window buttons hidden, title bar hidden
[2022.10.16-12.22.54:100][266]LogWorld: BeginTearingDown for /Game/StarterContent/Maps/UEDPIE_0_Minimal_Default
[2022.10.16-12.22.54:100][266]LogWorld: UWorld::CleanupWorld for Minimal_Default, bSessionEnded=true, bCleanupResources=true
[2022.10.16-12.22.54:100][266]LogSlate: InvalidateAllWidgets triggered.  All widgets were invalidated
[2022.10.16-12.22.54:106][266]LogPlayLevel: Display: Shutting down PIE online subsystems
[2022.10.16-12.22.54:109][266]LogSlate: InvalidateAllWidgets triggered.  All widgets were invalidated
[2022.10.16-12.22.54:144][266]LogSlate: Updating window title bar state: overlay mode, drag disabled, window buttons hidden, title bar hidden
[2022.10.16-12.22.54:158][266]LogAISub: UAISubsystem::~UAISubsystem EnvQueryManager (0000020A1D2C7800), frame # 11266
[2022.10.16-12.22.54:165][266]LogAISub: UAISubsystem::~UAISubsystem AIPerceptionSystem (0000020A1C02AE80), frame # 11266
[2022.10.16-12.22.54:179][266]LogUObjectHash: Compacting FUObjectHashTables data took   2.47ms
[2022.10.16-12.22.54:212][267]LogPlayLevel: Display: Destroying online subsystem :Context_5
[2022.10.16-12.23.37:061][325]LogSlate: Took 0.000153 seconds to synchronously load lazily loaded font '../../../Engine/Content/Slate/Fonts/Roboto-Italic.ttf' (157K)
[2022.10.16-12.23.59:085][910]LogTemp: Repeating last play command: Selected Viewport
[2022.10.16-12.23.59:094][910]LogPlayLevel: PlayLevel: No blueprints needed recompiling
[2022.10.16-12.23.59:094][910]PIE: New page: PIE session: Minimal_Default (17 Oct 2022, 10:23:59 am)
[2022.10.16-12.23.59:118][910]LogPlayLevel: Creating play world package: /Game/StarterContent/Maps/UEDPIE_0_Minimal_Default
[2022.10.16-12.23.59:120][910]LogPlayLevel: PIE: StaticDuplicateObject took: (0.002796s)
[2022.10.16-12.23.59:122][910]LogAIModule: Creating AISystem for world Minimal_Default
[2022.10.16-12.23.59:122][910]LogAISub: UAISubsystem::UAISubsystem EnvQueryManager (0000020A0803F200), frame # 18910
[2022.10.16-12.23.59:122][910]LogAISub: UAISubsystem::UAISubsystem AIPerceptionSystem (0000020990002700), frame # 18910
[2022.10.16-12.23.59:122][910]LogPlayLevel: PIE: World Init took: (0.001758s)
[2022.10.16-12.23.59:123][910]LogPlayLevel: PIE: Created PIE world by copying editor world from /Game/StarterContent/Maps/Minimal_Default.Minimal_Default to /Game/StarterContent/Maps/UEDPIE_0_Minimal_Default.Minimal_Default (0.004953s)
[2022.10.16-12.23.59:161][910]LogUObjectHash: Compacting FUObjectHashTables data took   3.10ms
[2022.10.16-12.23.59:166][910]LogAudioMixer: Display: Audio Mixer Platform Settings:
[2022.10.16-12.23.59:166][910]LogAudioMixer: Display: 	Sample Rate:						  48000
[2022.10.16-12.23.59:166][910]LogAudioMixer: Display: 	Callback Buffer Frame Size Requested: 1024
[2022.10.16-12.23.59:166][910]LogAudioMixer: Display: 	Callback Buffer Frame Size To Use:	  1024
[2022.10.16-12.23.59:166][910]LogAudioMixer: Display: 	Number of buffers to queue:			  2
[2022.10.16-12.23.59:166][910]LogAudioMixer: Display: 	Max Channels (voices):				  32
[2022.10.16-12.23.59:166][910]LogAudioMixer: Display: 	Number of Async Source Workers:		  0
[2022.10.16-12.23.59:166][910]LogAudio: Display: AudioDevice MaxSources: 32
[2022.10.16-12.23.59:166][910]LogAudio: Display: Using built-in audio occlusion.
[2022.10.16-12.23.59:167][910]LogAudioMixer: Display: Initializing audio mixer.
[2022.10.16-12.23.59:169][910]LogAudioMixer: Display: 0: FrontLeft
[2022.10.16-12.23.59:169][910]LogAudioMixer: Display: 1: FrontRight
[2022.10.16-12.23.59:187][910]LogAudioMixer: Display: Using Audio Device Headset Earphone (Razer Audio Controller - Chat)
[2022.10.16-12.23.59:187][910]LogAudioMixer: Display: Initializing Sound Submixes...
[2022.10.16-12.23.59:187][910]LogAudioMixer: Display: Creating Master Submix 'MasterSubmixDefault'
[2022.10.16-12.23.59:187][910]LogAudioMixer: Display: Creating Master Submix 'MasterReverbSubmixDefault'
[2022.10.16-12.23.59:188][910]LogAudioMixer: Display: Creating Master Submix 'MasterEQSubmixDefault'
[2022.10.16-12.23.59:198][910]LogInit: FAudioDevice initialized.
[2022.10.16-12.23.59:206][910]LogLoad: Game class is 'GameModeBase'
[2022.10.16-12.23.59:207][910]LogWorld: Bringing World /Game/StarterContent/Maps/UEDPIE_0_Minimal_Default.Minimal_Default up for play (max tick rate 0) at 2022.10.16-23.23.59
[2022.10.16-12.23.59:207][910]LogWorld: Bringing up level for play took: 0.000557
[2022.10.16-12.23.59:207][910]LogOnline: OSS: Creating online subsystem instance for: :Context_6
[2022.10.16-12.23.59:209][910]PIE: Server logged in
[2022.10.16-12.23.59:210][910]PIE: Play in editor total start time 0.116 seconds.
[2022.10.16-12.24.26:032][911]LogSlate: Window 'Project Settings' being destroyed
[2022.10.16-12.24.26:037][911]LogSlate: Window 'Project Settings' being destroyed
