Log file open, 10/16/22 23:50:31
LogInit: Display: Running engine for game: Unreal_Laika
LogPlatformFile: Not using cached read wrapper
LogTaskGraph: Started task graph with 5 named threads and 35 total threads with 3 sets of task threads.
LogStats: Stats thread started at 0.226221
LogD3D11RHI: Loaded GFSDK_Aftermath_Lib.x64.dll
LogICUInternationalization: ICU TimeZone Detection - Raw Offset: +10:00, Platform Override: ''
LogPluginManager: Mounting plugin Paper2D
LogPluginManager: Mounting plugin AISupport
LogPluginManager: Mounting plugin LightPropagationVolume
LogPluginManager: Mounting plugin CameraShakePreviewer
LogPluginManager: Mounting plugin ActorLayerUtilities
LogPluginManager: Mounting plugin AnimationSharing
LogPluginManager: Mounting plugin CLionSourceCodeAccess
LogPluginManager: Mounting plugin CodeLiteSourceCodeAccess
LogPluginManager: Mounting plugin GitSourceControl
LogPluginManager: Mounting plugin KDevelopSourceCodeAccess
LogPluginManager: Mounting plugin NullSourceCodeAccess
LogPluginManager: Mounting plugin PerforceSourceControl
LogPluginManager: Mounting plugin PlasticSourceControl
LogPluginManager: Mounting plugin RiderSourceCodeAccess
LogPluginManager: Mounting plugin SubversionSourceControl
LogPluginManager: Mounting plugin UObjectPlugin
LogPluginManager: Mounting plugin VisualStudioCodeSourceCodeAccess
LogPluginManager: Mounting plugin VisualStudioSourceCodeAccess
LogPluginManager: Mounting plugin XCodeSourceCodeAccess
LogPluginManager: Mounting plugin AssetManagerEditor
LogPluginManager: Mounting plugin CryptoKeys
LogPluginManager: Mounting plugin CurveEditorTools
LogPluginManager: Mounting plugin DataValidation
LogPluginManager: Mounting plugin EditorScriptingUtilities
LogPluginManager: Mounting plugin FacialAnimation
LogPluginManager: Mounting plugin GameplayTagsEditor
LogPluginManager: Mounting plugin GeometryMode
LogPluginManager: Mounting plugin MacGraphicsSwitching
LogPluginManager: Mounting plugin MaterialAnalyzer
LogPluginManager: Mounting plugin MobileLauncherProfileWizard
LogPluginManager: Mounting plugin PluginBrowser
LogPluginManager: Mounting plugin SpeedTreeImporter
LogPluginManager: Mounting plugin DatasmithContent
LogPluginManager: Mounting plugin VariantManagerContent
LogPluginManager: Mounting plugin AlembicImporter
LogPluginManager: Mounting plugin AutomationUtils
LogPluginManager: Mounting plugin BackChannel
LogPluginManager: Mounting plugin ChaosCloth
LogPluginManager: Mounting plugin ChaosClothEditor
LogPluginManager: Mounting plugin ChaosEditor
LogPluginManager: Mounting plugin ChaosNiagara
LogPluginManager: Mounting plugin ChaosSolverPlugin
LogPluginManager: Mounting plugin CharacterAI
LogPluginManager: Mounting plugin GeometryCache
LogPluginManager: Mounting plugin GeometryCollectionPlugin
LogPluginManager: Mounting plugin GeometryProcessing
LogPluginManager: Mounting plugin PlanarCut
LogPluginManager: Mounting plugin PlatformCrypto
LogPluginManager: Mounting plugin ProxyLODPlugin
LogPluginManager: Mounting plugin SkeletalReduction
LogPluginManager: Mounting plugin Niagara
LogPluginManager: Mounting plugin MagicLeap
LogPluginManager: Mounting plugin MagicLeapLightEstimation
LogPluginManager: Mounting plugin MagicLeapMedia
LogPluginManager: Mounting plugin MagicLeapPassableWorld
LogPluginManager: Mounting plugin MLSDK
LogPluginManager: Mounting plugin AndroidMedia
LogPluginManager: Mounting plugin AvfMedia
LogPluginManager: Mounting plugin ImgMedia
LogPluginManager: Mounting plugin MediaCompositing
LogPluginManager: Mounting plugin MediaPlayerEditor
LogPluginManager: Mounting plugin WebMMedia
LogPluginManager: Mounting plugin WmfMedia
LogPluginManager: Mounting plugin MeshPainting
LogPluginManager: Mounting plugin TcpMessaging
LogPluginManager: Mounting plugin UdpMessaging
LogPluginManager: Mounting plugin ActorSequence
LogPluginManager: Mounting plugin LevelSequenceEditor
LogPluginManager: Mounting plugin MatineeToLevelSequence
LogPluginManager: Mounting plugin MovieRenderPipeline
LogPluginManager: Mounting plugin TemplateSequence
LogPluginManager: Mounting plugin NetcodeUnitTest
LogPluginManager: Mounting plugin NUTUnrealEngine4
LogPluginManager: Mounting plugin OnlineSubsystemGooglePlay
LogPluginManager: Mounting plugin OnlineSubsystemIOS
LogPluginManager: Mounting plugin OnlineSubsystem
LogPluginManager: Mounting plugin OnlineSubsystemNull
LogPluginManager: Mounting plugin OnlineSubsystemUtils
LogPluginManager: Mounting plugin LauncherChunkInstaller
LogPluginManager: Mounting plugin AndroidDeviceProfileSelector
LogPluginManager: Mounting plugin AndroidMoviePlayer
LogPluginManager: Mounting plugin AndroidPermission
LogPluginManager: Mounting plugin AppleImageUtils
LogPluginManager: Mounting plugin AppleMoviePlayer
LogPluginManager: Mounting plugin ArchVisCharacter
LogPluginManager: Mounting plugin AssetTags
LogPluginManager: Mounting plugin AudioCapture
LogPluginManager: Mounting plugin CableComponent
LogPluginManager: Mounting plugin CustomMeshComponent
LogPluginManager: Mounting plugin EditableMesh
LogPluginManager: Mounting plugin ExampleDeviceProfileSelector
LogPluginManager: Mounting plugin GoogleCloudMessaging
LogPluginManager: Mounting plugin GooglePAD
LogPluginManager: Mounting plugin IOSDeviceProfileSelector
LogPluginManager: Mounting plugin LinuxDeviceProfileSelector
LogPluginManager: Mounting plugin LocationServicesBPLibrary
LogPluginManager: Mounting plugin MobilePatchingUtils
LogPluginManager: Mounting plugin OculusVR
LogPluginManager: Mounting plugin PhysXVehicles
LogPluginManager: Mounting plugin PostSplashScreen
LogPluginManager: Mounting plugin ProceduralMeshComponent
LogPluginManager: Mounting plugin RuntimePhysXCooking
LogPluginManager: Mounting plugin SignificanceManager
LogPluginManager: Mounting plugin SoundFields
LogPluginManager: Mounting plugin SteamVR
LogPluginManager: Mounting plugin Synthesis
LogPluginManager: Mounting plugin WebMMoviePlayer
LogPluginManager: Mounting plugin WindowsMoviePlayer
LogPluginManager: Mounting plugin ScreenshotTools
LogInit: Using libcurl 7.55.1-DEV
LogInit:  - built for x86_64-pc-win32
LogInit:  - supports SSL with OpenSSL/1.1.1
LogInit:  - supports HTTP deflate (compression) using libz 1.2.8
LogInit:  - other features:
LogInit:      CURL_VERSION_SSL
LogInit:      CURL_VERSION_LIBZ
LogInit:      CURL_VERSION_IPV6
LogInit:      CURL_VERSION_ASYNCHDNS
LogInit:      CURL_VERSION_LARGEFILE
LogInit:      CURL_VERSION_IDN
LogInit:  CurlRequestOptions (configurable via config and command line):
LogInit:  - bVerifyPeer = true  - Libcurl will verify peer certificate
LogInit:  - bUseHttpProxy = false  - Libcurl will NOT use HTTP proxy
LogInit:  - bDontReuseConnections = false  - Libcurl will reuse connections
LogInit:  - MaxHostConnections = 16  - Libcurl will limit the number of connections to a host
LogInit:  - LocalHostAddr = Default
LogInit:  - BufferSize = 65536
LogOnline: OSS: Creating online subsystem instance for: NULL
LogInit: WinSock: version 1.1 (2.2), MaxSocks=32767, MaxUdp=65467
LogOnline: OSS: TryLoadSubsystemAndSetDefault: Loaded subsystem for module [NULL]
LogInit: Build: ++UE4+Release-4.25-CL-14469661
LogInit: Engine Version: 4.25.4-14469661+++UE4+Release-4.25
LogInit: Compatible Engine Version: 4.25.0-13144385+++UE4+Release-4.25
LogInit: Net CL: 13144385
LogInit: OS: Windows 10 (Release 2009) (), CPU: AMD Ryzen 5 3600X 6-Core Processor             , GPU: NVIDIA GeForce RTX 3070 Ti
LogInit: Compiled (64-bit): Oct 11 2020 08:10:49
LogInit: Compiled with Visual C++: 19.24.28315.00
LogInit: Build Configuration: Development
LogInit: Branch Name: ++UE4+Release-4.25
LogInit: Command Line:  -skipcompile
LogInit: Base Directory: D:/Program Files/Epic Games/UE_4.25/Engine/Binaries/Win64/
LogInit: Allocator: TBB
LogInit: Installed Engine Build: 1
LogDevObjectVersion: Number of dev versions registered: 26
LogDevObjectVersion:   Dev-Blueprints (B0D832E4-1F89-4F0D-ACCF-7EB736FD4AA2): 10
LogDevObjectVersion:   Dev-Build (E1C64328-A22C-4D53-A36C-8E866417BD8C): 0
LogDevObjectVersion:   Dev-Core (375EC13C-06E4-48FB-B500-84F0262A717E): 4
LogDevObjectVersion:   Dev-Editor (E4B068ED-F494-42E9-A231-DA0B2E46BB41): 38
LogDevObjectVersion:   Dev-Framework (CFFC743F-43B0-4480-9391-14DF171D2073): 37
LogDevObjectVersion:   Dev-Mobile (B02B49B5-BB20-44E9-A304-32B752E40360): 2
LogDevObjectVersion:   Dev-Networking (A4E4105C-59A1-49B5-A7C5-40C4547EDFEE): 0
LogDevObjectVersion:   Dev-Online (39C831C9-5AE6-47DC-9A44-9C173E1C8E7C): 0
LogDevObjectVersion:   Dev-Physics (78F01B33-EBEA-4F98-B9B4-84EACCB95AA2): 4
LogDevObjectVersion:   Dev-Platform (6631380F-2D4D-43E0-8009-CF276956A95A): 0
LogDevObjectVersion:   Dev-Rendering (12F88B9F-8875-4AFC-A67C-D90C383ABD29): 43
LogDevObjectVersion:   Dev-Sequencer (7B5AE74C-D270-4C10-A958-57980B212A5A): 12
LogDevObjectVersion:   Dev-VR (D7296918-1DD6-4BDD-9DE2-64A83CC13884): 3
LogDevObjectVersion:   Dev-LoadTimes (C2A15278-BFE7-4AFE-6C17-90FF531DF755): 1
LogDevObjectVersion:   Private-Geometry (6EACA3D4-40EC-4CC1-B786-8BED09428FC5): 3
LogDevObjectVersion:   Dev-AnimPhys (29E575DD-E0A3-4627-9D10-D276232CDCEA): 17
LogDevObjectVersion:   Dev-Anim (AF43A65D-7FD3-4947-9873-3E8ED9C1BB05): 7
LogDevObjectVersion:   Dev-ReflectionCapture (6B266CEC-1EC7-4B8F-A30B-E4D90942FC07): 1
LogDevObjectVersion:   Dev-Automation (0DF73D61-A23F-47EA-B727-89E90C41499A): 1
LogDevObjectVersion:   FortniteMain (601D1886-AC64-4F84-AA16-D3DE0DEAC7D6): 31
LogDevObjectVersion:   Dev-Enterprise (9DFFBCD6-494F-0158-E221-12823C92A888): 10
LogDevObjectVersion:   Dev-Niagara (F2AED0AC-9AFE-416F-8664-AA7FFA26D6FC): 1
LogDevObjectVersion:   Dev-Destruction (174F1F0B-B4C6-45A5-B13F-2EE8D0FB917D): 10
LogDevObjectVersion:   Dev-Physics-Ext (35F94A83-E258-406C-A318-09F59610247C): 37
LogDevObjectVersion:   Dev-PhysicsMaterial-Chaos (B68FC16E-8B1B-42E2-B453-215C058844FE): 1
LogDevObjectVersion:   Dev-CineCamera (B2E18506-4273-CFC2-A54E-F4BB758BBA07): 1
LogInit: Presizing for max 25165824 objects, including 0 objects not considered by GC, pre-allocating 0 bytes for permanent pool.
LogConfig: Applying CVar settings from Section [/Script/Engine.StreamingSettings] File [D:/Documents/Programing/GitKraken/Unreal Laika/Unreal_Laika/Saved/Config/Windows/Engine.ini]
LogConfig: Setting CVar [[s.MinBulkDataSizeForAsyncLoading:131072]]
LogConfig: Setting CVar [[s.AsyncLoadingThreadEnabled:0]]
LogConfig: Setting CVar [[s.EventDrivenLoaderEnabled:1]]
LogConfig: Setting CVar [[s.WarnIfTimeLimitExceeded:0]]
LogConfig: Setting CVar [[s.TimeLimitExceededMultiplier:1.5]]
LogConfig: Setting CVar [[s.TimeLimitExceededMinTime:0.005]]
LogConfig: Setting CVar [[s.UseBackgroundLevelStreaming:1]]
LogConfig: Setting CVar [[s.PriorityAsyncLoadingExtraTime:15.0]]
LogConfig: Setting CVar [[s.LevelStreamingActorsUpdateTimeLimit:5.0]]
LogConfig: Setting CVar [[s.PriorityLevelStreamingActorsUpdateExtraTime:5.0]]
LogConfig: Setting CVar [[s.LevelStreamingComponentsRegistrationGranularity:10]]
LogConfig: Setting CVar [[s.UnregisterComponentsTimeLimit:1.0]]
LogConfig: Setting CVar [[s.LevelStreamingComponentsUnregistrationGranularity:5]]
LogConfig: Setting CVar [[s.FlushStreamingOnExit:1]]
LogInit: Object subsystem initialized
LogConfig: Setting CVar [[con.DebugEarlyDefault:1]]
LogConfig: Setting CVar [[r.setres:1280x720]]
[2022.10.16-12.50.32:152][  0]LogConfig: Setting CVar [[r.VSync:0]]
[2022.10.16-12.50.32:152][  0]LogConfig: Setting CVar [[r.RHICmdBypass:0]]
[2022.10.16-12.50.32:152][  0]LogConfig: Applying CVar settings from Section [/Script/Engine.RendererSettings] File [D:/Documents/Programing/GitKraken/Unreal Laika/Unreal_Laika/Saved/Config/Windows/Engine.ini]
[2022.10.16-12.50.32:152][  0]LogConfig: Setting CVar [[r.GPUCrashDebugging:0]]
[2022.10.16-12.50.32:152][  0]LogConfig: Applying CVar settings from Section [/Script/Engine.RendererOverrideSettings] File [D:/Documents/Programing/GitKraken/Unreal Laika/Unreal_Laika/Saved/Config/Windows/Engine.ini]
[2022.10.16-12.50.32:152][  0]LogConfig: Applying CVar settings from Section [/Script/Engine.StreamingSettings] File [D:/Documents/Programing/GitKraken/Unreal Laika/Unreal_Laika/Saved/Config/Windows/Engine.ini]
[2022.10.16-12.50.32:152][  0]LogConfig: Setting CVar [[s.MinBulkDataSizeForAsyncLoading:131072]]
[2022.10.16-12.50.32:152][  0]LogConfig: Setting CVar [[s.AsyncLoadingThreadEnabled:0]]
[2022.10.16-12.50.32:152][  0]LogConfig: Setting CVar [[s.EventDrivenLoaderEnabled:1]]
[2022.10.16-12.50.32:152][  0]LogConfig: Setting CVar [[s.WarnIfTimeLimitExceeded:0]]
[2022.10.16-12.50.32:152][  0]LogConfig: Setting CVar [[s.TimeLimitExceededMultiplier:1.5]]
[2022.10.16-12.50.32:152][  0]LogConfig: Setting CVar [[s.TimeLimitExceededMinTime:0.005]]
[2022.10.16-12.50.32:152][  0]LogConfig: Setting CVar [[s.UseBackgroundLevelStreaming:1]]
[2022.10.16-12.50.32:152][  0]LogConfig: Setting CVar [[s.PriorityAsyncLoadingExtraTime:15.0]]
[2022.10.16-12.50.32:152][  0]LogConfig: Setting CVar [[s.LevelStreamingActorsUpdateTimeLimit:5.0]]
[2022.10.16-12.50.32:152][  0]LogConfig: Setting CVar [[s.PriorityLevelStreamingActorsUpdateExtraTime:5.0]]
[2022.10.16-12.50.32:153][  0]LogConfig: Setting CVar [[s.LevelStreamingComponentsRegistrationGranularity:10]]
[2022.10.16-12.50.32:153][  0]LogConfig: Setting CVar [[s.UnregisterComponentsTimeLimit:1.0]]
[2022.10.16-12.50.32:153][  0]LogConfig: Setting CVar [[s.LevelStreamingComponentsUnregistrationGranularity:5]]
[2022.10.16-12.50.32:153][  0]LogConfig: Setting CVar [[s.FlushStreamingOnExit:1]]
[2022.10.16-12.50.32:153][  0]LogConfig: Applying CVar settings from Section [/Script/Engine.GarbageCollectionSettings] File [D:/Documents/Programing/GitKraken/Unreal Laika/Unreal_Laika/Saved/Config/Windows/Engine.ini]
[2022.10.16-12.50.32:153][  0]LogConfig: Setting CVar [[gc.MaxObjectsNotConsideredByGC:1]]
[2022.10.16-12.50.32:153][  0]LogConfig: Setting CVar [[gc.SizeOfPermanentObjectPool:0]]
[2022.10.16-12.50.32:153][  0]LogConfig: Setting CVar [[gc.FlushStreamingOnGC:0]]
[2022.10.16-12.50.32:153][  0]LogConfig: Setting CVar [[gc.NumRetriesBeforeForcingGC:10]]
[2022.10.16-12.50.32:153][  0]LogConfig: Setting CVar [[gc.AllowParallelGC:1]]
[2022.10.16-12.50.32:153][  0]LogConfig: Setting CVar [[gc.TimeBetweenPurgingPendingKillObjects:61.1]]
[2022.10.16-12.50.32:153][  0]LogConfig: Setting CVar [[gc.MaxObjectsInEditor:25165824]]
[2022.10.16-12.50.32:153][  0]LogConfig: Setting CVar [[gc.IncrementalBeginDestroyEnabled:1]]
[2022.10.16-12.50.32:153][  0]LogConfig: Setting CVar [[gc.CreateGCClusters:1]]
[2022.10.16-12.50.32:153][  0]LogConfig: Setting CVar [[gc.MinGCClusterSize:5]]
[2022.10.16-12.50.32:153][  0]LogConfig: Setting CVar [[gc.ActorClusteringEnabled:0]]
[2022.10.16-12.50.32:153][  0]LogConfig: Setting CVar [[gc.BlueprintClusteringEnabled:0]]
[2022.10.16-12.50.32:153][  0]LogConfig: Setting CVar [[gc.UseDisregardForGCOnDedicatedServers:0]]
[2022.10.16-12.50.32:153][  0]LogConfig: Applying CVar settings from Section [/Script/Engine.NetworkSettings] File [D:/Documents/Programing/GitKraken/Unreal Laika/Unreal_Laika/Saved/Config/Windows/Engine.ini]
[2022.10.16-12.50.32:153][  0]LogConfig: Applying CVar settings from Section [/Script/UnrealEd.CookerSettings] File [D:/Documents/Programing/GitKraken/Unreal Laika/Unreal_Laika/Saved/Config/Windows/Engine.ini]
[2022.10.16-12.50.32:158][  0]LogConfig: Applying CVar settings from Section [ViewDistanceQuality@3] File [D:/Documents/Programing/GitKraken/Unreal Laika/Unreal_Laika/Saved/Config/Windows/Scalability.ini]
[2022.10.16-12.50.32:158][  0]LogConfig: Setting CVar [[r.SkeletalMeshLODBias:0]]
[2022.10.16-12.50.32:158][  0]LogConfig: Setting CVar [[r.ViewDistanceScale:1.0]]
[2022.10.16-12.50.32:158][  0]LogConfig: Applying CVar settings from Section [AntiAliasingQuality@3] File [D:/Documents/Programing/GitKraken/Unreal Laika/Unreal_Laika/Saved/Config/Windows/Scalability.ini]
[2022.10.16-12.50.32:158][  0]LogConfig: Setting CVar [[r.PostProcessAAQuality:4]]
[2022.10.16-12.50.32:158][  0]LogConfig: Applying CVar settings from Section [ShadowQuality@3] File [D:/Documents/Programing/GitKraken/Unreal Laika/Unreal_Laika/Saved/Config/Windows/Scalability.ini]
[2022.10.16-12.50.32:158][  0]LogConfig: Setting CVar [[r.LightFunctionQuality:1]]
[2022.10.16-12.50.32:158][  0]LogConfig: Setting CVar [[r.ShadowQuality:5]]
[2022.10.16-12.50.32:158][  0]LogConfig: Setting CVar [[r.Shadow.CSM.MaxCascades:10]]
[2022.10.16-12.50.32:158][  0]LogConfig: Setting CVar [[r.Shadow.MaxResolution:2048]]
[2022.10.16-12.50.32:158][  0]LogConfig: Setting CVar [[r.Shadow.MaxCSMResolution:2048]]
[2022.10.16-12.50.32:158][  0]LogConfig: Setting CVar [[r.Shadow.RadiusThreshold:0.01]]
[2022.10.16-12.50.32:158][  0]LogConfig: Setting CVar [[r.Shadow.DistanceScale:1.0]]
[2022.10.16-12.50.32:158][  0]LogConfig: Setting CVar [[r.Shadow.CSM.TransitionScale:1.0]]
[2022.10.16-12.50.32:158][  0]LogConfig: Setting CVar [[r.Shadow.PreShadowResolutionFactor:1.0]]
[2022.10.16-12.50.32:159][  0]LogConfig: Setting CVar [[r.DistanceFieldShadowing:1]]
[2022.10.16-12.50.32:159][  0]LogConfig: Setting CVar [[r.DistanceFieldAO:1]]
[2022.10.16-12.50.32:159][  0]LogConfig: Setting CVar [[r.AOQuality:2]]
[2022.10.16-12.50.32:159][  0]LogConfig: Setting CVar [[r.VolumetricFog:1]]
[2022.10.16-12.50.32:159][  0]LogConfig: Setting CVar [[r.VolumetricFog.GridPixelSize:8]]
[2022.10.16-12.50.32:159][  0]LogConfig: Setting CVar [[r.VolumetricFog.GridSizeZ:128]]
[2022.10.16-12.50.32:159][  0]LogConfig: Setting CVar [[r.VolumetricFog.HistoryMissSupersampleCount:4]]
[2022.10.16-12.50.32:159][  0]LogConfig: Setting CVar [[r.LightMaxDrawDistanceScale:1]]
[2022.10.16-12.50.32:159][  0]LogConfig: Setting CVar [[r.CapsuleShadows:1]]
[2022.10.16-12.50.32:159][  0]LogConfig: Applying CVar settings from Section [PostProcessQuality@3] File [D:/Documents/Programing/GitKraken/Unreal Laika/Unreal_Laika/Saved/Config/Windows/Scalability.ini]
[2022.10.16-12.50.32:159][  0]LogConfig: Setting CVar [[r.MotionBlurQuality:4]]
[2022.10.16-12.50.32:159][  0]LogConfig: Setting CVar [[r.AmbientOcclusionMipLevelFactor:0.4]]
[2022.10.16-12.50.32:159][  0]LogConfig: Setting CVar [[r.AmbientOcclusionMaxQuality:100]]
[2022.10.16-12.50.32:159][  0]LogConfig: Setting CVar [[r.AmbientOcclusionLevels:-1]]
[2022.10.16-12.50.32:159][  0]LogConfig: Setting CVar [[r.AmbientOcclusionRadiusScale:1.0]]
[2022.10.16-12.50.32:159][  0]LogConfig: Setting CVar [[r.DepthOfFieldQuality:2]]
[2022.10.16-12.50.32:159][  0]LogConfig: Setting CVar [[r.RenderTargetPoolMin:400]]
[2022.10.16-12.50.32:159][  0]LogConfig: Setting CVar [[r.LensFlareQuality:2]]
[2022.10.16-12.50.32:159][  0]LogConfig: Setting CVar [[r.SceneColorFringeQuality:1]]
[2022.10.16-12.50.32:159][  0]LogConfig: Setting CVar [[r.EyeAdaptationQuality:2]]
[2022.10.16-12.50.32:159][  0]LogConfig: Setting CVar [[r.BloomQuality:5]]
[2022.10.16-12.50.32:159][  0]LogConfig: Setting CVar [[r.FastBlurThreshold:100]]
[2022.10.16-12.50.32:159][  0]LogConfig: Setting CVar [[r.Upscale.Quality:3]]
[2022.10.16-12.50.32:159][  0]LogConfig: Setting CVar [[r.Tonemapper.GrainQuantization:1]]
[2022.10.16-12.50.32:159][  0]LogConfig: Setting CVar [[r.LightShaftQuality:1]]
[2022.10.16-12.50.32:159][  0]LogConfig: Setting CVar [[r.Filter.SizeScale:1]]
[2022.10.16-12.50.32:160][  0]LogConfig: Setting CVar [[r.Tonemapper.Quality:5]]
[2022.10.16-12.50.32:160][  0]LogConfig: Setting CVar [[r.DOF.Gather.AccumulatorQuality:1        ; higher gathering accumulator quality]]
[2022.10.16-12.50.32:160][  0]LogConfig: Setting CVar [[r.DOF.Gather.PostfilterMethod:1          ; Median3x3 postfilering method]]
[2022.10.16-12.50.32:160][  0]LogConfig: Setting CVar [[r.DOF.Gather.EnableBokehSettings:0       ; no bokeh simulation when gathering]]
[2022.10.16-12.50.32:160][  0]LogConfig: Setting CVar [[r.DOF.Gather.RingCount:4                 ; medium number of samples when gathering]]
[2022.10.16-12.50.32:160][  0]LogConfig: Setting CVar [[r.DOF.Scatter.ForegroundCompositing:1    ; additive foreground scattering]]
[2022.10.16-12.50.32:160][  0]LogConfig: Setting CVar [[r.DOF.Scatter.BackgroundCompositing:2    ; additive background scattering]]
[2022.10.16-12.50.32:160][  0]LogConfig: Setting CVar [[r.DOF.Scatter.EnableBokehSettings:1      ; bokeh simulation when scattering]]
[2022.10.16-12.50.32:160][  0]LogConfig: Setting CVar [[r.DOF.Scatter.MaxSpriteRatio:0.1         ; only a maximum of 10% of scattered bokeh]]
[2022.10.16-12.50.32:160][  0]LogConfig: Setting CVar [[r.DOF.Recombine.Quality:1                ; cheap slight out of focus]]
[2022.10.16-12.50.32:160][  0]LogConfig: Setting CVar [[r.DOF.Recombine.EnableBokehSettings:0    ; no bokeh simulation on slight out of focus]]
[2022.10.16-12.50.32:160][  0]LogConfig: Setting CVar [[r.DOF.TemporalAAQuality:1                ; more stable temporal accumulation]]
[2022.10.16-12.50.32:160][  0]LogConfig: Setting CVar [[r.DOF.Kernel.MaxForegroundRadius:0.025]]
[2022.10.16-12.50.32:160][  0]LogConfig: Setting CVar [[r.DOF.Kernel.MaxBackgroundRadius:0.025]]
[2022.10.16-12.50.32:160][  0]LogConfig: Applying CVar settings from Section [TextureQuality@3] File [D:/Documents/Programing/GitKraken/Unreal Laika/Unreal_Laika/Saved/Config/Windows/Scalability.ini]
[2022.10.16-12.50.32:160][  0]LogConfig: Setting CVar [[r.Streaming.MipBias:0]]
[2022.10.16-12.50.32:160][  0]LogConfig: Setting CVar [[r.Streaming.AmortizeCPUToGPUCopy:0]]
[2022.10.16-12.50.32:160][  0]LogConfig: Setting CVar [[r.Streaming.MaxNumTexturesToStreamPerFrame:0]]
[2022.10.16-12.50.32:160][  0]LogConfig: Setting CVar [[r.Streaming.Boost:1]]
[2022.10.16-12.50.32:160][  0]LogConfig: Setting CVar [[r.MaxAnisotropy:8]]
[2022.10.16-12.50.32:160][  0]LogConfig: Setting CVar [[r.VT.MaxAnisotropy:8]]
[2022.10.16-12.50.32:160][  0]LogConfig: Setting CVar [[r.Streaming.LimitPoolSizeToVRAM:0]]
[2022.10.16-12.50.32:160][  0]LogConfig: Setting CVar [[r.Streaming.PoolSize:1000]]
[2022.10.16-12.50.32:160][  0]LogConfig: Setting CVar [[r.Streaming.MaxEffectiveScreenSize:0]]
[2022.10.16-12.50.32:160][  0]LogConfig: Applying CVar settings from Section [EffectsQuality@3] File [D:/Documents/Programing/GitKraken/Unreal Laika/Unreal_Laika/Saved/Config/Windows/Scalability.ini]
[2022.10.16-12.50.32:161][  0]LogConfig: Setting CVar [[r.TranslucencyLightingVolumeDim:64]]
[2022.10.16-12.50.32:161][  0]LogConfig: Setting CVar [[r.RefractionQuality:2]]
[2022.10.16-12.50.32:161][  0]LogConfig: Setting CVar [[r.SSR.Quality:3]]
[2022.10.16-12.50.32:161][  0]LogConfig: Setting CVar [[r.SSR.HalfResSceneColor:0]]
[2022.10.16-12.50.32:161][  0]LogConfig: Setting CVar [[r.SceneColorFormat:4]]
[2022.10.16-12.50.32:161][  0]LogConfig: Setting CVar [[r.DetailMode:2]]
[2022.10.16-12.50.32:161][  0]LogConfig: Setting CVar [[r.TranslucencyVolumeBlur:1]]
[2022.10.16-12.50.32:161][  0]LogConfig: Setting CVar [[r.MaterialQualityLevel:1 ; High quality]]
[2022.10.16-12.50.32:161][  0]LogConfig: Setting CVar [[r.SSS.Scale:1]]
[2022.10.16-12.50.32:161][  0]LogConfig: Setting CVar [[r.SSS.SampleSet:2]]
[2022.10.16-12.50.32:161][  0]LogConfig: Setting CVar [[r.SSS.Quality:1]]
[2022.10.16-12.50.32:161][  0]LogConfig: Setting CVar [[r.SSS.HalfRes:0]]
[2022.10.16-12.50.32:161][  0]LogConfig: Setting CVar [[r.SSGI.Quality:3]]
[2022.10.16-12.50.32:161][  0]LogConfig: Setting CVar [[r.EmitterSpawnRateScale:1.0]]
[2022.10.16-12.50.32:161][  0]LogConfig: Setting CVar [[r.ParticleLightQuality:2]]
[2022.10.16-12.50.32:161][  0]LogConfig: Setting CVar [[r.SkyAtmosphere.AerialPerspectiveLUT.FastApplyOnOpaque:1 ; Always have FastSkyLUT 1 in this case to avoid wrong sky]]
[2022.10.16-12.50.32:161][  0]LogConfig: Setting CVar [[r.SkyAtmosphere.AerialPerspectiveLUT.SampleCountPerSlice:1]]
[2022.10.16-12.50.32:161][  0]LogConfig: Setting CVar [[r.SkyAtmosphere.AerialPerspectiveLUT.DepthResolution:16.0]]
[2022.10.16-12.50.32:161][  0]LogConfig: Setting CVar [[r.SkyAtmosphere.FastSkyLUT:1]]
[2022.10.16-12.50.32:161][  0]LogConfig: Setting CVar [[r.SkyAtmosphere.FastSkyLUT.SampleCountMin:4.0]]
[2022.10.16-12.50.32:161][  0]LogConfig: Setting CVar [[r.SkyAtmosphere.FastSkyLUT.SampleCountMax:32.0]]
[2022.10.16-12.50.32:161][  0]LogConfig: Setting CVar [[r.SkyAtmosphere.SampleCountMin:4.0]]
[2022.10.16-12.50.32:161][  0]LogConfig: Setting CVar [[r.SkyAtmosphere.SampleCountMax:32.0]]
[2022.10.16-12.50.32:161][  0]LogConfig: Setting CVar [[r.SkyAtmosphere.TransmittanceLUT.UseSmallFormat:0]]
[2022.10.16-12.50.32:161][  0]LogConfig: Setting CVar [[r.SkyAtmosphere.TransmittanceLUT.SampleCount:10.0]]
[2022.10.16-12.50.32:162][  0]LogConfig: Setting CVar [[r.SkyAtmosphere.MultiScatteringLUT.SampleCount:15.0]]
[2022.10.16-12.50.32:162][  0]LogConfig: Applying CVar settings from Section [FoliageQuality@3] File [D:/Documents/Programing/GitKraken/Unreal Laika/Unreal_Laika/Saved/Config/Windows/Scalability.ini]
[2022.10.16-12.50.32:162][  0]LogConfig: Setting CVar [[foliage.DensityScale:1.0]]
[2022.10.16-12.50.32:162][  0]LogConfig: Setting CVar [[grass.DensityScale:1.0]]
[2022.10.16-12.50.32:162][  0]LogConfig: Applying CVar settings from Section [ShadingQuality@3] File [D:/Documents/Programing/GitKraken/Unreal Laika/Unreal_Laika/Saved/Config/Windows/Scalability.ini]
[2022.10.16-12.50.32:162][  0]LogConfig: Setting CVar [[r.HairStrands.SkyLighting.SampleCount:16]]
[2022.10.16-12.50.32:162][  0]LogConfig: Setting CVar [[r.HairStrands.SkyLighting.JitterIntegration:0]]
[2022.10.16-12.50.32:162][  0]LogConfig: Setting CVar [[r.HairStrands.SkyAO.SampleCount:16]]
[2022.10.16-12.50.32:162][  0]LogConfig: Setting CVar [[r.HairStrands.DeepShadow.SuperSampling:0]]
[2022.10.16-12.50.32:162][  0]LogConfig: Setting CVar [[r.HairStrands.VisibilityPPLL:0]]
[2022.10.16-12.50.32:162][  0]LogConfig: Setting CVar [[r.HairStrands.RasterizationScale:0.5]]
[2022.10.16-12.50.32:162][  0]LogConfig: Setting CVar [[r.HairStrands.VelocityRasterizationScale:1]]
[2022.10.16-12.50.32:162][  0]LogInit: Selected Device Profile: [Windows]
[2022.10.16-12.50.32:162][  0]LogInit: Applying CVar settings loaded from the selected device profile: [Windows]
[2022.10.16-12.50.32:162][  0]LogHAL: Display: Platform has ~ 16 GB [17097752576 / 17179869184 / 16], which maps to Larger [LargestMinGB=32, LargerMinGB=12, DefaultMinGB=8, SmallerMinGB=6, SmallestMinGB=0)
[2022.10.16-12.50.32:162][  0]LogInit: Going up to parent DeviceProfile []
[2022.10.16-12.50.32:162][  0]LogConfig: Applying CVar settings from Section [ViewDistanceQuality@3] File [D:/Documents/Programing/GitKraken/Unreal Laika/Unreal_Laika/Saved/Config/Windows/Scalability.ini]
[2022.10.16-12.50.32:162][  0]LogConfig: Setting CVar [[r.SkeletalMeshLODBias:0]]
[2022.10.16-12.50.32:162][  0]LogConfig: Setting CVar [[r.ViewDistanceScale:1.0]]
[2022.10.16-12.50.32:162][  0]LogConfig: Applying CVar settings from Section [AntiAliasingQuality@3] File [D:/Documents/Programing/GitKraken/Unreal Laika/Unreal_Laika/Saved/Config/Windows/Scalability.ini]
[2022.10.16-12.50.32:162][  0]LogConfig: Setting CVar [[r.PostProcessAAQuality:4]]
[2022.10.16-12.50.32:162][  0]LogConfig: Applying CVar settings from Section [ShadowQuality@3] File [D:/Documents/Programing/GitKraken/Unreal Laika/Unreal_Laika/Saved/Config/Windows/Scalability.ini]
[2022.10.16-12.50.32:162][  0]LogConfig: Setting CVar [[r.LightFunctionQuality:1]]
[2022.10.16-12.50.32:162][  0]LogConfig: Setting CVar [[r.ShadowQuality:5]]
[2022.10.16-12.50.32:163][  0]LogConfig: Setting CVar [[r.Shadow.CSM.MaxCascades:10]]
[2022.10.16-12.50.32:163][  0]LogConfig: Setting CVar [[r.Shadow.MaxResolution:2048]]
[2022.10.16-12.50.32:163][  0]LogConfig: Setting CVar [[r.Shadow.MaxCSMResolution:2048]]
[2022.10.16-12.50.32:163][  0]LogConfig: Setting CVar [[r.Shadow.RadiusThreshold:0.01]]
[2022.10.16-12.50.32:163][  0]LogConfig: Setting CVar [[r.Shadow.DistanceScale:1.0]]
[2022.10.16-12.50.32:163][  0]LogConfig: Setting CVar [[r.Shadow.CSM.TransitionScale:1.0]]
[2022.10.16-12.50.32:163][  0]LogConfig: Setting CVar [[r.Shadow.PreShadowResolutionFactor:1.0]]
[2022.10.16-12.50.32:163][  0]LogConfig: Setting CVar [[r.DistanceFieldShadowing:1]]
[2022.10.16-12.50.32:163][  0]LogConfig: Setting CVar [[r.DistanceFieldAO:1]]
[2022.10.16-12.50.32:163][  0]LogConfig: Setting CVar [[r.AOQuality:2]]
[2022.10.16-12.50.32:163][  0]LogConfig: Setting CVar [[r.VolumetricFog:1]]
[2022.10.16-12.50.32:163][  0]LogConfig: Setting CVar [[r.VolumetricFog.GridPixelSize:8]]
[2022.10.16-12.50.32:163][  0]LogConfig: Setting CVar [[r.VolumetricFog.GridSizeZ:128]]
[2022.10.16-12.50.32:163][  0]LogConfig: Setting CVar [[r.VolumetricFog.HistoryMissSupersampleCount:4]]
[2022.10.16-12.50.32:163][  0]LogConfig: Setting CVar [[r.LightMaxDrawDistanceScale:1]]
[2022.10.16-12.50.32:163][  0]LogConfig: Setting CVar [[r.CapsuleShadows:1]]
[2022.10.16-12.50.32:163][  0]LogConfig: Applying CVar settings from Section [PostProcessQuality@3] File [D:/Documents/Programing/GitKraken/Unreal Laika/Unreal_Laika/Saved/Config/Windows/Scalability.ini]
[2022.10.16-12.50.32:163][  0]LogConfig: Setting CVar [[r.MotionBlurQuality:4]]
[2022.10.16-12.50.32:163][  0]LogConfig: Setting CVar [[r.AmbientOcclusionMipLevelFactor:0.4]]
[2022.10.16-12.50.32:163][  0]LogConfig: Setting CVar [[r.AmbientOcclusionMaxQuality:100]]
[2022.10.16-12.50.32:163][  0]LogConfig: Setting CVar [[r.AmbientOcclusionLevels:-1]]
[2022.10.16-12.50.32:163][  0]LogConfig: Setting CVar [[r.AmbientOcclusionRadiusScale:1.0]]
[2022.10.16-12.50.32:163][  0]LogConfig: Setting CVar [[r.DepthOfFieldQuality:2]]
[2022.10.16-12.50.32:163][  0]LogConfig: Setting CVar [[r.RenderTargetPoolMin:400]]
[2022.10.16-12.50.32:164][  0]LogConfig: Setting CVar [[r.LensFlareQuality:2]]
[2022.10.16-12.50.32:164][  0]LogConfig: Setting CVar [[r.SceneColorFringeQuality:1]]
[2022.10.16-12.50.32:164][  0]LogConfig: Setting CVar [[r.EyeAdaptationQuality:2]]
[2022.10.16-12.50.32:164][  0]LogConfig: Setting CVar [[r.BloomQuality:5]]
[2022.10.16-12.50.32:164][  0]LogConfig: Setting CVar [[r.FastBlurThreshold:100]]
[2022.10.16-12.50.32:164][  0]LogConfig: Setting CVar [[r.Upscale.Quality:3]]
[2022.10.16-12.50.32:164][  0]LogConfig: Setting CVar [[r.Tonemapper.GrainQuantization:1]]
[2022.10.16-12.50.32:164][  0]LogConfig: Setting CVar [[r.LightShaftQuality:1]]
[2022.10.16-12.50.32:164][  0]LogConfig: Setting CVar [[r.Filter.SizeScale:1]]
[2022.10.16-12.50.32:164][  0]LogConfig: Setting CVar [[r.Tonemapper.Quality:5]]
[2022.10.16-12.50.32:164][  0]LogConfig: Setting CVar [[r.DOF.Gather.AccumulatorQuality:1        ; higher gathering accumulator quality]]
[2022.10.16-12.50.32:164][  0]LogConfig: Setting CVar [[r.DOF.Gather.PostfilterMethod:1          ; Median3x3 postfilering method]]
[2022.10.16-12.50.32:164][  0]LogConfig: Setting CVar [[r.DOF.Gather.EnableBokehSettings:0       ; no bokeh simulation when gathering]]
[2022.10.16-12.50.32:164][  0]LogConfig: Setting CVar [[r.DOF.Gather.RingCount:4                 ; medium number of samples when gathering]]
[2022.10.16-12.50.32:164][  0]LogConfig: Setting CVar [[r.DOF.Scatter.ForegroundCompositing:1    ; additive foreground scattering]]
[2022.10.16-12.50.32:164][  0]LogConfig: Setting CVar [[r.DOF.Scatter.BackgroundCompositing:2    ; additive background scattering]]
[2022.10.16-12.50.32:164][  0]LogConfig: Setting CVar [[r.DOF.Scatter.EnableBokehSettings:1      ; bokeh simulation when scattering]]
[2022.10.16-12.50.32:164][  0]LogConfig: Setting CVar [[r.DOF.Scatter.MaxSpriteRatio:0.1         ; only a maximum of 10% of scattered bokeh]]
[2022.10.16-12.50.32:164][  0]LogConfig: Setting CVar [[r.DOF.Recombine.Quality:1                ; cheap slight out of focus]]
[2022.10.16-12.50.32:164][  0]LogConfig: Setting CVar [[r.DOF.Recombine.EnableBokehSettings:0    ; no bokeh simulation on slight out of focus]]
[2022.10.16-12.50.32:164][  0]LogConfig: Setting CVar [[r.DOF.TemporalAAQuality:1                ; more stable temporal accumulation]]
[2022.10.16-12.50.32:164][  0]LogConfig: Setting CVar [[r.DOF.Kernel.MaxForegroundRadius:0.025]]
[2022.10.16-12.50.32:164][  0]LogConfig: Setting CVar [[r.DOF.Kernel.MaxBackgroundRadius:0.025]]
[2022.10.16-12.50.32:164][  0]LogConfig: Applying CVar settings from Section [TextureQuality@3] File [D:/Documents/Programing/GitKraken/Unreal Laika/Unreal_Laika/Saved/Config/Windows/Scalability.ini]
[2022.10.16-12.50.32:164][  0]LogConfig: Setting CVar [[r.Streaming.MipBias:0]]
[2022.10.16-12.50.32:165][  0]LogConfig: Setting CVar [[r.Streaming.AmortizeCPUToGPUCopy:0]]
[2022.10.16-12.50.32:165][  0]LogConfig: Setting CVar [[r.Streaming.MaxNumTexturesToStreamPerFrame:0]]
[2022.10.16-12.50.32:165][  0]LogConfig: Setting CVar [[r.Streaming.Boost:1]]
[2022.10.16-12.50.32:165][  0]LogConfig: Setting CVar [[r.MaxAnisotropy:8]]
[2022.10.16-12.50.32:165][  0]LogConfig: Setting CVar [[r.VT.MaxAnisotropy:8]]
[2022.10.16-12.50.32:165][  0]LogConfig: Setting CVar [[r.Streaming.LimitPoolSizeToVRAM:0]]
[2022.10.16-12.50.32:165][  0]LogConfig: Setting CVar [[r.Streaming.PoolSize:1000]]
[2022.10.16-12.50.32:165][  0]LogConfig: Setting CVar [[r.Streaming.MaxEffectiveScreenSize:0]]
[2022.10.16-12.50.32:165][  0]LogConfig: Applying CVar settings from Section [EffectsQuality@3] File [D:/Documents/Programing/GitKraken/Unreal Laika/Unreal_Laika/Saved/Config/Windows/Scalability.ini]
[2022.10.16-12.50.32:165][  0]LogConfig: Setting CVar [[r.TranslucencyLightingVolumeDim:64]]
[2022.10.16-12.50.32:165][  0]LogConfig: Setting CVar [[r.RefractionQuality:2]]
[2022.10.16-12.50.32:165][  0]LogConfig: Setting CVar [[r.SSR.Quality:3]]
[2022.10.16-12.50.32:165][  0]LogConfig: Setting CVar [[r.SSR.HalfResSceneColor:0]]
[2022.10.16-12.50.32:165][  0]LogConfig: Setting CVar [[r.SceneColorFormat:4]]
[2022.10.16-12.50.32:165][  0]LogConfig: Setting CVar [[r.DetailMode:2]]
[2022.10.16-12.50.32:165][  0]LogConfig: Setting CVar [[r.TranslucencyVolumeBlur:1]]
[2022.10.16-12.50.32:165][  0]LogConfig: Setting CVar [[r.MaterialQualityLevel:1 ; High quality]]
[2022.10.16-12.50.32:165][  0]LogConfig: Setting CVar [[r.SSS.Scale:1]]
[2022.10.16-12.50.32:165][  0]LogConfig: Setting CVar [[r.SSS.SampleSet:2]]
[2022.10.16-12.50.32:165][  0]LogConfig: Setting CVar [[r.SSS.Quality:1]]
[2022.10.16-12.50.32:165][  0]LogConfig: Setting CVar [[r.SSS.HalfRes:0]]
[2022.10.16-12.50.32:165][  0]LogConfig: Setting CVar [[r.SSGI.Quality:3]]
[2022.10.16-12.50.32:165][  0]LogConfig: Setting CVar [[r.EmitterSpawnRateScale:1.0]]
[2022.10.16-12.50.32:165][  0]LogConfig: Setting CVar [[r.ParticleLightQuality:2]]
[2022.10.16-12.50.32:165][  0]LogConfig: Setting CVar [[r.SkyAtmosphere.AerialPerspectiveLUT.FastApplyOnOpaque:1 ; Always have FastSkyLUT 1 in this case to avoid wrong sky]]
[2022.10.16-12.50.32:165][  0]LogConfig: Setting CVar [[r.SkyAtmosphere.AerialPerspectiveLUT.SampleCountPerSlice:1]]
[2022.10.16-12.50.32:166][  0]LogConfig: Setting CVar [[r.SkyAtmosphere.AerialPerspectiveLUT.DepthResolution:16.0]]
[2022.10.16-12.50.32:166][  0]LogConfig: Setting CVar [[r.SkyAtmosphere.FastSkyLUT:1]]
[2022.10.16-12.50.32:166][  0]LogConfig: Setting CVar [[r.SkyAtmosphere.FastSkyLUT.SampleCountMin:4.0]]
[2022.10.16-12.50.32:166][  0]LogConfig: Setting CVar [[r.SkyAtmosphere.FastSkyLUT.SampleCountMax:32.0]]
[2022.10.16-12.50.32:166][  0]LogConfig: Setting CVar [[r.SkyAtmosphere.SampleCountMin:4.0]]
[2022.10.16-12.50.32:166][  0]LogConfig: Setting CVar [[r.SkyAtmosphere.SampleCountMax:32.0]]
[2022.10.16-12.50.32:166][  0]LogConfig: Setting CVar [[r.SkyAtmosphere.TransmittanceLUT.UseSmallFormat:0]]
[2022.10.16-12.50.32:166][  0]LogConfig: Setting CVar [[r.SkyAtmosphere.TransmittanceLUT.SampleCount:10.0]]
[2022.10.16-12.50.32:166][  0]LogConfig: Setting CVar [[r.SkyAtmosphere.MultiScatteringLUT.SampleCount:15.0]]
[2022.10.16-12.50.32:166][  0]LogConfig: Applying CVar settings from Section [FoliageQuality@3] File [D:/Documents/Programing/GitKraken/Unreal Laika/Unreal_Laika/Saved/Config/Windows/Scalability.ini]
[2022.10.16-12.50.32:166][  0]LogConfig: Setting CVar [[foliage.DensityScale:1.0]]
[2022.10.16-12.50.32:166][  0]LogConfig: Setting CVar [[grass.DensityScale:1.0]]
[2022.10.16-12.50.32:166][  0]LogConfig: Applying CVar settings from Section [ShadingQuality@3] File [D:/Documents/Programing/GitKraken/Unreal Laika/Unreal_Laika/Saved/Config/Windows/Scalability.ini]
[2022.10.16-12.50.32:166][  0]LogConfig: Setting CVar [[r.HairStrands.SkyLighting.SampleCount:16]]
[2022.10.16-12.50.32:166][  0]LogConfig: Setting CVar [[r.HairStrands.SkyLighting.JitterIntegration:0]]
[2022.10.16-12.50.32:166][  0]LogConfig: Setting CVar [[r.HairStrands.SkyAO.SampleCount:16]]
[2022.10.16-12.50.32:166][  0]LogConfig: Setting CVar [[r.HairStrands.DeepShadow.SuperSampling:0]]
[2022.10.16-12.50.32:166][  0]LogConfig: Setting CVar [[r.HairStrands.VisibilityPPLL:0]]
[2022.10.16-12.50.32:166][  0]LogConfig: Setting CVar [[r.HairStrands.RasterizationScale:0.5]]
[2022.10.16-12.50.32:166][  0]LogConfig: Setting CVar [[r.HairStrands.VelocityRasterizationScale:1]]
[2022.10.16-12.50.32:166][  0]LogConfig: Applying CVar settings from Section [Startup] File [../../../Engine/Config/ConsoleVariables.ini]
[2022.10.16-12.50.32:167][  0]LogConfig: Setting CVar [[net.UseAdaptiveNetUpdateFrequency:0]]
[2022.10.16-12.50.32:167][  0]LogConfig: Setting CVar [[p.chaos.AllowCreatePhysxBodies:1]]
[2022.10.16-12.50.32:167][  0]LogConfig: Setting CVar [[fx.SkipVectorVMBackendOptimizations:1]]
[2022.10.16-12.50.32:167][  0]LogConfig: Applying CVar settings from Section [ConsoleVariables] File [D:/Documents/Programing/GitKraken/Unreal Laika/Unreal_Laika/Saved/Config/Windows/Engine.ini]
[2022.10.16-12.50.32:167][  0]LogInit: Computer: DESKTOP-GJ420GI
[2022.10.16-12.50.32:167][  0]LogInit: User: Nymeria
[2022.10.16-12.50.32:167][  0]LogInit: CPU Page size=4096, Cores=6
[2022.10.16-12.50.32:167][  0]LogInit: High frequency timer resolution =10.000000 MHz
[2022.10.16-12.50.32:167][  0]LogMemory: Memory total: Physical=15.9GB (16GB approx)
[2022.10.16-12.50.32:167][  0]LogMemory: Platform Memory Stats for Windows
[2022.10.16-12.50.32:168][  0]LogMemory: Process Physical Memory: 116.14 MB used, 116.15 MB peak
[2022.10.16-12.50.32:168][  0]LogMemory: Process Virtual Memory: 98.91 MB used, 98.91 MB peak
[2022.10.16-12.50.32:168][  0]LogMemory: Physical Memory: 10004.31 MB used,  6301.38 MB free, 16305.69 MB total
[2022.10.16-12.50.32:168][  0]LogMemory: Virtual Memory: 5168.79 MB used,  134212560.00 MB free, 134217728.00 MB total
[2022.10.16-12.50.32:175][  0]LogWindows: WindowsPlatformFeatures enabled
[2022.10.16-12.50.32:302][  0]LogInit: Physics initialised using underlying interface: PhysX
[2022.10.16-12.50.32:303][  0]LogInit: Using OS detected language (en-GB).
[2022.10.16-12.50.32:303][  0]LogInit: Using OS detected locale (en-AU).
[2022.10.16-12.50.32:305][  0]LogTextLocalizationManager: No specific localization for 'en-GB' exists, so the 'en' localization will be used.
[2022.10.16-12.50.32:432][  0]LogInit: Setting process to per monitor DPI aware
[2022.10.16-12.50.32:468][  0]LogSlate: New Slate User Created.  User Index 0, Is Virtual User: 0
[2022.10.16-12.50.32:468][  0]LogSlate: Slate User Registered.  User Index 0, Is Virtual User: 0
[2022.10.16-12.50.32:569][  0]LogHMD: Failed to initialize OpenVR with code 110
[2022.10.16-12.50.32:569][  0]LogD3D11RHI: D3D11 min allowed feature level: 11_0
[2022.10.16-12.50.32:569][  0]LogD3D11RHI: D3D11 max allowed feature level: 11_0
[2022.10.16-12.50.32:569][  0]LogD3D11RHI: D3D11 adapters:
[2022.10.16-12.50.32:669][  0]LogD3D11RHI:    0. 'NVIDIA GeForce RTX 3070 Ti' (Feature Level 11_0)
[2022.10.16-12.50.32:669][  0]LogD3D11RHI:       8041/0/8152 MB DedicatedVideo/DedicatedSystem/SharedSystem, Outputs:2, VendorId:0x10de
[2022.10.16-12.50.32:672][  0]LogD3D11RHI:    1. 'Microsoft Basic Render Driver' (Feature Level 11_0)
[2022.10.16-12.50.32:672][  0]LogD3D11RHI:       0/0/8152 MB DedicatedVideo/DedicatedSystem/SharedSystem, Outputs:0, VendorId:0x1414
[2022.10.16-12.50.32:672][  0]LogD3D11RHI: Chosen D3D11 Adapter: 0
[2022.10.16-12.50.32:678][  0]LogD3D11RHI: Creating new Direct3DDevice
[2022.10.16-12.50.32:678][  0]LogD3D11RHI:     GPU DeviceId: 0x2482 (for the marketing name, search the web for "GPU Device Id")
[2022.10.16-12.50.32:678][  0]LogWindows: EnumDisplayDevices:
[2022.10.16-12.50.32:678][  0]LogWindows:    0. 'NVIDIA GeForce RTX 3070 Ti' (P:1 D:1)
[2022.10.16-12.50.32:678][  0]LogWindows:    1. 'NVIDIA GeForce RTX 3070 Ti' (P:0 D:1)
[2022.10.16-12.50.32:678][  0]LogWindows:    2. 'NVIDIA GeForce RTX 3070 Ti' (P:0 D:0)
[2022.10.16-12.50.32:679][  0]LogWindows:    3. 'NVIDIA GeForce RTX 3070 Ti' (P:0 D:0)
[2022.10.16-12.50.32:679][  0]LogWindows: DebugString: FoundDriverCount:4 
[2022.10.16-12.50.32:679][  0]LogD3D11RHI:     Adapter Name: NVIDIA GeForce RTX 3070 Ti
[2022.10.16-12.50.32:679][  0]LogD3D11RHI:   Driver Version: 516.94 (internal:31.0.15.1694, unified:516.94)
[2022.10.16-12.50.32:679][  0]LogD3D11RHI:      Driver Date: 7-21-2022
[2022.10.16-12.50.32:679][  0]LogRHI: Texture pool is 5628 MB (70% of 8041 MB)
[2022.10.16-12.50.32:738][  0]LogD3D11RHI: RHI has support for 64 bit atomics
[2022.10.16-12.50.32:738][  0]LogD3D11RHI: Async texture creation enabled
[2022.10.16-12.50.32:738][  0]LogD3D11RHI: Array index from any shader is supported
[2022.10.16-12.50.32:740][  0]LogD3D11RHI: HDR output is supported on display 0 (NvId: 0x80061080).
[2022.10.16-12.50.32:752][  0]LogD3D11RHI: GPU Timing Frequency: 1000.000000 (Debug: 2 1)
[2022.10.16-12.50.32:952][  0]LogTargetPlatformManager: Display: Loaded TargetPlatform 'AllDesktop'
[2022.10.16-12.50.32:971][  0]LogTargetPlatformManager: Display: Loaded TargetPlatform 'Android'
[2022.10.16-12.50.32:971][  0]LogTargetPlatformManager: Display: Loaded TargetPlatform 'Android_ASTC'
[2022.10.16-12.50.32:971][  0]LogTargetPlatformManager: Display: Loaded TargetPlatform 'Android_DXT'
[2022.10.16-12.50.32:971][  0]LogTargetPlatformManager: Display: Loaded TargetPlatform 'Android_ETC2'
[2022.10.16-12.50.32:971][  0]LogTargetPlatformManager: Display: Loaded TargetPlatform 'AndroidClient'
[2022.10.16-12.50.32:971][  0]LogTargetPlatformManager: Display: Loaded TargetPlatform 'Android_ASTCClient'
[2022.10.16-12.50.32:971][  0]LogTargetPlatformManager: Display: Loaded TargetPlatform 'Android_DXTClient'
[2022.10.16-12.50.32:971][  0]LogTargetPlatformManager: Display: Loaded TargetPlatform 'Android_ETC2Client'
[2022.10.16-12.50.32:971][  0]LogTargetPlatformManager: Display: Loaded TargetPlatform 'Android_Multi'
[2022.10.16-12.50.32:971][  0]LogTargetPlatformManager: Display: Loaded TargetPlatform 'Android_MultiClient'
[2022.10.16-12.50.32:995][  0]LogTargetPlatformManager: Display: Loaded TargetPlatform 'IOSClient'
[2022.10.16-12.50.32:995][  0]LogTargetPlatformManager: Display: Loaded TargetPlatform 'IOS'
[2022.10.16-12.50.33:004][  0]LogTargetPlatformManager: Display: Loaded TargetPlatform 'Linux'
[2022.10.16-12.50.33:013][  0]LogTargetPlatformManager: Display: Loaded TargetPlatform 'LinuxNoEditor'
[2022.10.16-12.50.33:021][  0]LogTargetPlatformManager: Display: Loaded TargetPlatform 'LinuxClient'
[2022.10.16-12.50.33:029][  0]LogTargetPlatformManager: Display: Loaded TargetPlatform 'LinuxServer'
[2022.10.16-12.50.33:037][  0]LogTargetPlatformManager: Display: Loaded TargetPlatform 'LinuxAArch64NoEditor'
[2022.10.16-12.50.33:046][  0]LogTargetPlatformManager: Display: Loaded TargetPlatform 'LinuxAArch64Client'
[2022.10.16-12.50.33:054][  0]LogTargetPlatformManager: Display: Loaded TargetPlatform 'LinuxAArch64Server'
[2022.10.16-12.50.33:077][  0]LogTargetPlatformManager: Display: Loaded TargetPlatform 'Lumin'
[2022.10.16-12.50.33:077][  0]LogTargetPlatformManager: Display: Loaded TargetPlatform 'LuminClient'
[2022.10.16-12.50.33:092][  0]LogTargetPlatformManager: Display: Loaded TargetPlatform 'TVOSClient'
[2022.10.16-12.50.33:093][  0]LogTargetPlatformManager: Display: Loaded TargetPlatform 'TVOS'
[2022.10.16-12.50.33:101][  0]LogTargetPlatformManager: Display: Loaded TargetPlatform 'WindowsNoEditor'
[2022.10.16-12.50.33:110][  0]LogTargetPlatformManager: Display: Loaded TargetPlatform 'Windows'
[2022.10.16-12.50.33:119][  0]LogTargetPlatformManager: Display: Loaded TargetPlatform 'WindowsClient'
[2022.10.16-12.50.33:127][  0]LogTargetPlatformManager: Display: Loaded TargetPlatform 'WindowsServer'
[2022.10.16-12.50.33:127][  0]LogTargetPlatformManager: Display: Building Assets For Windows
[2022.10.16-12.50.33:134][  0]LogAudioDebug: Display: Lib vorbis DLL was dynamically loaded.
[2022.10.16-12.50.33:185][  0]LogShaderCompilers: Guid format shader working directory is -28 characters bigger than the processId version (../../../../../../Documents/Programing/GitKraken/Unreal Laika/Unreal_Laika/Intermediate/Shaders/WorkingDirectory/9132/).
[2022.10.16-12.50.33:186][  0]LogShaderCompilers: Cleaned the shader compiler working directory 'C:/Users/chess/AppData/Local/Temp/UnrealShaderWorkingDir/75D46CED455722E8282189812F92BA90/'.
[2022.10.16-12.50.33:186][  0]LogXGEController: Cleaning working directory: C:/Users/chess/AppData/Local/Temp/UnrealXGEWorkingDir/
[2022.10.16-12.50.33:186][  0]LogXGEController: Cannot use XGE Controller as Incredibuild is not installed on this machine.
[2022.10.16-12.50.33:186][  0]LogShaderCompilers: Cannot use XGE Shader Compiler as Incredibuild is not installed on this machine.
[2022.10.16-12.50.33:186][  0]LogShaderCompilers: Display: Using Local Shader Compiler.
[2022.10.16-12.50.33:757][  0]LogDerivedDataCache: Display: Max Cache Size: 512 MB
[2022.10.16-12.50.33:795][  0]LogDerivedDataCache: Loaded boot cache 0.04s 75MB C:/Users/chess/AppData/Local/UnrealEngine/4.25/DerivedDataCache/Boot.ddc.
[2022.10.16-12.50.33:796][  0]LogDerivedDataCache: Display: Loaded Boot cache: C:/Users/chess/AppData/Local/UnrealEngine/4.25/DerivedDataCache/Boot.ddc
[2022.10.16-12.50.33:796][  0]LogDerivedDataCache: FDerivedDataBackendGraph:  Pak pak cache file ../../../../../../Documents/Programing/GitKraken/Unreal Laika/Unreal_Laika/DerivedDataCache/DDC.ddp not found, will not use a pak cache.
[2022.10.16-12.50.33:796][  0]LogDerivedDataCache: Unable to find inner node Pak for hierarchical cache Hierarchy.
[2022.10.16-12.50.33:796][  0]LogDerivedDataCache: FDerivedDataBackendGraph:  CompressedPak pak cache file ../../../../../../Documents/Programing/GitKraken/Unreal Laika/Unreal_Laika/DerivedDataCache/Compressed.ddp not found, will not use a pak cache.
[2022.10.16-12.50.33:796][  0]LogDerivedDataCache: Unable to find inner node CompressedPak for hierarchical cache Hierarchy.
[2022.10.16-12.50.33:805][  0]LogDerivedDataCache: Display: Pak cache opened for reading ../../../Engine/DerivedDataCache/Compressed.ddp.
[2022.10.16-12.50.33:805][  0]LogDerivedDataCache: FDerivedDataBackendGraph:  EnterprisePak pak cache file ../../../Enterprise/DerivedDataCache/Compressed.ddp not found, will not use a pak cache.
[2022.10.16-12.50.33:805][  0]LogDerivedDataCache: Unable to find inner node EnterprisePak for hierarchical cache Hierarchy.
[2022.10.16-12.50.33:807][  0]LogDerivedDataCache: Using Local data cache path C:/Users/chess/AppData/Local/UnrealEngine/Common/DerivedDataCache: Writable
[2022.10.16-12.50.33:807][  0]LogDerivedDataCache: Shared data cache path not found in *engine.ini, will not use an Shared cache.
[2022.10.16-12.50.33:807][  0]LogDerivedDataCache: Unable to find inner node Shared for hierarchical cache Hierarchy.
[2022.10.16-12.50.33:847][  0]LogSlate: Using FreeType 2.10.0
[2022.10.16-12.50.33:848][  0]LogSlate: SlateFontServices - WITH_FREETYPE: 1, WITH_HARFBUZZ: 1
[2022.10.16-12.50.33:868][  0]LogAssetRegistry: FAssetRegistry took 0.0029 seconds to start up
[2022.10.16-12.50.34:048][  0]LogInit: Selected Device Profile: [Windows]
[2022.10.16-12.50.34:143][  0]LogMeshReduction: Using QuadricMeshReduction for automatic static mesh reduction
[2022.10.16-12.50.34:143][  0]LogMeshReduction: Using SimplygonMeshReduction for automatic skeletal mesh reduction
[2022.10.16-12.50.34:143][  0]LogMeshReduction: Using ProxyLODMeshReduction for automatic mesh merging
[2022.10.16-12.50.34:143][  0]LogMeshReduction: No distributed automatic mesh merging module available
[2022.10.16-12.50.34:143][  0]LogMeshMerging: No distributed automatic mesh merging module available
[2022.10.16-12.50.34:158][  0]LogNetVersion: Unreal_Laika 1.0.0, NetCL: 13144385, EngineNetVer: 14, GameNetVer: 0 (Checksum: 3768831881)
[2022.10.16-12.50.34:458][  0]LogAISub: UAISubsystem::UAISubsystem AISubsystem (00000230E3D202C0), frame # 0
[2022.10.16-12.50.34:458][  0]LogAISub: UAISubsystem::UAISubsystem AIPerceptionSystem (00000230E3C611C0), frame # 0
[2022.10.16-12.50.34:459][  0]LogAISub: UAISubsystem::UAISubsystem EnvQueryManager (00000230E3CCC800), frame # 0
[2022.10.16-12.50.34:482][  0]LogPackageLocalizationCache: Processed 19 localized package path(s) for 1 prioritized culture(s) in 0.018616 seconds
[2022.10.16-12.50.34:486][  0]LogUObjectArray: 15917 objects as part of root set at end of initial load.
[2022.10.16-12.50.34:486][  0]LogUObjectAllocator: 3965568 out of 0 bytes used by permanent object pool.
[2022.10.16-12.50.34:486][  0]LogUObjectArray: CloseDisregardForGC: 0/0 objects in disregard for GC pool
[2022.10.16-12.50.34:797][  0]LogTcpMessaging: Initializing TcpMessaging bridge
[2022.10.16-12.50.34:801][  0]LogUdpMessaging: Initializing bridge on interface 0.0.0.0:0 to multicast group 230.0.0.1:6666.
[2022.10.16-12.50.34:907][  0]SourceControl: Source control is disabled
[2022.10.16-12.50.34:907][  0]SourceControl: Source control is disabled
[2022.10.16-12.50.34:910][  0]SourceControl: Source control is disabled
[2022.10.16-12.50.34:913][  0]SourceControl: Source control is disabled
[2022.10.16-12.50.34:920][  0]SourceControl: Source control is disabled
[2022.10.16-12.50.35:150][  0]LogAndroidPermission: UAndroidPermissionCallbackProxy::GetInstance
[2022.10.16-12.50.35:172][  0]LogAudioCaptureCore: Display: No Audio Capture implementations found. Audio input will be silent.
[2022.10.16-12.50.35:172][  0]LogAudioCaptureCore: Display: No Audio Capture implementations found. Audio input will be silent.
[2022.10.16-12.50.35:217][  0]LogOcInput: OculusInput pre-init called
[2022.10.16-12.50.35:226][  0]LogWindows: Failed to load 'OVRPlugin.dll' (GetLastError=126)
[2022.10.16-12.50.35:226][  0]LogWindows: File 'OVRPlugin.dll' does not exist
[2022.10.16-12.50.35:284][  0]LogEngine: Initializing Engine...
[2022.10.16-12.50.35:285][  0]LogHMD: Failed to initialize OpenVR with code 110
[2022.10.16-12.50.35:286][  0]LogMagicLeap: Warning: VR disabled because ZI is not enabled.  To enable, in the editor, Edit -> Project Settings -> Plugins -> Magic Leap Plugin -> Enable Zero Iteration
[2022.10.16-12.50.35:286][  0]LogStats: UGameplayTagsManager::InitializeManager -  0.000 s
[2022.10.16-12.50.35:369][  0]LogInit: Initializing FReadOnlyCVARCache
[2022.10.16-12.50.35:376][  0]LogAIModule: Creating AISystem for world Untitled
[2022.10.16-12.50.35:376][  0]LogAISub: UAISubsystem::UAISubsystem EnvQueryManager (00000230E8851C00), frame # 0
[2022.10.16-12.50.35:376][  0]LogAISub: UAISubsystem::UAISubsystem AIPerceptionSystem (00000230E885E480), frame # 0
[2022.10.16-12.50.35:389][  0]LogAudioMixer: Display: Audio Mixer Platform Settings:
[2022.10.16-12.50.35:389][  0]LogAudioMixer: Display: 	Sample Rate:						  48000
[2022.10.16-12.50.35:389][  0]LogAudioMixer: Display: 	Callback Buffer Frame Size Requested: 1024
[2022.10.16-12.50.35:389][  0]LogAudioMixer: Display: 	Callback Buffer Frame Size To Use:	  1024
[2022.10.16-12.50.35:389][  0]LogAudioMixer: Display: 	Number of buffers to queue:			  2
[2022.10.16-12.50.35:389][  0]LogAudioMixer: Display: 	Max Channels (voices):				  32
[2022.10.16-12.50.35:389][  0]LogAudioMixer: Display: 	Number of Async Source Workers:		  0
[2022.10.16-12.50.35:389][  0]LogAudio: Display: AudioDevice MaxSources: 32
[2022.10.16-12.50.35:389][  0]LogAudio: Display: Using built-in audio occlusion.
[2022.10.16-12.50.35:389][  0]LogAudioMixer: Display: Initializing audio mixer.
[2022.10.16-12.50.35:402][  0]LogAudioMixer: Display: 0: FrontLeft
[2022.10.16-12.50.35:402][  0]LogAudioMixer: Display: 1: FrontRight
[2022.10.16-12.50.35:437][  0]LogAudioMixer: Display: Using Audio Device Headset Earphone (Razer Audio Controller - Chat)
[2022.10.16-12.50.35:440][  0]LogAudioMixer: Display: Initializing Sound Submixes...
[2022.10.16-12.50.35:441][  0]LogAudioMixer: Display: Creating Master Submix 'MasterSubmixDefault'
[2022.10.16-12.50.35:442][  0]LogAudioMixer: Display: Creating Master Submix 'MasterReverbSubmixDefault'
[2022.10.16-12.50.35:442][  0]LogAudioMixer: Display: Creating Master Submix 'MasterEQSubmixDefault'
[2022.10.16-12.50.35:444][  0]LogInit: FAudioDevice initialized.
[2022.10.16-12.50.35:444][  0]LogNetVersion: Set ProjectVersion to 1.0.0.0. Version Checksum will be recalculated on next use.
[2022.10.16-12.50.35:530][  0]LogDerivedDataCache: Saved boot cache 0.09s 75MB C:/Users/chess/AppData/Local/UnrealEngine/4.25/DerivedDataCache/Boot.ddc.
[2022.10.16-12.50.35:531][  0]LogInit: Texture streaming: Enabled
[2022.10.16-12.50.35:550][  0]LogEngineSessionManager: EngineSessionManager initialized
[2022.10.16-12.50.35:550][  0]LogEditorSessionSummary: Verbose: Initializing EditorSessionSummaryWriter for editor session tracking
[2022.10.16-12.50.35:552][  0]LogEditorSessionSummary: EditorSessionSummaryWriter initialized
[2022.10.16-12.50.35:584][  0]LogInit: Transaction tracking system initialized
[2022.10.16-12.50.35:608][  0]BlueprintLog: New page: Editor Load
[2022.10.16-12.50.35:684][  0]LocalizationService: Localization service is disabled
[2022.10.16-12.50.35:823][  0]LogCook: Display: Max memory allowance for cook 16384mb min free memory 0mb
[2022.10.16-12.50.35:823][  0]LogCook: Display: Mobile HDR setting 1
[2022.10.16-12.50.35:951][  0]LogFileCache: Scanning file cache for directory 'D:/Documents/Programing/GitKraken/Unreal Laika/Unreal_Laika/Content/' took 0.00s
[2022.10.16-12.50.36:089][  0]SourceControl: Source control is disabled
[2022.10.16-12.50.36:089][  0]LogUnrealEdMisc: Loading editor; pre map load, took 4.892
[2022.10.16-12.50.36:089][  0]Cmd: MAP LOAD FILE="../../../../../../Documents/Programing/GitKraken/Unreal Laika/Unreal_Laika/Content/StarterContent/Maps/Minimal_Default.umap" TEMPLATE=0 SHOWPROGRESS=1 FEATURELEVEL=3
[2022.10.16-12.50.36:089][  0]LightingResults: New page: Lighting Build
[2022.10.16-12.50.36:090][  0]LogWorld: UWorld::CleanupWorld for Untitled, bSessionEnded=true, bCleanupResources=true
[2022.10.16-12.50.36:090][  0]LogSlate: InvalidateAllWidgets triggered.  All widgets were invalidated
[2022.10.16-12.50.36:090][  0]MapCheck: New page: Map Check
[2022.10.16-12.50.36:090][  0]LightingResults: New page: Lighting Build
[2022.10.16-12.50.36:101][  0]LogAISub: UAISubsystem::~UAISubsystem EnvQueryManager (00000230E8851C00), frame # 0
[2022.10.16-12.50.36:101][  0]LogAISub: UAISubsystem::~UAISubsystem AIPerceptionSystem (00000230E885E480), frame # 0
[2022.10.16-12.50.36:102][  0]LogUObjectHash: Compacting FUObjectHashTables data took   0.67ms
[2022.10.16-12.50.36:163][  0]LogAIModule: Creating AISystem for world Minimal_Default
[2022.10.16-12.50.36:164][  0]LogAISub: UAISubsystem::UAISubsystem EnvQueryManager (00000230D834C200), frame # 0
[2022.10.16-12.50.36:164][  0]LogAISub: UAISubsystem::UAISubsystem AIPerceptionSystem (00000230D7B19080), frame # 0
[2022.10.16-12.50.36:169][  0]LogEditorServer: Finished looking for orphan Actors (0.000 secs)
[2022.10.16-12.50.36:179][  0]LogUObjectHash: Compacting FUObjectHashTables data took   0.70ms
[2022.10.16-12.50.36:179][  0]Cmd: MAP CHECKDEP NOCLEARLOG
[2022.10.16-12.50.36:180][  0]MapCheck: Map check complete: 0 Error(s), 0 Warning(s), took 0.115ms to complete.
[2022.10.16-12.50.36:180][  0]LogFileHelpers: Loading map 'Minimal_Default' took 0.091
[2022.10.16-12.50.36:181][  0]LogUnrealEdMisc: Total Editor Startup Time, took 4.984
[2022.10.16-12.50.36:300][  0]LogSlate: Updating window title bar state: overlay mode, drag disabled, window buttons hidden, title bar hidden
[2022.10.16-12.50.36:305][  0]LogSlate: Updating window title bar state: overlay mode, drag disabled, window buttons hidden, title bar hidden
[2022.10.16-12.50.36:311][  0]LogSlate: Updating window title bar state: overlay mode, drag disabled, window buttons hidden, title bar hidden
[2022.10.16-12.50.36:316][  0]LogSlate: Updating window title bar state: overlay mode, drag disabled, window buttons hidden, title bar hidden
[2022.10.16-12.50.36:321][  0]LogCollectionManager: Loaded 0 collections in 0.000583 seconds
[2022.10.16-12.50.36:336][  0]LogFileCache: Scanning file cache for directory 'D:/Documents/Programing/GitKraken/Unreal Laika/Unreal_Laika/Saved/Collections/' took 0.00s
[2022.10.16-12.50.36:336][  0]LogFileCache: Scanning file cache for directory 'D:/Documents/Programing/GitKraken/Unreal Laika/Unreal_Laika/Content/Developers/Nymeria/Collections/' took 0.00s
[2022.10.16-12.50.36:336][  0]LogFileCache: Scanning file cache for directory 'D:/Documents/Programing/GitKraken/Unreal Laika/Unreal_Laika/Content/Collections/' took 0.00s
[2022.10.16-12.50.36:336][  0]LogContentBrowser: Native class hierarchy populated in 0.0084 seconds. Added 3430 classes and 823 folders.
[2022.10.16-12.50.36:338][  0]LogContentBrowser: Native class hierarchy updated for 'WidgetCarousel' in 0.0002 seconds. Added 0 classes and 0 folders.
[2022.10.16-12.50.36:370][  0]LogContentBrowser: Native class hierarchy updated for 'AddContentDialog' in 0.0003 seconds. Added 0 classes and 0 folders.
[2022.10.16-12.50.36:372][  0]LogContentBrowser: Native class hierarchy updated for 'SceneOutliner' in 0.0002 seconds. Added 2 classes and 0 folders.
[2022.10.16-12.50.36:433][  0]LogSlate: Took 0.000137 seconds to synchronously load lazily loaded font '../../../Engine/Content/Slate/Fonts/Roboto-Regular.ttf' (155K)
[2022.10.16-12.50.36:434][  0]LogSlate: Took 0.000107 seconds to synchronously load lazily loaded font '../../../Engine/Content/Slate/Fonts/Roboto-Bold.ttf' (160K)
[2022.10.16-12.50.36:438][  0]LogSlate: Took 0.000132 seconds to synchronously load lazily loaded font '../../../Engine/Content/Editor/Slate/Fonts/FontAwesome.ttf' (139K)
[2022.10.16-12.50.36:485][  0]LogRenderer: Reallocating scene render targets to support 1616x808 Format 10 NumSamples 1 (Frame:1).
[2022.10.16-12.50.36:575][  0]LogContentBrowser: Native class hierarchy updated for 'HierarchicalLODOutliner' in 0.0003 seconds. Added 0 classes and 0 folders.
[2022.10.16-12.50.36:576][  0]LogLoad: (Engine Initialization) Total time: 5.38 seconds
[2022.10.16-12.50.36:576][  0]LogLoad: (Engine Initialization) Total Blueprint compile time: 0.00 seconds
[2022.10.16-12.50.36:606][  0]LogAssetRegistry: Asset discovery search completed in 2.7398 seconds
[2022.10.16-12.50.36:609][  0]LogCollectionManager: Fixed up redirectors for 0 collections in 0.000002 seconds (updated 0 objects)
[2022.10.16-12.50.36:610][  0]LogContentStreaming: Texture pool size now 1000 MB
[2022.10.16-12.50.56:168][307]LogActor: Warning: BP_Player_C /Engine/Transient.World_0:PersistentLevel.BP_Player_C_0 has natively added scene component(s), but none of them were set as the actor's RootComponent - picking one arbitrarily
[2022.10.16-12.50.56:264][317]LogActor: Warning: BP_Player_C /Game/StarterContent/Maps/Minimal_Default.Minimal_Default:PersistentLevel.BP_Player_C_0 has natively added scene component(s), but none of them were set as the actor's RootComponent - picking one arbitrarily
[2022.10.16-12.50.56:620][358]LogActor: Warning: BP_Player_C /Game/StarterContent/Maps/Minimal_Default.Minimal_Default:PersistentLevel.BP_Player_C_1 has natively added scene component(s), but none of them were set as the actor's RootComponent - picking one arbitrarily
[2022.10.16-12.50.58:701][599]LogEditorViewport: Clicking on Actor (LMB): BP_Player_C (BP_Player)
[2022.10.16-12.50.58:747][603]LogEditorViewport: Clicking on Actor (LMB): BP_Player_C (BP_Player)
[2022.10.16-12.50.59:125][646]LogEditorViewport: Clicking on Actor (LMB): BP_Sky_Sphere_C (BP_Sky_Sphere)
[2022.10.16-12.50.59:169][647]LogEditorViewport: Clicking on Component (LMB): StaticMeshComponent (SkySphereMesh)
[2022.10.16-12.50.59:417][674]LogEditorViewport: Clicking on Component (LMB): StaticMeshComponent (SkySphereMesh)
[2022.10.16-12.50.59:444][676]LogEditorViewport: Clicking on Actor (double click): BP_Sky_Sphere_C (BP_Sky_Sphere)
[2022.10.16-12.50.59:956][736]LogEditorViewport: Clicking on Actor (LMB): BP_Player_C (BP_Player)
[2022.10.16-12.51.01:654][926]LogTemp: Repeating last play command: Selected Viewport
[2022.10.16-12.51.01:663][926]LogPlayLevel: PlayLevel: No blueprints needed recompiling
[2022.10.16-12.51.01:663][926]PIE: New page: PIE session: Minimal_Default (17 Oct 2022, 10:51:01 am)
[2022.10.16-12.51.01:664][926]LogOnline: OSS: Creating online subsystem instance for: NULL
[2022.10.16-12.51.01:666][926]LogOnline: OSS: TryLoadSubsystemAndSetDefault: Loaded subsystem for module [NULL]
[2022.10.16-12.51.01:666][926]LogPlayLevel: Creating play world package: /Game/StarterContent/Maps/UEDPIE_0_Minimal_Default
[2022.10.16-12.51.01:668][926]LogPlayLevel: PIE: StaticDuplicateObject took: (0.002371s)
[2022.10.16-12.51.01:669][926]LogAIModule: Creating AISystem for world Minimal_Default
[2022.10.16-12.51.01:669][926]LogAISub: UAISubsystem::UAISubsystem EnvQueryManager (0000023093E67200), frame # 2926
[2022.10.16-12.51.01:669][926]LogAISub: UAISubsystem::UAISubsystem AIPerceptionSystem (0000023093D83D80), frame # 2926
[2022.10.16-12.51.01:670][926]LogPlayLevel: PIE: World Init took: (0.001367s)
[2022.10.16-12.51.01:670][926]LogPlayLevel: PIE: Created PIE world by copying editor world from /Game/StarterContent/Maps/Minimal_Default.Minimal_Default to /Game/StarterContent/Maps/UEDPIE_0_Minimal_Default.Minimal_Default (0.004012s)
[2022.10.16-12.51.01:679][926]LogUObjectHash: Compacting FUObjectHashTables data took   0.56ms
[2022.10.16-12.51.01:680][926]LogAudioMixer: Display: Audio Mixer Platform Settings:
[2022.10.16-12.51.01:680][926]LogAudioMixer: Display: 	Sample Rate:						  48000
[2022.10.16-12.51.01:680][926]LogAudioMixer: Display: 	Callback Buffer Frame Size Requested: 1024
[2022.10.16-12.51.01:680][926]LogAudioMixer: Display: 	Callback Buffer Frame Size To Use:	  1024
[2022.10.16-12.51.01:680][926]LogAudioMixer: Display: 	Number of buffers to queue:			  2
[2022.10.16-12.51.01:680][926]LogAudioMixer: Display: 	Max Channels (voices):				  32
[2022.10.16-12.51.01:680][926]LogAudioMixer: Display: 	Number of Async Source Workers:		  0
[2022.10.16-12.51.01:680][926]LogAudio: Display: AudioDevice MaxSources: 32
[2022.10.16-12.51.01:680][926]LogAudio: Display: Using built-in audio occlusion.
[2022.10.16-12.51.01:680][926]LogAudioMixer: Display: Initializing audio mixer.
[2022.10.16-12.51.01:683][926]LogAudioMixer: Display: 0: FrontLeft
[2022.10.16-12.51.01:683][926]LogAudioMixer: Display: 1: FrontRight
[2022.10.16-12.51.01:700][926]LogAudioMixer: Display: Using Audio Device Headset Earphone (Razer Audio Controller - Chat)
[2022.10.16-12.51.01:700][926]LogAudioMixer: Display: Initializing Sound Submixes...
[2022.10.16-12.51.01:700][926]LogAudioMixer: Display: Creating Master Submix 'MasterSubmixDefault'
[2022.10.16-12.51.01:700][926]LogAudioMixer: Display: Creating Master Submix 'MasterReverbSubmixDefault'
[2022.10.16-12.51.01:701][926]LogAudioMixer: Display: Creating Master Submix 'MasterEQSubmixDefault'
[2022.10.16-12.51.01:711][926]LogInit: FAudioDevice initialized.
[2022.10.16-12.51.01:724][926]LogLoad: Game class is 'BP_Unreal_LaikaGameModeBase_C'
[2022.10.16-12.51.01:725][926]LogWorld: Bringing World /Game/StarterContent/Maps/UEDPIE_0_Minimal_Default.Minimal_Default up for play (max tick rate 0) at 2022.10.16-23.51.01
[2022.10.16-12.51.01:726][926]LogWorld: Bringing up level for play took: 0.000731
[2022.10.16-12.51.01:726][926]LogOnline: OSS: Creating online subsystem instance for: :Context_4
[2022.10.16-12.51.01:729][926]LogContentBrowser: Native class hierarchy updated for 'MovieSceneCapture' in 0.0003 seconds. Added 20 classes and 0 folders.
[2022.10.16-12.51.01:729][926]LogActor: Warning: BP_Player_C /Game/StarterContent/Maps/UEDPIE_0_Minimal_Default.Minimal_Default:PersistentLevel.BP_Player_C_0 has natively added scene component(s), but none of them were set as the actor's RootComponent - picking one arbitrarily
[2022.10.16-12.51.01:729][926]PIE: Server logged in
[2022.10.16-12.51.01:731][926]PIE: Play in editor total start time 0.068 seconds.
[2022.10.16-12.51.09:116][640]LogSlate: Updating window title bar state: overlay mode, drag disabled, window buttons hidden, title bar hidden
[2022.10.16-12.51.09:116][640]LogWorld: BeginTearingDown for /Game/StarterContent/Maps/UEDPIE_0_Minimal_Default
[2022.10.16-12.51.09:116][640]LogWorld: UWorld::CleanupWorld for Minimal_Default, bSessionEnded=true, bCleanupResources=true
[2022.10.16-12.51.09:116][640]LogSlate: InvalidateAllWidgets triggered.  All widgets were invalidated
[2022.10.16-12.51.09:122][640]LogPlayLevel: Display: Shutting down PIE online subsystems
[2022.10.16-12.51.09:123][640]LogSlate: InvalidateAllWidgets triggered.  All widgets were invalidated
[2022.10.16-12.51.09:149][640]LogSlate: Updating window title bar state: overlay mode, drag disabled, window buttons hidden, title bar hidden
[2022.10.16-12.51.09:150][640]LogAISub: UAISubsystem::~UAISubsystem EnvQueryManager (0000023093E67200), frame # 3640
[2022.10.16-12.51.09:150][640]LogAISub: UAISubsystem::~UAISubsystem AIPerceptionSystem (0000023093D83D80), frame # 3640
[2022.10.16-12.51.09:151][640]LogUObjectHash: Compacting FUObjectHashTables data took   0.61ms
[2022.10.16-12.51.09:175][641]LogPlayLevel: Display: Destroying online subsystem :Context_4
[2022.10.16-12.51.09:832][719]LogEditorViewport: Clicking on Actor (LMB): BP_Sky_Sphere_C (BP_Sky_Sphere)
[2022.10.16-12.51.33:538][522]LogEditorViewport: Clicking on Actor (LMB): BP_Sky_Sphere_C (BP_Sky_Sphere)
[2022.10.16-12.51.34:980][691]LogEditorViewport: Clicking on Actor (LMB): BP_Player_C (BP_Player)
[2022.10.16-12.51.36:739][893]LogTemp: Repeating last play command: Selected Viewport
[2022.10.16-12.51.36:748][893]LogPlayLevel: PlayLevel: No blueprints needed recompiling
[2022.10.16-12.51.36:748][893]PIE: New page: PIE session: Minimal_Default (17 Oct 2022, 10:51:36 am)
[2022.10.16-12.51.36:784][893]LogPlayLevel: Creating play world package: /Game/StarterContent/Maps/UEDPIE_0_Minimal_Default
[2022.10.16-12.51.36:786][893]LogPlayLevel: PIE: StaticDuplicateObject took: (0.002249s)
[2022.10.16-12.51.36:787][893]LogAIModule: Creating AISystem for world Minimal_Default
[2022.10.16-12.51.36:787][893]LogAISub: UAISubsystem::UAISubsystem EnvQueryManager (000002309A22FE00), frame # 6893
[2022.10.16-12.51.36:787][893]LogAISub: UAISubsystem::UAISubsystem AIPerceptionSystem (000002310B1E8680), frame # 6893
[2022.10.16-12.51.36:787][893]LogPlayLevel: PIE: World Init took: (0.001321s)
[2022.10.16-12.51.36:787][893]LogPlayLevel: PIE: Created PIE world by copying editor world from /Game/StarterContent/Maps/Minimal_Default.Minimal_Default to /Game/StarterContent/Maps/UEDPIE_0_Minimal_Default.Minimal_Default (0.003809s)
[2022.10.16-12.51.36:796][893]LogUObjectHash: Compacting FUObjectHashTables data took   0.52ms
[2022.10.16-12.51.36:797][893]LogAudioMixer: Display: Audio Mixer Platform Settings:
[2022.10.16-12.51.36:798][893]LogAudioMixer: Display: 	Sample Rate:						  48000
[2022.10.16-12.51.36:798][893]LogAudioMixer: Display: 	Callback Buffer Frame Size Requested: 1024
[2022.10.16-12.51.36:798][893]LogAudioMixer: Display: 	Callback Buffer Frame Size To Use:	  1024
[2022.10.16-12.51.36:798][893]LogAudioMixer: Display: 	Number of buffers to queue:			  2
[2022.10.16-12.51.36:798][893]LogAudioMixer: Display: 	Max Channels (voices):				  32
[2022.10.16-12.51.36:798][893]LogAudioMixer: Display: 	Number of Async Source Workers:		  0
[2022.10.16-12.51.36:798][893]LogAudio: Display: AudioDevice MaxSources: 32
[2022.10.16-12.51.36:798][893]LogAudio: Display: Using built-in audio occlusion.
[2022.10.16-12.51.36:798][893]LogAudioMixer: Display: Initializing audio mixer.
[2022.10.16-12.51.36:801][893]LogAudioMixer: Display: 0: FrontLeft
[2022.10.16-12.51.36:801][893]LogAudioMixer: Display: 1: FrontRight
[2022.10.16-12.51.36:818][893]LogAudioMixer: Display: Using Audio Device Headset Earphone (Razer Audio Controller - Chat)
[2022.10.16-12.51.36:819][893]LogAudioMixer: Display: Initializing Sound Submixes...
[2022.10.16-12.51.36:819][893]LogAudioMixer: Display: Creating Master Submix 'MasterSubmixDefault'
[2022.10.16-12.51.36:819][893]LogAudioMixer: Display: Creating Master Submix 'MasterReverbSubmixDefault'
[2022.10.16-12.51.36:819][893]LogAudioMixer: Display: Creating Master Submix 'MasterEQSubmixDefault'
[2022.10.16-12.51.36:829][893]LogInit: FAudioDevice initialized.
[2022.10.16-12.51.36:837][893]LogLoad: Game class is 'BP_Unreal_LaikaGameModeBase_C'
[2022.10.16-12.51.36:838][893]LogWorld: Bringing World /Game/StarterContent/Maps/UEDPIE_0_Minimal_Default.Minimal_Default up for play (max tick rate 0) at 2022.10.16-23.51.36
[2022.10.16-12.51.36:838][893]LogWorld: Bringing up level for play took: 0.000591
[2022.10.16-12.51.36:838][893]LogOnline: OSS: Creating online subsystem instance for: :Context_5
[2022.10.16-12.51.36:840][893]LogActor: Warning: BP_Player_C /Game/StarterContent/Maps/UEDPIE_0_Minimal_Default.Minimal_Default:PersistentLevel.BP_Player_C_0 has natively added scene component(s), but none of them were set as the actor's RootComponent - picking one arbitrarily
[2022.10.16-12.51.36:840][893]PIE: Server logged in
[2022.10.16-12.51.36:841][893]PIE: Play in editor total start time 0.094 seconds.
[2022.10.16-12.51.45:216][812]LogSlate: Updating window title bar state: overlay mode, drag disabled, window buttons hidden, title bar hidden
[2022.10.16-12.51.45:216][812]LogWorld: BeginTearingDown for /Game/StarterContent/Maps/UEDPIE_0_Minimal_Default
[2022.10.16-12.51.45:216][812]LogWorld: UWorld::CleanupWorld for Minimal_Default, bSessionEnded=true, bCleanupResources=true
[2022.10.16-12.51.45:217][812]LogSlate: InvalidateAllWidgets triggered.  All widgets were invalidated
[2022.10.16-12.51.45:227][812]LogPlayLevel: Display: Shutting down PIE online subsystems
[2022.10.16-12.51.45:228][812]LogSlate: InvalidateAllWidgets triggered.  All widgets were invalidated
[2022.10.16-12.51.45:256][812]LogSlate: Updating window title bar state: overlay mode, drag disabled, window buttons hidden, title bar hidden
[2022.10.16-12.51.45:257][812]LogAISub: UAISubsystem::~UAISubsystem AIPerceptionSystem (000002310B1E8680), frame # 7812
[2022.10.16-12.51.45:257][812]LogAISub: UAISubsystem::~UAISubsystem EnvQueryManager (000002309A22FE00), frame # 7812
[2022.10.16-12.51.45:257][812]LogUObjectHash: Compacting FUObjectHashTables data took   0.55ms
[2022.10.16-12.51.45:285][813]LogPlayLevel: Display: Destroying online subsystem :Context_5
[2022.10.16-12.51.46:066][906]LogTemp: Repeating last play command: Selected Viewport
[2022.10.16-12.51.46:075][906]LogPlayLevel: PlayLevel: No blueprints needed recompiling
[2022.10.16-12.51.46:075][906]PIE: New page: PIE session: Minimal_Default (17 Oct 2022, 10:51:46 am)
[2022.10.16-12.51.46:076][906]LogPlayLevel: Creating play world package: /Game/StarterContent/Maps/UEDPIE_0_Minimal_Default
[2022.10.16-12.51.46:078][906]LogPlayLevel: PIE: StaticDuplicateObject took: (0.002210s)
[2022.10.16-12.51.46:079][906]LogAIModule: Creating AISystem for world Minimal_Default
[2022.10.16-12.51.46:079][906]LogAISub: UAISubsystem::UAISubsystem EnvQueryManager (0000023093D1EC00), frame # 7906
[2022.10.16-12.51.46:079][906]LogAISub: UAISubsystem::UAISubsystem AIPerceptionSystem (000002310B1EAAC0), frame # 7906
[2022.10.16-12.51.46:079][906]LogPlayLevel: PIE: World Init took: (0.001136s)
[2022.10.16-12.51.46:079][906]LogPlayLevel: PIE: Created PIE world by copying editor world from /Game/StarterContent/Maps/Minimal_Default.Minimal_Default to /Game/StarterContent/Maps/UEDPIE_0_Minimal_Default.Minimal_Default (0.003555s)
[2022.10.16-12.51.46:088][906]LogUObjectHash: Compacting FUObjectHashTables data took   0.53ms
[2022.10.16-12.51.46:089][906]LogAudioMixer: Display: Audio Mixer Platform Settings:
[2022.10.16-12.51.46:089][906]LogAudioMixer: Display: 	Sample Rate:						  48000
[2022.10.16-12.51.46:089][906]LogAudioMixer: Display: 	Callback Buffer Frame Size Requested: 1024
[2022.10.16-12.51.46:089][906]LogAudioMixer: Display: 	Callback Buffer Frame Size To Use:	  1024
[2022.10.16-12.51.46:089][906]LogAudioMixer: Display: 	Number of buffers to queue:			  2
[2022.10.16-12.51.46:089][906]LogAudioMixer: Display: 	Max Channels (voices):				  32
[2022.10.16-12.51.46:089][906]LogAudioMixer: Display: 	Number of Async Source Workers:		  0
[2022.10.16-12.51.46:089][906]LogAudio: Display: AudioDevice MaxSources: 32
[2022.10.16-12.51.46:090][906]LogAudio: Display: Using built-in audio occlusion.
[2022.10.16-12.51.46:090][906]LogAudioMixer: Display: Initializing audio mixer.
[2022.10.16-12.51.46:092][906]LogAudioMixer: Display: 0: FrontLeft
[2022.10.16-12.51.46:092][906]LogAudioMixer: Display: 1: FrontRight
[2022.10.16-12.51.46:109][906]LogAudioMixer: Display: Using Audio Device Headset Earphone (Razer Audio Controller - Chat)
[2022.10.16-12.51.46:109][906]LogAudioMixer: Display: Initializing Sound Submixes...
[2022.10.16-12.51.46:109][906]LogAudioMixer: Display: Creating Master Submix 'MasterSubmixDefault'
[2022.10.16-12.51.46:110][906]LogAudioMixer: Display: Creating Master Submix 'MasterReverbSubmixDefault'
[2022.10.16-12.51.46:110][906]LogAudioMixer: Display: Creating Master Submix 'MasterEQSubmixDefault'
[2022.10.16-12.51.46:119][906]LogInit: FAudioDevice initialized.
[2022.10.16-12.51.46:129][906]LogLoad: Game class is 'BP_Unreal_LaikaGameModeBase_C'
[2022.10.16-12.51.46:130][906]LogWorld: Bringing World /Game/StarterContent/Maps/UEDPIE_0_Minimal_Default.Minimal_Default up for play (max tick rate 0) at 2022.10.16-23.51.46
[2022.10.16-12.51.46:130][906]LogWorld: Bringing up level for play took: 0.000583
[2022.10.16-12.51.46:130][906]LogOnline: OSS: Creating online subsystem instance for: :Context_6
[2022.10.16-12.51.46:132][906]LogActor: Warning: BP_Player_C /Game/StarterContent/Maps/UEDPIE_0_Minimal_Default.Minimal_Default:PersistentLevel.BP_Player_C_0 has natively added scene component(s), but none of them were set as the actor's RootComponent - picking one arbitrarily
[2022.10.16-12.51.46:132][906]PIE: Server logged in
[2022.10.16-12.51.46:133][906]PIE: Play in editor total start time 0.058 seconds.
[2022.10.16-12.51.55:204][910]LogSlate: Updating window title bar state: overlay mode, drag disabled, window buttons hidden, title bar hidden
[2022.10.16-12.51.55:204][910]LogWorld: BeginTearingDown for /Game/StarterContent/Maps/UEDPIE_0_Minimal_Default
[2022.10.16-12.51.55:204][910]LogWorld: UWorld::CleanupWorld for Minimal_Default, bSessionEnded=true, bCleanupResources=true
[2022.10.16-12.51.55:205][910]LogSlate: InvalidateAllWidgets triggered.  All widgets were invalidated
[2022.10.16-12.51.55:212][910]LogPlayLevel: Display: Shutting down PIE online subsystems
[2022.10.16-12.51.55:213][910]LogSlate: InvalidateAllWidgets triggered.  All widgets were invalidated
[2022.10.16-12.51.55:221][910]LogSlate: Updating window title bar state: overlay mode, drag disabled, window buttons hidden, title bar hidden
[2022.10.16-12.51.55:240][910]LogAISub: UAISubsystem::~UAISubsystem AIPerceptionSystem (000002310B1EAAC0), frame # 8910
[2022.10.16-12.51.55:240][910]LogAISub: UAISubsystem::~UAISubsystem EnvQueryManager (0000023093D1EC00), frame # 8910
[2022.10.16-12.51.55:241][910]LogUObjectHash: Compacting FUObjectHashTables data took   0.54ms
[2022.10.16-12.51.55:267][912]LogPlayLevel: Display: Destroying online subsystem :Context_6
[2022.10.16-12.52.00:697][561]LogEditorViewport: Clicking on Actor (LMB): BP_Player_C (BP_Player)
[2022.10.16-12.52.04:493][989]LogTemp: Repeating last play command: Selected Viewport
[2022.10.16-12.52.04:502][989]LogPlayLevel: PlayLevel: No blueprints needed recompiling
[2022.10.16-12.52.04:502][989]PIE: New page: PIE session: Minimal_Default (17 Oct 2022, 10:52:04 am)
[2022.10.16-12.52.04:534][989]LogPlayLevel: Creating play world package: /Game/StarterContent/Maps/UEDPIE_0_Minimal_Default
[2022.10.16-12.52.04:537][989]LogPlayLevel: PIE: StaticDuplicateObject took: (0.002333s)
[2022.10.16-12.52.04:538][989]LogAIModule: Creating AISystem for world Minimal_Default
[2022.10.16-12.52.04:538][989]LogAISub: UAISubsystem::UAISubsystem EnvQueryManager (000002309445A800), frame # 9989
[2022.10.16-12.52.04:538][989]LogAISub: UAISubsystem::UAISubsystem AIPerceptionSystem (00000230A52342C0), frame # 9989
[2022.10.16-12.52.04:538][989]LogPlayLevel: PIE: World Init took: (0.001305s)
[2022.10.16-12.52.04:538][989]LogPlayLevel: PIE: Created PIE world by copying editor world from /Game/StarterContent/Maps/Minimal_Default.Minimal_Default to /Game/StarterContent/Maps/UEDPIE_0_Minimal_Default.Minimal_Default (0.003905s)
[2022.10.16-12.52.04:547][989]LogUObjectHash: Compacting FUObjectHashTables data took   0.53ms
[2022.10.16-12.52.04:549][989]LogAudioMixer: Display: Audio Mixer Platform Settings:
[2022.10.16-12.52.04:549][989]LogAudioMixer: Display: 	Sample Rate:						  48000
[2022.10.16-12.52.04:549][989]LogAudioMixer: Display: 	Callback Buffer Frame Size Requested: 1024
[2022.10.16-12.52.04:549][989]LogAudioMixer: Display: 	Callback Buffer Frame Size To Use:	  1024
[2022.10.16-12.52.04:549][989]LogAudioMixer: Display: 	Number of buffers to queue:			  2
[2022.10.16-12.52.04:549][989]LogAudioMixer: Display: 	Max Channels (voices):				  32
[2022.10.16-12.52.04:549][989]LogAudioMixer: Display: 	Number of Async Source Workers:		  0
[2022.10.16-12.52.04:549][989]LogAudio: Display: AudioDevice MaxSources: 32
[2022.10.16-12.52.04:550][989]LogAudio: Display: Using built-in audio occlusion.
[2022.10.16-12.52.04:550][989]LogAudioMixer: Display: Initializing audio mixer.
[2022.10.16-12.52.04:552][989]LogAudioMixer: Display: 0: FrontLeft
[2022.10.16-12.52.04:552][989]LogAudioMixer: Display: 1: FrontRight
[2022.10.16-12.52.04:570][989]LogAudioMixer: Display: Using Audio Device Headset Earphone (Razer Audio Controller - Chat)
[2022.10.16-12.52.04:570][989]LogAudioMixer: Display: Initializing Sound Submixes...
[2022.10.16-12.52.04:571][989]LogAudioMixer: Display: Creating Master Submix 'MasterSubmixDefault'
[2022.10.16-12.52.04:571][989]LogAudioMixer: Display: Creating Master Submix 'MasterReverbSubmixDefault'
[2022.10.16-12.52.04:571][989]LogAudioMixer: Display: Creating Master Submix 'MasterEQSubmixDefault'
[2022.10.16-12.52.04:581][989]LogInit: FAudioDevice initialized.
[2022.10.16-12.52.04:590][989]LogLoad: Game class is 'BP_Unreal_LaikaGameModeBase_C'
[2022.10.16-12.52.04:591][989]LogWorld: Bringing World /Game/StarterContent/Maps/UEDPIE_0_Minimal_Default.Minimal_Default up for play (max tick rate 0) at 2022.10.16-23.52.04
[2022.10.16-12.52.04:592][989]LogWorld: Bringing up level for play took: 0.000639
[2022.10.16-12.52.04:592][989]LogOnline: OSS: Creating online subsystem instance for: :Context_7
[2022.10.16-12.52.04:593][989]LogActor: Warning: BP_Player_C /Game/StarterContent/Maps/UEDPIE_0_Minimal_Default.Minimal_Default:PersistentLevel.BP_Player_C_0 has natively added scene component(s), but none of them were set as the actor's RootComponent - picking one arbitrarily
[2022.10.16-12.52.04:594][989]PIE: Server logged in
[2022.10.16-12.52.04:595][989]PIE: Play in editor total start time 0.093 seconds.
[2022.10.16-12.52.09:914][615]LogSlate: Updating window title bar state: overlay mode, drag disabled, window buttons hidden, title bar hidden
[2022.10.16-12.52.09:915][615]LogWorld: BeginTearingDown for /Game/StarterContent/Maps/UEDPIE_0_Minimal_Default
[2022.10.16-12.52.09:915][615]LogWorld: UWorld::CleanupWorld for Minimal_Default, bSessionEnded=true, bCleanupResources=true
[2022.10.16-12.52.09:915][615]LogSlate: InvalidateAllWidgets triggered.  All widgets were invalidated
[2022.10.16-12.52.09:921][615]LogPlayLevel: Display: Shutting down PIE online subsystems
[2022.10.16-12.52.09:922][615]LogSlate: InvalidateAllWidgets triggered.  All widgets were invalidated
[2022.10.16-12.52.09:930][615]LogSlate: Updating window title bar state: overlay mode, drag disabled, window buttons hidden, title bar hidden
[2022.10.16-12.52.09:950][615]LogAISub: UAISubsystem::~UAISubsystem AIPerceptionSystem (00000230A52342C0), frame # 10615
[2022.10.16-12.52.09:950][615]LogAISub: UAISubsystem::~UAISubsystem EnvQueryManager (000002309445A800), frame # 10615
[2022.10.16-12.52.09:951][615]LogUObjectHash: Compacting FUObjectHashTables data took   0.54ms
[2022.10.16-12.52.09:993][619]LogPlayLevel: Display: Destroying online subsystem :Context_7
[2022.10.16-12.52.11:220][764]LogEditorViewport: Clicking on Actor (LMB): BP_Player_C (BP_Player)
[2022.10.16-12.52.12:195][872]Cmd: DELETE
[2022.10.16-12.52.12:196][872]Cmd: ACTOR DELETE
[2022.10.16-12.52.12:197][872]LogEditorActor: Deleted Actor: BP_Player_C
[2022.10.16-12.52.12:216][872]LogUObjectHash: Compacting FUObjectHashTables data took   0.53ms
[2022.10.16-12.52.12:218][872]LogEditorActor: Deleted 1 Actors (0.022 secs)
[2022.10.16-12.52.13:224][993]LogEditorViewport: Clicking on Actor (LMB): BP_Sky_Sphere_C (BP_Sky_Sphere)
[2022.10.16-12.52.13:718][ 49]LogTemp: Repeating last play command: Selected Viewport
[2022.10.16-12.52.13:727][ 49]LogPlayLevel: PlayLevel: No blueprints needed recompiling
[2022.10.16-12.52.13:727][ 49]PIE: New page: PIE session: Minimal_Default (17 Oct 2022, 10:52:13 am)
[2022.10.16-12.52.13:727][ 49]LogPlayLevel: Creating play world package: /Game/StarterContent/Maps/UEDPIE_0_Minimal_Default
[2022.10.16-12.52.13:729][ 49]LogPlayLevel: PIE: StaticDuplicateObject took: (0.002124s)
[2022.10.16-12.52.13:730][ 49]LogAIModule: Creating AISystem for world Minimal_Default
[2022.10.16-12.52.13:730][ 49]LogAISub: UAISubsystem::UAISubsystem EnvQueryManager (00000230FDD29800), frame # 11049
[2022.10.16-12.52.13:730][ 49]LogAISub: UAISubsystem::UAISubsystem AIPerceptionSystem (0000023093D83EC0), frame # 11049
[2022.10.16-12.52.13:731][ 49]LogPlayLevel: PIE: World Init took: (0.001290s)
[2022.10.16-12.52.13:731][ 49]LogPlayLevel: PIE: Created PIE world by copying editor world from /Game/StarterContent/Maps/Minimal_Default.Minimal_Default to /Game/StarterContent/Maps/UEDPIE_0_Minimal_Default.Minimal_Default (0.003647s)
[2022.10.16-12.52.13:740][ 49]LogUObjectHash: Compacting FUObjectHashTables data took   0.53ms
[2022.10.16-12.52.13:741][ 49]LogAudioMixer: Display: Audio Mixer Platform Settings:
[2022.10.16-12.52.13:741][ 49]LogAudioMixer: Display: 	Sample Rate:						  48000
[2022.10.16-12.52.13:741][ 49]LogAudioMixer: Display: 	Callback Buffer Frame Size Requested: 1024
[2022.10.16-12.52.13:741][ 49]LogAudioMixer: Display: 	Callback Buffer Frame Size To Use:	  1024
[2022.10.16-12.52.13:741][ 49]LogAudioMixer: Display: 	Number of buffers to queue:			  2
[2022.10.16-12.52.13:741][ 49]LogAudioMixer: Display: 	Max Channels (voices):				  32
[2022.10.16-12.52.13:741][ 49]LogAudioMixer: Display: 	Number of Async Source Workers:		  0
[2022.10.16-12.52.13:741][ 49]LogAudio: Display: AudioDevice MaxSources: 32
[2022.10.16-12.52.13:742][ 49]LogAudio: Display: Using built-in audio occlusion.
[2022.10.16-12.52.13:742][ 49]LogAudioMixer: Display: Initializing audio mixer.
[2022.10.16-12.52.13:744][ 49]LogAudioMixer: Display: 0: FrontLeft
[2022.10.16-12.52.13:744][ 49]LogAudioMixer: Display: 1: FrontRight
[2022.10.16-12.52.13:761][ 49]LogAudioMixer: Display: Using Audio Device Headset Earphone (Razer Audio Controller - Chat)
[2022.10.16-12.52.13:761][ 49]LogAudioMixer: Display: Initializing Sound Submixes...
[2022.10.16-12.52.13:761][ 49]LogAudioMixer: Display: Creating Master Submix 'MasterSubmixDefault'
[2022.10.16-12.52.13:762][ 49]LogAudioMixer: Display: Creating Master Submix 'MasterReverbSubmixDefault'
[2022.10.16-12.52.13:762][ 49]LogAudioMixer: Display: Creating Master Submix 'MasterEQSubmixDefault'
[2022.10.16-12.52.13:771][ 49]LogInit: FAudioDevice initialized.
[2022.10.16-12.52.13:778][ 49]LogLoad: Game class is 'BP_Unreal_LaikaGameModeBase_C'
[2022.10.16-12.52.13:779][ 49]LogWorld: Bringing World /Game/StarterContent/Maps/UEDPIE_0_Minimal_Default.Minimal_Default up for play (max tick rate 0) at 2022.10.16-23.52.13
[2022.10.16-12.52.13:779][ 49]LogWorld: Bringing up level for play took: 0.000577
[2022.10.16-12.52.13:780][ 49]LogOnline: OSS: Creating online subsystem instance for: :Context_8
[2022.10.16-12.52.13:781][ 49]LogActor: Warning: BP_Player_C /Game/StarterContent/Maps/UEDPIE_0_Minimal_Default.Minimal_Default:PersistentLevel.BP_Player_C_0 has natively added scene component(s), but none of them were set as the actor's RootComponent - picking one arbitrarily
[2022.10.16-12.52.13:782][ 49]PIE: Server logged in
[2022.10.16-12.52.13:782][ 49]PIE: Play in editor total start time 0.056 seconds.
[2022.10.16-12.52.20:894][817]LogSlate: Updating window title bar state: overlay mode, drag disabled, window buttons hidden, title bar hidden
[2022.10.16-12.52.20:894][817]LogWorld: BeginTearingDown for /Game/StarterContent/Maps/UEDPIE_0_Minimal_Default
[2022.10.16-12.52.20:895][817]LogWorld: UWorld::CleanupWorld for Minimal_Default, bSessionEnded=true, bCleanupResources=true
[2022.10.16-12.52.20:895][817]LogSlate: InvalidateAllWidgets triggered.  All widgets were invalidated
[2022.10.16-12.52.20:905][817]LogPlayLevel: Display: Shutting down PIE online subsystems
[2022.10.16-12.52.20:906][817]LogSlate: InvalidateAllWidgets triggered.  All widgets were invalidated
[2022.10.16-12.52.20:914][817]LogSlate: Updating window title bar state: overlay mode, drag disabled, window buttons hidden, title bar hidden
[2022.10.16-12.52.20:933][817]LogAISub: UAISubsystem::~UAISubsystem AIPerceptionSystem (0000023093D83EC0), frame # 11817
[2022.10.16-12.52.20:933][817]LogAISub: UAISubsystem::~UAISubsystem EnvQueryManager (00000230FDD29800), frame # 11817
[2022.10.16-12.52.20:934][817]LogUObjectHash: Compacting FUObjectHashTables data took   0.55ms
[2022.10.16-12.52.20:967][820]LogPlayLevel: Display: Destroying online subsystem :Context_8
[2022.10.16-12.52.25:368][347]LogTemp: Repeating last play command: Selected Viewport
[2022.10.16-12.52.25:377][347]LogPlayLevel: PlayLevel: No blueprints needed recompiling
[2022.10.16-12.52.25:378][347]PIE: New page: PIE session: Minimal_Default (17 Oct 2022, 10:52:25 am)
[2022.10.16-12.52.25:378][347]LogPlayLevel: Creating play world package: /Game/StarterContent/Maps/UEDPIE_0_Minimal_Default
[2022.10.16-12.52.25:380][347]LogPlayLevel: PIE: StaticDuplicateObject took: (0.002150s)
[2022.10.16-12.52.25:381][347]LogAIModule: Creating AISystem for world Minimal_Default
[2022.10.16-12.52.25:381][347]LogAISub: UAISubsystem::UAISubsystem EnvQueryManager (0000023094775A00), frame # 12347
[2022.10.16-12.52.25:381][347]LogAISub: UAISubsystem::UAISubsystem AIPerceptionSystem (0000023093D82FC0), frame # 12347
[2022.10.16-12.52.25:381][347]LogPlayLevel: PIE: World Init took: (0.001235s)
[2022.10.16-12.52.25:381][347]LogPlayLevel: PIE: Created PIE world by copying editor world from /Game/StarterContent/Maps/Minimal_Default.Minimal_Default to /Game/StarterContent/Maps/UEDPIE_0_Minimal_Default.Minimal_Default (0.003640s)
[2022.10.16-12.52.25:390][347]LogUObjectHash: Compacting FUObjectHashTables data took   0.53ms
[2022.10.16-12.52.25:392][347]LogAudioMixer: Display: Audio Mixer Platform Settings:
[2022.10.16-12.52.25:392][347]LogAudioMixer: Display: 	Sample Rate:						  48000
[2022.10.16-12.52.25:392][347]LogAudioMixer: Display: 	Callback Buffer Frame Size Requested: 1024
[2022.10.16-12.52.25:392][347]LogAudioMixer: Display: 	Callback Buffer Frame Size To Use:	  1024
[2022.10.16-12.52.25:392][347]LogAudioMixer: Display: 	Number of buffers to queue:			  2
[2022.10.16-12.52.25:392][347]LogAudioMixer: Display: 	Max Channels (voices):				  32
[2022.10.16-12.52.25:392][347]LogAudioMixer: Display: 	Number of Async Source Workers:		  0
[2022.10.16-12.52.25:392][347]LogAudio: Display: AudioDevice MaxSources: 32
[2022.10.16-12.52.25:392][347]LogAudio: Display: Using built-in audio occlusion.
[2022.10.16-12.52.25:392][347]LogAudioMixer: Display: Initializing audio mixer.
[2022.10.16-12.52.25:395][347]LogAudioMixer: Display: 0: FrontLeft
[2022.10.16-12.52.25:395][347]LogAudioMixer: Display: 1: FrontRight
[2022.10.16-12.52.25:413][347]LogAudioMixer: Display: Using Audio Device Headset Earphone (Razer Audio Controller - Chat)
[2022.10.16-12.52.25:414][347]LogAudioMixer: Display: Initializing Sound Submixes...
[2022.10.16-12.52.25:414][347]LogAudioMixer: Display: Creating Master Submix 'MasterSubmixDefault'
[2022.10.16-12.52.25:414][347]LogAudioMixer: Display: Creating Master Submix 'MasterReverbSubmixDefault'
[2022.10.16-12.52.25:414][347]LogAudioMixer: Display: Creating Master Submix 'MasterEQSubmixDefault'
[2022.10.16-12.52.25:424][347]LogInit: FAudioDevice initialized.
[2022.10.16-12.52.25:430][347]LogLoad: Game class is 'BP_Unreal_LaikaGameModeBase_C'
[2022.10.16-12.52.25:431][347]LogWorld: Bringing World /Game/StarterContent/Maps/UEDPIE_0_Minimal_Default.Minimal_Default up for play (max tick rate 0) at 2022.10.16-23.52.25
[2022.10.16-12.52.25:431][347]LogWorld: Bringing up level for play took: 0.000463
[2022.10.16-12.52.25:431][347]LogOnline: OSS: Creating online subsystem instance for: :Context_9
[2022.10.16-12.52.25:433][347]LogActor: Warning: BP_Player_C /Game/StarterContent/Maps/UEDPIE_0_Minimal_Default.Minimal_Default:PersistentLevel.BP_Player_C_0 has natively added scene component(s), but none of them were set as the actor's RootComponent - picking one arbitrarily
[2022.10.16-12.52.25:433][347]PIE: Server logged in
[2022.10.16-12.52.25:434][347]PIE: Play in editor total start time 0.057 seconds.
[2022.10.16-12.52.39:273][874]LogSlate: Updating window title bar state: overlay mode, drag disabled, window buttons hidden, title bar hidden
[2022.10.16-12.52.39:273][874]LogWorld: BeginTearingDown for /Game/StarterContent/Maps/UEDPIE_0_Minimal_Default
[2022.10.16-12.52.39:274][874]LogWorld: UWorld::CleanupWorld for Minimal_Default, bSessionEnded=true, bCleanupResources=true
[2022.10.16-12.52.39:274][874]LogSlate: InvalidateAllWidgets triggered.  All widgets were invalidated
[2022.10.16-12.52.39:282][874]LogPlayLevel: Display: Shutting down PIE online subsystems
[2022.10.16-12.52.39:284][874]LogSlate: InvalidateAllWidgets triggered.  All widgets were invalidated
[2022.10.16-12.52.39:292][874]LogSlate: Updating window title bar state: overlay mode, drag disabled, window buttons hidden, title bar hidden
[2022.10.16-12.52.39:312][874]LogAISub: UAISubsystem::~UAISubsystem AIPerceptionSystem (0000023093D82FC0), frame # 13874
[2022.10.16-12.52.39:312][874]LogAISub: UAISubsystem::~UAISubsystem EnvQueryManager (0000023094775A00), frame # 13874
[2022.10.16-12.52.39:313][874]LogUObjectHash: Compacting FUObjectHashTables data took   0.57ms
[2022.10.16-12.52.39:354][876]LogPlayLevel: Display: Destroying online subsystem :Context_9
[2022.10.16-12.52.44:312][466]LogSlate: Took 0.000125 seconds to synchronously load lazily loaded font '../../../Engine/Content/Slate/Fonts/Roboto-Light.ttf' (167K)
[2022.10.16-12.52.44:325][466]LogAssetEditorSubsystem: Opening Asset editor for Blueprint /Game/Player/BP_Player.BP_Player
[2022.10.16-12.52.44:446][466]LogContentBrowser: Native class hierarchy updated for 'BlueprintGraph' in 0.0005 seconds. Added 125 classes and 0 folders.
[2022.10.16-12.52.45:082][466]LogActor: Warning: BP_Player_C /Engine/Transient.World_3:PersistentLevel.BP_Player_C_0 has natively added scene component(s), but none of them were set as the actor's RootComponent - picking one arbitrarily
[2022.10.16-12.52.47:820][784]LogSlate: Window 'BP_Player' being destroyed
[2022.10.16-12.52.47:826][784]LogWorld: UWorld::CleanupWorld for World_3, bSessionEnded=true, bCleanupResources=true
[2022.10.16-12.52.47:826][784]LogSlate: InvalidateAllWidgets triggered.  All widgets were invalidated
[2022.10.16-12.52.47:865][784]LogAssetEditorSubsystem: Opening Asset editor for Blueprint /Game/Player/BP_Player.BP_Player
[2022.10.16-12.52.48:146][784]LogActor: Warning: BP_Player_C /Engine/Transient.World_4:PersistentLevel.BP_Player_C_0 has natively added scene component(s), but none of them were set as the actor's RootComponent - picking one arbitrarily
[2022.10.16-12.52.48:156][784]LogSlate: Took 0.000143 seconds to synchronously load lazily loaded font '../../../Engine/Content/Slate/Fonts/Roboto-BoldCondensed.ttf' (158K)
[2022.10.16-12.52.56:028][708]LogSlate: Window 'BP_Player' being destroyed
[2022.10.16-12.52.56:033][708]LogSlate: Window 'BP_Player' being destroyed
[2022.10.16-12.52.56:034][708]LogWorld: UWorld::CleanupWorld for World_4, bSessionEnded=true, bCleanupResources=true
[2022.10.16-12.52.56:034][708]LogSlate: InvalidateAllWidgets triggered.  All widgets were invalidated
[2022.10.16-12.52.57:842][919]LogAssetEditorSubsystem: Opening Asset editor for Blueprint /Game/Player/BP_Player.BP_Player
[2022.10.16-12.52.58:109][919]LogActor: Warning: BP_Player_C /Engine/Transient.World_5:PersistentLevel.BP_Player_C_0 has natively added scene component(s), but none of them were set as the actor's RootComponent - picking one arbitrarily
[2022.10.16-12.52.58:650][977]LogSlate: Took 0.000185 seconds to synchronously load lazily loaded font '../../../Engine/Content/Slate/Fonts/Roboto-Italic.ttf' (157K)
[2022.10.16-12.52.59:509][ 71]BlueprintLog: New page: Compile BP_Player
[2022.10.16-12.52.59:517][ 71]LogActor: Warning: BP_Player_C /Engine/Transient.World_0:PersistentLevel.BP_Player_C_0 has natively added scene component(s), but none of them were set as the actor's RootComponent - picking one arbitrarily
[2022.10.16-12.52.59:517][ 71]LogActor: Warning: BP_Player_C /Engine/Transient.World_5:PersistentLevel.BP_Player_C_0 has natively added scene component(s), but none of them were set as the actor's RootComponent - picking one arbitrarily
[2022.10.16-12.52.59:541][ 71]LogUObjectHash: Compacting FUObjectHashTables data took   1.68ms
[2022.10.16-12.52.59:543][ 71]LogActor: Warning: BP_Player_C /Engine/Transient.World_0:PersistentLevel.BP_Player_C_1 has natively added scene component(s), but none of them were set as the actor's RootComponent - picking one arbitrarily
[2022.10.16-12.53.02:261][389]LogSlate: Window 'BP_Player' being destroyed
[2022.10.16-12.53.02:266][389]LogSlate: Window 'BP_Player' being destroyed
[2022.10.16-12.53.02:267][389]LogWorld: UWorld::CleanupWorld for World_5, bSessionEnded=true, bCleanupResources=true
[2022.10.16-12.53.02:267][389]LogSlate: InvalidateAllWidgets triggered.  All widgets were invalidated
