Log file open, 10/17/22 16:30:15
LogInit: Display: Running engine for game: Unreal_Laika
LogPlatformFile: Not using cached read wrapper
LogTaskGraph: Started task graph with 5 named threads and 35 total threads with 3 sets of task threads.
LogStats: Stats thread started at 0.236412
LogD3D11RHI: Loaded GFSDK_Aftermath_Lib.x64.dll
LogICUInternationalization: ICU TimeZone Detection - Raw Offset: +10:00, Platform Override: ''
LogPluginManager: Mounting plugin Paper2D
LogPluginManager: Mounting plugin AISupport
LogPluginManager: Mounting plugin LightPropagationVolume
LogPluginManager: Mounting plugin CameraShakePreviewer
LogPluginManager: Mounting plugin ActorLayerUtilities
LogPluginManager: Mounting plugin AnimationSharing
LogPluginManager: Mounting plugin CLionSourceCodeAccess
LogPluginManager: Mounting plugin CodeLiteSourceCodeAccess
LogPluginManager: Mounting plugin GitSourceControl
LogPluginManager: Mounting plugin KDevelopSourceCodeAccess
LogPluginManager: Mounting plugin NullSourceCodeAccess
LogPluginManager: Mounting plugin PerforceSourceControl
LogPluginManager: Mounting plugin PlasticSourceControl
LogPluginManager: Mounting plugin RiderSourceCodeAccess
LogPluginManager: Mounting plugin SubversionSourceControl
LogPluginManager: Mounting plugin UObjectPlugin
LogPluginManager: Mounting plugin VisualStudioCodeSourceCodeAccess
LogPluginManager: Mounting plugin VisualStudioSourceCodeAccess
LogPluginManager: Mounting plugin XCodeSourceCodeAccess
LogPluginManager: Mounting plugin AssetManagerEditor
LogPluginManager: Mounting plugin CryptoKeys
LogPluginManager: Mounting plugin CurveEditorTools
LogPluginManager: Mounting plugin DataValidation
LogPluginManager: Mounting plugin EditorScriptingUtilities
LogPluginManager: Mounting plugin FacialAnimation
LogPluginManager: Mounting plugin GameplayTagsEditor
LogPluginManager: Mounting plugin GeometryMode
LogPluginManager: Mounting plugin MacGraphicsSwitching
LogPluginManager: Mounting plugin MaterialAnalyzer
LogPluginManager: Mounting plugin MobileLauncherProfileWizard
LogPluginManager: Mounting plugin PluginBrowser
LogPluginManager: Mounting plugin SpeedTreeImporter
LogPluginManager: Mounting plugin DatasmithContent
LogPluginManager: Mounting plugin VariantManagerContent
LogPluginManager: Mounting plugin AlembicImporter
LogPluginManager: Mounting plugin AutomationUtils
LogPluginManager: Mounting plugin BackChannel
LogPluginManager: Mounting plugin ChaosCloth
LogPluginManager: Mounting plugin ChaosClothEditor
LogPluginManager: Mounting plugin ChaosEditor
LogPluginManager: Mounting plugin ChaosNiagara
LogPluginManager: Mounting plugin ChaosSolverPlugin
LogPluginManager: Mounting plugin CharacterAI
LogPluginManager: Mounting plugin GeometryCache
LogPluginManager: Mounting plugin GeometryCollectionPlugin
LogPluginManager: Mounting plugin GeometryProcessing
LogPluginManager: Mounting plugin PlanarCut
LogPluginManager: Mounting plugin PlatformCrypto
LogPluginManager: Mounting plugin ProxyLODPlugin
LogPluginManager: Mounting plugin SkeletalReduction
LogPluginManager: Mounting plugin Niagara
LogPluginManager: Mounting plugin MagicLeap
LogPluginManager: Mounting plugin MagicLeapLightEstimation
LogPluginManager: Mounting plugin MagicLeapMedia
LogPluginManager: Mounting plugin MagicLeapPassableWorld
LogPluginManager: Mounting plugin MLSDK
LogPluginManager: Mounting plugin AndroidMedia
LogPluginManager: Mounting plugin AvfMedia
LogPluginManager: Mounting plugin ImgMedia
LogPluginManager: Mounting plugin MediaCompositing
LogPluginManager: Mounting plugin MediaPlayerEditor
LogPluginManager: Mounting plugin WebMMedia
LogPluginManager: Mounting plugin WmfMedia
LogPluginManager: Mounting plugin MeshPainting
LogPluginManager: Mounting plugin TcpMessaging
LogPluginManager: Mounting plugin UdpMessaging
LogPluginManager: Mounting plugin ActorSequence
LogPluginManager: Mounting plugin LevelSequenceEditor
LogPluginManager: Mounting plugin MatineeToLevelSequence
LogPluginManager: Mounting plugin MovieRenderPipeline
LogPluginManager: Mounting plugin TemplateSequence
LogPluginManager: Mounting plugin NetcodeUnitTest
LogPluginManager: Mounting plugin NUTUnrealEngine4
LogPluginManager: Mounting plugin OnlineSubsystemGooglePlay
LogPluginManager: Mounting plugin OnlineSubsystemIOS
LogPluginManager: Mounting plugin OnlineSubsystem
LogPluginManager: Mounting plugin OnlineSubsystemNull
LogPluginManager: Mounting plugin OnlineSubsystemUtils
LogPluginManager: Mounting plugin LauncherChunkInstaller
LogPluginManager: Mounting plugin AndroidDeviceProfileSelector
LogPluginManager: Mounting plugin AndroidMoviePlayer
LogPluginManager: Mounting plugin AndroidPermission
LogPluginManager: Mounting plugin AppleImageUtils
LogPluginManager: Mounting plugin AppleMoviePlayer
LogPluginManager: Mounting plugin ArchVisCharacter
LogPluginManager: Mounting plugin AssetTags
LogPluginManager: Mounting plugin AudioCapture
LogPluginManager: Mounting plugin CableComponent
LogPluginManager: Mounting plugin CustomMeshComponent
LogPluginManager: Mounting plugin EditableMesh
LogPluginManager: Mounting plugin ExampleDeviceProfileSelector
LogPluginManager: Mounting plugin GoogleCloudMessaging
LogPluginManager: Mounting plugin GooglePAD
LogPluginManager: Mounting plugin IOSDeviceProfileSelector
LogPluginManager: Mounting plugin LinuxDeviceProfileSelector
LogPluginManager: Mounting plugin LocationServicesBPLibrary
LogPluginManager: Mounting plugin MobilePatchingUtils
LogPluginManager: Mounting plugin OculusVR
LogPluginManager: Mounting plugin PhysXVehicles
LogPluginManager: Mounting plugin PostSplashScreen
LogPluginManager: Mounting plugin ProceduralMeshComponent
LogPluginManager: Mounting plugin RuntimePhysXCooking
LogPluginManager: Mounting plugin SignificanceManager
LogPluginManager: Mounting plugin SoundFields
LogPluginManager: Mounting plugin SteamVR
LogPluginManager: Mounting plugin Synthesis
LogPluginManager: Mounting plugin WebMMoviePlayer
LogPluginManager: Mounting plugin WindowsMoviePlayer
LogPluginManager: Mounting plugin ScreenshotTools
LogInit: Using libcurl 7.55.1-DEV
LogInit:  - built for x86_64-pc-win32
LogInit:  - supports SSL with OpenSSL/1.1.1
LogInit:  - supports HTTP deflate (compression) using libz 1.2.8
LogInit:  - other features:
LogInit:      CURL_VERSION_SSL
LogInit:      CURL_VERSION_LIBZ
LogInit:      CURL_VERSION_IPV6
LogInit:      CURL_VERSION_ASYNCHDNS
LogInit:      CURL_VERSION_LARGEFILE
LogInit:      CURL_VERSION_IDN
LogInit:  CurlRequestOptions (configurable via config and command line):
LogInit:  - bVerifyPeer = true  - Libcurl will verify peer certificate
LogInit:  - bUseHttpProxy = false  - Libcurl will NOT use HTTP proxy
LogInit:  - bDontReuseConnections = false  - Libcurl will reuse connections
LogInit:  - MaxHostConnections = 16  - Libcurl will limit the number of connections to a host
LogInit:  - LocalHostAddr = Default
LogInit:  - BufferSize = 65536
LogOnline: OSS: Creating online subsystem instance for: NULL
LogInit: WinSock: version 1.1 (2.2), MaxSocks=32767, MaxUdp=65467
LogOnline: OSS: TryLoadSubsystemAndSetDefault: Loaded subsystem for module [NULL]
LogInit: Build: ++UE4+Release-4.25-CL-14469661
LogInit: Engine Version: 4.25.4-14469661+++UE4+Release-4.25
LogInit: Compatible Engine Version: 4.25.0-13144385+++UE4+Release-4.25
LogInit: Net CL: 13144385
LogInit: OS: Windows 10 (Release 2009) (), CPU: AMD Ryzen 5 3600X 6-Core Processor             , GPU: NVIDIA GeForce RTX 3070 Ti
LogInit: Compiled (64-bit): Oct 11 2020 08:10:49
LogInit: Compiled with Visual C++: 19.24.28315.00
LogInit: Build Configuration: Development
LogInit: Branch Name: ++UE4+Release-4.25
LogInit: Command Line:  -skipcompile
LogInit: Base Directory: D:/Program Files/Epic Games/UE_4.25/Engine/Binaries/Win64/
LogInit: Allocator: TBB
LogInit: Installed Engine Build: 1
LogDevObjectVersion: Number of dev versions registered: 26
LogDevObjectVersion:   Dev-Blueprints (B0D832E4-1F89-4F0D-ACCF-7EB736FD4AA2): 10
LogDevObjectVersion:   Dev-Build (E1C64328-A22C-4D53-A36C-8E866417BD8C): 0
LogDevObjectVersion:   Dev-Core (375EC13C-06E4-48FB-B500-84F0262A717E): 4
LogDevObjectVersion:   Dev-Editor (E4B068ED-F494-42E9-A231-DA0B2E46BB41): 38
LogDevObjectVersion:   Dev-Framework (CFFC743F-43B0-4480-9391-14DF171D2073): 37
LogDevObjectVersion:   Dev-Mobile (B02B49B5-BB20-44E9-A304-32B752E40360): 2
LogDevObjectVersion:   Dev-Networking (A4E4105C-59A1-49B5-A7C5-40C4547EDFEE): 0
LogDevObjectVersion:   Dev-Online (39C831C9-5AE6-47DC-9A44-9C173E1C8E7C): 0
LogDevObjectVersion:   Dev-Physics (78F01B33-EBEA-4F98-B9B4-84EACCB95AA2): 4
LogDevObjectVersion:   Dev-Platform (6631380F-2D4D-43E0-8009-CF276956A95A): 0
LogDevObjectVersion:   Dev-Rendering (12F88B9F-8875-4AFC-A67C-D90C383ABD29): 43
LogDevObjectVersion:   Dev-Sequencer (7B5AE74C-D270-4C10-A958-57980B212A5A): 12
LogDevObjectVersion:   Dev-VR (D7296918-1DD6-4BDD-9DE2-64A83CC13884): 3
LogDevObjectVersion:   Dev-LoadTimes (C2A15278-BFE7-4AFE-6C17-90FF531DF755): 1
LogDevObjectVersion:   Private-Geometry (6EACA3D4-40EC-4CC1-B786-8BED09428FC5): 3
LogDevObjectVersion:   Dev-AnimPhys (29E575DD-E0A3-4627-9D10-D276232CDCEA): 17
LogDevObjectVersion:   Dev-Anim (AF43A65D-7FD3-4947-9873-3E8ED9C1BB05): 7
LogDevObjectVersion:   Dev-ReflectionCapture (6B266CEC-1EC7-4B8F-A30B-E4D90942FC07): 1
LogDevObjectVersion:   Dev-Automation (0DF73D61-A23F-47EA-B727-89E90C41499A): 1
LogDevObjectVersion:   FortniteMain (601D1886-AC64-4F84-AA16-D3DE0DEAC7D6): 31
LogDevObjectVersion:   Dev-Enterprise (9DFFBCD6-494F-0158-E221-12823C92A888): 10
LogDevObjectVersion:   Dev-Niagara (F2AED0AC-9AFE-416F-8664-AA7FFA26D6FC): 1
LogDevObjectVersion:   Dev-Destruction (174F1F0B-B4C6-45A5-B13F-2EE8D0FB917D): 10
LogDevObjectVersion:   Dev-Physics-Ext (35F94A83-E258-406C-A318-09F59610247C): 37
LogDevObjectVersion:   Dev-PhysicsMaterial-Chaos (B68FC16E-8B1B-42E2-B453-215C058844FE): 1
LogDevObjectVersion:   Dev-CineCamera (B2E18506-4273-CFC2-A54E-F4BB758BBA07): 1
LogInit: Presizing for max 25165824 objects, including 0 objects not considered by GC, pre-allocating 0 bytes for permanent pool.
LogConfig: Applying CVar settings from Section [/Script/Engine.StreamingSettings] File [D:/Documents/Programing/GitKraken/Unreal Laika/Unreal_Laika/Saved/Config/Windows/Engine.ini]
LogConfig: Setting CVar [[s.MinBulkDataSizeForAsyncLoading:131072]]
LogConfig: Setting CVar [[s.AsyncLoadingThreadEnabled:0]]
LogConfig: Setting CVar [[s.EventDrivenLoaderEnabled:1]]
LogConfig: Setting CVar [[s.WarnIfTimeLimitExceeded:0]]
LogConfig: Setting CVar [[s.TimeLimitExceededMultiplier:1.5]]
LogConfig: Setting CVar [[s.TimeLimitExceededMinTime:0.005]]
LogConfig: Setting CVar [[s.UseBackgroundLevelStreaming:1]]
LogConfig: Setting CVar [[s.PriorityAsyncLoadingExtraTime:15.0]]
LogConfig: Setting CVar [[s.LevelStreamingActorsUpdateTimeLimit:5.0]]
LogConfig: Setting CVar [[s.PriorityLevelStreamingActorsUpdateExtraTime:5.0]]
LogConfig: Setting CVar [[s.LevelStreamingComponentsRegistrationGranularity:10]]
LogConfig: Setting CVar [[s.UnregisterComponentsTimeLimit:1.0]]
LogConfig: Setting CVar [[s.LevelStreamingComponentsUnregistrationGranularity:5]]
LogConfig: Setting CVar [[s.FlushStreamingOnExit:1]]
LogInit: Object subsystem initialized
LogConfig: Setting CVar [[con.DebugEarlyDefault:1]]
LogConfig: Setting CVar [[r.setres:1280x720]]
[2022.10.17-05.30.15:566][  0]LogConfig: Setting CVar [[r.VSync:0]]
[2022.10.17-05.30.15:566][  0]LogConfig: Setting CVar [[r.RHICmdBypass:0]]
[2022.10.17-05.30.15:566][  0]LogConfig: Applying CVar settings from Section [/Script/Engine.RendererSettings] File [D:/Documents/Programing/GitKraken/Unreal Laika/Unreal_Laika/Saved/Config/Windows/Engine.ini]
[2022.10.17-05.30.15:566][  0]LogConfig: Setting CVar [[r.GPUCrashDebugging:0]]
[2022.10.17-05.30.15:566][  0]LogConfig: Applying CVar settings from Section [/Script/Engine.RendererOverrideSettings] File [D:/Documents/Programing/GitKraken/Unreal Laika/Unreal_Laika/Saved/Config/Windows/Engine.ini]
[2022.10.17-05.30.15:566][  0]LogConfig: Applying CVar settings from Section [/Script/Engine.StreamingSettings] File [D:/Documents/Programing/GitKraken/Unreal Laika/Unreal_Laika/Saved/Config/Windows/Engine.ini]
[2022.10.17-05.30.15:567][  0]LogConfig: Setting CVar [[s.MinBulkDataSizeForAsyncLoading:131072]]
[2022.10.17-05.30.15:567][  0]LogConfig: Setting CVar [[s.AsyncLoadingThreadEnabled:0]]
[2022.10.17-05.30.15:567][  0]LogConfig: Setting CVar [[s.EventDrivenLoaderEnabled:1]]
[2022.10.17-05.30.15:567][  0]LogConfig: Setting CVar [[s.WarnIfTimeLimitExceeded:0]]
[2022.10.17-05.30.15:567][  0]LogConfig: Setting CVar [[s.TimeLimitExceededMultiplier:1.5]]
[2022.10.17-05.30.15:567][  0]LogConfig: Setting CVar [[s.TimeLimitExceededMinTime:0.005]]
[2022.10.17-05.30.15:567][  0]LogConfig: Setting CVar [[s.UseBackgroundLevelStreaming:1]]
[2022.10.17-05.30.15:567][  0]LogConfig: Setting CVar [[s.PriorityAsyncLoadingExtraTime:15.0]]
[2022.10.17-05.30.15:567][  0]LogConfig: Setting CVar [[s.LevelStreamingActorsUpdateTimeLimit:5.0]]
[2022.10.17-05.30.15:567][  0]LogConfig: Setting CVar [[s.PriorityLevelStreamingActorsUpdateExtraTime:5.0]]
[2022.10.17-05.30.15:567][  0]LogConfig: Setting CVar [[s.LevelStreamingComponentsRegistrationGranularity:10]]
[2022.10.17-05.30.15:567][  0]LogConfig: Setting CVar [[s.UnregisterComponentsTimeLimit:1.0]]
[2022.10.17-05.30.15:567][  0]LogConfig: Setting CVar [[s.LevelStreamingComponentsUnregistrationGranularity:5]]
[2022.10.17-05.30.15:567][  0]LogConfig: Setting CVar [[s.FlushStreamingOnExit:1]]
[2022.10.17-05.30.15:567][  0]LogConfig: Applying CVar settings from Section [/Script/Engine.GarbageCollectionSettings] File [D:/Documents/Programing/GitKraken/Unreal Laika/Unreal_Laika/Saved/Config/Windows/Engine.ini]
[2022.10.17-05.30.15:567][  0]LogConfig: Setting CVar [[gc.MaxObjectsNotConsideredByGC:1]]
[2022.10.17-05.30.15:567][  0]LogConfig: Setting CVar [[gc.SizeOfPermanentObjectPool:0]]
[2022.10.17-05.30.15:567][  0]LogConfig: Setting CVar [[gc.FlushStreamingOnGC:0]]
[2022.10.17-05.30.15:567][  0]LogConfig: Setting CVar [[gc.NumRetriesBeforeForcingGC:10]]
[2022.10.17-05.30.15:567][  0]LogConfig: Setting CVar [[gc.AllowParallelGC:1]]
[2022.10.17-05.30.15:567][  0]LogConfig: Setting CVar [[gc.TimeBetweenPurgingPendingKillObjects:61.1]]
[2022.10.17-05.30.15:568][  0]LogConfig: Setting CVar [[gc.MaxObjectsInEditor:25165824]]
[2022.10.17-05.30.15:568][  0]LogConfig: Setting CVar [[gc.IncrementalBeginDestroyEnabled:1]]
[2022.10.17-05.30.15:568][  0]LogConfig: Setting CVar [[gc.CreateGCClusters:1]]
[2022.10.17-05.30.15:568][  0]LogConfig: Setting CVar [[gc.MinGCClusterSize:5]]
[2022.10.17-05.30.15:568][  0]LogConfig: Setting CVar [[gc.ActorClusteringEnabled:0]]
[2022.10.17-05.30.15:568][  0]LogConfig: Setting CVar [[gc.BlueprintClusteringEnabled:0]]
[2022.10.17-05.30.15:568][  0]LogConfig: Setting CVar [[gc.UseDisregardForGCOnDedicatedServers:0]]
[2022.10.17-05.30.15:568][  0]LogConfig: Applying CVar settings from Section [/Script/Engine.NetworkSettings] File [D:/Documents/Programing/GitKraken/Unreal Laika/Unreal_Laika/Saved/Config/Windows/Engine.ini]
[2022.10.17-05.30.15:568][  0]LogConfig: Applying CVar settings from Section [/Script/UnrealEd.CookerSettings] File [D:/Documents/Programing/GitKraken/Unreal Laika/Unreal_Laika/Saved/Config/Windows/Engine.ini]
[2022.10.17-05.30.15:573][  0]LogConfig: Applying CVar settings from Section [ViewDistanceQuality@3] File [D:/Documents/Programing/GitKraken/Unreal Laika/Unreal_Laika/Saved/Config/Windows/Scalability.ini]
[2022.10.17-05.30.15:573][  0]LogConfig: Setting CVar [[r.SkeletalMeshLODBias:0]]
[2022.10.17-05.30.15:573][  0]LogConfig: Setting CVar [[r.ViewDistanceScale:1.0]]
[2022.10.17-05.30.15:573][  0]LogConfig: Applying CVar settings from Section [AntiAliasingQuality@3] File [D:/Documents/Programing/GitKraken/Unreal Laika/Unreal_Laika/Saved/Config/Windows/Scalability.ini]
[2022.10.17-05.30.15:573][  0]LogConfig: Setting CVar [[r.PostProcessAAQuality:4]]
[2022.10.17-05.30.15:573][  0]LogConfig: Applying CVar settings from Section [ShadowQuality@3] File [D:/Documents/Programing/GitKraken/Unreal Laika/Unreal_Laika/Saved/Config/Windows/Scalability.ini]
[2022.10.17-05.30.15:573][  0]LogConfig: Setting CVar [[r.LightFunctionQuality:1]]
[2022.10.17-05.30.15:573][  0]LogConfig: Setting CVar [[r.ShadowQuality:5]]
[2022.10.17-05.30.15:573][  0]LogConfig: Setting CVar [[r.Shadow.CSM.MaxCascades:10]]
[2022.10.17-05.30.15:573][  0]LogConfig: Setting CVar [[r.Shadow.MaxResolution:2048]]
[2022.10.17-05.30.15:573][  0]LogConfig: Setting CVar [[r.Shadow.MaxCSMResolution:2048]]
[2022.10.17-05.30.15:573][  0]LogConfig: Setting CVar [[r.Shadow.RadiusThreshold:0.01]]
[2022.10.17-05.30.15:573][  0]LogConfig: Setting CVar [[r.Shadow.DistanceScale:1.0]]
[2022.10.17-05.30.15:573][  0]LogConfig: Setting CVar [[r.Shadow.CSM.TransitionScale:1.0]]
[2022.10.17-05.30.15:573][  0]LogConfig: Setting CVar [[r.Shadow.PreShadowResolutionFactor:1.0]]
[2022.10.17-05.30.15:573][  0]LogConfig: Setting CVar [[r.DistanceFieldShadowing:1]]
[2022.10.17-05.30.15:573][  0]LogConfig: Setting CVar [[r.DistanceFieldAO:1]]
[2022.10.17-05.30.15:573][  0]LogConfig: Setting CVar [[r.AOQuality:2]]
[2022.10.17-05.30.15:573][  0]LogConfig: Setting CVar [[r.VolumetricFog:1]]
[2022.10.17-05.30.15:573][  0]LogConfig: Setting CVar [[r.VolumetricFog.GridPixelSize:8]]
[2022.10.17-05.30.15:573][  0]LogConfig: Setting CVar [[r.VolumetricFog.GridSizeZ:128]]
[2022.10.17-05.30.15:573][  0]LogConfig: Setting CVar [[r.VolumetricFog.HistoryMissSupersampleCount:4]]
[2022.10.17-05.30.15:573][  0]LogConfig: Setting CVar [[r.LightMaxDrawDistanceScale:1]]
[2022.10.17-05.30.15:573][  0]LogConfig: Setting CVar [[r.CapsuleShadows:1]]
[2022.10.17-05.30.15:573][  0]LogConfig: Applying CVar settings from Section [PostProcessQuality@3] File [D:/Documents/Programing/GitKraken/Unreal Laika/Unreal_Laika/Saved/Config/Windows/Scalability.ini]
[2022.10.17-05.30.15:574][  0]LogConfig: Setting CVar [[r.MotionBlurQuality:4]]
[2022.10.17-05.30.15:574][  0]LogConfig: Setting CVar [[r.AmbientOcclusionMipLevelFactor:0.4]]
[2022.10.17-05.30.15:574][  0]LogConfig: Setting CVar [[r.AmbientOcclusionMaxQuality:100]]
[2022.10.17-05.30.15:574][  0]LogConfig: Setting CVar [[r.AmbientOcclusionLevels:-1]]
[2022.10.17-05.30.15:574][  0]LogConfig: Setting CVar [[r.AmbientOcclusionRadiusScale:1.0]]
[2022.10.17-05.30.15:574][  0]LogConfig: Setting CVar [[r.DepthOfFieldQuality:2]]
[2022.10.17-05.30.15:574][  0]LogConfig: Setting CVar [[r.RenderTargetPoolMin:400]]
[2022.10.17-05.30.15:574][  0]LogConfig: Setting CVar [[r.LensFlareQuality:2]]
[2022.10.17-05.30.15:574][  0]LogConfig: Setting CVar [[r.SceneColorFringeQuality:1]]
[2022.10.17-05.30.15:574][  0]LogConfig: Setting CVar [[r.EyeAdaptationQuality:2]]
[2022.10.17-05.30.15:574][  0]LogConfig: Setting CVar [[r.BloomQuality:5]]
[2022.10.17-05.30.15:574][  0]LogConfig: Setting CVar [[r.FastBlurThreshold:100]]
[2022.10.17-05.30.15:574][  0]LogConfig: Setting CVar [[r.Upscale.Quality:3]]
[2022.10.17-05.30.15:574][  0]LogConfig: Setting CVar [[r.Tonemapper.GrainQuantization:1]]
[2022.10.17-05.30.15:574][  0]LogConfig: Setting CVar [[r.LightShaftQuality:1]]
[2022.10.17-05.30.15:574][  0]LogConfig: Setting CVar [[r.Filter.SizeScale:1]]
[2022.10.17-05.30.15:574][  0]LogConfig: Setting CVar [[r.Tonemapper.Quality:5]]
[2022.10.17-05.30.15:574][  0]LogConfig: Setting CVar [[r.DOF.Gather.AccumulatorQuality:1        ; higher gathering accumulator quality]]
[2022.10.17-05.30.15:574][  0]LogConfig: Setting CVar [[r.DOF.Gather.PostfilterMethod:1          ; Median3x3 postfilering method]]
[2022.10.17-05.30.15:574][  0]LogConfig: Setting CVar [[r.DOF.Gather.EnableBokehSettings:0       ; no bokeh simulation when gathering]]
[2022.10.17-05.30.15:574][  0]LogConfig: Setting CVar [[r.DOF.Gather.RingCount:4                 ; medium number of samples when gathering]]
[2022.10.17-05.30.15:574][  0]LogConfig: Setting CVar [[r.DOF.Scatter.ForegroundCompositing:1    ; additive foreground scattering]]
[2022.10.17-05.30.15:574][  0]LogConfig: Setting CVar [[r.DOF.Scatter.BackgroundCompositing:2    ; additive background scattering]]
[2022.10.17-05.30.15:574][  0]LogConfig: Setting CVar [[r.DOF.Scatter.EnableBokehSettings:1      ; bokeh simulation when scattering]]
[2022.10.17-05.30.15:574][  0]LogConfig: Setting CVar [[r.DOF.Scatter.MaxSpriteRatio:0.1         ; only a maximum of 10% of scattered bokeh]]
[2022.10.17-05.30.15:575][  0]LogConfig: Setting CVar [[r.DOF.Recombine.Quality:1                ; cheap slight out of focus]]
[2022.10.17-05.30.15:575][  0]LogConfig: Setting CVar [[r.DOF.Recombine.EnableBokehSettings:0    ; no bokeh simulation on slight out of focus]]
[2022.10.17-05.30.15:575][  0]LogConfig: Setting CVar [[r.DOF.TemporalAAQuality:1                ; more stable temporal accumulation]]
[2022.10.17-05.30.15:575][  0]LogConfig: Setting CVar [[r.DOF.Kernel.MaxForegroundRadius:0.025]]
[2022.10.17-05.30.15:575][  0]LogConfig: Setting CVar [[r.DOF.Kernel.MaxBackgroundRadius:0.025]]
[2022.10.17-05.30.15:575][  0]LogConfig: Applying CVar settings from Section [TextureQuality@3] File [D:/Documents/Programing/GitKraken/Unreal Laika/Unreal_Laika/Saved/Config/Windows/Scalability.ini]
[2022.10.17-05.30.15:575][  0]LogConfig: Setting CVar [[r.Streaming.MipBias:0]]
[2022.10.17-05.30.15:575][  0]LogConfig: Setting CVar [[r.Streaming.AmortizeCPUToGPUCopy:0]]
[2022.10.17-05.30.15:575][  0]LogConfig: Setting CVar [[r.Streaming.MaxNumTexturesToStreamPerFrame:0]]
[2022.10.17-05.30.15:575][  0]LogConfig: Setting CVar [[r.Streaming.Boost:1]]
[2022.10.17-05.30.15:575][  0]LogConfig: Setting CVar [[r.MaxAnisotropy:8]]
[2022.10.17-05.30.15:575][  0]LogConfig: Setting CVar [[r.VT.MaxAnisotropy:8]]
[2022.10.17-05.30.15:575][  0]LogConfig: Setting CVar [[r.Streaming.LimitPoolSizeToVRAM:0]]
[2022.10.17-05.30.15:575][  0]LogConfig: Setting CVar [[r.Streaming.PoolSize:1000]]
[2022.10.17-05.30.15:575][  0]LogConfig: Setting CVar [[r.Streaming.MaxEffectiveScreenSize:0]]
[2022.10.17-05.30.15:575][  0]LogConfig: Applying CVar settings from Section [EffectsQuality@3] File [D:/Documents/Programing/GitKraken/Unreal Laika/Unreal_Laika/Saved/Config/Windows/Scalability.ini]
[2022.10.17-05.30.15:575][  0]LogConfig: Setting CVar [[r.TranslucencyLightingVolumeDim:64]]
[2022.10.17-05.30.15:575][  0]LogConfig: Setting CVar [[r.RefractionQuality:2]]
[2022.10.17-05.30.15:575][  0]LogConfig: Setting CVar [[r.SSR.Quality:3]]
[2022.10.17-05.30.15:575][  0]LogConfig: Setting CVar [[r.SSR.HalfResSceneColor:0]]
[2022.10.17-05.30.15:575][  0]LogConfig: Setting CVar [[r.SceneColorFormat:4]]
[2022.10.17-05.30.15:575][  0]LogConfig: Setting CVar [[r.DetailMode:2]]
[2022.10.17-05.30.15:575][  0]LogConfig: Setting CVar [[r.TranslucencyVolumeBlur:1]]
[2022.10.17-05.30.15:575][  0]LogConfig: Setting CVar [[r.MaterialQualityLevel:1 ; High quality]]
[2022.10.17-05.30.15:575][  0]LogConfig: Setting CVar [[r.SSS.Scale:1]]
[2022.10.17-05.30.15:576][  0]LogConfig: Setting CVar [[r.SSS.SampleSet:2]]
[2022.10.17-05.30.15:576][  0]LogConfig: Setting CVar [[r.SSS.Quality:1]]
[2022.10.17-05.30.15:576][  0]LogConfig: Setting CVar [[r.SSS.HalfRes:0]]
[2022.10.17-05.30.15:576][  0]LogConfig: Setting CVar [[r.SSGI.Quality:3]]
[2022.10.17-05.30.15:576][  0]LogConfig: Setting CVar [[r.EmitterSpawnRateScale:1.0]]
[2022.10.17-05.30.15:576][  0]LogConfig: Setting CVar [[r.ParticleLightQuality:2]]
[2022.10.17-05.30.15:576][  0]LogConfig: Setting CVar [[r.SkyAtmosphere.AerialPerspectiveLUT.FastApplyOnOpaque:1 ; Always have FastSkyLUT 1 in this case to avoid wrong sky]]
[2022.10.17-05.30.15:576][  0]LogConfig: Setting CVar [[r.SkyAtmosphere.AerialPerspectiveLUT.SampleCountPerSlice:1]]
[2022.10.17-05.30.15:576][  0]LogConfig: Setting CVar [[r.SkyAtmosphere.AerialPerspectiveLUT.DepthResolution:16.0]]
[2022.10.17-05.30.15:576][  0]LogConfig: Setting CVar [[r.SkyAtmosphere.FastSkyLUT:1]]
[2022.10.17-05.30.15:576][  0]LogConfig: Setting CVar [[r.SkyAtmosphere.FastSkyLUT.SampleCountMin:4.0]]
[2022.10.17-05.30.15:576][  0]LogConfig: Setting CVar [[r.SkyAtmosphere.FastSkyLUT.SampleCountMax:32.0]]
[2022.10.17-05.30.15:576][  0]LogConfig: Setting CVar [[r.SkyAtmosphere.SampleCountMin:4.0]]
[2022.10.17-05.30.15:576][  0]LogConfig: Setting CVar [[r.SkyAtmosphere.SampleCountMax:32.0]]
[2022.10.17-05.30.15:576][  0]LogConfig: Setting CVar [[r.SkyAtmosphere.TransmittanceLUT.UseSmallFormat:0]]
[2022.10.17-05.30.15:576][  0]LogConfig: Setting CVar [[r.SkyAtmosphere.TransmittanceLUT.SampleCount:10.0]]
[2022.10.17-05.30.15:576][  0]LogConfig: Setting CVar [[r.SkyAtmosphere.MultiScatteringLUT.SampleCount:15.0]]
[2022.10.17-05.30.15:576][  0]LogConfig: Applying CVar settings from Section [FoliageQuality@3] File [D:/Documents/Programing/GitKraken/Unreal Laika/Unreal_Laika/Saved/Config/Windows/Scalability.ini]
[2022.10.17-05.30.15:576][  0]LogConfig: Setting CVar [[foliage.DensityScale:1.0]]
[2022.10.17-05.30.15:576][  0]LogConfig: Setting CVar [[grass.DensityScale:1.0]]
[2022.10.17-05.30.15:576][  0]LogConfig: Applying CVar settings from Section [ShadingQuality@3] File [D:/Documents/Programing/GitKraken/Unreal Laika/Unreal_Laika/Saved/Config/Windows/Scalability.ini]
[2022.10.17-05.30.15:576][  0]LogConfig: Setting CVar [[r.HairStrands.SkyLighting.SampleCount:16]]
[2022.10.17-05.30.15:576][  0]LogConfig: Setting CVar [[r.HairStrands.SkyLighting.JitterIntegration:0]]
[2022.10.17-05.30.15:576][  0]LogConfig: Setting CVar [[r.HairStrands.SkyAO.SampleCount:16]]
[2022.10.17-05.30.15:577][  0]LogConfig: Setting CVar [[r.HairStrands.DeepShadow.SuperSampling:0]]
[2022.10.17-05.30.15:577][  0]LogConfig: Setting CVar [[r.HairStrands.VisibilityPPLL:0]]
[2022.10.17-05.30.15:577][  0]LogConfig: Setting CVar [[r.HairStrands.RasterizationScale:0.5]]
[2022.10.17-05.30.15:577][  0]LogConfig: Setting CVar [[r.HairStrands.VelocityRasterizationScale:1]]
[2022.10.17-05.30.15:577][  0]LogInit: Selected Device Profile: [Windows]
[2022.10.17-05.30.15:577][  0]LogInit: Applying CVar settings loaded from the selected device profile: [Windows]
[2022.10.17-05.30.15:577][  0]LogHAL: Display: Platform has ~ 16 GB [17097752576 / 17179869184 / 16], which maps to Larger [LargestMinGB=32, LargerMinGB=12, DefaultMinGB=8, SmallerMinGB=6, SmallestMinGB=0)
[2022.10.17-05.30.15:577][  0]LogInit: Going up to parent DeviceProfile []
[2022.10.17-05.30.15:577][  0]LogConfig: Applying CVar settings from Section [ViewDistanceQuality@3] File [D:/Documents/Programing/GitKraken/Unreal Laika/Unreal_Laika/Saved/Config/Windows/Scalability.ini]
[2022.10.17-05.30.15:577][  0]LogConfig: Setting CVar [[r.SkeletalMeshLODBias:0]]
[2022.10.17-05.30.15:577][  0]LogConfig: Setting CVar [[r.ViewDistanceScale:1.0]]
[2022.10.17-05.30.15:577][  0]LogConfig: Applying CVar settings from Section [AntiAliasingQuality@3] File [D:/Documents/Programing/GitKraken/Unreal Laika/Unreal_Laika/Saved/Config/Windows/Scalability.ini]
[2022.10.17-05.30.15:577][  0]LogConfig: Setting CVar [[r.PostProcessAAQuality:4]]
[2022.10.17-05.30.15:577][  0]LogConfig: Applying CVar settings from Section [ShadowQuality@3] File [D:/Documents/Programing/GitKraken/Unreal Laika/Unreal_Laika/Saved/Config/Windows/Scalability.ini]
[2022.10.17-05.30.15:577][  0]LogConfig: Setting CVar [[r.LightFunctionQuality:1]]
[2022.10.17-05.30.15:577][  0]LogConfig: Setting CVar [[r.ShadowQuality:5]]
[2022.10.17-05.30.15:577][  0]LogConfig: Setting CVar [[r.Shadow.CSM.MaxCascades:10]]
[2022.10.17-05.30.15:577][  0]LogConfig: Setting CVar [[r.Shadow.MaxResolution:2048]]
[2022.10.17-05.30.15:577][  0]LogConfig: Setting CVar [[r.Shadow.MaxCSMResolution:2048]]
[2022.10.17-05.30.15:577][  0]LogConfig: Setting CVar [[r.Shadow.RadiusThreshold:0.01]]
[2022.10.17-05.30.15:577][  0]LogConfig: Setting CVar [[r.Shadow.DistanceScale:1.0]]
[2022.10.17-05.30.15:577][  0]LogConfig: Setting CVar [[r.Shadow.CSM.TransitionScale:1.0]]
[2022.10.17-05.30.15:578][  0]LogConfig: Setting CVar [[r.Shadow.PreShadowResolutionFactor:1.0]]
[2022.10.17-05.30.15:578][  0]LogConfig: Setting CVar [[r.DistanceFieldShadowing:1]]
[2022.10.17-05.30.15:578][  0]LogConfig: Setting CVar [[r.DistanceFieldAO:1]]
[2022.10.17-05.30.15:578][  0]LogConfig: Setting CVar [[r.AOQuality:2]]
[2022.10.17-05.30.15:578][  0]LogConfig: Setting CVar [[r.VolumetricFog:1]]
[2022.10.17-05.30.15:578][  0]LogConfig: Setting CVar [[r.VolumetricFog.GridPixelSize:8]]
[2022.10.17-05.30.15:578][  0]LogConfig: Setting CVar [[r.VolumetricFog.GridSizeZ:128]]
[2022.10.17-05.30.15:578][  0]LogConfig: Setting CVar [[r.VolumetricFog.HistoryMissSupersampleCount:4]]
[2022.10.17-05.30.15:578][  0]LogConfig: Setting CVar [[r.LightMaxDrawDistanceScale:1]]
[2022.10.17-05.30.15:578][  0]LogConfig: Setting CVar [[r.CapsuleShadows:1]]
[2022.10.17-05.30.15:578][  0]LogConfig: Applying CVar settings from Section [PostProcessQuality@3] File [D:/Documents/Programing/GitKraken/Unreal Laika/Unreal_Laika/Saved/Config/Windows/Scalability.ini]
[2022.10.17-05.30.15:578][  0]LogConfig: Setting CVar [[r.MotionBlurQuality:4]]
[2022.10.17-05.30.15:578][  0]LogConfig: Setting CVar [[r.AmbientOcclusionMipLevelFactor:0.4]]
[2022.10.17-05.30.15:578][  0]LogConfig: Setting CVar [[r.AmbientOcclusionMaxQuality:100]]
[2022.10.17-05.30.15:578][  0]LogConfig: Setting CVar [[r.AmbientOcclusionLevels:-1]]
[2022.10.17-05.30.15:578][  0]LogConfig: Setting CVar [[r.AmbientOcclusionRadiusScale:1.0]]
[2022.10.17-05.30.15:578][  0]LogConfig: Setting CVar [[r.DepthOfFieldQuality:2]]
[2022.10.17-05.30.15:578][  0]LogConfig: Setting CVar [[r.RenderTargetPoolMin:400]]
[2022.10.17-05.30.15:578][  0]LogConfig: Setting CVar [[r.LensFlareQuality:2]]
[2022.10.17-05.30.15:578][  0]LogConfig: Setting CVar [[r.SceneColorFringeQuality:1]]
[2022.10.17-05.30.15:578][  0]LogConfig: Setting CVar [[r.EyeAdaptationQuality:2]]
[2022.10.17-05.30.15:578][  0]LogConfig: Setting CVar [[r.BloomQuality:5]]
[2022.10.17-05.30.15:578][  0]LogConfig: Setting CVar [[r.FastBlurThreshold:100]]
[2022.10.17-05.30.15:578][  0]LogConfig: Setting CVar [[r.Upscale.Quality:3]]
[2022.10.17-05.30.15:578][  0]LogConfig: Setting CVar [[r.Tonemapper.GrainQuantization:1]]
[2022.10.17-05.30.15:578][  0]LogConfig: Setting CVar [[r.LightShaftQuality:1]]
[2022.10.17-05.30.15:579][  0]LogConfig: Setting CVar [[r.Filter.SizeScale:1]]
[2022.10.17-05.30.15:579][  0]LogConfig: Setting CVar [[r.Tonemapper.Quality:5]]
[2022.10.17-05.30.15:579][  0]LogConfig: Setting CVar [[r.DOF.Gather.AccumulatorQuality:1        ; higher gathering accumulator quality]]
[2022.10.17-05.30.15:579][  0]LogConfig: Setting CVar [[r.DOF.Gather.PostfilterMethod:1          ; Median3x3 postfilering method]]
[2022.10.17-05.30.15:579][  0]LogConfig: Setting CVar [[r.DOF.Gather.EnableBokehSettings:0       ; no bokeh simulation when gathering]]
[2022.10.17-05.30.15:579][  0]LogConfig: Setting CVar [[r.DOF.Gather.RingCount:4                 ; medium number of samples when gathering]]
[2022.10.17-05.30.15:579][  0]LogConfig: Setting CVar [[r.DOF.Scatter.ForegroundCompositing:1    ; additive foreground scattering]]
[2022.10.17-05.30.15:579][  0]LogConfig: Setting CVar [[r.DOF.Scatter.BackgroundCompositing:2    ; additive background scattering]]
[2022.10.17-05.30.15:579][  0]LogConfig: Setting CVar [[r.DOF.Scatter.EnableBokehSettings:1      ; bokeh simulation when scattering]]
[2022.10.17-05.30.15:579][  0]LogConfig: Setting CVar [[r.DOF.Scatter.MaxSpriteRatio:0.1         ; only a maximum of 10% of scattered bokeh]]
[2022.10.17-05.30.15:579][  0]LogConfig: Setting CVar [[r.DOF.Recombine.Quality:1                ; cheap slight out of focus]]
[2022.10.17-05.30.15:579][  0]LogConfig: Setting CVar [[r.DOF.Recombine.EnableBokehSettings:0    ; no bokeh simulation on slight out of focus]]
[2022.10.17-05.30.15:579][  0]LogConfig: Setting CVar [[r.DOF.TemporalAAQuality:1                ; more stable temporal accumulation]]
[2022.10.17-05.30.15:579][  0]LogConfig: Setting CVar [[r.DOF.Kernel.MaxForegroundRadius:0.025]]
[2022.10.17-05.30.15:579][  0]LogConfig: Setting CVar [[r.DOF.Kernel.MaxBackgroundRadius:0.025]]
[2022.10.17-05.30.15:579][  0]LogConfig: Applying CVar settings from Section [TextureQuality@3] File [D:/Documents/Programing/GitKraken/Unreal Laika/Unreal_Laika/Saved/Config/Windows/Scalability.ini]
[2022.10.17-05.30.15:579][  0]LogConfig: Setting CVar [[r.Streaming.MipBias:0]]
[2022.10.17-05.30.15:579][  0]LogConfig: Setting CVar [[r.Streaming.AmortizeCPUToGPUCopy:0]]
[2022.10.17-05.30.15:579][  0]LogConfig: Setting CVar [[r.Streaming.MaxNumTexturesToStreamPerFrame:0]]
[2022.10.17-05.30.15:579][  0]LogConfig: Setting CVar [[r.Streaming.Boost:1]]
[2022.10.17-05.30.15:579][  0]LogConfig: Setting CVar [[r.MaxAnisotropy:8]]
[2022.10.17-05.30.15:579][  0]LogConfig: Setting CVar [[r.VT.MaxAnisotropy:8]]
[2022.10.17-05.30.15:579][  0]LogConfig: Setting CVar [[r.Streaming.LimitPoolSizeToVRAM:0]]
[2022.10.17-05.30.15:580][  0]LogConfig: Setting CVar [[r.Streaming.PoolSize:1000]]
[2022.10.17-05.30.15:580][  0]LogConfig: Setting CVar [[r.Streaming.MaxEffectiveScreenSize:0]]
[2022.10.17-05.30.15:580][  0]LogConfig: Applying CVar settings from Section [EffectsQuality@3] File [D:/Documents/Programing/GitKraken/Unreal Laika/Unreal_Laika/Saved/Config/Windows/Scalability.ini]
[2022.10.17-05.30.15:580][  0]LogConfig: Setting CVar [[r.TranslucencyLightingVolumeDim:64]]
[2022.10.17-05.30.15:580][  0]LogConfig: Setting CVar [[r.RefractionQuality:2]]
[2022.10.17-05.30.15:580][  0]LogConfig: Setting CVar [[r.SSR.Quality:3]]
[2022.10.17-05.30.15:580][  0]LogConfig: Setting CVar [[r.SSR.HalfResSceneColor:0]]
[2022.10.17-05.30.15:580][  0]LogConfig: Setting CVar [[r.SceneColorFormat:4]]
[2022.10.17-05.30.15:580][  0]LogConfig: Setting CVar [[r.DetailMode:2]]
[2022.10.17-05.30.15:580][  0]LogConfig: Setting CVar [[r.TranslucencyVolumeBlur:1]]
[2022.10.17-05.30.15:580][  0]LogConfig: Setting CVar [[r.MaterialQualityLevel:1 ; High quality]]
[2022.10.17-05.30.15:580][  0]LogConfig: Setting CVar [[r.SSS.Scale:1]]
[2022.10.17-05.30.15:580][  0]LogConfig: Setting CVar [[r.SSS.SampleSet:2]]
[2022.10.17-05.30.15:580][  0]LogConfig: Setting CVar [[r.SSS.Quality:1]]
[2022.10.17-05.30.15:580][  0]LogConfig: Setting CVar [[r.SSS.HalfRes:0]]
[2022.10.17-05.30.15:580][  0]LogConfig: Setting CVar [[r.SSGI.Quality:3]]
[2022.10.17-05.30.15:580][  0]LogConfig: Setting CVar [[r.EmitterSpawnRateScale:1.0]]
[2022.10.17-05.30.15:580][  0]LogConfig: Setting CVar [[r.ParticleLightQuality:2]]
[2022.10.17-05.30.15:580][  0]LogConfig: Setting CVar [[r.SkyAtmosphere.AerialPerspectiveLUT.FastApplyOnOpaque:1 ; Always have FastSkyLUT 1 in this case to avoid wrong sky]]
[2022.10.17-05.30.15:580][  0]LogConfig: Setting CVar [[r.SkyAtmosphere.AerialPerspectiveLUT.SampleCountPerSlice:1]]
[2022.10.17-05.30.15:580][  0]LogConfig: Setting CVar [[r.SkyAtmosphere.AerialPerspectiveLUT.DepthResolution:16.0]]
[2022.10.17-05.30.15:580][  0]LogConfig: Setting CVar [[r.SkyAtmosphere.FastSkyLUT:1]]
[2022.10.17-05.30.15:580][  0]LogConfig: Setting CVar [[r.SkyAtmosphere.FastSkyLUT.SampleCountMin:4.0]]
[2022.10.17-05.30.15:580][  0]LogConfig: Setting CVar [[r.SkyAtmosphere.FastSkyLUT.SampleCountMax:32.0]]
[2022.10.17-05.30.15:581][  0]LogConfig: Setting CVar [[r.SkyAtmosphere.SampleCountMin:4.0]]
[2022.10.17-05.30.15:581][  0]LogConfig: Setting CVar [[r.SkyAtmosphere.SampleCountMax:32.0]]
[2022.10.17-05.30.15:581][  0]LogConfig: Setting CVar [[r.SkyAtmosphere.TransmittanceLUT.UseSmallFormat:0]]
[2022.10.17-05.30.15:581][  0]LogConfig: Setting CVar [[r.SkyAtmosphere.TransmittanceLUT.SampleCount:10.0]]
[2022.10.17-05.30.15:581][  0]LogConfig: Setting CVar [[r.SkyAtmosphere.MultiScatteringLUT.SampleCount:15.0]]
[2022.10.17-05.30.15:581][  0]LogConfig: Applying CVar settings from Section [FoliageQuality@3] File [D:/Documents/Programing/GitKraken/Unreal Laika/Unreal_Laika/Saved/Config/Windows/Scalability.ini]
[2022.10.17-05.30.15:581][  0]LogConfig: Setting CVar [[foliage.DensityScale:1.0]]
[2022.10.17-05.30.15:581][  0]LogConfig: Setting CVar [[grass.DensityScale:1.0]]
[2022.10.17-05.30.15:581][  0]LogConfig: Applying CVar settings from Section [ShadingQuality@3] File [D:/Documents/Programing/GitKraken/Unreal Laika/Unreal_Laika/Saved/Config/Windows/Scalability.ini]
[2022.10.17-05.30.15:581][  0]LogConfig: Setting CVar [[r.HairStrands.SkyLighting.SampleCount:16]]
[2022.10.17-05.30.15:581][  0]LogConfig: Setting CVar [[r.HairStrands.SkyLighting.JitterIntegration:0]]
[2022.10.17-05.30.15:581][  0]LogConfig: Setting CVar [[r.HairStrands.SkyAO.SampleCount:16]]
[2022.10.17-05.30.15:581][  0]LogConfig: Setting CVar [[r.HairStrands.DeepShadow.SuperSampling:0]]
[2022.10.17-05.30.15:581][  0]LogConfig: Setting CVar [[r.HairStrands.VisibilityPPLL:0]]
[2022.10.17-05.30.15:581][  0]LogConfig: Setting CVar [[r.HairStrands.RasterizationScale:0.5]]
[2022.10.17-05.30.15:581][  0]LogConfig: Setting CVar [[r.HairStrands.VelocityRasterizationScale:1]]
[2022.10.17-05.30.15:581][  0]LogConfig: Applying CVar settings from Section [Startup] File [../../../Engine/Config/ConsoleVariables.ini]
[2022.10.17-05.30.15:582][  0]LogConfig: Setting CVar [[net.UseAdaptiveNetUpdateFrequency:0]]
[2022.10.17-05.30.15:582][  0]LogConfig: Setting CVar [[p.chaos.AllowCreatePhysxBodies:1]]
[2022.10.17-05.30.15:582][  0]LogConfig: Setting CVar [[fx.SkipVectorVMBackendOptimizations:1]]
[2022.10.17-05.30.15:582][  0]LogConfig: Applying CVar settings from Section [ConsoleVariables] File [D:/Documents/Programing/GitKraken/Unreal Laika/Unreal_Laika/Saved/Config/Windows/Engine.ini]
[2022.10.17-05.30.15:582][  0]LogInit: Computer: DESKTOP-GJ420GI
[2022.10.17-05.30.15:582][  0]LogInit: User: Nymeria
[2022.10.17-05.30.15:582][  0]LogInit: CPU Page size=4096, Cores=6
[2022.10.17-05.30.15:582][  0]LogInit: High frequency timer resolution =10.000000 MHz
[2022.10.17-05.30.15:582][  0]LogMemory: Memory total: Physical=15.9GB (16GB approx)
[2022.10.17-05.30.15:582][  0]LogMemory: Platform Memory Stats for Windows
[2022.10.17-05.30.15:582][  0]LogMemory: Process Physical Memory: 115.93 MB used, 115.93 MB peak
[2022.10.17-05.30.15:582][  0]LogMemory: Process Virtual Memory: 97.04 MB used, 97.04 MB peak
[2022.10.17-05.30.15:583][  0]LogMemory: Physical Memory: 8192.66 MB used,  8113.03 MB free, 16305.69 MB total
[2022.10.17-05.30.15:583][  0]LogMemory: Virtual Memory: 5166.73 MB used,  134212560.00 MB free, 134217728.00 MB total
[2022.10.17-05.30.15:590][  0]LogWindows: WindowsPlatformFeatures enabled
[2022.10.17-05.30.15:715][  0]LogInit: Physics initialised using underlying interface: PhysX
[2022.10.17-05.30.15:716][  0]LogInit: Using OS detected language (en-GB).
[2022.10.17-05.30.15:716][  0]LogInit: Using OS detected locale (en-AU).
[2022.10.17-05.30.15:717][  0]LogTextLocalizationManager: No specific localization for 'en-GB' exists, so the 'en' localization will be used.
[2022.10.17-05.30.15:840][  0]LogInit: Setting process to per monitor DPI aware
[2022.10.17-05.30.15:871][  0]LogSlate: New Slate User Created.  User Index 0, Is Virtual User: 0
[2022.10.17-05.30.15:871][  0]LogSlate: Slate User Registered.  User Index 0, Is Virtual User: 0
[2022.10.17-05.30.15:969][  0]LogHMD: Failed to initialize OpenVR with code 110
[2022.10.17-05.30.15:969][  0]LogD3D11RHI: D3D11 min allowed feature level: 11_0
[2022.10.17-05.30.15:969][  0]LogD3D11RHI: D3D11 max allowed feature level: 11_0
[2022.10.17-05.30.15:969][  0]LogD3D11RHI: D3D11 adapters:
[2022.10.17-05.30.16:064][  0]LogD3D11RHI:    0. 'NVIDIA GeForce RTX 3070 Ti' (Feature Level 11_0)
[2022.10.17-05.30.16:064][  0]LogD3D11RHI:       8041/0/8152 MB DedicatedVideo/DedicatedSystem/SharedSystem, Outputs:2, VendorId:0x10de
[2022.10.17-05.30.16:067][  0]LogD3D11RHI:    1. 'Microsoft Basic Render Driver' (Feature Level 11_0)
[2022.10.17-05.30.16:067][  0]LogD3D11RHI:       0/0/8152 MB DedicatedVideo/DedicatedSystem/SharedSystem, Outputs:0, VendorId:0x1414
[2022.10.17-05.30.16:067][  0]LogD3D11RHI: Chosen D3D11 Adapter: 0
[2022.10.17-05.30.16:071][  0]LogD3D11RHI: Creating new Direct3DDevice
[2022.10.17-05.30.16:071][  0]LogD3D11RHI:     GPU DeviceId: 0x2482 (for the marketing name, search the web for "GPU Device Id")
[2022.10.17-05.30.16:071][  0]LogWindows: EnumDisplayDevices:
[2022.10.17-05.30.16:072][  0]LogWindows:    0. 'NVIDIA GeForce RTX 3070 Ti' (P:1 D:1)
[2022.10.17-05.30.16:072][  0]LogWindows:    1. 'NVIDIA GeForce RTX 3070 Ti' (P:0 D:1)
[2022.10.17-05.30.16:072][  0]LogWindows:    2. 'NVIDIA GeForce RTX 3070 Ti' (P:0 D:0)
[2022.10.17-05.30.16:072][  0]LogWindows:    3. 'NVIDIA GeForce RTX 3070 Ti' (P:0 D:0)
[2022.10.17-05.30.16:072][  0]LogWindows: DebugString: FoundDriverCount:4 
[2022.10.17-05.30.16:072][  0]LogD3D11RHI:     Adapter Name: NVIDIA GeForce RTX 3070 Ti
[2022.10.17-05.30.16:073][  0]LogD3D11RHI:   Driver Version: 516.94 (internal:31.0.15.1694, unified:516.94)
[2022.10.17-05.30.16:073][  0]LogD3D11RHI:      Driver Date: 7-21-2022
[2022.10.17-05.30.16:073][  0]LogRHI: Texture pool is 5628 MB (70% of 8041 MB)
[2022.10.17-05.30.16:131][  0]LogD3D11RHI: RHI has support for 64 bit atomics
[2022.10.17-05.30.16:131][  0]LogD3D11RHI: Async texture creation enabled
[2022.10.17-05.30.16:131][  0]LogD3D11RHI: Array index from any shader is supported
[2022.10.17-05.30.16:133][  0]LogD3D11RHI: HDR output is supported on display 0 (NvId: 0x80061080).
[2022.10.17-05.30.16:144][  0]LogD3D11RHI: GPU Timing Frequency: 1000.000000 (Debug: 2 1)
[2022.10.17-05.30.16:343][  0]LogTargetPlatformManager: Display: Loaded TargetPlatform 'AllDesktop'
[2022.10.17-05.30.16:362][  0]LogTargetPlatformManager: Display: Loaded TargetPlatform 'Android'
[2022.10.17-05.30.16:362][  0]LogTargetPlatformManager: Display: Loaded TargetPlatform 'Android_ASTC'
[2022.10.17-05.30.16:362][  0]LogTargetPlatformManager: Display: Loaded TargetPlatform 'Android_DXT'
[2022.10.17-05.30.16:362][  0]LogTargetPlatformManager: Display: Loaded TargetPlatform 'Android_ETC2'
[2022.10.17-05.30.16:362][  0]LogTargetPlatformManager: Display: Loaded TargetPlatform 'AndroidClient'
[2022.10.17-05.30.16:362][  0]LogTargetPlatformManager: Display: Loaded TargetPlatform 'Android_ASTCClient'
[2022.10.17-05.30.16:362][  0]LogTargetPlatformManager: Display: Loaded TargetPlatform 'Android_DXTClient'
[2022.10.17-05.30.16:362][  0]LogTargetPlatformManager: Display: Loaded TargetPlatform 'Android_ETC2Client'
[2022.10.17-05.30.16:362][  0]LogTargetPlatformManager: Display: Loaded TargetPlatform 'Android_Multi'
[2022.10.17-05.30.16:362][  0]LogTargetPlatformManager: Display: Loaded TargetPlatform 'Android_MultiClient'
[2022.10.17-05.30.16:385][  0]LogTargetPlatformManager: Display: Loaded TargetPlatform 'IOSClient'
[2022.10.17-05.30.16:385][  0]LogTargetPlatformManager: Display: Loaded TargetPlatform 'IOS'
[2022.10.17-05.30.16:394][  0]LogTargetPlatformManager: Display: Loaded TargetPlatform 'Linux'
[2022.10.17-05.30.16:402][  0]LogTargetPlatformManager: Display: Loaded TargetPlatform 'LinuxNoEditor'
[2022.10.17-05.30.16:410][  0]LogTargetPlatformManager: Display: Loaded TargetPlatform 'LinuxClient'
[2022.10.17-05.30.16:418][  0]LogTargetPlatformManager: Display: Loaded TargetPlatform 'LinuxServer'
[2022.10.17-05.30.16:427][  0]LogTargetPlatformManager: Display: Loaded TargetPlatform 'LinuxAArch64NoEditor'
[2022.10.17-05.30.16:435][  0]LogTargetPlatformManager: Display: Loaded TargetPlatform 'LinuxAArch64Client'
[2022.10.17-05.30.16:443][  0]LogTargetPlatformManager: Display: Loaded TargetPlatform 'LinuxAArch64Server'
[2022.10.17-05.30.16:467][  0]LogTargetPlatformManager: Display: Loaded TargetPlatform 'Lumin'
[2022.10.17-05.30.16:467][  0]LogTargetPlatformManager: Display: Loaded TargetPlatform 'LuminClient'
[2022.10.17-05.30.16:482][  0]LogTargetPlatformManager: Display: Loaded TargetPlatform 'TVOSClient'
[2022.10.17-05.30.16:482][  0]LogTargetPlatformManager: Display: Loaded TargetPlatform 'TVOS'
[2022.10.17-05.30.16:491][  0]LogTargetPlatformManager: Display: Loaded TargetPlatform 'WindowsNoEditor'
[2022.10.17-05.30.16:500][  0]LogTargetPlatformManager: Display: Loaded TargetPlatform 'Windows'
[2022.10.17-05.30.16:508][  0]LogTargetPlatformManager: Display: Loaded TargetPlatform 'WindowsClient'
[2022.10.17-05.30.16:517][  0]LogTargetPlatformManager: Display: Loaded TargetPlatform 'WindowsServer'
[2022.10.17-05.30.16:517][  0]LogTargetPlatformManager: Display: Building Assets For Windows
[2022.10.17-05.30.16:526][  0]LogAudioDebug: Display: Lib vorbis DLL was dynamically loaded.
[2022.10.17-05.30.16:584][  0]LogShaderCompilers: Guid format shader working directory is -28 characters bigger than the processId version (../../../../../../Documents/Programing/GitKraken/Unreal Laika/Unreal_Laika/Intermediate/Shaders/WorkingDirectory/1328/).
[2022.10.17-05.30.16:584][  0]LogShaderCompilers: Cleaned the shader compiler working directory 'C:/Users/chess/AppData/Local/Temp/UnrealShaderWorkingDir/AF2569FE40C5D0AB55770E9917D8C1A7/'.
[2022.10.17-05.30.16:584][  0]LogXGEController: Cleaning working directory: C:/Users/chess/AppData/Local/Temp/UnrealXGEWorkingDir/
[2022.10.17-05.30.16:584][  0]LogXGEController: Cannot use XGE Controller as Incredibuild is not installed on this machine.
[2022.10.17-05.30.16:585][  0]LogShaderCompilers: Cannot use XGE Shader Compiler as Incredibuild is not installed on this machine.
[2022.10.17-05.30.16:585][  0]LogShaderCompilers: Display: Using Local Shader Compiler.
[2022.10.17-05.30.17:142][  0]LogDerivedDataCache: Display: Max Cache Size: 512 MB
[2022.10.17-05.30.17:176][  0]LogDerivedDataCache: Loaded boot cache 0.03s 75MB C:/Users/chess/AppData/Local/UnrealEngine/4.25/DerivedDataCache/Boot.ddc.
[2022.10.17-05.30.17:176][  0]LogDerivedDataCache: Display: Loaded Boot cache: C:/Users/chess/AppData/Local/UnrealEngine/4.25/DerivedDataCache/Boot.ddc
[2022.10.17-05.30.17:176][  0]LogDerivedDataCache: FDerivedDataBackendGraph:  Pak pak cache file ../../../../../../Documents/Programing/GitKraken/Unreal Laika/Unreal_Laika/DerivedDataCache/DDC.ddp not found, will not use a pak cache.
[2022.10.17-05.30.17:176][  0]LogDerivedDataCache: Unable to find inner node Pak for hierarchical cache Hierarchy.
[2022.10.17-05.30.17:176][  0]LogDerivedDataCache: FDerivedDataBackendGraph:  CompressedPak pak cache file ../../../../../../Documents/Programing/GitKraken/Unreal Laika/Unreal_Laika/DerivedDataCache/Compressed.ddp not found, will not use a pak cache.
[2022.10.17-05.30.17:176][  0]LogDerivedDataCache: Unable to find inner node CompressedPak for hierarchical cache Hierarchy.
[2022.10.17-05.30.17:186][  0]LogDerivedDataCache: Display: Pak cache opened for reading ../../../Engine/DerivedDataCache/Compressed.ddp.
[2022.10.17-05.30.17:186][  0]LogDerivedDataCache: FDerivedDataBackendGraph:  EnterprisePak pak cache file ../../../Enterprise/DerivedDataCache/Compressed.ddp not found, will not use a pak cache.
[2022.10.17-05.30.17:186][  0]LogDerivedDataCache: Unable to find inner node EnterprisePak for hierarchical cache Hierarchy.
[2022.10.17-05.30.17:187][  0]LogDerivedDataCache: Using Local data cache path C:/Users/chess/AppData/Local/UnrealEngine/Common/DerivedDataCache: Writable
[2022.10.17-05.30.17:187][  0]LogDerivedDataCache: Shared data cache path not found in *engine.ini, will not use an Shared cache.
[2022.10.17-05.30.17:187][  0]LogDerivedDataCache: Unable to find inner node Shared for hierarchical cache Hierarchy.
[2022.10.17-05.30.17:227][  0]LogSlate: Using FreeType 2.10.0
[2022.10.17-05.30.17:228][  0]LogSlate: SlateFontServices - WITH_FREETYPE: 1, WITH_HARFBUZZ: 1
[2022.10.17-05.30.17:247][  0]LogAssetRegistry: FAssetRegistry took 0.0030 seconds to start up
[2022.10.17-05.30.17:426][  0]LogInit: Selected Device Profile: [Windows]
[2022.10.17-05.30.17:518][  0]LogMeshReduction: Using QuadricMeshReduction for automatic static mesh reduction
[2022.10.17-05.30.17:518][  0]LogMeshReduction: Using SimplygonMeshReduction for automatic skeletal mesh reduction
[2022.10.17-05.30.17:518][  0]LogMeshReduction: Using ProxyLODMeshReduction for automatic mesh merging
[2022.10.17-05.30.17:518][  0]LogMeshReduction: No distributed automatic mesh merging module available
[2022.10.17-05.30.17:518][  0]LogMeshMerging: No distributed automatic mesh merging module available
[2022.10.17-05.30.17:530][  0]LogNetVersion: Unreal_Laika 1.0.0, NetCL: 13144385, EngineNetVer: 14, GameNetVer: 0 (Checksum: 3768831881)
[2022.10.17-05.30.17:822][  0]LogAISub: UAISubsystem::UAISubsystem AISubsystem (000001FF82F082C0), frame # 0
[2022.10.17-05.30.17:822][  0]LogAISub: UAISubsystem::UAISubsystem AIPerceptionSystem (000001FF82E411C0), frame # 0
[2022.10.17-05.30.17:823][  0]LogAISub: UAISubsystem::UAISubsystem EnvQueryManager (000001FF82EB4800), frame # 0
[2022.10.17-05.30.17:846][  0]LogPackageLocalizationCache: Processed 19 localized package path(s) for 1 prioritized culture(s) in 0.018335 seconds
[2022.10.17-05.30.17:851][  0]LogUObjectArray: 15917 objects as part of root set at end of initial load.
[2022.10.17-05.30.17:851][  0]LogUObjectAllocator: 3965568 out of 0 bytes used by permanent object pool.
[2022.10.17-05.30.17:851][  0]LogUObjectArray: CloseDisregardForGC: 0/0 objects in disregard for GC pool
[2022.10.17-05.30.18:153][  0]LogTcpMessaging: Initializing TcpMessaging bridge
[2022.10.17-05.30.18:157][  0]LogUdpMessaging: Initializing bridge on interface 0.0.0.0:0 to multicast group 230.0.0.1:6666.
[2022.10.17-05.30.18:256][  0]SourceControl: Source control is disabled
[2022.10.17-05.30.18:256][  0]SourceControl: Source control is disabled
[2022.10.17-05.30.18:260][  0]SourceControl: Source control is disabled
[2022.10.17-05.30.18:263][  0]SourceControl: Source control is disabled
[2022.10.17-05.30.18:269][  0]SourceControl: Source control is disabled
[2022.10.17-05.30.18:491][  0]LogAndroidPermission: UAndroidPermissionCallbackProxy::GetInstance
[2022.10.17-05.30.18:511][  0]LogAudioCaptureCore: Display: No Audio Capture implementations found. Audio input will be silent.
[2022.10.17-05.30.18:511][  0]LogAudioCaptureCore: Display: No Audio Capture implementations found. Audio input will be silent.
[2022.10.17-05.30.18:554][  0]LogOcInput: OculusInput pre-init called
[2022.10.17-05.30.18:563][  0]LogWindows: Failed to load 'OVRPlugin.dll' (GetLastError=126)
[2022.10.17-05.30.18:563][  0]LogWindows: File 'OVRPlugin.dll' does not exist
[2022.10.17-05.30.18:620][  0]LogEngine: Initializing Engine...
[2022.10.17-05.30.18:622][  0]LogHMD: Failed to initialize OpenVR with code 110
[2022.10.17-05.30.18:622][  0]LogMagicLeap: Warning: VR disabled because ZI is not enabled.  To enable, in the editor, Edit -> Project Settings -> Plugins -> Magic Leap Plugin -> Enable Zero Iteration
[2022.10.17-05.30.18:622][  0]LogStats: UGameplayTagsManager::InitializeManager -  0.000 s
[2022.10.17-05.30.18:700][  0]LogInit: Initializing FReadOnlyCVARCache
[2022.10.17-05.30.18:707][  0]LogAIModule: Creating AISystem for world Untitled
[2022.10.17-05.30.18:707][  0]LogAISub: UAISubsystem::UAISubsystem EnvQueryManager (000001FF85769C00), frame # 0
[2022.10.17-05.30.18:707][  0]LogAISub: UAISubsystem::UAISubsystem AIPerceptionSystem (000001FF85792480), frame # 0
[2022.10.17-05.30.18:719][  0]LogAudioMixer: Display: Audio Mixer Platform Settings:
[2022.10.17-05.30.18:719][  0]LogAudioMixer: Display: 	Sample Rate:						  48000
[2022.10.17-05.30.18:719][  0]LogAudioMixer: Display: 	Callback Buffer Frame Size Requested: 1024
[2022.10.17-05.30.18:720][  0]LogAudioMixer: Display: 	Callback Buffer Frame Size To Use:	  1024
[2022.10.17-05.30.18:720][  0]LogAudioMixer: Display: 	Number of buffers to queue:			  2
[2022.10.17-05.30.18:720][  0]LogAudioMixer: Display: 	Max Channels (voices):				  32
[2022.10.17-05.30.18:720][  0]LogAudioMixer: Display: 	Number of Async Source Workers:		  0
[2022.10.17-05.30.18:720][  0]LogAudio: Display: AudioDevice MaxSources: 32
[2022.10.17-05.30.18:720][  0]LogAudio: Display: Using built-in audio occlusion.
[2022.10.17-05.30.18:720][  0]LogAudioMixer: Display: Initializing audio mixer.
[2022.10.17-05.30.18:731][  0]LogAudioMixer: Display: 0: FrontLeft
[2022.10.17-05.30.18:731][  0]LogAudioMixer: Display: 1: FrontRight
[2022.10.17-05.30.18:762][  0]LogAudioMixer: Display: Using Audio Device Headset Earphone (Razer Audio Controller - Chat)
[2022.10.17-05.30.18:765][  0]LogAudioMixer: Display: Initializing Sound Submixes...
[2022.10.17-05.30.18:766][  0]LogAudioMixer: Display: Creating Master Submix 'MasterSubmixDefault'
[2022.10.17-05.30.18:766][  0]LogAudioMixer: Display: Creating Master Submix 'MasterReverbSubmixDefault'
[2022.10.17-05.30.18:767][  0]LogAudioMixer: Display: Creating Master Submix 'MasterEQSubmixDefault'
[2022.10.17-05.30.18:768][  0]LogInit: FAudioDevice initialized.
[2022.10.17-05.30.18:769][  0]LogNetVersion: Set ProjectVersion to 1.0.0.0. Version Checksum will be recalculated on next use.
[2022.10.17-05.30.18:847][  0]LogDerivedDataCache: Saved boot cache 0.08s 75MB C:/Users/chess/AppData/Local/UnrealEngine/4.25/DerivedDataCache/Boot.ddc.
[2022.10.17-05.30.18:848][  0]LogInit: Texture streaming: Enabled
[2022.10.17-05.30.18:863][  0]LogEngineSessionManager: EngineSessionManager initialized
[2022.10.17-05.30.18:863][  0]LogEditorSessionSummary: Verbose: Initializing EditorSessionSummaryWriter for editor session tracking
[2022.10.17-05.30.18:864][  0]LogEditorSessionSummary: EditorSessionSummaryWriter initialized
[2022.10.17-05.30.18:892][  0]LogInit: Transaction tracking system initialized
[2022.10.17-05.30.18:912][  0]BlueprintLog: New page: Editor Load
[2022.10.17-05.30.18:978][  0]LocalizationService: Localization service is disabled
[2022.10.17-05.30.19:099][  0]LogCook: Display: Max memory allowance for cook 16384mb min free memory 0mb
[2022.10.17-05.30.19:099][  0]LogCook: Display: Mobile HDR setting 1
[2022.10.17-05.30.19:220][  0]LogFileCache: Scanning file cache for directory 'D:/Documents/Programing/GitKraken/Unreal Laika/Unreal_Laika/Content/' took 0.00s
[2022.10.17-05.30.19:350][  0]SourceControl: Source control is disabled
[2022.10.17-05.30.19:350][  0]LogUnrealEdMisc: Loading editor; pre map load, took 4.876
[2022.10.17-05.30.19:350][  0]Cmd: MAP LOAD FILE="../../../../../../Documents/Programing/GitKraken/Unreal Laika/Unreal_Laika/Content/StarterContent/Maps/Minimal_Default.umap" TEMPLATE=0 SHOWPROGRESS=1 FEATURELEVEL=3
[2022.10.17-05.30.19:350][  0]LightingResults: New page: Lighting Build
[2022.10.17-05.30.19:351][  0]LogWorld: UWorld::CleanupWorld for Untitled, bSessionEnded=true, bCleanupResources=true
[2022.10.17-05.30.19:351][  0]LogSlate: InvalidateAllWidgets triggered.  All widgets were invalidated
[2022.10.17-05.30.19:351][  0]MapCheck: New page: Map Check
[2022.10.17-05.30.19:351][  0]LightingResults: New page: Lighting Build
[2022.10.17-05.30.19:361][  0]LogAISub: UAISubsystem::~UAISubsystem EnvQueryManager (000001FF85769C00), frame # 0
[2022.10.17-05.30.19:361][  0]LogAISub: UAISubsystem::~UAISubsystem AIPerceptionSystem (000001FF85792480), frame # 0
[2022.10.17-05.30.19:362][  0]LogUObjectHash: Compacting FUObjectHashTables data took   0.63ms
[2022.10.17-05.30.19:423][  0]LogAIModule: Creating AISystem for world Minimal_Default
[2022.10.17-05.30.19:424][  0]LogAISub: UAISubsystem::UAISubsystem EnvQueryManager (000001FF8FC94200), frame # 0
[2022.10.17-05.30.19:424][  0]LogAISub: UAISubsystem::UAISubsystem AIPerceptionSystem (000001FF90755080), frame # 0
[2022.10.17-05.30.19:429][  0]LogEditorServer: Finished looking for orphan Actors (0.000 secs)
[2022.10.17-05.30.19:439][  0]LogUObjectHash: Compacting FUObjectHashTables data took   0.66ms
[2022.10.17-05.30.19:439][  0]Cmd: MAP CHECKDEP NOCLEARLOG
[2022.10.17-05.30.19:440][  0]MapCheck: Map check complete: 0 Error(s), 0 Warning(s), took 0.1ms to complete.
[2022.10.17-05.30.19:440][  0]LogFileHelpers: Loading map 'Minimal_Default' took 0.090
[2022.10.17-05.30.19:441][  0]LogUnrealEdMisc: Total Editor Startup Time, took 4.967
[2022.10.17-05.30.19:545][  0]LogSlate: Updating window title bar state: overlay mode, drag disabled, window buttons hidden, title bar hidden
[2022.10.17-05.30.19:551][  0]LogSlate: Updating window title bar state: overlay mode, drag disabled, window buttons hidden, title bar hidden
[2022.10.17-05.30.19:556][  0]LogSlate: Updating window title bar state: overlay mode, drag disabled, window buttons hidden, title bar hidden
[2022.10.17-05.30.19:562][  0]LogSlate: Updating window title bar state: overlay mode, drag disabled, window buttons hidden, title bar hidden
[2022.10.17-05.30.19:567][  0]LogCollectionManager: Loaded 0 collections in 0.000580 seconds
[2022.10.17-05.30.19:581][  0]LogFileCache: Scanning file cache for directory 'D:/Documents/Programing/GitKraken/Unreal Laika/Unreal_Laika/Saved/Collections/' took 0.00s
[2022.10.17-05.30.19:581][  0]LogFileCache: Scanning file cache for directory 'D:/Documents/Programing/GitKraken/Unreal Laika/Unreal_Laika/Content/Developers/Nymeria/Collections/' took 0.00s
[2022.10.17-05.30.19:581][  0]LogFileCache: Scanning file cache for directory 'D:/Documents/Programing/GitKraken/Unreal Laika/Unreal_Laika/Content/Collections/' took 0.00s
[2022.10.17-05.30.19:581][  0]LogContentBrowser: Native class hierarchy populated in 0.0085 seconds. Added 3430 classes and 823 folders.
[2022.10.17-05.30.19:583][  0]LogContentBrowser: Native class hierarchy updated for 'WidgetCarousel' in 0.0002 seconds. Added 0 classes and 0 folders.
[2022.10.17-05.30.19:611][  0]LogContentBrowser: Native class hierarchy updated for 'AddContentDialog' in 0.0003 seconds. Added 0 classes and 0 folders.
[2022.10.17-05.30.19:614][  0]LogContentBrowser: Native class hierarchy updated for 'SceneOutliner' in 0.0002 seconds. Added 2 classes and 0 folders.
[2022.10.17-05.30.19:676][  0]LogSlate: Took 0.000102 seconds to synchronously load lazily loaded font '../../../Engine/Content/Slate/Fonts/Roboto-Regular.ttf' (155K)
[2022.10.17-05.30.19:678][  0]LogSlate: Took 0.000107 seconds to synchronously load lazily loaded font '../../../Engine/Content/Slate/Fonts/Roboto-Bold.ttf' (160K)
[2022.10.17-05.30.19:681][  0]LogSlate: Took 0.000098 seconds to synchronously load lazily loaded font '../../../Engine/Content/Editor/Slate/Fonts/FontAwesome.ttf' (139K)
[2022.10.17-05.30.19:729][  0]LogRenderer: Reallocating scene render targets to support 1616x808 Format 10 NumSamples 1 (Frame:1).
[2022.10.17-05.30.19:821][  0]LogContentBrowser: Native class hierarchy updated for 'HierarchicalLODOutliner' in 0.0003 seconds. Added 0 classes and 0 folders.
[2022.10.17-05.30.19:821][  0]LogLoad: (Engine Initialization) Total time: 5.35 seconds
[2022.10.17-05.30.19:821][  0]LogLoad: (Engine Initialization) Total Blueprint compile time: 0.00 seconds
[2022.10.17-05.30.19:850][  0]LogAssetRegistry: Asset discovery search completed in 2.6048 seconds
[2022.10.17-05.30.19:853][  0]LogCollectionManager: Fixed up redirectors for 0 collections in 0.000002 seconds (updated 0 objects)
[2022.10.17-05.30.19:854][  0]LogContentStreaming: Texture pool size now 1000 MB
[2022.10.17-05.30.23:864][471]LogTemp: Repeating last play command: Selected Viewport
[2022.10.17-05.30.23:873][471]LogPlayLevel: PlayLevel: No blueprints needed recompiling
[2022.10.17-05.30.23:874][471]PIE: New page: PIE session: Minimal_Default (18 Oct 2022, 3:30:23 am)
[2022.10.17-05.30.23:875][471]LogOnline: OSS: Creating online subsystem instance for: NULL
[2022.10.17-05.30.23:876][471]LogOnline: OSS: TryLoadSubsystemAndSetDefault: Loaded subsystem for module [NULL]
[2022.10.17-05.30.23:876][471]LogPlayLevel: Creating play world package: /Game/StarterContent/Maps/UEDPIE_0_Minimal_Default
[2022.10.17-05.30.23:879][471]LogPlayLevel: PIE: StaticDuplicateObject took: (0.002182s)
[2022.10.17-05.30.23:880][471]LogAIModule: Creating AISystem for world Minimal_Default
[2022.10.17-05.30.23:880][471]LogAISub: UAISubsystem::UAISubsystem EnvQueryManager (000001FFB4FB9A00), frame # 471
[2022.10.17-05.30.23:880][471]LogAISub: UAISubsystem::UAISubsystem AIPerceptionSystem (000001FF8FE80B80), frame # 471
[2022.10.17-05.30.23:880][471]LogPlayLevel: PIE: World Init took: (0.001293s)
[2022.10.17-05.30.23:880][471]LogPlayLevel: PIE: Created PIE world by copying editor world from /Game/StarterContent/Maps/Minimal_Default.Minimal_Default to /Game/StarterContent/Maps/UEDPIE_0_Minimal_Default.Minimal_Default (0.003753s)
[2022.10.17-05.30.23:894][471]LogUObjectHash: Compacting FUObjectHashTables data took   0.53ms
[2022.10.17-05.30.23:895][471]LogAudioMixer: Display: Audio Mixer Platform Settings:
[2022.10.17-05.30.23:895][471]LogAudioMixer: Display: 	Sample Rate:						  48000
[2022.10.17-05.30.23:895][471]LogAudioMixer: Display: 	Callback Buffer Frame Size Requested: 1024
[2022.10.17-05.30.23:895][471]LogAudioMixer: Display: 	Callback Buffer Frame Size To Use:	  1024
[2022.10.17-05.30.23:895][471]LogAudioMixer: Display: 	Number of buffers to queue:			  2
[2022.10.17-05.30.23:895][471]LogAudioMixer: Display: 	Max Channels (voices):				  32
[2022.10.17-05.30.23:896][471]LogAudioMixer: Display: 	Number of Async Source Workers:		  0
[2022.10.17-05.30.23:896][471]LogAudio: Display: AudioDevice MaxSources: 32
[2022.10.17-05.30.23:896][471]LogAudio: Display: Using built-in audio occlusion.
[2022.10.17-05.30.23:896][471]LogAudioMixer: Display: Initializing audio mixer.
[2022.10.17-05.30.23:898][471]LogAudioMixer: Display: 0: FrontLeft
[2022.10.17-05.30.23:898][471]LogAudioMixer: Display: 1: FrontRight
[2022.10.17-05.30.23:915][471]LogAudioMixer: Display: Using Audio Device Headset Earphone (Razer Audio Controller - Chat)
[2022.10.17-05.30.23:916][471]LogAudioMixer: Display: Initializing Sound Submixes...
[2022.10.17-05.30.23:916][471]LogAudioMixer: Display: Creating Master Submix 'MasterSubmixDefault'
[2022.10.17-05.30.23:916][471]LogAudioMixer: Display: Creating Master Submix 'MasterReverbSubmixDefault'
[2022.10.17-05.30.23:916][471]LogAudioMixer: Display: Creating Master Submix 'MasterEQSubmixDefault'
[2022.10.17-05.30.23:926][471]LogInit: FAudioDevice initialized.
[2022.10.17-05.30.23:940][471]LogLoad: Game class is 'BP_Unreal_LaikaGameModeBase_C'
[2022.10.17-05.30.23:941][471]LogWorld: Bringing World /Game/StarterContent/Maps/UEDPIE_0_Minimal_Default.Minimal_Default up for play (max tick rate 0) at 2022.10.17-16.30.23
[2022.10.17-05.30.23:941][471]LogWorld: Bringing up level for play took: 0.000604
[2022.10.17-05.30.23:942][471]LogOnline: OSS: Creating online subsystem instance for: :Context_1
[2022.10.17-05.30.23:944][471]LogContentBrowser: Native class hierarchy updated for 'MovieSceneCapture' in 0.0003 seconds. Added 20 classes and 0 folders.
[2022.10.17-05.30.23:945][471]PIE: Server logged in
[2022.10.17-05.30.23:946][471]PIE: Play in editor total start time 0.073 seconds.
[2022.10.17-05.30.29:110][964]LogSlate: Updating window title bar state: overlay mode, drag disabled, window buttons hidden, title bar hidden
[2022.10.17-05.30.29:110][964]LogWorld: BeginTearingDown for /Game/StarterContent/Maps/UEDPIE_0_Minimal_Default
[2022.10.17-05.30.29:111][964]LogWorld: UWorld::CleanupWorld for Minimal_Default, bSessionEnded=true, bCleanupResources=true
[2022.10.17-05.30.29:111][964]LogSlate: InvalidateAllWidgets triggered.  All widgets were invalidated
[2022.10.17-05.30.29:119][964]LogPlayLevel: Display: Shutting down PIE online subsystems
[2022.10.17-05.30.29:120][964]LogSlate: InvalidateAllWidgets triggered.  All widgets were invalidated
[2022.10.17-05.30.29:147][964]LogSlate: Updating window title bar state: overlay mode, drag disabled, window buttons hidden, title bar hidden
[2022.10.17-05.30.29:148][964]LogAISub: UAISubsystem::~UAISubsystem AIPerceptionSystem (000001FF8FE80B80), frame # 964
[2022.10.17-05.30.29:148][964]LogAISub: UAISubsystem::~UAISubsystem EnvQueryManager (000001FFB4FB9A00), frame # 964
[2022.10.17-05.30.29:149][964]LogUObjectHash: Compacting FUObjectHashTables data took   0.61ms
[2022.10.17-05.30.29:176][966]LogPlayLevel: Display: Destroying online subsystem :Context_1
[2022.10.17-05.30.30:127][ 80]LogEditorViewport: Clicking on Actor (LMB): BP_Sky_Sphere_C (BP_Sky_Sphere)
[2022.10.17-05.30.38:125][470]LogUObjectHash: Compacting FUObjectHashTables data took   0.52ms
[2022.10.17-05.30.38:163][470]LogSlate: Window 'Unreal_Laika - Unreal Editor' being destroyed
[2022.10.17-05.30.38:257][471]Cmd: QUIT_EDITOR
[2022.10.17-05.30.38:257][471]LogCore: Engine exit requested (reason: UUnrealEdEngine::CloseEditor())
[2022.10.17-05.30.38:263][471]LogCore: Engine exit requested (reason: EngineExit() was called; note: exit was already requested)
[2022.10.17-05.30.39:133][471]LogWindowsTextInputMethodSystem: Display: IME system now deactivated.
[2022.10.17-05.30.39:141][471]LogExit: Preparing to exit.
[2022.10.17-05.30.39:622][471]LogDemo: Cleaned up 0 splitscreen connections with owner deletion
[2022.10.17-05.30.39:624][471]LogWorld: UWorld::CleanupWorld for None, bSessionEnded=true, bCleanupResources=true
[2022.10.17-05.30.39:624][471]LogExit: Editor shut down
[2022.10.17-05.30.39:624][471]LogExit: Transaction tracking system shut down
[2022.10.17-05.30.39:753][471]LogAISub: UAISubsystem::~UAISubsystem AISubsystem (000001FF82F082C0), frame # 1471
[2022.10.17-05.30.39:753][471]LogAISub: UAISubsystem::~UAISubsystem AIPerceptionSystem (000001FF82E411C0), frame # 1471
[2022.10.17-05.30.39:753][471]LogAISub: UAISubsystem::~UAISubsystem EnvQueryManager (000001FF82EB4800), frame # 1471
[2022.10.17-05.30.39:757][471]LogAISub: UAISubsystem::~UAISubsystem EnvQueryManager (000001FF8FC94200), frame # 1471
[2022.10.17-05.30.39:757][471]LogAISub: UAISubsystem::~UAISubsystem AIPerceptionSystem (000001FF90755080), frame # 1471
[2022.10.17-05.30.39:776][471]LogExit: Object subsystem successfully closed.
[2022.10.17-05.30.39:802][471]LogShaderCompilers: Display: Shaders left to compile 0
[2022.10.17-05.30.39:811][471]LogModuleManager: Shutting down and abandoning module MovieSceneCapture (796)
[2022.10.17-05.30.39:811][471]LogModuleManager: Shutting down and abandoning module Voice (794)
[2022.10.17-05.30.39:811][471]LogModuleManager: Shutting down and abandoning module HierarchicalLODOutliner (792)
[2022.10.17-05.30.39:811][471]LogModuleManager: Shutting down and abandoning module SceneOutliner (790)
[2022.10.17-05.30.39:811][471]LogModuleManager: Shutting down and abandoning module AddContentDialog (788)
[2022.10.17-05.30.39:811][471]LogModuleManager: Shutting down and abandoning module WidgetCarousel (787)
[2022.10.17-05.30.39:811][471]LogModuleManager: Shutting down and abandoning module EditorWidgets (784)
[2022.10.17-05.30.39:811][471]LogModuleManager: Shutting down and abandoning module CollectionManager (782)
[2022.10.17-05.30.39:812][471]LogModuleManager: Shutting down and abandoning module StatsViewer (780)
[2022.10.17-05.30.39:812][471]LogModuleManager: Shutting down and abandoning module VirtualTexturingEditor (778)
[2022.10.17-05.30.39:812][471]LogModuleManager: Shutting down and abandoning module FoliageEdit (776)
[2022.10.17-05.30.39:812][471]LogModuleManager: Shutting down and abandoning module LandscapeEditor (774)
[2022.10.17-05.30.39:812][471]LogModuleManager: Shutting down and abandoning module MeshPaintMode (772)
[2022.10.17-05.30.39:812][471]LogModuleManager: Shutting down and abandoning module SceneDepthPickerMode (770)
[2022.10.17-05.30.39:812][471]LogModuleManager: Shutting down and abandoning module ActorPickerMode (768)
[2022.10.17-05.30.39:812][471]LogModuleManager: Shutting down and abandoning module PIEPreviewDeviceProfileSelector (766)
[2022.10.17-05.30.39:812][471]LogModuleManager: Shutting down and abandoning module SequenceRecorderSections (764)
[2022.10.17-05.30.39:812][471]LogModuleManager: Shutting down and abandoning module AutomationWorker (762)
[2022.10.17-05.30.39:812][471]LogModuleManager: Shutting down and abandoning module SteamVREditor (760)
[2022.10.17-05.30.39:812][471]LogModuleManager: Shutting down and abandoning module OculusMR (758)
[2022.10.17-05.30.39:813][471]LogModuleManager: Shutting down and abandoning module GooglePADEditor (756)
[2022.10.17-05.30.39:813][471]LogModuleManager: Shutting down and abandoning module AudioCaptureEditor (754)
[2022.10.17-05.30.39:813][471]LogModuleManager: Shutting down and abandoning module TemplateSequenceEditor (752)
[2022.10.17-05.30.39:813][471]LogModuleManager: Shutting down and abandoning module MatineeToLevelSequence (750)
[2022.10.17-05.30.39:813][471]LogModuleManager: Shutting down and abandoning module LevelSequenceEditor (748)
[2022.10.17-05.30.39:813][471]LogModuleManager: Shutting down and abandoning module ActorSequenceEditor (746)
[2022.10.17-05.30.39:813][471]LogModuleManager: Shutting down and abandoning module WmfMediaFactory (744)
[2022.10.17-05.30.39:813][471]LogModuleManager: Shutting down and abandoning module WmfMediaEditor (742)
[2022.10.17-05.30.39:813][471]LogModuleManager: Shutting down and abandoning module WebMMediaFactory (740)
[2022.10.17-05.30.39:813][471]LogModuleManager: Shutting down and abandoning module WebMMediaEditor (738)
[2022.10.17-05.30.39:813][471]LogModuleManager: Shutting down and abandoning module WebMMedia (736)
[2022.10.17-05.30.39:813][471]LogModuleManager: Shutting down and abandoning module MediaPlayerEditor (734)
[2022.10.17-05.30.39:813][471]LogModuleManager: Shutting down and abandoning module MediaCompositingEditor (732)
[2022.10.17-05.30.39:813][471]LogModuleManager: Shutting down and abandoning module SequenceRecorder (731)
[2022.10.17-05.30.39:813][471]LogModuleManager: Shutting down and abandoning module OpenExrWrapper (728)
[2022.10.17-05.30.39:813][471]LogModuleManager: Shutting down and abandoning module ImgMediaFactory (726)
[2022.10.17-05.30.39:813][471]LogModuleManager: Shutting down and abandoning module ImgMediaEditor (724)
[2022.10.17-05.30.39:813][471]LogModuleManager: Shutting down and abandoning module AvfMediaFactory (722)
[2022.10.17-05.30.39:814][471]LogModuleManager: Shutting down and abandoning module AvfMediaEditor (720)
[2022.10.17-05.30.39:814][471]LogModuleManager: Shutting down and abandoning module AndroidMediaFactory (718)
[2022.10.17-05.30.39:814][471]LogModuleManager: Shutting down and abandoning module AndroidMediaEditor (716)
[2022.10.17-05.30.39:814][471]LogModuleManager: Shutting down and abandoning module MagicLeapMediaCodecFactory (714)
[2022.10.17-05.30.39:814][471]LogModuleManager: Shutting down and abandoning module MagicLeapMediaFactory (712)
[2022.10.17-05.30.39:814][471]LogModuleManager: Shutting down and abandoning module MagicLeapMediaEditor (710)
[2022.10.17-05.30.39:814][471]LogModuleManager: Shutting down and abandoning module PlanarCut (708)
[2022.10.17-05.30.39:814][471]LogModuleManager: Shutting down and abandoning module CharacterAI (706)
[2022.10.17-05.30.39:814][471]LogModuleManager: Shutting down and abandoning module TextureAlignMode (704)
[2022.10.17-05.30.39:814][471]LogModuleManager: Shutting down and abandoning module BspMode (702)
[2022.10.17-05.30.39:814][471]LogModuleManager: Shutting down and abandoning module PlacementMode (701)
[2022.10.17-05.30.39:814][471]LogModuleManager: Shutting down and abandoning module GeometryMode (698)
[2022.10.17-05.30.39:814][471]LogModuleManager: Shutting down and abandoning module CameraShakePreviewer (696)
[2022.10.17-05.30.39:814][471]LogModuleManager: Shutting down and abandoning module SmartSnapping (694)
[2022.10.17-05.30.39:814][471]LogModuleManager: Shutting down and abandoning module SessionServices (692)
[2022.10.17-05.30.39:814][471]LogModuleManager: Shutting down and abandoning module MeshPaint (690)
[2022.10.17-05.30.39:814][471]LogModuleManager: Shutting down and abandoning module ViewportSnapping (688)
[2022.10.17-05.30.39:814][471]LogModuleManager: Shutting down and abandoning module ViewportInteraction (686)
[2022.10.17-05.30.39:814][471]LogModuleManager: Shutting down and abandoning module ClothPainter (684)
[2022.10.17-05.30.39:814][471]LogModuleManager: Shutting down and abandoning module SkeletalMeshEditor (683)
[2022.10.17-05.30.39:815][471]LogModuleManager: Shutting down and abandoning module LogVisualizer (680)
[2022.10.17-05.30.39:815][471]LogModuleManager: Shutting down and abandoning module IntroTutorials (678)
[2022.10.17-05.30.39:815][471]LogModuleManager: Shutting down and abandoning module GameProjectGeneration (677)
[2022.10.17-05.30.39:815][471]LogModuleManager: Shutting down and abandoning module LuminPlatformEditor (674)
[2022.10.17-05.30.39:815][471]LogModuleManager: Shutting down and abandoning module IOSPlatformEditor (672)
[2022.10.17-05.30.39:815][471]LogModuleManager: Shutting down and abandoning module AndroidPlatformEditor (670)
[2022.10.17-05.30.39:815][471]LogModuleManager: Shutting down and abandoning module AndroidDeviceDetection (669)
