Log file open, 10/16/22 21:45:25
LogInit: Display: Running engine for game: Unreal_Laika
LogPlatformFile: Not using cached read wrapper
LogTaskGraph: Started task graph with 5 named threads and 35 total threads with 3 sets of task threads.
LogStats: Stats thread started at 0.245712
LogD3D11RHI: Loaded GFSDK_Aftermath_Lib.x64.dll
LogICUInternationalization: ICU TimeZone Detection - Raw Offset: +10:00, Platform Override: ''
LogPluginManager: Mounting plugin Paper2D
LogPluginManager: Mounting plugin AISupport
LogPluginManager: Mounting plugin LightPropagationVolume
LogPluginManager: Mounting plugin CameraShakePreviewer
LogPluginManager: Mounting plugin ActorLayerUtilities
LogPluginManager: Mounting plugin AnimationSharing
LogPluginManager: Mounting plugin CLionSourceCodeAccess
LogPluginManager: Mounting plugin CodeLiteSourceCodeAccess
LogPluginManager: Mounting plugin GitSourceControl
LogPluginManager: Mounting plugin KDevelopSourceCodeAccess
LogPluginManager: Mounting plugin NullSourceCodeAccess
LogPluginManager: Mounting plugin PerforceSourceControl
LogPluginManager: Mounting plugin PlasticSourceControl
LogPluginManager: Mounting plugin RiderSourceCodeAccess
LogPluginManager: Mounting plugin SubversionSourceControl
LogPluginManager: Mounting plugin UObjectPlugin
LogPluginManager: Mounting plugin VisualStudioCodeSourceCodeAccess
LogPluginManager: Mounting plugin VisualStudioSourceCodeAccess
LogPluginManager: Mounting plugin XCodeSourceCodeAccess
LogPluginManager: Mounting plugin AssetManagerEditor
LogPluginManager: Mounting plugin CryptoKeys
LogPluginManager: Mounting plugin CurveEditorTools
LogPluginManager: Mounting plugin DataValidation
LogPluginManager: Mounting plugin EditorScriptingUtilities
LogPluginManager: Mounting plugin FacialAnimation
LogPluginManager: Mounting plugin GameplayTagsEditor
LogPluginManager: Mounting plugin GeometryMode
LogPluginManager: Mounting plugin MacGraphicsSwitching
LogPluginManager: Mounting plugin MaterialAnalyzer
LogPluginManager: Mounting plugin MobileLauncherProfileWizard
LogPluginManager: Mounting plugin PluginBrowser
LogPluginManager: Mounting plugin SpeedTreeImporter
LogPluginManager: Mounting plugin DatasmithContent
LogPluginManager: Mounting plugin VariantManagerContent
LogPluginManager: Mounting plugin AlembicImporter
LogPluginManager: Mounting plugin AutomationUtils
LogPluginManager: Mounting plugin BackChannel
LogPluginManager: Mounting plugin ChaosCloth
LogPluginManager: Mounting plugin ChaosClothEditor
LogPluginManager: Mounting plugin ChaosEditor
LogPluginManager: Mounting plugin ChaosNiagara
LogPluginManager: Mounting plugin ChaosSolverPlugin
LogPluginManager: Mounting plugin CharacterAI
LogPluginManager: Mounting plugin GeometryCache
LogPluginManager: Mounting plugin GeometryCollectionPlugin
LogPluginManager: Mounting plugin GeometryProcessing
LogPluginManager: Mounting plugin PlanarCut
LogPluginManager: Mounting plugin PlatformCrypto
LogPluginManager: Mounting plugin ProxyLODPlugin
LogPluginManager: Mounting plugin SkeletalReduction
LogPluginManager: Mounting plugin Niagara
LogPluginManager: Mounting plugin MagicLeap
LogPluginManager: Mounting plugin MagicLeapLightEstimation
LogPluginManager: Mounting plugin MagicLeapMedia
LogPluginManager: Mounting plugin MagicLeapPassableWorld
LogPluginManager: Mounting plugin MLSDK
LogPluginManager: Mounting plugin AndroidMedia
LogPluginManager: Mounting plugin AvfMedia
LogPluginManager: Mounting plugin ImgMedia
LogPluginManager: Mounting plugin MediaCompositing
LogPluginManager: Mounting plugin MediaPlayerEditor
LogPluginManager: Mounting plugin WebMMedia
LogPluginManager: Mounting plugin WmfMedia
LogPluginManager: Mounting plugin MeshPainting
LogPluginManager: Mounting plugin TcpMessaging
LogPluginManager: Mounting plugin UdpMessaging
LogPluginManager: Mounting plugin ActorSequence
LogPluginManager: Mounting plugin LevelSequenceEditor
LogPluginManager: Mounting plugin MatineeToLevelSequence
LogPluginManager: Mounting plugin MovieRenderPipeline
LogPluginManager: Mounting plugin TemplateSequence
LogPluginManager: Mounting plugin NetcodeUnitTest
LogPluginManager: Mounting plugin NUTUnrealEngine4
LogPluginManager: Mounting plugin OnlineSubsystemGooglePlay
LogPluginManager: Mounting plugin OnlineSubsystemIOS
LogPluginManager: Mounting plugin OnlineSubsystem
LogPluginManager: Mounting plugin OnlineSubsystemNull
LogPluginManager: Mounting plugin OnlineSubsystemUtils
LogPluginManager: Mounting plugin LauncherChunkInstaller
LogPluginManager: Mounting plugin AndroidDeviceProfileSelector
LogPluginManager: Mounting plugin AndroidMoviePlayer
LogPluginManager: Mounting plugin AndroidPermission
LogPluginManager: Mounting plugin AppleImageUtils
LogPluginManager: Mounting plugin AppleMoviePlayer
LogPluginManager: Mounting plugin ArchVisCharacter
LogPluginManager: Mounting plugin AssetTags
LogPluginManager: Mounting plugin AudioCapture
LogPluginManager: Mounting plugin CableComponent
LogPluginManager: Mounting plugin CustomMeshComponent
LogPluginManager: Mounting plugin EditableMesh
LogPluginManager: Mounting plugin ExampleDeviceProfileSelector
LogPluginManager: Mounting plugin GoogleCloudMessaging
LogPluginManager: Mounting plugin GooglePAD
LogPluginManager: Mounting plugin IOSDeviceProfileSelector
LogPluginManager: Mounting plugin LinuxDeviceProfileSelector
LogPluginManager: Mounting plugin LocationServicesBPLibrary
LogPluginManager: Mounting plugin MobilePatchingUtils
LogPluginManager: Mounting plugin OculusVR
LogPluginManager: Mounting plugin PhysXVehicles
LogPluginManager: Mounting plugin PostSplashScreen
LogPluginManager: Mounting plugin ProceduralMeshComponent
LogPluginManager: Mounting plugin RuntimePhysXCooking
LogPluginManager: Mounting plugin SignificanceManager
LogPluginManager: Mounting plugin SoundFields
LogPluginManager: Mounting plugin SteamVR
LogPluginManager: Mounting plugin Synthesis
LogPluginManager: Mounting plugin WebMMoviePlayer
LogPluginManager: Mounting plugin WindowsMoviePlayer
LogPluginManager: Mounting plugin ScreenshotTools
LogInit: Using libcurl 7.55.1-DEV
LogInit:  - built for x86_64-pc-win32
LogInit:  - supports SSL with OpenSSL/1.1.1
LogInit:  - supports HTTP deflate (compression) using libz 1.2.8
LogInit:  - other features:
LogInit:      CURL_VERSION_SSL
LogInit:      CURL_VERSION_LIBZ
LogInit:      CURL_VERSION_IPV6
LogInit:      CURL_VERSION_ASYNCHDNS
LogInit:      CURL_VERSION_LARGEFILE
LogInit:      CURL_VERSION_IDN
LogInit:  CurlRequestOptions (configurable via config and command line):
LogInit:  - bVerifyPeer = true  - Libcurl will verify peer certificate
LogInit:  - bUseHttpProxy = false  - Libcurl will NOT use HTTP proxy
LogInit:  - bDontReuseConnections = false  - Libcurl will reuse connections
LogInit:  - MaxHostConnections = 16  - Libcurl will limit the number of connections to a host
LogInit:  - LocalHostAddr = Default
LogInit:  - BufferSize = 65536
LogOnline: OSS: Creating online subsystem instance for: NULL
LogInit: WinSock: version 1.1 (2.2), MaxSocks=32767, MaxUdp=65467
LogOnline: OSS: TryLoadSubsystemAndSetDefault: Loaded subsystem for module [NULL]
LogInit: Build: ++UE4+Release-4.25-CL-14469661
LogInit: Engine Version: 4.25.4-14469661+++UE4+Release-4.25
LogInit: Compatible Engine Version: 4.25.0-13144385+++UE4+Release-4.25
LogInit: Net CL: 13144385
LogInit: OS: Windows 10 (Release 2009) (), CPU: AMD Ryzen 5 3600X 6-Core Processor             , GPU: NVIDIA GeForce RTX 3070 Ti
LogInit: Compiled (64-bit): Oct 11 2020 08:10:49
LogInit: Compiled with Visual C++: 19.24.28315.00
LogInit: Build Configuration: Development
LogInit: Branch Name: ++UE4+Release-4.25
LogInit: Command Line:  -skipcompile
LogInit: Base Directory: D:/Program Files/Epic Games/UE_4.25/Engine/Binaries/Win64/
LogInit: Allocator: TBB
LogInit: Installed Engine Build: 1
LogDevObjectVersion: Number of dev versions registered: 26
LogDevObjectVersion:   Dev-Blueprints (B0D832E4-1F89-4F0D-ACCF-7EB736FD4AA2): 10
LogDevObjectVersion:   Dev-Build (E1C64328-A22C-4D53-A36C-8E866417BD8C): 0
LogDevObjectVersion:   Dev-Core (375EC13C-06E4-48FB-B500-84F0262A717E): 4
LogDevObjectVersion:   Dev-Editor (E4B068ED-F494-42E9-A231-DA0B2E46BB41): 38
LogDevObjectVersion:   Dev-Framework (CFFC743F-43B0-4480-9391-14DF171D2073): 37
LogDevObjectVersion:   Dev-Mobile (B02B49B5-BB20-44E9-A304-32B752E40360): 2
LogDevObjectVersion:   Dev-Networking (A4E4105C-59A1-49B5-A7C5-40C4547EDFEE): 0
LogDevObjectVersion:   Dev-Online (39C831C9-5AE6-47DC-9A44-9C173E1C8E7C): 0
LogDevObjectVersion:   Dev-Physics (78F01B33-EBEA-4F98-B9B4-84EACCB95AA2): 4
LogDevObjectVersion:   Dev-Platform (6631380F-2D4D-43E0-8009-CF276956A95A): 0
LogDevObjectVersion:   Dev-Rendering (12F88B9F-8875-4AFC-A67C-D90C383ABD29): 43
LogDevObjectVersion:   Dev-Sequencer (7B5AE74C-D270-4C10-A958-57980B212A5A): 12
LogDevObjectVersion:   Dev-VR (D7296918-1DD6-4BDD-9DE2-64A83CC13884): 3
LogDevObjectVersion:   Dev-LoadTimes (C2A15278-BFE7-4AFE-6C17-90FF531DF755): 1
LogDevObjectVersion:   Private-Geometry (6EACA3D4-40EC-4CC1-B786-8BED09428FC5): 3
LogDevObjectVersion:   Dev-AnimPhys (29E575DD-E0A3-4627-9D10-D276232CDCEA): 17
LogDevObjectVersion:   Dev-Anim (AF43A65D-7FD3-4947-9873-3E8ED9C1BB05): 7
LogDevObjectVersion:   Dev-ReflectionCapture (6B266CEC-1EC7-4B8F-A30B-E4D90942FC07): 1
LogDevObjectVersion:   Dev-Automation (0DF73D61-A23F-47EA-B727-89E90C41499A): 1
LogDevObjectVersion:   FortniteMain (601D1886-AC64-4F84-AA16-D3DE0DEAC7D6): 31
LogDevObjectVersion:   Dev-Enterprise (9DFFBCD6-494F-0158-E221-12823C92A888): 10
LogDevObjectVersion:   Dev-Niagara (F2AED0AC-9AFE-416F-8664-AA7FFA26D6FC): 1
LogDevObjectVersion:   Dev-Destruction (174F1F0B-B4C6-45A5-B13F-2EE8D0FB917D): 10
LogDevObjectVersion:   Dev-Physics-Ext (35F94A83-E258-406C-A318-09F59610247C): 37
LogDevObjectVersion:   Dev-PhysicsMaterial-Chaos (B68FC16E-8B1B-42E2-B453-215C058844FE): 1
LogDevObjectVersion:   Dev-CineCamera (B2E18506-4273-CFC2-A54E-F4BB758BBA07): 1
LogInit: Presizing for max 25165824 objects, including 0 objects not considered by GC, pre-allocating 0 bytes for permanent pool.
LogConfig: Applying CVar settings from Section [/Script/Engine.StreamingSettings] File [D:/Documents/Programing/GitKraken/Unreal Laika/Unreal_Laika/Saved/Config/Windows/Engine.ini]
LogConfig: Setting CVar [[s.MinBulkDataSizeForAsyncLoading:131072]]
LogConfig: Setting CVar [[s.AsyncLoadingThreadEnabled:0]]
LogConfig: Setting CVar [[s.EventDrivenLoaderEnabled:1]]
LogConfig: Setting CVar [[s.WarnIfTimeLimitExceeded:0]]
LogConfig: Setting CVar [[s.TimeLimitExceededMultiplier:1.5]]
LogConfig: Setting CVar [[s.TimeLimitExceededMinTime:0.005]]
LogConfig: Setting CVar [[s.UseBackgroundLevelStreaming:1]]
LogConfig: Setting CVar [[s.PriorityAsyncLoadingExtraTime:15.0]]
LogConfig: Setting CVar [[s.LevelStreamingActorsUpdateTimeLimit:5.0]]
LogConfig: Setting CVar [[s.PriorityLevelStreamingActorsUpdateExtraTime:5.0]]
LogConfig: Setting CVar [[s.LevelStreamingComponentsRegistrationGranularity:10]]
LogConfig: Setting CVar [[s.UnregisterComponentsTimeLimit:1.0]]
LogConfig: Setting CVar [[s.LevelStreamingComponentsUnregistrationGranularity:5]]
LogConfig: Setting CVar [[s.FlushStreamingOnExit:1]]
LogInit: Object subsystem initialized
LogConfig: Setting CVar [[con.DebugEarlyDefault:1]]
LogConfig: Setting CVar [[r.setres:1280x720]]
[2022.10.16-10.45.25:375][  0]LogConfig: Setting CVar [[r.VSync:0]]
[2022.10.16-10.45.25:375][  0]LogConfig: Setting CVar [[r.RHICmdBypass:0]]
[2022.10.16-10.45.25:375][  0]LogConfig: Applying CVar settings from Section [/Script/Engine.RendererSettings] File [D:/Documents/Programing/GitKraken/Unreal Laika/Unreal_Laika/Saved/Config/Windows/Engine.ini]
[2022.10.16-10.45.25:375][  0]LogConfig: Setting CVar [[r.GPUCrashDebugging:0]]
[2022.10.16-10.45.25:375][  0]LogConfig: Applying CVar settings from Section [/Script/Engine.RendererOverrideSettings] File [D:/Documents/Programing/GitKraken/Unreal Laika/Unreal_Laika/Saved/Config/Windows/Engine.ini]
[2022.10.16-10.45.25:375][  0]LogConfig: Applying CVar settings from Section [/Script/Engine.StreamingSettings] File [D:/Documents/Programing/GitKraken/Unreal Laika/Unreal_Laika/Saved/Config/Windows/Engine.ini]
[2022.10.16-10.45.25:375][  0]LogConfig: Setting CVar [[s.MinBulkDataSizeForAsyncLoading:131072]]
[2022.10.16-10.45.25:375][  0]LogConfig: Setting CVar [[s.AsyncLoadingThreadEnabled:0]]
[2022.10.16-10.45.25:375][  0]LogConfig: Setting CVar [[s.EventDrivenLoaderEnabled:1]]
[2022.10.16-10.45.25:376][  0]LogConfig: Setting CVar [[s.WarnIfTimeLimitExceeded:0]]
[2022.10.16-10.45.25:376][  0]LogConfig: Setting CVar [[s.TimeLimitExceededMultiplier:1.5]]
[2022.10.16-10.45.25:376][  0]LogConfig: Setting CVar [[s.TimeLimitExceededMinTime:0.005]]
[2022.10.16-10.45.25:376][  0]LogConfig: Setting CVar [[s.UseBackgroundLevelStreaming:1]]
[2022.10.16-10.45.25:376][  0]LogConfig: Setting CVar [[s.PriorityAsyncLoadingExtraTime:15.0]]
[2022.10.16-10.45.25:376][  0]LogConfig: Setting CVar [[s.LevelStreamingActorsUpdateTimeLimit:5.0]]
[2022.10.16-10.45.25:376][  0]LogConfig: Setting CVar [[s.PriorityLevelStreamingActorsUpdateExtraTime:5.0]]
[2022.10.16-10.45.25:376][  0]LogConfig: Setting CVar [[s.LevelStreamingComponentsRegistrationGranularity:10]]
[2022.10.16-10.45.25:376][  0]LogConfig: Setting CVar [[s.UnregisterComponentsTimeLimit:1.0]]
[2022.10.16-10.45.25:376][  0]LogConfig: Setting CVar [[s.LevelStreamingComponentsUnregistrationGranularity:5]]
[2022.10.16-10.45.25:376][  0]LogConfig: Setting CVar [[s.FlushStreamingOnExit:1]]
[2022.10.16-10.45.25:376][  0]LogConfig: Applying CVar settings from Section [/Script/Engine.GarbageCollectionSettings] File [D:/Documents/Programing/GitKraken/Unreal Laika/Unreal_Laika/Saved/Config/Windows/Engine.ini]
[2022.10.16-10.45.25:376][  0]LogConfig: Setting CVar [[gc.MaxObjectsNotConsideredByGC:1]]
[2022.10.16-10.45.25:376][  0]LogConfig: Setting CVar [[gc.SizeOfPermanentObjectPool:0]]
[2022.10.16-10.45.25:376][  0]LogConfig: Setting CVar [[gc.FlushStreamingOnGC:0]]
[2022.10.16-10.45.25:376][  0]LogConfig: Setting CVar [[gc.NumRetriesBeforeForcingGC:10]]
[2022.10.16-10.45.25:376][  0]LogConfig: Setting CVar [[gc.AllowParallelGC:1]]
[2022.10.16-10.45.25:376][  0]LogConfig: Setting CVar [[gc.TimeBetweenPurgingPendingKillObjects:61.1]]
[2022.10.16-10.45.25:376][  0]LogConfig: Setting CVar [[gc.MaxObjectsInEditor:25165824]]
[2022.10.16-10.45.25:376][  0]LogConfig: Setting CVar [[gc.IncrementalBeginDestroyEnabled:1]]
[2022.10.16-10.45.25:377][  0]LogConfig: Setting CVar [[gc.CreateGCClusters:1]]
[2022.10.16-10.45.25:377][  0]LogConfig: Setting CVar [[gc.MinGCClusterSize:5]]
[2022.10.16-10.45.25:377][  0]LogConfig: Setting CVar [[gc.ActorClusteringEnabled:0]]
[2022.10.16-10.45.25:377][  0]LogConfig: Setting CVar [[gc.BlueprintClusteringEnabled:0]]
[2022.10.16-10.45.25:377][  0]LogConfig: Setting CVar [[gc.UseDisregardForGCOnDedicatedServers:0]]
[2022.10.16-10.45.25:377][  0]LogConfig: Applying CVar settings from Section [/Script/Engine.NetworkSettings] File [D:/Documents/Programing/GitKraken/Unreal Laika/Unreal_Laika/Saved/Config/Windows/Engine.ini]
[2022.10.16-10.45.25:377][  0]LogConfig: Applying CVar settings from Section [/Script/UnrealEd.CookerSettings] File [D:/Documents/Programing/GitKraken/Unreal Laika/Unreal_Laika/Saved/Config/Windows/Engine.ini]
[2022.10.16-10.45.25:383][  0]LogConfig: Applying CVar settings from Section [ViewDistanceQuality@3] File [D:/Documents/Programing/GitKraken/Unreal Laika/Unreal_Laika/Saved/Config/Windows/Scalability.ini]
[2022.10.16-10.45.25:383][  0]LogConfig: Setting CVar [[r.SkeletalMeshLODBias:0]]
[2022.10.16-10.45.25:383][  0]LogConfig: Setting CVar [[r.ViewDistanceScale:1.0]]
[2022.10.16-10.45.25:383][  0]LogConfig: Applying CVar settings from Section [AntiAliasingQuality@3] File [D:/Documents/Programing/GitKraken/Unreal Laika/Unreal_Laika/Saved/Config/Windows/Scalability.ini]
[2022.10.16-10.45.25:383][  0]LogConfig: Setting CVar [[r.PostProcessAAQuality:4]]
[2022.10.16-10.45.25:383][  0]LogConfig: Applying CVar settings from Section [ShadowQuality@3] File [D:/Documents/Programing/GitKraken/Unreal Laika/Unreal_Laika/Saved/Config/Windows/Scalability.ini]
[2022.10.16-10.45.25:383][  0]LogConfig: Setting CVar [[r.LightFunctionQuality:1]]
[2022.10.16-10.45.25:383][  0]LogConfig: Setting CVar [[r.ShadowQuality:5]]
[2022.10.16-10.45.25:383][  0]LogConfig: Setting CVar [[r.Shadow.CSM.MaxCascades:10]]
[2022.10.16-10.45.25:383][  0]LogConfig: Setting CVar [[r.Shadow.MaxResolution:2048]]
[2022.10.16-10.45.25:383][  0]LogConfig: Setting CVar [[r.Shadow.MaxCSMResolution:2048]]
[2022.10.16-10.45.25:383][  0]LogConfig: Setting CVar [[r.Shadow.RadiusThreshold:0.01]]
[2022.10.16-10.45.25:383][  0]LogConfig: Setting CVar [[r.Shadow.DistanceScale:1.0]]
[2022.10.16-10.45.25:384][  0]LogConfig: Setting CVar [[r.Shadow.CSM.TransitionScale:1.0]]
[2022.10.16-10.45.25:384][  0]LogConfig: Setting CVar [[r.Shadow.PreShadowResolutionFactor:1.0]]
[2022.10.16-10.45.25:384][  0]LogConfig: Setting CVar [[r.DistanceFieldShadowing:1]]
[2022.10.16-10.45.25:384][  0]LogConfig: Setting CVar [[r.DistanceFieldAO:1]]
[2022.10.16-10.45.25:384][  0]LogConfig: Setting CVar [[r.AOQuality:2]]
[2022.10.16-10.45.25:384][  0]LogConfig: Setting CVar [[r.VolumetricFog:1]]
[2022.10.16-10.45.25:384][  0]LogConfig: Setting CVar [[r.VolumetricFog.GridPixelSize:8]]
[2022.10.16-10.45.25:384][  0]LogConfig: Setting CVar [[r.VolumetricFog.GridSizeZ:128]]
[2022.10.16-10.45.25:384][  0]LogConfig: Setting CVar [[r.VolumetricFog.HistoryMissSupersampleCount:4]]
[2022.10.16-10.45.25:384][  0]LogConfig: Setting CVar [[r.LightMaxDrawDistanceScale:1]]
[2022.10.16-10.45.25:384][  0]LogConfig: Setting CVar [[r.CapsuleShadows:1]]
[2022.10.16-10.45.25:384][  0]LogConfig: Applying CVar settings from Section [PostProcessQuality@3] File [D:/Documents/Programing/GitKraken/Unreal Laika/Unreal_Laika/Saved/Config/Windows/Scalability.ini]
[2022.10.16-10.45.25:384][  0]LogConfig: Setting CVar [[r.MotionBlurQuality:4]]
[2022.10.16-10.45.25:384][  0]LogConfig: Setting CVar [[r.AmbientOcclusionMipLevelFactor:0.4]]
[2022.10.16-10.45.25:384][  0]LogConfig: Setting CVar [[r.AmbientOcclusionMaxQuality:100]]
[2022.10.16-10.45.25:384][  0]LogConfig: Setting CVar [[r.AmbientOcclusionLevels:-1]]
[2022.10.16-10.45.25:384][  0]LogConfig: Setting CVar [[r.AmbientOcclusionRadiusScale:1.0]]
[2022.10.16-10.45.25:384][  0]LogConfig: Setting CVar [[r.DepthOfFieldQuality:2]]
[2022.10.16-10.45.25:384][  0]LogConfig: Setting CVar [[r.RenderTargetPoolMin:400]]
[2022.10.16-10.45.25:384][  0]LogConfig: Setting CVar [[r.LensFlareQuality:2]]
[2022.10.16-10.45.25:384][  0]LogConfig: Setting CVar [[r.SceneColorFringeQuality:1]]
[2022.10.16-10.45.25:384][  0]LogConfig: Setting CVar [[r.EyeAdaptationQuality:2]]
[2022.10.16-10.45.25:384][  0]LogConfig: Setting CVar [[r.BloomQuality:5]]
[2022.10.16-10.45.25:384][  0]LogConfig: Setting CVar [[r.FastBlurThreshold:100]]
[2022.10.16-10.45.25:384][  0]LogConfig: Setting CVar [[r.Upscale.Quality:3]]
[2022.10.16-10.45.25:384][  0]LogConfig: Setting CVar [[r.Tonemapper.GrainQuantization:1]]
[2022.10.16-10.45.25:384][  0]LogConfig: Setting CVar [[r.LightShaftQuality:1]]
[2022.10.16-10.45.25:385][  0]LogConfig: Setting CVar [[r.Filter.SizeScale:1]]
[2022.10.16-10.45.25:385][  0]LogConfig: Setting CVar [[r.Tonemapper.Quality:5]]
[2022.10.16-10.45.25:385][  0]LogConfig: Setting CVar [[r.DOF.Gather.AccumulatorQuality:1        ; higher gathering accumulator quality]]
[2022.10.16-10.45.25:385][  0]LogConfig: Setting CVar [[r.DOF.Gather.PostfilterMethod:1          ; Median3x3 postfilering method]]
[2022.10.16-10.45.25:385][  0]LogConfig: Setting CVar [[r.DOF.Gather.EnableBokehSettings:0       ; no bokeh simulation when gathering]]
[2022.10.16-10.45.25:385][  0]LogConfig: Setting CVar [[r.DOF.Gather.RingCount:4                 ; medium number of samples when gathering]]
[2022.10.16-10.45.25:385][  0]LogConfig: Setting CVar [[r.DOF.Scatter.ForegroundCompositing:1    ; additive foreground scattering]]
[2022.10.16-10.45.25:385][  0]LogConfig: Setting CVar [[r.DOF.Scatter.BackgroundCompositing:2    ; additive background scattering]]
[2022.10.16-10.45.25:385][  0]LogConfig: Setting CVar [[r.DOF.Scatter.EnableBokehSettings:1      ; bokeh simulation when scattering]]
[2022.10.16-10.45.25:385][  0]LogConfig: Setting CVar [[r.DOF.Scatter.MaxSpriteRatio:0.1         ; only a maximum of 10% of scattered bokeh]]
[2022.10.16-10.45.25:385][  0]LogConfig: Setting CVar [[r.DOF.Recombine.Quality:1                ; cheap slight out of focus]]
[2022.10.16-10.45.25:385][  0]LogConfig: Setting CVar [[r.DOF.Recombine.EnableBokehSettings:0    ; no bokeh simulation on slight out of focus]]
[2022.10.16-10.45.25:385][  0]LogConfig: Setting CVar [[r.DOF.TemporalAAQuality:1                ; more stable temporal accumulation]]
[2022.10.16-10.45.25:385][  0]LogConfig: Setting CVar [[r.DOF.Kernel.MaxForegroundRadius:0.025]]
[2022.10.16-10.45.25:385][  0]LogConfig: Setting CVar [[r.DOF.Kernel.MaxBackgroundRadius:0.025]]
[2022.10.16-10.45.25:385][  0]LogConfig: Applying CVar settings from Section [TextureQuality@3] File [D:/Documents/Programing/GitKraken/Unreal Laika/Unreal_Laika/Saved/Config/Windows/Scalability.ini]
[2022.10.16-10.45.25:385][  0]LogConfig: Setting CVar [[r.Streaming.MipBias:0]]
[2022.10.16-10.45.25:385][  0]LogConfig: Setting CVar [[r.Streaming.AmortizeCPUToGPUCopy:0]]
[2022.10.16-10.45.25:385][  0]LogConfig: Setting CVar [[r.Streaming.MaxNumTexturesToStreamPerFrame:0]]
[2022.10.16-10.45.25:385][  0]LogConfig: Setting CVar [[r.Streaming.Boost:1]]
[2022.10.16-10.45.25:385][  0]LogConfig: Setting CVar [[r.MaxAnisotropy:8]]
[2022.10.16-10.45.25:385][  0]LogConfig: Setting CVar [[r.VT.MaxAnisotropy:8]]
[2022.10.16-10.45.25:385][  0]LogConfig: Setting CVar [[r.Streaming.LimitPoolSizeToVRAM:0]]
[2022.10.16-10.45.25:386][  0]LogConfig: Setting CVar [[r.Streaming.PoolSize:1000]]
[2022.10.16-10.45.25:386][  0]LogConfig: Setting CVar [[r.Streaming.MaxEffectiveScreenSize:0]]
[2022.10.16-10.45.25:386][  0]LogConfig: Applying CVar settings from Section [EffectsQuality@3] File [D:/Documents/Programing/GitKraken/Unreal Laika/Unreal_Laika/Saved/Config/Windows/Scalability.ini]
[2022.10.16-10.45.25:386][  0]LogConfig: Setting CVar [[r.TranslucencyLightingVolumeDim:64]]
[2022.10.16-10.45.25:386][  0]LogConfig: Setting CVar [[r.RefractionQuality:2]]
[2022.10.16-10.45.25:386][  0]LogConfig: Setting CVar [[r.SSR.Quality:3]]
[2022.10.16-10.45.25:386][  0]LogConfig: Setting CVar [[r.SSR.HalfResSceneColor:0]]
[2022.10.16-10.45.25:386][  0]LogConfig: Setting CVar [[r.SceneColorFormat:4]]
[2022.10.16-10.45.25:386][  0]LogConfig: Setting CVar [[r.DetailMode:2]]
[2022.10.16-10.45.25:386][  0]LogConfig: Setting CVar [[r.TranslucencyVolumeBlur:1]]
[2022.10.16-10.45.25:386][  0]LogConfig: Setting CVar [[r.MaterialQualityLevel:1 ; High quality]]
[2022.10.16-10.45.25:386][  0]LogConfig: Setting CVar [[r.SSS.Scale:1]]
[2022.10.16-10.45.25:386][  0]LogConfig: Setting CVar [[r.SSS.SampleSet:2]]
[2022.10.16-10.45.25:386][  0]LogConfig: Setting CVar [[r.SSS.Quality:1]]
[2022.10.16-10.45.25:386][  0]LogConfig: Setting CVar [[r.SSS.HalfRes:0]]
[2022.10.16-10.45.25:386][  0]LogConfig: Setting CVar [[r.SSGI.Quality:3]]
[2022.10.16-10.45.25:386][  0]LogConfig: Setting CVar [[r.EmitterSpawnRateScale:1.0]]
[2022.10.16-10.45.25:386][  0]LogConfig: Setting CVar [[r.ParticleLightQuality:2]]
[2022.10.16-10.45.25:386][  0]LogConfig: Setting CVar [[r.SkyAtmosphere.AerialPerspectiveLUT.FastApplyOnOpaque:1 ; Always have FastSkyLUT 1 in this case to avoid wrong sky]]
[2022.10.16-10.45.25:386][  0]LogConfig: Setting CVar [[r.SkyAtmosphere.AerialPerspectiveLUT.SampleCountPerSlice:1]]
[2022.10.16-10.45.25:386][  0]LogConfig: Setting CVar [[r.SkyAtmosphere.AerialPerspectiveLUT.DepthResolution:16.0]]
[2022.10.16-10.45.25:386][  0]LogConfig: Setting CVar [[r.SkyAtmosphere.FastSkyLUT:1]]
[2022.10.16-10.45.25:386][  0]LogConfig: Setting CVar [[r.SkyAtmosphere.FastSkyLUT.SampleCountMin:4.0]]
[2022.10.16-10.45.25:386][  0]LogConfig: Setting CVar [[r.SkyAtmosphere.FastSkyLUT.SampleCountMax:32.0]]
[2022.10.16-10.45.25:386][  0]LogConfig: Setting CVar [[r.SkyAtmosphere.SampleCountMin:4.0]]
[2022.10.16-10.45.25:386][  0]LogConfig: Setting CVar [[r.SkyAtmosphere.SampleCountMax:32.0]]
[2022.10.16-10.45.25:386][  0]LogConfig: Setting CVar [[r.SkyAtmosphere.TransmittanceLUT.UseSmallFormat:0]]
[2022.10.16-10.45.25:387][  0]LogConfig: Setting CVar [[r.SkyAtmosphere.TransmittanceLUT.SampleCount:10.0]]
[2022.10.16-10.45.25:387][  0]LogConfig: Setting CVar [[r.SkyAtmosphere.MultiScatteringLUT.SampleCount:15.0]]
[2022.10.16-10.45.25:387][  0]LogConfig: Applying CVar settings from Section [FoliageQuality@3] File [D:/Documents/Programing/GitKraken/Unreal Laika/Unreal_Laika/Saved/Config/Windows/Scalability.ini]
[2022.10.16-10.45.25:387][  0]LogConfig: Setting CVar [[foliage.DensityScale:1.0]]
[2022.10.16-10.45.25:387][  0]LogConfig: Setting CVar [[grass.DensityScale:1.0]]
[2022.10.16-10.45.25:387][  0]LogConfig: Applying CVar settings from Section [ShadingQuality@3] File [D:/Documents/Programing/GitKraken/Unreal Laika/Unreal_Laika/Saved/Config/Windows/Scalability.ini]
[2022.10.16-10.45.25:387][  0]LogConfig: Setting CVar [[r.HairStrands.SkyLighting.SampleCount:16]]
[2022.10.16-10.45.25:387][  0]LogConfig: Setting CVar [[r.HairStrands.SkyLighting.JitterIntegration:0]]
[2022.10.16-10.45.25:387][  0]LogConfig: Setting CVar [[r.HairStrands.SkyAO.SampleCount:16]]
[2022.10.16-10.45.25:387][  0]LogConfig: Setting CVar [[r.HairStrands.DeepShadow.SuperSampling:0]]
[2022.10.16-10.45.25:387][  0]LogConfig: Setting CVar [[r.HairStrands.VisibilityPPLL:0]]
[2022.10.16-10.45.25:387][  0]LogConfig: Setting CVar [[r.HairStrands.RasterizationScale:0.5]]
[2022.10.16-10.45.25:387][  0]LogConfig: Setting CVar [[r.HairStrands.VelocityRasterizationScale:1]]
[2022.10.16-10.45.25:387][  0]LogInit: Selected Device Profile: [Windows]
[2022.10.16-10.45.25:387][  0]LogInit: Applying CVar settings loaded from the selected device profile: [Windows]
[2022.10.16-10.45.25:387][  0]LogHAL: Display: Platform has ~ 16 GB [17097752576 / 17179869184 / 16], which maps to Larger [LargestMinGB=32, LargerMinGB=12, DefaultMinGB=8, SmallerMinGB=6, SmallestMinGB=0)
[2022.10.16-10.45.25:387][  0]LogInit: Going up to parent DeviceProfile []
[2022.10.16-10.45.25:387][  0]LogConfig: Applying CVar settings from Section [ViewDistanceQuality@3] File [D:/Documents/Programing/GitKraken/Unreal Laika/Unreal_Laika/Saved/Config/Windows/Scalability.ini]
[2022.10.16-10.45.25:387][  0]LogConfig: Setting CVar [[r.SkeletalMeshLODBias:0]]
[2022.10.16-10.45.25:387][  0]LogConfig: Setting CVar [[r.ViewDistanceScale:1.0]]
[2022.10.16-10.45.25:387][  0]LogConfig: Applying CVar settings from Section [AntiAliasingQuality@3] File [D:/Documents/Programing/GitKraken/Unreal Laika/Unreal_Laika/Saved/Config/Windows/Scalability.ini]
[2022.10.16-10.45.25:387][  0]LogConfig: Setting CVar [[r.PostProcessAAQuality:4]]
[2022.10.16-10.45.25:387][  0]LogConfig: Applying CVar settings from Section [ShadowQuality@3] File [D:/Documents/Programing/GitKraken/Unreal Laika/Unreal_Laika/Saved/Config/Windows/Scalability.ini]
[2022.10.16-10.45.25:388][  0]LogConfig: Setting CVar [[r.LightFunctionQuality:1]]
[2022.10.16-10.45.25:388][  0]LogConfig: Setting CVar [[r.ShadowQuality:5]]
[2022.10.16-10.45.25:388][  0]LogConfig: Setting CVar [[r.Shadow.CSM.MaxCascades:10]]
[2022.10.16-10.45.25:388][  0]LogConfig: Setting CVar [[r.Shadow.MaxResolution:2048]]
[2022.10.16-10.45.25:388][  0]LogConfig: Setting CVar [[r.Shadow.MaxCSMResolution:2048]]
[2022.10.16-10.45.25:388][  0]LogConfig: Setting CVar [[r.Shadow.RadiusThreshold:0.01]]
[2022.10.16-10.45.25:388][  0]LogConfig: Setting CVar [[r.Shadow.DistanceScale:1.0]]
[2022.10.16-10.45.25:388][  0]LogConfig: Setting CVar [[r.Shadow.CSM.TransitionScale:1.0]]
[2022.10.16-10.45.25:388][  0]LogConfig: Setting CVar [[r.Shadow.PreShadowResolutionFactor:1.0]]
[2022.10.16-10.45.25:388][  0]LogConfig: Setting CVar [[r.DistanceFieldShadowing:1]]
[2022.10.16-10.45.25:388][  0]LogConfig: Setting CVar [[r.DistanceFieldAO:1]]
[2022.10.16-10.45.25:388][  0]LogConfig: Setting CVar [[r.AOQuality:2]]
[2022.10.16-10.45.25:388][  0]LogConfig: Setting CVar [[r.VolumetricFog:1]]
[2022.10.16-10.45.25:388][  0]LogConfig: Setting CVar [[r.VolumetricFog.GridPixelSize:8]]
[2022.10.16-10.45.25:388][  0]LogConfig: Setting CVar [[r.VolumetricFog.GridSizeZ:128]]
[2022.10.16-10.45.25:388][  0]LogConfig: Setting CVar [[r.VolumetricFog.HistoryMissSupersampleCount:4]]
[2022.10.16-10.45.25:388][  0]LogConfig: Setting CVar [[r.LightMaxDrawDistanceScale:1]]
[2022.10.16-10.45.25:388][  0]LogConfig: Setting CVar [[r.CapsuleShadows:1]]
[2022.10.16-10.45.25:388][  0]LogConfig: Applying CVar settings from Section [PostProcessQuality@3] File [D:/Documents/Programing/GitKraken/Unreal Laika/Unreal_Laika/Saved/Config/Windows/Scalability.ini]
[2022.10.16-10.45.25:388][  0]LogConfig: Setting CVar [[r.MotionBlurQuality:4]]
[2022.10.16-10.45.25:388][  0]LogConfig: Setting CVar [[r.AmbientOcclusionMipLevelFactor:0.4]]
[2022.10.16-10.45.25:388][  0]LogConfig: Setting CVar [[r.AmbientOcclusionMaxQuality:100]]
[2022.10.16-10.45.25:388][  0]LogConfig: Setting CVar [[r.AmbientOcclusionLevels:-1]]
[2022.10.16-10.45.25:388][  0]LogConfig: Setting CVar [[r.AmbientOcclusionRadiusScale:1.0]]
[2022.10.16-10.45.25:388][  0]LogConfig: Setting CVar [[r.DepthOfFieldQuality:2]]
[2022.10.16-10.45.25:388][  0]LogConfig: Setting CVar [[r.RenderTargetPoolMin:400]]
[2022.10.16-10.45.25:388][  0]LogConfig: Setting CVar [[r.LensFlareQuality:2]]
[2022.10.16-10.45.25:389][  0]LogConfig: Setting CVar [[r.SceneColorFringeQuality:1]]
[2022.10.16-10.45.25:389][  0]LogConfig: Setting CVar [[r.EyeAdaptationQuality:2]]
[2022.10.16-10.45.25:389][  0]LogConfig: Setting CVar [[r.BloomQuality:5]]
[2022.10.16-10.45.25:389][  0]LogConfig: Setting CVar [[r.FastBlurThreshold:100]]
[2022.10.16-10.45.25:389][  0]LogConfig: Setting CVar [[r.Upscale.Quality:3]]
[2022.10.16-10.45.25:389][  0]LogConfig: Setting CVar [[r.Tonemapper.GrainQuantization:1]]
[2022.10.16-10.45.25:389][  0]LogConfig: Setting CVar [[r.LightShaftQuality:1]]
[2022.10.16-10.45.25:389][  0]LogConfig: Setting CVar [[r.Filter.SizeScale:1]]
[2022.10.16-10.45.25:389][  0]LogConfig: Setting CVar [[r.Tonemapper.Quality:5]]
[2022.10.16-10.45.25:389][  0]LogConfig: Setting CVar [[r.DOF.Gather.AccumulatorQuality:1        ; higher gathering accumulator quality]]
[2022.10.16-10.45.25:389][  0]LogConfig: Setting CVar [[r.DOF.Gather.PostfilterMethod:1          ; Median3x3 postfilering method]]
[2022.10.16-10.45.25:389][  0]LogConfig: Setting CVar [[r.DOF.Gather.EnableBokehSettings:0       ; no bokeh simulation when gathering]]
[2022.10.16-10.45.25:389][  0]LogConfig: Setting CVar [[r.DOF.Gather.RingCount:4                 ; medium number of samples when gathering]]
[2022.10.16-10.45.25:389][  0]LogConfig: Setting CVar [[r.DOF.Scatter.ForegroundCompositing:1    ; additive foreground scattering]]
[2022.10.16-10.45.25:389][  0]LogConfig: Setting CVar [[r.DOF.Scatter.BackgroundCompositing:2    ; additive background scattering]]
[2022.10.16-10.45.25:389][  0]LogConfig: Setting CVar [[r.DOF.Scatter.EnableBokehSettings:1      ; bokeh simulation when scattering]]
[2022.10.16-10.45.25:389][  0]LogConfig: Setting CVar [[r.DOF.Scatter.MaxSpriteRatio:0.1         ; only a maximum of 10% of scattered bokeh]]
[2022.10.16-10.45.25:389][  0]LogConfig: Setting CVar [[r.DOF.Recombine.Quality:1                ; cheap slight out of focus]]
[2022.10.16-10.45.25:389][  0]LogConfig: Setting CVar [[r.DOF.Recombine.EnableBokehSettings:0    ; no bokeh simulation on slight out of focus]]
[2022.10.16-10.45.25:389][  0]LogConfig: Setting CVar [[r.DOF.TemporalAAQuality:1                ; more stable temporal accumulation]]
[2022.10.16-10.45.25:389][  0]LogConfig: Setting CVar [[r.DOF.Kernel.MaxForegroundRadius:0.025]]
[2022.10.16-10.45.25:389][  0]LogConfig: Setting CVar [[r.DOF.Kernel.MaxBackgroundRadius:0.025]]
[2022.10.16-10.45.25:389][  0]LogConfig: Applying CVar settings from Section [TextureQuality@3] File [D:/Documents/Programing/GitKraken/Unreal Laika/Unreal_Laika/Saved/Config/Windows/Scalability.ini]
[2022.10.16-10.45.25:389][  0]LogConfig: Setting CVar [[r.Streaming.MipBias:0]]
[2022.10.16-10.45.25:389][  0]LogConfig: Setting CVar [[r.Streaming.AmortizeCPUToGPUCopy:0]]
[2022.10.16-10.45.25:389][  0]LogConfig: Setting CVar [[r.Streaming.MaxNumTexturesToStreamPerFrame:0]]
[2022.10.16-10.45.25:389][  0]LogConfig: Setting CVar [[r.Streaming.Boost:1]]
[2022.10.16-10.45.25:390][  0]LogConfig: Setting CVar [[r.MaxAnisotropy:8]]
[2022.10.16-10.45.25:390][  0]LogConfig: Setting CVar [[r.VT.MaxAnisotropy:8]]
[2022.10.16-10.45.25:390][  0]LogConfig: Setting CVar [[r.Streaming.LimitPoolSizeToVRAM:0]]
[2022.10.16-10.45.25:390][  0]LogConfig: Setting CVar [[r.Streaming.PoolSize:1000]]
[2022.10.16-10.45.25:390][  0]LogConfig: Setting CVar [[r.Streaming.MaxEffectiveScreenSize:0]]
[2022.10.16-10.45.25:390][  0]LogConfig: Applying CVar settings from Section [EffectsQuality@3] File [D:/Documents/Programing/GitKraken/Unreal Laika/Unreal_Laika/Saved/Config/Windows/Scalability.ini]
[2022.10.16-10.45.25:390][  0]LogConfig: Setting CVar [[r.TranslucencyLightingVolumeDim:64]]
[2022.10.16-10.45.25:390][  0]LogConfig: Setting CVar [[r.RefractionQuality:2]]
[2022.10.16-10.45.25:390][  0]LogConfig: Setting CVar [[r.SSR.Quality:3]]
[2022.10.16-10.45.25:390][  0]LogConfig: Setting CVar [[r.SSR.HalfResSceneColor:0]]
[2022.10.16-10.45.25:390][  0]LogConfig: Setting CVar [[r.SceneColorFormat:4]]
[2022.10.16-10.45.25:390][  0]LogConfig: Setting CVar [[r.DetailMode:2]]
[2022.10.16-10.45.25:390][  0]LogConfig: Setting CVar [[r.TranslucencyVolumeBlur:1]]
[2022.10.16-10.45.25:390][  0]LogConfig: Setting CVar [[r.MaterialQualityLevel:1 ; High quality]]
[2022.10.16-10.45.25:390][  0]LogConfig: Setting CVar [[r.SSS.Scale:1]]
[2022.10.16-10.45.25:390][  0]LogConfig: Setting CVar [[r.SSS.SampleSet:2]]
[2022.10.16-10.45.25:390][  0]LogConfig: Setting CVar [[r.SSS.Quality:1]]
[2022.10.16-10.45.25:390][  0]LogConfig: Setting CVar [[r.SSS.HalfRes:0]]
[2022.10.16-10.45.25:390][  0]LogConfig: Setting CVar [[r.SSGI.Quality:3]]
[2022.10.16-10.45.25:390][  0]LogConfig: Setting CVar [[r.EmitterSpawnRateScale:1.0]]
[2022.10.16-10.45.25:390][  0]LogConfig: Setting CVar [[r.ParticleLightQuality:2]]
[2022.10.16-10.45.25:390][  0]LogConfig: Setting CVar [[r.SkyAtmosphere.AerialPerspectiveLUT.FastApplyOnOpaque:1 ; Always have FastSkyLUT 1 in this case to avoid wrong sky]]
[2022.10.16-10.45.25:390][  0]LogConfig: Setting CVar [[r.SkyAtmosphere.AerialPerspectiveLUT.SampleCountPerSlice:1]]
[2022.10.16-10.45.25:390][  0]LogConfig: Setting CVar [[r.SkyAtmosphere.AerialPerspectiveLUT.DepthResolution:16.0]]
[2022.10.16-10.45.25:390][  0]LogConfig: Setting CVar [[r.SkyAtmosphere.FastSkyLUT:1]]
[2022.10.16-10.45.25:390][  0]LogConfig: Setting CVar [[r.SkyAtmosphere.FastSkyLUT.SampleCountMin:4.0]]
[2022.10.16-10.45.25:390][  0]LogConfig: Setting CVar [[r.SkyAtmosphere.FastSkyLUT.SampleCountMax:32.0]]
[2022.10.16-10.45.25:391][  0]LogConfig: Setting CVar [[r.SkyAtmosphere.SampleCountMin:4.0]]
[2022.10.16-10.45.25:391][  0]LogConfig: Setting CVar [[r.SkyAtmosphere.SampleCountMax:32.0]]
[2022.10.16-10.45.25:391][  0]LogConfig: Setting CVar [[r.SkyAtmosphere.TransmittanceLUT.UseSmallFormat:0]]
[2022.10.16-10.45.25:391][  0]LogConfig: Setting CVar [[r.SkyAtmosphere.TransmittanceLUT.SampleCount:10.0]]
[2022.10.16-10.45.25:391][  0]LogConfig: Setting CVar [[r.SkyAtmosphere.MultiScatteringLUT.SampleCount:15.0]]
[2022.10.16-10.45.25:391][  0]LogConfig: Applying CVar settings from Section [FoliageQuality@3] File [D:/Documents/Programing/GitKraken/Unreal Laika/Unreal_Laika/Saved/Config/Windows/Scalability.ini]
[2022.10.16-10.45.25:391][  0]LogConfig: Setting CVar [[foliage.DensityScale:1.0]]
[2022.10.16-10.45.25:391][  0]LogConfig: Setting CVar [[grass.DensityScale:1.0]]
[2022.10.16-10.45.25:391][  0]LogConfig: Applying CVar settings from Section [ShadingQuality@3] File [D:/Documents/Programing/GitKraken/Unreal Laika/Unreal_Laika/Saved/Config/Windows/Scalability.ini]
[2022.10.16-10.45.25:391][  0]LogConfig: Setting CVar [[r.HairStrands.SkyLighting.SampleCount:16]]
[2022.10.16-10.45.25:391][  0]LogConfig: Setting CVar [[r.HairStrands.SkyLighting.JitterIntegration:0]]
[2022.10.16-10.45.25:391][  0]LogConfig: Setting CVar [[r.HairStrands.SkyAO.SampleCount:16]]
[2022.10.16-10.45.25:391][  0]LogConfig: Setting CVar [[r.HairStrands.DeepShadow.SuperSampling:0]]
[2022.10.16-10.45.25:391][  0]LogConfig: Setting CVar [[r.HairStrands.VisibilityPPLL:0]]
[2022.10.16-10.45.25:391][  0]LogConfig: Setting CVar [[r.HairStrands.RasterizationScale:0.5]]
[2022.10.16-10.45.25:391][  0]LogConfig: Setting CVar [[r.HairStrands.VelocityRasterizationScale:1]]
[2022.10.16-10.45.25:391][  0]LogConfig: Applying CVar settings from Section [Startup] File [../../../Engine/Config/ConsoleVariables.ini]
[2022.10.16-10.45.25:392][  0]LogConfig: Setting CVar [[net.UseAdaptiveNetUpdateFrequency:0]]
[2022.10.16-10.45.25:392][  0]LogConfig: Setting CVar [[p.chaos.AllowCreatePhysxBodies:1]]
[2022.10.16-10.45.25:392][  0]LogConfig: Setting CVar [[fx.SkipVectorVMBackendOptimizations:1]]
[2022.10.16-10.45.25:392][  0]LogConfig: Applying CVar settings from Section [ConsoleVariables] File [D:/Documents/Programing/GitKraken/Unreal Laika/Unreal_Laika/Saved/Config/Windows/Engine.ini]
[2022.10.16-10.45.25:392][  0]LogInit: Computer: DESKTOP-GJ420GI
[2022.10.16-10.45.25:392][  0]LogInit: User: Nymeria
[2022.10.16-10.45.25:392][  0]LogInit: CPU Page size=4096, Cores=6
[2022.10.16-10.45.25:392][  0]LogInit: High frequency timer resolution =10.000000 MHz
[2022.10.16-10.45.25:392][  0]LogMemory: Memory total: Physical=15.9GB (16GB approx)
[2022.10.16-10.45.25:392][  0]LogMemory: Platform Memory Stats for Windows
[2022.10.16-10.45.25:392][  0]LogMemory: Process Physical Memory: 116.62 MB used, 116.63 MB peak
[2022.10.16-10.45.25:392][  0]LogMemory: Process Virtual Memory: 99.26 MB used, 99.26 MB peak
[2022.10.16-10.45.25:392][  0]LogMemory: Physical Memory: 9267.85 MB used,  7037.84 MB free, 16305.69 MB total
[2022.10.16-10.45.25:392][  0]LogMemory: Virtual Memory: 5168.79 MB used,  134212560.00 MB free, 134217728.00 MB total
[2022.10.16-10.45.25:400][  0]LogWindows: WindowsPlatformFeatures enabled
[2022.10.16-10.45.25:572][  0]LogInit: Physics initialised using underlying interface: PhysX
[2022.10.16-10.45.25:573][  0]LogInit: Using OS detected language (en-GB).
[2022.10.16-10.45.25:573][  0]LogInit: Using OS detected locale (en-AU).
[2022.10.16-10.45.25:575][  0]LogTextLocalizationManager: No specific localization for 'en-GB' exists, so the 'en' localization will be used.
[2022.10.16-10.45.25:715][  0]LogInit: Setting process to per monitor DPI aware
[2022.10.16-10.45.25:755][  0]LogSlate: New Slate User Created.  User Index 0, Is Virtual User: 0
[2022.10.16-10.45.25:755][  0]LogSlate: Slate User Registered.  User Index 0, Is Virtual User: 0
[2022.10.16-10.45.25:865][  0]LogHMD: Failed to initialize OpenVR with code 110
[2022.10.16-10.45.25:865][  0]LogD3D11RHI: D3D11 min allowed feature level: 11_0
[2022.10.16-10.45.25:865][  0]LogD3D11RHI: D3D11 max allowed feature level: 11_0
[2022.10.16-10.45.25:865][  0]LogD3D11RHI: D3D11 adapters:
[2022.10.16-10.45.25:956][  0]LogD3D11RHI:    0. 'NVIDIA GeForce RTX 3070 Ti' (Feature Level 11_0)
[2022.10.16-10.45.25:956][  0]LogD3D11RHI:       8041/0/8152 MB DedicatedVideo/DedicatedSystem/SharedSystem, Outputs:2, VendorId:0x10de
[2022.10.16-10.45.25:961][  0]LogD3D11RHI:    1. 'Microsoft Basic Render Driver' (Feature Level 11_0)
[2022.10.16-10.45.25:961][  0]LogD3D11RHI:       0/0/8152 MB DedicatedVideo/DedicatedSystem/SharedSystem, Outputs:0, VendorId:0x1414
[2022.10.16-10.45.25:961][  0]LogD3D11RHI: Chosen D3D11 Adapter: 0
[2022.10.16-10.45.25:967][  0]LogD3D11RHI: Creating new Direct3DDevice
[2022.10.16-10.45.25:967][  0]LogD3D11RHI:     GPU DeviceId: 0x2482 (for the marketing name, search the web for "GPU Device Id")
[2022.10.16-10.45.25:967][  0]LogWindows: EnumDisplayDevices:
[2022.10.16-10.45.25:967][  0]LogWindows:    0. 'NVIDIA GeForce RTX 3070 Ti' (P:1 D:1)
[2022.10.16-10.45.25:967][  0]LogWindows:    1. 'NVIDIA GeForce RTX 3070 Ti' (P:0 D:1)
[2022.10.16-10.45.25:968][  0]LogWindows:    2. 'NVIDIA GeForce RTX 3070 Ti' (P:0 D:0)
[2022.10.16-10.45.25:968][  0]LogWindows:    3. 'NVIDIA GeForce RTX 3070 Ti' (P:0 D:0)
[2022.10.16-10.45.25:968][  0]LogWindows: DebugString: FoundDriverCount:4 
[2022.10.16-10.45.25:968][  0]LogD3D11RHI:     Adapter Name: NVIDIA GeForce RTX 3070 Ti
[2022.10.16-10.45.25:968][  0]LogD3D11RHI:   Driver Version: 516.94 (internal:31.0.15.1694, unified:516.94)
[2022.10.16-10.45.25:968][  0]LogD3D11RHI:      Driver Date: 7-21-2022
[2022.10.16-10.45.25:968][  0]LogRHI: Texture pool is 5628 MB (70% of 8041 MB)
[2022.10.16-10.45.26:029][  0]LogD3D11RHI: RHI has support for 64 bit atomics
[2022.10.16-10.45.26:029][  0]LogD3D11RHI: Async texture creation enabled
[2022.10.16-10.45.26:029][  0]LogD3D11RHI: Array index from any shader is supported
[2022.10.16-10.45.26:031][  0]LogD3D11RHI: HDR output is supported on display 0 (NvId: 0x80061080).
[2022.10.16-10.45.26:043][  0]LogD3D11RHI: GPU Timing Frequency: 1000.000000 (Debug: 2 1)
[2022.10.16-10.45.26:244][  0]LogTargetPlatformManager: Display: Loaded TargetPlatform 'AllDesktop'
[2022.10.16-10.45.26:262][  0]LogTargetPlatformManager: Display: Loaded TargetPlatform 'Android'
[2022.10.16-10.45.26:263][  0]LogTargetPlatformManager: Display: Loaded TargetPlatform 'Android_ASTC'
[2022.10.16-10.45.26:263][  0]LogTargetPlatformManager: Display: Loaded TargetPlatform 'Android_DXT'
[2022.10.16-10.45.26:263][  0]LogTargetPlatformManager: Display: Loaded TargetPlatform 'Android_ETC2'
[2022.10.16-10.45.26:263][  0]LogTargetPlatformManager: Display: Loaded TargetPlatform 'AndroidClient'
[2022.10.16-10.45.26:263][  0]LogTargetPlatformManager: Display: Loaded TargetPlatform 'Android_ASTCClient'
[2022.10.16-10.45.26:263][  0]LogTargetPlatformManager: Display: Loaded TargetPlatform 'Android_DXTClient'
[2022.10.16-10.45.26:263][  0]LogTargetPlatformManager: Display: Loaded TargetPlatform 'Android_ETC2Client'
[2022.10.16-10.45.26:263][  0]LogTargetPlatformManager: Display: Loaded TargetPlatform 'Android_Multi'
[2022.10.16-10.45.26:263][  0]LogTargetPlatformManager: Display: Loaded TargetPlatform 'Android_MultiClient'
[2022.10.16-10.45.26:286][  0]LogTargetPlatformManager: Display: Loaded TargetPlatform 'IOSClient'
[2022.10.16-10.45.26:287][  0]LogTargetPlatformManager: Display: Loaded TargetPlatform 'IOS'
[2022.10.16-10.45.26:296][  0]LogTargetPlatformManager: Display: Loaded TargetPlatform 'Linux'
[2022.10.16-10.45.26:305][  0]LogTargetPlatformManager: Display: Loaded TargetPlatform 'LinuxNoEditor'
[2022.10.16-10.45.26:313][  0]LogTargetPlatformManager: Display: Loaded TargetPlatform 'LinuxClient'
[2022.10.16-10.45.26:322][  0]LogTargetPlatformManager: Display: Loaded TargetPlatform 'LinuxServer'
[2022.10.16-10.45.26:330][  0]LogTargetPlatformManager: Display: Loaded TargetPlatform 'LinuxAArch64NoEditor'
[2022.10.16-10.45.26:338][  0]LogTargetPlatformManager: Display: Loaded TargetPlatform 'LinuxAArch64Client'
[2022.10.16-10.45.26:347][  0]LogTargetPlatformManager: Display: Loaded TargetPlatform 'LinuxAArch64Server'
[2022.10.16-10.45.26:370][  0]LogTargetPlatformManager: Display: Loaded TargetPlatform 'Lumin'
[2022.10.16-10.45.26:371][  0]LogTargetPlatformManager: Display: Loaded TargetPlatform 'LuminClient'
[2022.10.16-10.45.26:386][  0]LogTargetPlatformManager: Display: Loaded TargetPlatform 'TVOSClient'
[2022.10.16-10.45.26:386][  0]LogTargetPlatformManager: Display: Loaded TargetPlatform 'TVOS'
[2022.10.16-10.45.26:395][  0]LogTargetPlatformManager: Display: Loaded TargetPlatform 'WindowsNoEditor'
[2022.10.16-10.45.26:405][  0]LogTargetPlatformManager: Display: Loaded TargetPlatform 'Windows'
[2022.10.16-10.45.26:413][  0]LogTargetPlatformManager: Display: Loaded TargetPlatform 'WindowsClient'
[2022.10.16-10.45.26:422][  0]LogTargetPlatformManager: Display: Loaded TargetPlatform 'WindowsServer'
[2022.10.16-10.45.26:422][  0]LogTargetPlatformManager: Display: Building Assets For Windows
[2022.10.16-10.45.26:431][  0]LogAudioDebug: Display: Lib vorbis DLL was dynamically loaded.
[2022.10.16-10.45.26:496][  0]LogShaderCompilers: Guid format shader working directory is -28 characters bigger than the processId version (../../../../../../Documents/Programing/GitKraken/Unreal Laika/Unreal_Laika/Intermediate/Shaders/WorkingDirectory/1960/).
[2022.10.16-10.45.26:497][  0]LogShaderCompilers: Cleaned the shader compiler working directory 'C:/Users/chess/AppData/Local/Temp/UnrealShaderWorkingDir/196FF2B245388D613737C2879F6089ED/'.
[2022.10.16-10.45.26:497][  0]LogXGEController: Cleaning working directory: C:/Users/chess/AppData/Local/Temp/UnrealXGEWorkingDir/
[2022.10.16-10.45.26:497][  0]LogXGEController: Cannot use XGE Controller as Incredibuild is not installed on this machine.
[2022.10.16-10.45.26:497][  0]LogShaderCompilers: Cannot use XGE Shader Compiler as Incredibuild is not installed on this machine.
[2022.10.16-10.45.26:498][  0]LogShaderCompilers: Display: Using Local Shader Compiler.
[2022.10.16-10.45.27:059][  0]LogDerivedDataCache: Display: Max Cache Size: 512 MB
[2022.10.16-10.45.27:100][  0]LogDerivedDataCache: Loaded boot cache 0.04s 75MB C:/Users/chess/AppData/Local/UnrealEngine/4.25/DerivedDataCache/Boot.ddc.
[2022.10.16-10.45.27:100][  0]LogDerivedDataCache: Display: Loaded Boot cache: C:/Users/chess/AppData/Local/UnrealEngine/4.25/DerivedDataCache/Boot.ddc
[2022.10.16-10.45.27:100][  0]LogDerivedDataCache: FDerivedDataBackendGraph:  Pak pak cache file ../../../../../../Documents/Programing/GitKraken/Unreal Laika/Unreal_Laika/DerivedDataCache/DDC.ddp not found, will not use a pak cache.
[2022.10.16-10.45.27:100][  0]LogDerivedDataCache: Unable to find inner node Pak for hierarchical cache Hierarchy.
[2022.10.16-10.45.27:100][  0]LogDerivedDataCache: FDerivedDataBackendGraph:  CompressedPak pak cache file ../../../../../../Documents/Programing/GitKraken/Unreal Laika/Unreal_Laika/DerivedDataCache/Compressed.ddp not found, will not use a pak cache.
[2022.10.16-10.45.27:100][  0]LogDerivedDataCache: Unable to find inner node CompressedPak for hierarchical cache Hierarchy.
[2022.10.16-10.45.27:110][  0]LogDerivedDataCache: Display: Pak cache opened for reading ../../../Engine/DerivedDataCache/Compressed.ddp.
[2022.10.16-10.45.27:110][  0]LogDerivedDataCache: FDerivedDataBackendGraph:  EnterprisePak pak cache file ../../../Enterprise/DerivedDataCache/Compressed.ddp not found, will not use a pak cache.
[2022.10.16-10.45.27:110][  0]LogDerivedDataCache: Unable to find inner node EnterprisePak for hierarchical cache Hierarchy.
[2022.10.16-10.45.27:111][  0]LogDerivedDataCache: Using Local data cache path C:/Users/chess/AppData/Local/UnrealEngine/Common/DerivedDataCache: Writable
[2022.10.16-10.45.27:111][  0]LogDerivedDataCache: Shared data cache path not found in *engine.ini, will not use an Shared cache.
[2022.10.16-10.45.27:111][  0]LogDerivedDataCache: Unable to find inner node Shared for hierarchical cache Hierarchy.
[2022.10.16-10.45.27:153][  0]LogSlate: Using FreeType 2.10.0
[2022.10.16-10.45.27:153][  0]LogSlate: SlateFontServices - WITH_FREETYPE: 1, WITH_HARFBUZZ: 1
[2022.10.16-10.45.27:174][  0]LogAssetRegistry: FAssetRegistry took 0.0034 seconds to start up
[2022.10.16-10.45.27:364][  0]LogInit: Selected Device Profile: [Windows]
[2022.10.16-10.45.27:457][  0]LogMeshReduction: Using QuadricMeshReduction for automatic static mesh reduction
[2022.10.16-10.45.27:457][  0]LogMeshReduction: Using SimplygonMeshReduction for automatic skeletal mesh reduction
[2022.10.16-10.45.27:457][  0]LogMeshReduction: Using ProxyLODMeshReduction for automatic mesh merging
[2022.10.16-10.45.27:457][  0]LogMeshReduction: No distributed automatic mesh merging module available
[2022.10.16-10.45.27:457][  0]LogMeshMerging: No distributed automatic mesh merging module available
[2022.10.16-10.45.27:469][  0]LogNetVersion: Unreal_Laika 1.0.0, NetCL: 13144385, EngineNetVer: 14, GameNetVer: 0 (Checksum: 3768831881)
[2022.10.16-10.45.27:778][  0]LogAISub: UAISubsystem::UAISubsystem AISubsystem (000001FB27A4C2C0), frame # 0
[2022.10.16-10.45.27:778][  0]LogAISub: UAISubsystem::UAISubsystem AIPerceptionSystem (000001FB279851C0), frame # 0
[2022.10.16-10.45.27:779][  0]LogAISub: UAISubsystem::UAISubsystem EnvQueryManager (000001FB279FC800), frame # 0
[2022.10.16-10.45.27:809][  0]LogPackageLocalizationCache: Processed 19 localized package path(s) for 1 prioritized culture(s) in 0.024065 seconds
[2022.10.16-10.45.27:814][  0]LogUObjectArray: 15917 objects as part of root set at end of initial load.
[2022.10.16-10.45.27:814][  0]LogUObjectAllocator: 3965568 out of 0 bytes used by permanent object pool.
[2022.10.16-10.45.27:814][  0]LogUObjectArray: CloseDisregardForGC: 0/0 objects in disregard for GC pool
[2022.10.16-10.45.28:138][  0]LogTcpMessaging: Initializing TcpMessaging bridge
[2022.10.16-10.45.28:144][  0]LogUdpMessaging: Initializing bridge on interface 0.0.0.0:0 to multicast group 230.0.0.1:6666.
[2022.10.16-10.45.28:243][  0]SourceControl: Source control is disabled
[2022.10.16-10.45.28:243][  0]SourceControl: Source control is disabled
[2022.10.16-10.45.28:246][  0]SourceControl: Source control is disabled
[2022.10.16-10.45.28:250][  0]SourceControl: Source control is disabled
[2022.10.16-10.45.28:257][  0]SourceControl: Source control is disabled
[2022.10.16-10.45.28:495][  0]LogAndroidPermission: UAndroidPermissionCallbackProxy::GetInstance
[2022.10.16-10.45.28:516][  0]LogAudioCaptureCore: Display: No Audio Capture implementations found. Audio input will be silent.
[2022.10.16-10.45.28:516][  0]LogAudioCaptureCore: Display: No Audio Capture implementations found. Audio input will be silent.
[2022.10.16-10.45.28:561][  0]LogOcInput: OculusInput pre-init called
[2022.10.16-10.45.28:571][  0]LogWindows: Failed to load 'OVRPlugin.dll' (GetLastError=126)
[2022.10.16-10.45.28:571][  0]LogWindows: File 'OVRPlugin.dll' does not exist
[2022.10.16-10.45.28:630][  0]LogEngine: Initializing Engine...
[2022.10.16-10.45.28:632][  0]LogHMD: Failed to initialize OpenVR with code 110
[2022.10.16-10.45.28:632][  0]LogMagicLeap: Warning: VR disabled because ZI is not enabled.  To enable, in the editor, Edit -> Project Settings -> Plugins -> Magic Leap Plugin -> Enable Zero Iteration
[2022.10.16-10.45.28:632][  0]LogStats: UGameplayTagsManager::InitializeManager -  0.000 s
[2022.10.16-10.45.28:724][  0]LogInit: Initializing FReadOnlyCVARCache
[2022.10.16-10.45.28:731][  0]LogAIModule: Creating AISystem for world Untitled
[2022.10.16-10.45.28:731][  0]LogAISub: UAISubsystem::UAISubsystem EnvQueryManager (000001FB2A449C00), frame # 0
[2022.10.16-10.45.28:731][  0]LogAISub: UAISubsystem::UAISubsystem AIPerceptionSystem (000001FB2A471F80), frame # 0
[2022.10.16-10.45.28:746][  0]LogAudioMixer: Display: Audio Mixer Platform Settings:
[2022.10.16-10.45.28:746][  0]LogAudioMixer: Display: 	Sample Rate:						  48000
[2022.10.16-10.45.28:747][  0]LogAudioMixer: Display: 	Callback Buffer Frame Size Requested: 1024
[2022.10.16-10.45.28:747][  0]LogAudioMixer: Display: 	Callback Buffer Frame Size To Use:	  1024
[2022.10.16-10.45.28:747][  0]LogAudioMixer: Display: 	Number of buffers to queue:			  2
[2022.10.16-10.45.28:747][  0]LogAudioMixer: Display: 	Max Channels (voices):				  32
[2022.10.16-10.45.28:747][  0]LogAudioMixer: Display: 	Number of Async Source Workers:		  0
[2022.10.16-10.45.28:747][  0]LogAudio: Display: AudioDevice MaxSources: 32
[2022.10.16-10.45.28:747][  0]LogAudio: Display: Using built-in audio occlusion.
[2022.10.16-10.45.28:747][  0]LogAudioMixer: Display: Initializing audio mixer.
[2022.10.16-10.45.28:759][  0]LogAudioMixer: Display: 0: FrontLeft
[2022.10.16-10.45.28:759][  0]LogAudioMixer: Display: 1: FrontRight
[2022.10.16-10.45.28:791][  0]LogAudioMixer: Display: Using Audio Device Headset Earphone (Razer Audio Controller - Chat)
[2022.10.16-10.45.28:793][  0]LogAudioMixer: Display: Initializing Sound Submixes...
[2022.10.16-10.45.28:795][  0]LogAudioMixer: Display: Creating Master Submix 'MasterSubmixDefault'
[2022.10.16-10.45.28:795][  0]LogAudioMixer: Display: Creating Master Submix 'MasterReverbSubmixDefault'
[2022.10.16-10.45.28:796][  0]LogAudioMixer: Display: Creating Master Submix 'MasterEQSubmixDefault'
[2022.10.16-10.45.28:797][  0]LogInit: FAudioDevice initialized.
[2022.10.16-10.45.28:797][  0]LogNetVersion: Set ProjectVersion to 1.0.0.0. Version Checksum will be recalculated on next use.
[2022.10.16-10.45.28:875][  0]LogDerivedDataCache: Saved boot cache 0.08s 75MB C:/Users/chess/AppData/Local/UnrealEngine/4.25/DerivedDataCache/Boot.ddc.
[2022.10.16-10.45.28:875][  0]LogInit: Texture streaming: Enabled
[2022.10.16-10.45.28:892][  0]LogEngineSessionManager: EngineSessionManager initialized
[2022.10.16-10.45.28:892][  0]LogEditorSessionSummary: Verbose: Initializing EditorSessionSummaryWriter for editor session tracking
[2022.10.16-10.45.28:893][  0]LogEditorSessionSummary: EditorSessionSummaryWriter initialized
[2022.10.16-10.45.28:921][  0]LogInit: Transaction tracking system initialized
[2022.10.16-10.45.28:942][  0]BlueprintLog: New page: Editor Load
[2022.10.16-10.45.29:014][  0]LocalizationService: Localization service is disabled
[2022.10.16-10.45.29:140][  0]LogCook: Display: Max memory allowance for cook 16384mb min free memory 0mb
[2022.10.16-10.45.29:140][  0]LogCook: Display: Mobile HDR setting 1
[2022.10.16-10.45.29:267][  0]LogFileCache: Scanning file cache for directory 'D:/Documents/Programing/GitKraken/Unreal Laika/Unreal_Laika/Content/' took 0.00s
[2022.10.16-10.45.29:404][  0]SourceControl: Source control is disabled
[2022.10.16-10.45.29:404][  0]LogUnrealEdMisc: Loading editor; pre map load, took 5.050
[2022.10.16-10.45.29:404][  0]Cmd: MAP LOAD FILE="../../../../../../Documents/Programing/GitKraken/Unreal Laika/Unreal_Laika/Content/StarterContent/Maps/Minimal_Default.umap" TEMPLATE=0 SHOWPROGRESS=1 FEATURELEVEL=3
[2022.10.16-10.45.29:404][  0]LightingResults: New page: Lighting Build
[2022.10.16-10.45.29:405][  0]LogWorld: UWorld::CleanupWorld for Untitled, bSessionEnded=true, bCleanupResources=true
[2022.10.16-10.45.29:405][  0]LogSlate: InvalidateAllWidgets triggered.  All widgets were invalidated
[2022.10.16-10.45.29:405][  0]MapCheck: New page: Map Check
[2022.10.16-10.45.29:405][  0]LightingResults: New page: Lighting Build
[2022.10.16-10.45.29:414][  0]LogAISub: UAISubsystem::~UAISubsystem EnvQueryManager (000001FB2A449C00), frame # 0
[2022.10.16-10.45.29:415][  0]LogAISub: UAISubsystem::~UAISubsystem AIPerceptionSystem (000001FB2A471F80), frame # 0
[2022.10.16-10.45.29:415][  0]LogUObjectHash: Compacting FUObjectHashTables data took   0.61ms
[2022.10.16-10.45.29:478][  0]LogAIModule: Creating AISystem for world Minimal_Default
[2022.10.16-10.45.29:478][  0]LogAISub: UAISubsystem::UAISubsystem EnvQueryManager (000001FB19F50200), frame # 0
[2022.10.16-10.45.29:478][  0]LogAISub: UAISubsystem::UAISubsystem AIPerceptionSystem (000001FB1A605080), frame # 0
[2022.10.16-10.45.29:483][  0]LogEditorServer: Finished looking for orphan Actors (0.000 secs)
[2022.10.16-10.45.29:493][  0]LogUObjectHash: Compacting FUObjectHashTables data took   0.66ms
[2022.10.16-10.45.29:493][  0]Cmd: MAP CHECKDEP NOCLEARLOG
[2022.10.16-10.45.29:493][  0]MapCheck: Map check complete: 0 Error(s), 0 Warning(s), took 0.1ms to complete.
[2022.10.16-10.45.29:493][  0]LogFileHelpers: Loading map 'Minimal_Default' took 0.089
[2022.10.16-10.45.29:495][  0]LogUnrealEdMisc: Total Editor Startup Time, took 5.142
[2022.10.16-10.45.29:600][  0]LogSlate: Updating window title bar state: overlay mode, drag disabled, window buttons hidden, title bar hidden
[2022.10.16-10.45.29:607][  0]LogSlate: Updating window title bar state: overlay mode, drag disabled, window buttons hidden, title bar hidden
[2022.10.16-10.45.29:613][  0]LogSlate: Updating window title bar state: overlay mode, drag disabled, window buttons hidden, title bar hidden
[2022.10.16-10.45.29:618][  0]LogSlate: Updating window title bar state: overlay mode, drag disabled, window buttons hidden, title bar hidden
[2022.10.16-10.45.29:624][  0]LogCollectionManager: Loaded 0 collections in 0.000580 seconds
[2022.10.16-10.45.29:639][  0]LogFileCache: Scanning file cache for directory 'D:/Documents/Programing/GitKraken/Unreal Laika/Unreal_Laika/Saved/Collections/' took 0.00s
[2022.10.16-10.45.29:639][  0]LogFileCache: Scanning file cache for directory 'D:/Documents/Programing/GitKraken/Unreal Laika/Unreal_Laika/Content/Developers/Nymeria/Collections/' took 0.00s
[2022.10.16-10.45.29:639][  0]LogFileCache: Scanning file cache for directory 'D:/Documents/Programing/GitKraken/Unreal Laika/Unreal_Laika/Content/Collections/' took 0.00s
[2022.10.16-10.45.29:639][  0]LogContentBrowser: Native class hierarchy populated in 0.0085 seconds. Added 3429 classes and 823 folders.
[2022.10.16-10.45.29:641][  0]LogContentBrowser: Native class hierarchy updated for 'WidgetCarousel' in 0.0002 seconds. Added 0 classes and 0 folders.
[2022.10.16-10.45.29:675][  0]LogContentBrowser: Native class hierarchy updated for 'AddContentDialog' in 0.0003 seconds. Added 0 classes and 0 folders.
[2022.10.16-10.45.29:677][  0]LogContentBrowser: Native class hierarchy updated for 'SceneOutliner' in 0.0003 seconds. Added 2 classes and 0 folders.
[2022.10.16-10.45.29:743][  0]LogSlate: Took 0.000123 seconds to synchronously load lazily loaded font '../../../Engine/Content/Slate/Fonts/Roboto-Regular.ttf' (155K)
[2022.10.16-10.45.29:745][  0]LogSlate: Took 0.000142 seconds to synchronously load lazily loaded font '../../../Engine/Content/Slate/Fonts/Roboto-Bold.ttf' (160K)
[2022.10.16-10.45.29:748][  0]LogSlate: Took 0.000129 seconds to synchronously load lazily loaded font '../../../Engine/Content/Editor/Slate/Fonts/FontAwesome.ttf' (139K)
[2022.10.16-10.45.29:797][  0]LogRenderer: Reallocating scene render targets to support 1616x808 Format 10 NumSamples 1 (Frame:1).
[2022.10.16-10.45.29:881][  0]LogContentBrowser: Native class hierarchy updated for 'HierarchicalLODOutliner' in 0.0003 seconds. Added 0 classes and 0 folders.
[2022.10.16-10.45.29:881][  0]LogLoad: (Engine Initialization) Total time: 5.53 seconds
[2022.10.16-10.45.29:881][  0]LogLoad: (Engine Initialization) Total Blueprint compile time: 0.00 seconds
[2022.10.16-10.45.29:932][  0]LogAssetRegistry: Asset discovery search completed in 2.7595 seconds
[2022.10.16-10.45.29:935][  0]LogCollectionManager: Fixed up redirectors for 0 collections in 0.000002 seconds (updated 0 objects)
[2022.10.16-10.45.29:936][  0]LogContentStreaming: Texture pool size now 1000 MB
[2022.10.16-10.46.10:304][353]LogSlate: Took 0.004606 seconds to synchronously load lazily loaded font '../../../Engine/Content/Slate/Fonts/Roboto-Light.ttf' (167K)
[2022.10.16-10.46.10:341][353]LogSlate: WidgetSwitcher ('None') active index changed to -1
[2022.10.16-10.46.10:341][353]LogSlate: WidgetSwitcher ('None') active index changed to 0
[2022.10.16-10.46.10:374][353]LogSlate: Took 0.000169 seconds to synchronously load lazily loaded font '../../../Engine/Content/Slate/Fonts/Roboto-BoldCondensed.ttf' (158K)
[2022.10.16-11.11.20:933][947]LogSlate: WidgetSwitcher ('None') active index changed to 1
[2022.10.16-11.12.15:633][821]Running D:/Program Files/Epic Games/UE_4.25/Engine/Binaries/DotNET/UnrealBuildTool.exe  -projectfiles -project="D:/Documents/Programing/GitKraken/Unreal Laika/Unreal_Laika/Unreal_Laika.uproject" -game -rocket -progress
[2022.10.16-11.12.15:937][821]Discovering modules, targets and source code for project...
[2022.10.16-11.12.17:343][821]Binding IntelliSense data...
[2022.10.16-11.12.22:178][821]Binding IntelliSense data... 100%
[2022.10.16-11.12.22:178][821]Writing project files...
[2022.10.16-11.12.25:694][821]Writing project files... 100%
[2022.10.16-11.12.25:844][821]Candidate modules for hot reload:
[2022.10.16-11.12.25:844][821]  Unreal_Laika
[2022.10.16-11.12.25:844][821]Launching UnrealBuildTool... [D:/Program Files/Epic Games/UE_4.25/Engine/Binaries/DotNET/UnrealBuildTool.exe  -ModuleWithSuffix=Unreal_Laika,2391 Unreal_LaikaEditor Win64 Development -Project="D:/Documents/Programing/GitKraken/Unreal Laika/Unreal_Laika/Unreal_Laika.uproject" "D:/Documents/Programing/GitKraken/Unreal Laika/Unreal_Laika/Unreal_Laika.uproject"  -IgnoreJunk]
[2022.10.16-11.12.32:540][821]CompilerResultsLog: New page: Compilation - 17 Oct 2022, 9:12:32 am
[2022.10.16-11.12.32:541][821]CompilerResultsLog: Using 'git status' to determine working set for adaptive non-unity build (D:\Documents\Programing\GitKraken\Unreal Laika).
[2022.10.16-11.12.32:541][821]CompilerResultsLog: Creating makefile for Unreal_LaikaEditor (no existing makefile)
[2022.10.16-11.12.32:542][821]CompilerResultsLog: Parsing headers for Unreal_LaikaEditor
[2022.10.16-11.12.32:542][821]CompilerResultsLog:   Running UnrealHeaderTool "D:\Documents\Programing\GitKraken\Unreal Laika\Unreal_Laika\Unreal_Laika.uproject" "D:\Documents\Programing\GitKraken\Unreal Laika\Unreal_Laika\Intermediate\Build\Win64\Unreal_LaikaEditor\Development\Unreal_LaikaEditor.uhtmanifest" -LogCmds="loginit warning, logexit warning, logdatabase error" -Unattended -WarningsAsErrors -abslog="C:\Users\chess\AppData\Local\UnrealBuildTool\Log_UHT.txt" -installed
[2022.10.16-11.12.32:542][821]CompilerResultsLog: Reflection code generated for Unreal_LaikaEditor in 4.0587587 seconds
[2022.10.16-11.12.32:542][821]CompilerResultsLog: Building Unreal_LaikaEditor...
[2022.10.16-11.12.32:542][821]CompilerResultsLog: Using Visual Studio 2019 14.32.31332 toolchain (C:\Program Files\Microsoft Visual Studio\2022\Community\VC\Tools\MSVC\14.32.31326) and Windows 10.0.19041.0 SDK (C:\Program Files (x86)\Windows Kits\10).
[2022.10.16-11.12.32:542][821]CompilerResultsLog: Building 6 actions with 12 processes...
[2022.10.16-11.12.32:542][821]CompilerResultsLog:   [1/6] Unreal_Laika.init.gen.cpp
[2022.10.16-11.12.32:542][821]CompilerResultsLog:   [2/6] PlayerClass.cpp
[2022.10.16-11.12.32:542][821]CompilerResultsLog:   [3/6] PlayerClass.gen.cpp
[2022.10.16-11.12.32:542][821]CompilerResultsLog:   [4/6] UE4Editor-Unreal_Laika-2391.lib
[2022.10.16-11.12.32:542][821]CompilerResultsLog:      Creating library D:\Documents\Programing\GitKraken\Unreal Laika\Unreal_Laika\Intermediate\Build\Win64\UE4Editor\Development\Unreal_Laika\UE4Editor-Unreal_Laika-2391.lib and object D:\Documents\Programing\GitKraken\Unreal Laika\Unreal_Laika\Intermediate\Build\Win64\UE4Editor\Development\Unreal_Laika\UE4Editor-Unreal_Laika-2391.exp
[2022.10.16-11.12.32:542][821]CompilerResultsLog:   [5/6] UE4Editor-Unreal_Laika-2391.dll
[2022.10.16-11.12.32:542][821]CompilerResultsLog:      Creating library D:\Documents\Programing\GitKraken\Unreal Laika\Unreal_Laika\Intermediate\Build\Win64\UE4Editor\Development\Unreal_Laika\UE4Editor-Unreal_Laika-2391.suppressed.lib and object D:\Documents\Programing\GitKraken\Unreal Laika\Unreal_Laika\Intermediate\Build\Win64\UE4Editor\Development\Unreal_Laika\UE4Editor-Unreal_Laika-2391.suppressed.exp
[2022.10.16-11.12.32:542][821]CompilerResultsLog:   [6/6] Unreal_LaikaEditor.target
[2022.10.16-11.12.32:542][821]CompilerResultsLog: Total time in Parallel executor: 1.15 seconds
[2022.10.16-11.12.32:542][821]CompilerResultsLog: Total execution time: 6.61 seconds
[2022.10.16-11.12.32:542][821]LogMainFrame: MainFrame: Module compiling took 6.730 seconds
[2022.10.16-11.12.32:577][821]LogClass: Could not find existing class PlayerClass in package /Script/Unreal_Laika for HotReload, assuming new class
[2022.10.16-11.12.32:580][821]LogContentBrowser: Native class hierarchy updated for 'Unreal_Laika' in 0.0004 seconds. Added 3 classes and 2 folders.
[2022.10.16-11.12.32:581][821]Display: HotReload successful (0 functions remapped  0 scriptstructs remapped)
[2022.10.16-11.12.32:626][821]LogContentBrowser: Native class hierarchy populated in 0.0083 seconds. Added 3430 classes and 823 folders.
[2022.10.16-11.12.32:627][821]Display: HotReload took  6.8s.
[2022.10.16-11.12.32:627][821]Warning: HotReload operation took  6.8s.
[2022.10.16-11.12.33:098][821]LogVSAccessor: Warning: Couldn't goto line number '1' in 'D:/Documents/Programing/GitKraken/Unreal Laika/Unreal_Laika/Source/Unreal_Laika/PlayerClass.h'
[2022.10.16-11.12.33:209][821]LogVSAccessor: Warning: Couldn't goto line number '1' in 'D:/Documents/Programing/GitKraken/Unreal Laika/Unreal_Laika/Source/Unreal_Laika/PlayerClass.cpp'
[2022.10.16-11.12.33:219][821]LogSlate: Window 'Add C++ Class' being destroyed
[2022.10.16-11.12.33:231][821]LogHotReload: New module detected: UE4Editor-Unreal_Laika-2391.dll
[2022.10.16-11.12.33:293][822]LogHotReload: Starting Hot-Reload from IDE
[2022.10.16-11.12.33:333][822]LogContentBrowser: Native class hierarchy updated for 'Unreal_Laika' in 0.0006 seconds. Added 3 classes and 2 folders.
[2022.10.16-11.12.33:335][822]Display: HotReload successful (0 functions remapped  0 scriptstructs remapped)
[2022.10.16-11.12.33:351][822]LogContentBrowser: Native class hierarchy populated in 0.0124 seconds. Added 3430 classes and 823 folders.
[2022.10.16-11.12.33:357][822]Display: HotReload took  0.1s.
