  Using 'git status' to determine working set for adaptive non-unity build (D:\Documents\Programing\GitKraken\Unreal Laika).
  Parsing headers for Unreal_LaikaEditor
    Running UnrealHeaderTool "D:\Documents\Programing\GitKraken\Unreal Laika\Unreal_Laika\Unreal_Laika.uproject" "D:\Documents\Programing\GitKraken\Unreal Laika\Unreal_Laika\Intermediate\Build\Win64\Unreal_LaikaEditor\Development\Unreal_LaikaEditor.uhtmanifest" -LogCmds="loginit warning, logexit warning, logdatabase error" -Unattended -WarningsAsErrors -abslog="C:\Users\chess\AppData\Local\UnrealBuildTool\Log_UHT.txt" -installed
  Reflection code generated for Unreal_LaikaEditor in 13.0683024 seconds
  Building Unreal_LaikaEditor...
  Using Visual Studio 2019 14.32.31332 toolchain (C:\Program Files\Microsoft Visual Studio\2022\Community\VC\Tools\MSVC\14.32.31326) and Windows 10.0.19041.0 SDK (C:\Program Files (x86)\Windows Kits\10).
  Building 9 actions with 12 processes...
    [1/9] Unreal_Laika.init.gen.cpp
    [2/9] StarClass.cpp
    [3/9] UpdateGameWorld.cpp
    [4/9] UpdateGameWorld.gen.cpp
    [5/9] PlayerClass.gen.cpp
    [6/9] PlayerClass.cpp
D:\Documents\Programing\GitKraken\Unreal Laika\Unreal_Laika\Source\Unreal_Laika\PlayerClass.cpp(19): warning C4996: 'UObject::CreateAbstractDefaultSubobject': CreateAbstract did not work as intended and has been deprecated in favor of CreateDefaultObject Please update your code to the new API before upgrading to the next release, otherwise your project will no longer compile.
D:\Documents\Programing\GitKraken\Unreal Laika\Unreal_Laika\Source\Unreal_Laika\PlayerClass.cpp(22): warning C4996: 'UObject::CreateAbstractDefaultSubobject': CreateAbstract did not work as intended and has been deprecated in favor of CreateDefaultObject Please update your code to the new API before upgrading to the next release, otherwise your project will no longer compile.
D:\Documents\Programing\GitKraken\Unreal Laika\Unreal_Laika\Source\Unreal_Laika\PlayerClass.cpp(25): warning C4996: 'UObject::CreateAbstractDefaultSubobject': CreateAbstract did not work as intended and has been deprecated in favor of CreateDefaultObject Please update your code to the new API before upgrading to the next release, otherwise your project will no longer compile.
    [7/9] UE4Editor-Unreal_Laika.lib
       Creating library D:\Documents\Programing\GitKraken\Unreal Laika\Unreal_Laika\Intermediate\Build\Win64\UE4Editor\Development\Unreal_Laika\UE4Editor-Unreal_Laika.lib and object D:\Documents\Programing\GitKraken\Unreal Laika\Unreal_Laika\Intermediate\Build\Win64\UE4Editor\Development\Unreal_Laika\UE4Editor-Unreal_Laika.exp
    [8/9] UE4Editor-Unreal_Laika.dll
       Creating library D:\Documents\Programing\GitKraken\Unreal Laika\Unreal_Laika\Intermediate\Build\Win64\UE4Editor\Development\Unreal_Laika\UE4Editor-Unreal_Laika.suppressed.lib and object D:\Documents\Programing\GitKraken\Unreal Laika\Unreal_Laika\Intermediate\Build\Win64\UE4Editor\Development\Unreal_Laika\UE4Editor-Unreal_Laika.suppressed.exp
    [9/9] Unreal_LaikaEditor.target
  Total time in Parallel executor: 5.73 seconds
  Total execution time: 19.27 seconds
